{"/home/fabio/Documents/JavaScriptHeuristicOptmizer/Libraries/esprima/esprima.js":{"path":"/home/fabio/Documents/JavaScriptHeuristicOptmizer/Libraries/esprima/esprima.js","s":{"1":1,"2":1,"3":0,"4":1,"5":1,"6":0,"7":1,"8":1,"9":1,"10":1,"11":1,"12":1,"13":1,"14":1,"15":1,"16":1,"17":1,"18":1,"19":1,"20":1,"21":1,"22":1,"23":1,"24":1,"25":1,"26":4226,"27":0,"28":1,"29":22888,"30":1,"31":1100,"32":1,"33":1132,"34":1,"35":98,"36":98,"37":42,"38":42,"39":42,"40":24,"41":98,"42":1,"43":68823,"44":1,"45":66215,"46":1,"47":616,"48":1,"49":48080,"50":1,"51":55885,"52":1,"53":164,"54":12,"55":152,"56":1,"57":4460,"58":506,"59":3954,"60":1,"61":2038,"62":1,"63":10237,"64":702,"65":2989,"66":1224,"67":1973,"68":907,"69":396,"70":1473,"71":38,"72":535,"73":1,"74":231,"75":231,"76":231,"77":231,"78":231,"79":180,"80":231,"81":108,"82":231,"83":231,"84":126,"85":126,"86":231,"87":12,"88":12,"89":8,"90":12,"91":1,"92":165,"93":165,"94":165,"95":165,"96":1422,"97":1422,"98":1422,"99":93,"100":93,"101":33,"102":33,"103":33,"104":93,"105":4,"106":93,"107":93,"108":93,"109":72,"110":36,"111":36,"112":36,"113":1,"114":386,"115":386,"116":162,"117":162,"118":386,"119":4200,"120":4200,"121":174,"122":10,"123":174,"124":174,"125":174,"126":174,"127":4026,"128":414,"129":337,"130":337,"131":337,"132":140,"133":140,"134":140,"135":337,"136":77,"137":3612,"138":49,"139":22,"140":22,"141":22,"142":49,"143":1,"144":51326,"145":51326,"146":51326,"147":51326,"148":68823,"149":68823,"150":19962,"151":48861,"152":2078,"153":2078,"154":2078,"155":4,"156":2078,"157":2078,"158":2078,"159":46783,"160":1032,"161":1032,"162":123,"163":123,"164":123,"165":123,"166":909,"167":386,"168":386,"169":386,"170":523,"171":45751,"172":63,"173":24,"174":24,"175":39,"176":45688,"177":118,"178":18,"179":18,"180":18,"181":18,"182":18,"183":100,"184":45570,"185":1,"186":139,"187":139,"188":139,"189":396,"190":342,"191":342,"192":54,"193":85,"194":1,"195":118,"196":118,"197":118,"198":118,"199":4,"200":114,"201":600,"202":600,"203":114,"204":486,"205":114,"206":12,"207":102,"208":1,"209":364,"210":364,"211":364,"212":56,"213":56,"214":52,"215":52,"216":364,"217":1,"218":136,"219":136,"220":136,"221":136,"222":136,"223":72,"224":8,"225":64,"226":64,"227":30,"228":30,"229":34,"230":34,"231":34,"232":16,"233":48,"234":112,"235":202,"236":202,"237":78,"238":124,"239":124,"240":124,"241":124,"242":58,"243":58,"244":4,"245":54,"246":54,"247":30,"248":30,"249":24,"250":24,"251":24,"252":12,"253":42,"254":96,"255":1,"256":15997,"257":15997,"258":15997,"259":55567,"260":55567,"261":40,"262":40,"263":55527,"264":24,"265":24,"266":55503,"267":40196,"268":15307,"269":15933,"270":1,"271":16069,"272":16069,"273":16069,"274":16029,"275":5792,"276":10237,"277":5879,"278":4358,"279":150,"280":4208,"281":299,"282":3909,"283":16029,"284":1,"285":26400,"286":26400,"287":26400,"288":26400,"289":4420,"290":24,"291":4420,"292":4420,"293":3786,"294":18,"295":3786,"296":3786,"297":3786,"298":562,"299":562,"300":266,"301":266,"302":562,"303":3218,"304":3218,"305":3218,"306":10820,"307":10820,"308":3594,"309":3594,"310":6,"311":3588,"312":3588,"313":36,"314":3552,"315":3552,"316":756,"317":2796,"318":2796,"319":2772,"320":26400,"321":24,"322":26376,"323":26376,"324":26376,"325":1,"326":56,"327":56,"328":116,"329":10,"330":106,"331":56,"332":4,"333":52,"334":4,"335":48,"336":1,"337":76,"338":76,"339":76,"340":104,"341":104,"342":32,"343":72,"344":76,"345":16,"346":60,"347":24,"348":24,"349":24,"350":36,"351":1,"352":124,"353":124,"354":56,"355":56,"356":68,"357":68,"358":68,"359":124,"360":152,"361":58,"362":94,"363":124,"364":16,"365":108,"366":20,"367":88,"368":1,"369":62,"370":62,"371":70,"372":70,"373":6,"374":64,"375":22,"376":34,"377":1,"378":2103,"379":2103,"380":2103,"381":2103,"382":2103,"383":2103,"384":2085,"385":2085,"386":2085,"387":734,"388":56,"389":56,"390":678,"391":76,"392":76,"393":602,"394":68,"395":534,"396":62,"397":56,"398":1829,"399":807,"400":1829,"401":1847,"402":42,"403":42,"404":162,"405":42,"406":1847,"407":40,"408":40,"409":40,"410":32,"411":40,"412":24,"413":60,"414":16,"415":1831,"416":16,"417":1815,"418":1,"419":1229,"420":1229,"421":1229,"422":1229,"423":1229,"424":1229,"425":11013,"426":11013,"427":1157,"428":1157,"429":9856,"430":299,"431":299,"432":287,"433":106,"434":52,"435":52,"436":54,"437":54,"438":36,"439":18,"440":54,"441":18,"442":18,"443":6,"444":6,"445":6,"446":6,"447":6,"448":6,"449":6,"450":6,"451":6,"452":6,"453":13,"454":13,"455":5,"456":120,"457":98,"458":98,"459":98,"460":22,"461":120,"462":12,"463":12,"464":6,"465":12,"466":9557,"467":8,"468":9549,"469":1169,"470":12,"471":12,"472":1157,"473":1,"474":116,"475":116,"476":116,"477":116,"478":116,"479":116,"480":116,"481":116,"482":532,"483":532,"484":74,"485":74,"486":74,"487":74,"488":458,"489":32,"490":26,"491":26,"492":26,"493":26,"494":6,"495":426,"496":96,"497":96,"498":84,"499":6,"500":6,"501":6,"502":6,"503":6,"504":6,"505":24,"506":6,"507":6,"508":18,"509":18,"510":18,"511":12,"512":6,"513":6,"514":24,"515":6,"516":6,"517":6,"518":6,"519":6,"520":6,"521":24,"522":14,"523":8,"524":6,"525":10,"526":4,"527":6,"528":12,"529":12,"530":12,"531":6,"532":12,"533":330,"534":12,"535":12,"536":6,"537":12,"538":12,"539":318,"540":104,"541":4,"542":100,"543":18,"544":100,"545":1,"546":143,"547":143,"548":36,"549":78,"550":78,"551":4,"552":74,"553":68,"554":6,"555":139,"556":139,"557":12,"558":127,"559":127,"560":0,"561":1,"562":190,"563":190,"564":190,"565":190,"566":190,"567":190,"568":190,"569":1454,"570":1454,"571":1454,"572":100,"573":100,"574":4,"575":96,"576":1354,"577":12,"578":1342,"579":788,"580":114,"581":554,"582":155,"583":155,"584":399,"585":118,"586":174,"587":19,"588":155,"589":155,"590":1,"591":155,"592":155,"593":155,"594":155,"595":164,"596":164,"597":50,"598":114,"599":114,"600":27,"601":27,"602":9,"603":9,"604":9,"605":9,"606":5,"607":5,"608":20,"609":4,"610":4,"611":4,"612":9,"613":18,"614":18,"615":87,"616":87,"617":143,"618":1,"619":190,"620":190,"621":190,"622":190,"623":190,"624":190,"625":155,"626":143,"627":127,"628":127,"629":27,"630":100,"631":1,"632":87,"633":87,"634":87,"635":87,"636":87,"637":76,"638":76,"639":49,"640":49,"641":49,"642":49,"643":49,"644":49,"645":76,"646":1,"647":532,"648":1,"649":62,"650":1,"651":24,"652":62,"653":62,"654":62,"655":6,"656":6,"657":6,"658":6,"659":6,"660":15,"661":15,"662":6,"663":6,"664":9,"665":6,"666":6,"667":62,"668":1,"669":51025,"670":51025,"671":5070,"672":45955,"673":45955,"674":16051,"675":16011,"676":294,"677":16011,"678":29904,"679":10980,"680":18924,"681":1229,"682":17695,"683":580,"684":18,"685":562,"686":17115,"687":2085,"688":15030,"689":62,"690":14968,"691":116,"692":14852,"693":26,"694":26,"695":18,"696":14834,"697":1,"698":19410,"699":19410,"700":19410,"701":19399,"702":19399,"703":17111,"704":17111,"705":17111,"706":27,"707":17111,"708":256,"709":17111,"710":256,"711":16,"712":256,"713":16,"714":256,"715":160,"716":17111,"717":19399,"718":1,"719":44564,"720":44564,"721":44564,"722":44564,"723":44564,"724":44564,"725":44564,"726":44564,"727":44564,"728":44564,"729":44564,"730":44537,"731":44537,"732":1,"733":6485,"734":6485,"735":6461,"736":6461,"737":6461,"738":6461,"739":6461,"740":6461,"741":6461,"742":6209,"743":1,"744":14320,"745":14320,"746":1,"747":14320,"748":14320,"749":1,"750":1413,"751":1413,"752":1,"753":38415,"754":14609,"755":38415,"756":14320,"757":1,"758":2957,"759":1426,"760":2957,"761":1413,"762":1,"763":552,"764":552,"765":102,"766":96,"767":456,"768":15,"769":15,"770":6,"771":6,"772":3,"773":3,"774":3,"775":15,"776":3,"777":3,"778":453,"779":108,"780":108,"781":123,"782":123,"783":36,"784":36,"785":108,"786":345,"787":6,"788":6,"789":453,"790":351,"791":351,"792":453,"793":249,"794":141,"795":141,"796":150,"797":150,"798":126,"799":126,"800":141,"801":117,"802":204,"803":99,"804":99,"805":111,"806":111,"807":93,"808":93,"809":453,"810":207,"811":453,"812":36,"813":453,"814":34965,"815":15787,"816":34965,"817":15487,"818":15487,"819":36,"820":34965,"821":552,"822":627,"823":627,"824":627,"825":627,"826":167,"827":167,"828":167,"829":167,"830":252,"831":252,"832":252,"833":252,"834":252,"835":252,"836":252,"837":252,"838":252,"839":717,"840":717,"841":717,"842":717,"843":717,"844":717,"845":121,"846":121,"847":121,"848":121,"849":121,"850":722,"851":722,"852":722,"853":722,"854":722,"855":722,"856":1931,"857":1931,"858":1931,"859":1931,"860":84,"861":84,"862":84,"863":84,"864":446,"865":446,"866":446,"867":446,"868":446,"869":76,"870":76,"871":76,"872":76,"873":76,"874":215,"875":215,"876":215,"877":215,"878":185,"879":185,"880":185,"881":185,"882":185,"883":185,"884":30,"885":30,"886":30,"887":30,"888":30,"889":30,"890":18,"891":18,"892":18,"893":18,"894":18,"895":18,"896":48,"897":48,"898":48,"899":48,"900":12,"901":12,"902":12,"903":36,"904":36,"905":36,"906":36,"907":36,"908":255,"909":255,"910":255,"911":3792,"912":3792,"913":3792,"914":3792,"915":84,"916":84,"917":84,"918":84,"919":84,"920":84,"921":84,"922":72,"923":72,"924":72,"925":72,"926":72,"927":72,"928":107,"929":107,"930":107,"931":107,"932":107,"933":107,"934":107,"935":391,"936":391,"937":391,"938":391,"939":391,"940":391,"941":391,"942":391,"943":391,"944":841,"945":841,"946":841,"947":841,"948":841,"949":841,"950":841,"951":841,"952":841,"953":9478,"954":9478,"955":9478,"956":9478,"957":72,"958":72,"959":72,"960":72,"961":72,"962":72,"963":60,"964":60,"965":60,"966":60,"967":60,"968":3461,"969":3461,"970":3461,"971":3461,"972":100,"973":3461,"974":3461,"975":290,"976":290,"977":290,"978":290,"979":290,"980":290,"981":36,"982":36,"983":36,"984":36,"985":36,"986":124,"987":124,"988":124,"989":124,"990":124,"991":593,"992":593,"993":593,"994":593,"995":129,"996":129,"997":129,"998":129,"999":99,"1000":99,"1001":99,"1002":99,"1003":99,"1004":99,"1005":4520,"1006":4520,"1007":4520,"1008":4520,"1009":4520,"1010":1276,"1011":1276,"1012":1276,"1013":1276,"1014":1276,"1015":1276,"1016":1276,"1017":1276,"1018":1276,"1019":76,"1020":76,"1021":76,"1022":76,"1023":83,"1024":83,"1025":83,"1026":83,"1027":102,"1028":102,"1029":102,"1030":102,"1031":122,"1032":122,"1033":122,"1034":122,"1035":44,"1036":44,"1037":44,"1038":44,"1039":44,"1040":44,"1041":44,"1042":44,"1043":36,"1044":36,"1045":36,"1046":36,"1047":36,"1048":28,"1049":28,"1050":28,"1051":28,"1052":28,"1053":96,"1054":96,"1055":96,"1056":96,"1057":96,"1058":70,"1059":70,"1060":70,"1061":70,"1062":70,"1063":36,"1064":36,"1065":36,"1066":36,"1067":36,"1068":36,"1069":36,"1070":82,"1071":82,"1072":82,"1073":82,"1074":82,"1075":82,"1076":82,"1077":82,"1078":126,"1079":126,"1080":126,"1081":126,"1082":126,"1083":126,"1084":545,"1085":545,"1086":545,"1087":545,"1088":545,"1089":227,"1090":227,"1091":227,"1092":227,"1093":227,"1094":1028,"1095":1028,"1096":1028,"1097":1028,"1098":1028,"1099":132,"1100":132,"1101":132,"1102":132,"1103":132,"1104":35,"1105":35,"1106":35,"1107":35,"1108":35,"1109":114,"1110":114,"1111":114,"1112":114,"1113":114,"1114":52,"1115":52,"1116":52,"1117":52,"1118":16,"1119":16,"1120":16,"1121":16,"1122":120,"1123":120,"1124":120,"1125":120,"1126":120,"1127":120,"1128":48,"1129":48,"1130":48,"1131":48,"1132":6,"1133":6,"1134":6,"1135":6,"1136":94,"1137":94,"1138":94,"1139":94,"1140":94,"1141":92,"1142":92,"1143":92,"1144":92,"1145":92,"1146":108,"1147":108,"1148":108,"1149":108,"1150":108,"1151":1,"1152":348,"1153":348,"1154":60,"1155":60,"1156":0,"1157":348,"1158":1,"1159":2248,"1160":2248,"1161":2248,"1162":2248,"1163":2248,"1164":2248,"1165":2248,"1166":1,"1167":2248,"1168":2248,"1169":2248,"1170":2248,"1171":2248,"1172":2248,"1173":2248,"1174":2248,"1175":1,"1176":168,"1177":168,"1178":168,"1179":68,"1180":68,"1181":168,"1182":1,"1183":273,"1184":273,"1185":273,"1186":4,"1187":4,"1188":273,"1189":273,"1190":85,"1191":188,"1192":1,"1193":1807,"1194":1807,"1195":1399,"1196":799,"1197":799,"1198":164,"1199":12,"1200":152,"1201":56,"1202":1399,"1203":408,"1204":1807,"1205":1807,"1206":1,"1207":1183,"1208":1,"1209":624,"1210":624,"1211":260,"1212":364,"1213":1,"1214":17956,"1215":17956,"1216":172,"1217":1,"1218":461,"1219":461,"1220":85,"1221":85,"1222":10,"1223":75,"1224":5,"1225":5,"1226":70,"1227":376,"1228":1,"1229":4319,"1230":4311,"1231":4,"1232":1,"1233":161499,"1234":1,"1235":46455,"1236":1,"1237":730,"1238":1,"1239":8819,"1240":8819,"1241":2711,"1242":6108,"1243":6108,"1244":1,"1245":4905,"1246":1912,"1247":1908,"1248":2993,"1249":510,"1250":2483,"1251":2483,"1252":2483,"1253":2483,"1254":56,"1255":1,"1256":9558,"1257":9558,"1258":9558,"1259":9558,"1260":9558,"1261":8666,"1262":4,"1263":8662,"1264":8662,"1265":8662,"1266":8662,"1267":1,"1268":47262,"1269":47262,"1270":47262,"1271":47262,"1272":47262,"1273":42594,"1274":42594,"1275":42594,"1276":42594,"1277":1,"1278":179,"1279":179,"1280":179,"1281":196,"1282":12,"1283":12,"1284":184,"1285":20,"1286":20,"1287":20,"1288":20,"1289":20,"1290":20,"1291":164,"1292":156,"1293":67,"1294":171,"1295":167,"1296":1,"1297":169,"1298":169,"1299":129,"1300":129,"1301":129,"1302":12,"1303":12,"1304":12,"1305":12,"1306":117,"1307":69,"1308":69,"1309":40,"1310":88,"1311":84,"1312":76,"1313":1,"1314":145,"1315":145,"1316":145,"1317":169,"1318":157,"1319":70,"1320":129,"1321":129,"1322":1,"1323":2276,"1324":179,"1325":2097,"1326":145,"1327":1952,"1328":76,"1329":60,"1330":1892,"1331":1892,"1332":1,"1333":824,"1334":824,"1335":772,"1336":83,"1337":83,"1338":83,"1339":83,"1340":75,"1341":75,"1342":764,"1343":1,"1344":639,"1345":639,"1346":639,"1347":716,"1348":52,"1349":52,"1350":664,"1351":38,"1352":38,"1353":38,"1354":38,"1355":4,"1356":4,"1357":38,"1358":626,"1359":614,"1360":132,"1361":627,"1362":627,"1363":1,"1364":588,"1365":588,"1366":588,"1367":588,"1368":580,"1369":10,"1370":580,"1371":18,"1372":572,"1373":572,"1374":1,"1375":287,"1376":287,"1377":287,"1378":283,"1379":283,"1380":283,"1381":275,"1382":275,"1383":1,"1384":1668,"1385":1668,"1386":1668,"1387":140,"1388":13,"1389":132,"1390":1398,"1391":118,"1392":106,"1393":102,"1394":90,"1395":12,"1396":24,"1397":1,"1398":477,"1399":361,"1400":112,"1401":4,"1402":1,"1403":1239,"1404":1239,"1405":941,"1406":134,"1407":134,"1408":130,"1409":130,"1410":130,"1411":130,"1412":130,"1413":130,"1414":130,"1415":807,"1416":129,"1417":129,"1418":129,"1419":129,"1420":129,"1421":129,"1422":9,"1423":120,"1424":120,"1425":116,"1426":116,"1427":111,"1428":121,"1429":121,"1430":121,"1431":113,"1432":113,"1433":298,"1434":58,"1435":58,"1436":54,"1437":54,"1438":54,"1439":54,"1440":54,"1441":54,"1442":54,"1443":54,"1444":918,"1445":287,"1446":275,"1447":631,"1448":1,"1449":996,"1450":996,"1451":996,"1452":50,"1453":946,"1454":968,"1455":944,"1456":329,"1457":615,"1458":4,"1459":611,"1460":575,"1461":575,"1462":48,"1463":527,"1464":563,"1465":449,"1466":449,"1467":437,"1468":114,"1469":110,"1470":34,"1471":34,"1472":34,"1473":34,"1474":76,"1475":4,"1476":1,"1477":741,"1478":741,"1479":741,"1480":996,"1481":876,"1482":349,"1483":593,"1484":593,"1485":1,"1486":1646,"1487":1646,"1488":1127,"1489":34,"1490":34,"1491":34,"1492":344,"1493":344,"1494":442,"1495":412,"1496":344,"1497":60,"1498":60,"1499":114,"1500":60,"1501":52,"1502":52,"1503":52,"1504":29,"1505":1,"1506":104,"1507":104,"1508":8,"1509":96,"1510":96,"1511":96,"1512":1,"1513":78,"1514":78,"1515":78,"1516":78,"1517":78,"1518":26,"1519":26,"1520":18,"1521":70,"1522":1,"1523":1126,"1524":1126,"1525":1126,"1526":40,"1527":40,"1528":12,"1529":28,"1530":1086,"1531":1086,"1532":14,"1533":10,"1534":10,"1535":4,"1536":6,"1537":1072,"1538":1072,"1539":800,"1540":96,"1541":96,"1542":96,"1543":194,"1544":78,"1545":116,"1546":116,"1547":18,"1548":4,"1549":14,"1550":10,"1551":10,"1552":4,"1553":6,"1554":6,"1555":18,"1556":6,"1557":98,"1558":78,"1559":782,"1560":774,"1561":246,"1562":6,"1563":240,"1564":36,"1565":204,"1566":60,"1567":128,"1568":144,"1569":204,"1570":732,"1571":732,"1572":1,"1573":10857,"1574":10857,"1575":1126,"1576":1126,"1577":9731,"1578":633,"1579":9098,"1580":735,"1581":8363,"1582":8363,"1583":8363,"1584":4293,"1585":9,"1586":4289,"1587":4070,"1588":2776,"1589":2776,"1590":21,"1591":2760,"1592":1294,"1593":649,"1594":60,"1595":589,"1596":58,"1597":531,"1598":531,"1599":409,"1600":122,"1601":36,"1602":36,"1603":86,"1604":30,"1605":56,"1606":645,"1607":224,"1608":224,"1609":224,"1610":224,"1611":421,"1612":111,"1613":111,"1614":111,"1615":111,"1616":310,"1617":152,"1618":152,"1619":152,"1620":49,"1621":103,"1622":100,"1623":100,"1624":158,"1625":50,"1626":108,"1627":7522,"1628":1,"1629":544,"1630":544,"1631":544,"1632":248,"1633":360,"1634":100,"1635":100,"1636":100,"1637":260,"1638":332,"1639":332,"1640":220,"1641":112,"1642":516,"1643":516,"1644":1,"1645":476,"1646":476,"1647":476,"1648":4,"1649":472,"1650":1,"1651":202,"1652":202,"1653":1,"1654":92,"1655":92,"1656":92,"1657":92,"1658":92,"1659":1,"1660":188,"1661":188,"1662":188,"1663":48,"1664":48,"1665":40,"1666":36,"1667":36,"1668":12,"1669":140,"1670":136,"1671":124,"1672":124,"1673":1,"1674":10949,"1675":10949,"1676":10949,"1677":10949,"1678":34,"1679":34,"1680":34,"1681":34,"1682":4,"1683":10915,"1684":10021,"1685":10761,"1686":190,"1687":190,"1688":190,"1689":186,"1690":10571,"1691":462,"1692":462,"1693":462,"1694":446,"1695":10109,"1696":86,"1697":86,"1698":86,"1699":86,"1700":10023,"1701":22,"1702":22,"1703":10001,"1704":10001,"1705":10001,"1706":1,"1707":140,"1708":140,"1709":140,"1710":140,"1711":10,"1712":10,"1713":10,"1714":10,"1715":4,"1716":130,"1717":136,"1718":160,"1719":6,"1720":6,"1721":6,"1722":6,"1723":154,"1724":12,"1725":12,"1726":12,"1727":12,"1728":142,"1729":6,"1730":6,"1731":136,"1732":136,"1733":1,"1734":10881,"1735":10881,"1736":9933,"1737":7145,"1738":123,"1739":26,"1740":107,"1741":13,"1742":99,"1743":99,"1744":99,"1745":9909,"1746":1,"1747":11031,"1748":11031,"1749":7296,"1750":3735,"1751":87,"1752":87,"1753":87,"1754":87,"1755":26,"1756":71,"1757":13,"1758":63,"1759":63,"1760":3648,"1761":32,"1762":32,"1763":32,"1764":32,"1765":32,"1766":3616,"1767":31,"1768":31,"1769":31,"1770":31,"1771":31,"1772":13,"1773":23,"1774":3585,"1775":10027,"1776":1,"1777":9877,"1778":9877,"1779":2587,"1780":7290,"1781":36,"1782":36,"1783":36,"1784":36,"1785":42,"1786":42,"1787":36,"1788":36,"1789":36,"1790":36,"1791":30,"1792":30,"1793":96,"1794":96,"1795":123,"1796":123,"1797":42,"1798":42,"1799":212,"1800":212,"1801":138,"1802":138,"1803":6463,"1804":7290,"1805":1,"1806":10143,"1807":10143,"1808":10143,"1809":9155,"1810":9155,"1811":9155,"1812":8633,"1813":522,"1814":522,"1815":522,"1816":522,"1817":522,"1818":506,"1819":506,"1820":216,"1821":120,"1822":120,"1823":120,"1824":120,"1825":120,"1826":120,"1827":216,"1828":216,"1829":216,"1830":216,"1831":216,"1832":216,"1833":506,"1834":506,"1835":506,"1836":506,"1837":602,"1838":602,"1839":506,"1840":1,"1841":10143,"1842":10143,"1843":10143,"1844":9139,"1845":18,"1846":18,"1847":18,"1848":18,"1849":18,"1850":18,"1851":18,"1852":18,"1853":18,"1854":9139,"1855":1,"1856":284,"1857":68,"1858":216,"1859":1,"1860":600,"1861":600,"1862":376,"1863":376,"1864":22,"1865":22,"1866":12,"1867":12,"1868":164,"1869":184,"1870":172,"1871":164,"1872":8,"1873":18,"1874":18,"1875":30,"1876":18,"1877":1,"1878":320,"1879":320,"1880":320,"1881":320,"1882":320,"1883":66,"1884":250,"1885":250,"1886":4,"1887":316,"1888":316,"1889":368,"1890":368,"1891":34,"1892":34,"1893":10,"1894":4,"1895":6,"1896":6,"1897":6,"1898":6,"1899":30,"1900":30,"1901":30,"1902":30,"1903":334,"1904":334,"1905":334,"1906":334,"1907":312,"1908":60,"1909":78,"1910":78,"1911":8,"1912":304,"1913":16,"1914":16,"1915":288,"1916":258,"1917":288,"1918":1,"1919":288,"1920":288,"1921":4,"1922":284,"1923":284,"1924":284,"1925":284,"1926":284,"1927":280,"1928":8,"1929":272,"1930":20,"1931":252,"1932":252,"1933":252,"1934":1,"1935":116,"1936":116,"1937":116,"1938":116,"1939":116,"1940":116,"1941":110,"1942":110,"1943":110,"1944":110,"1945":34,"1946":34,"1947":76,"1948":44,"1949":102,"1950":108,"1951":1,"1952":10259,"1953":10259,"1954":10259,"1955":10259,"1956":116,"1957":10143,"1958":9139,"1959":320,"1960":320,"1961":292,"1962":288,"1963":288,"1964":4,"1965":8819,"1966":813,"1967":46,"1968":777,"1969":70,"1970":22,"1971":58,"1972":28,"1973":737,"1974":66,"1975":671,"1976":737,"1977":737,"1978":717,"1979":717,"1980":8723,"1981":1,"1982":5390,"1983":5390,"1984":4654,"1985":18,"1986":18,"1987":36,"1988":12,"1989":24,"1990":24,"1991":18,"1992":4654,"1993":1,"1994":8129,"1995":3780,"1996":226,"1997":4,"1998":222,"1999":152,"2000":4,"2001":148,"2002":62,"2003":813,"2004":263,"2005":6613,"2006":169,"2007":6444,"2008":1,"2009":575,"2010":575,"2011":965,"2012":523,"2013":442,"2014":535,"2015":1,"2016":575,"2017":575,"2018":575,"2019":535,"2020":523,"2021":1,"2022":3533,"2023":3533,"2024":3533,"2025":144,"2026":40,"2027":104,"2028":40,"2029":3389,"2030":222,"2031":46,"2032":176,"2033":164,"2034":3167,"2035":8,"2036":3245,"2037":1,"2038":821,"2039":821,"2040":733,"2041":18,"2042":725,"2043":453,"2044":449,"2045":272,"2046":4,"2047":653,"2048":1,"2049":713,"2050":713,"2051":713,"2052":569,"2053":108,"2054":108,"2055":545,"2056":1,"2057":633,"2058":633,"2059":625,"2060":457,"2061":457,"2062":1,"2063":519,"2064":519,"2065":395,"2066":5,"2067":395,"2068":114,"2069":96,"2070":80,"2071":281,"2072":142,"2073":138,"2074":375,"2075":1,"2076":387,"2077":295,"2078":132,"2079":132,"2080":243,"2081":1,"2082":191,"2083":1,"2084":191,"2085":191,"2086":191,"2087":191,"2088":191,"2089":191,"2090":191,"2091":191,"2092":191,"2093":191,"2094":191,"2095":191,"2096":71,"2097":1,"2098":191,"2099":191,"2100":191,"2101":191,"2102":191,"2103":191,"2104":1,"2105":243,"2106":243,"2107":243,"2108":243,"2109":155,"2110":155,"2111":1,"2112":88,"2113":88,"2114":88,"2115":4,"2116":84,"2117":84,"2118":68,"2119":4,"2120":64,"2121":8,"2122":56,"2123":1,"2124":255,"2125":255,"2126":1,"2127":1008,"2128":600,"2129":600,"2130":1,"2131":92,"2132":92,"2133":92,"2134":88,"2135":88,"2136":88,"2137":76,"2138":28,"2139":28,"2140":48,"2141":72,"2142":1,"2143":44,"2144":44,"2145":44,"2146":44,"2147":44,"2148":40,"2149":40,"2150":36,"2151":36,"2152":36,"2153":36,"2154":6,"2155":36,"2156":1,"2157":164,"2158":164,"2159":164,"2160":164,"2161":164,"2162":164,"2163":164,"2164":164,"2165":132,"2166":132,"2167":1,"2168":383,"2169":383,"2170":383,"2171":383,"2172":383,"2173":383,"2174":22,"2175":361,"2176":88,"2177":88,"2178":88,"2179":88,"2180":88,"2181":88,"2182":42,"2183":42,"2184":42,"2185":42,"2186":42,"2187":46,"2188":18,"2189":18,"2190":18,"2191":18,"2192":18,"2193":18,"2194":28,"2195":28,"2196":273,"2197":150,"2198":150,"2199":150,"2200":6,"2201":6,"2202":6,"2203":6,"2204":6,"2205":144,"2206":144,"2207":88,"2208":88,"2209":18,"2210":18,"2211":18,"2212":18,"2213":18,"2214":70,"2215":30,"2216":30,"2217":30,"2218":30,"2219":30,"2220":30,"2221":40,"2222":24,"2223":123,"2224":123,"2225":123,"2226":123,"2227":123,"2228":57,"2229":17,"2230":45,"2231":45,"2232":45,"2233":45,"2234":41,"2235":66,"2236":32,"2237":4,"2238":28,"2239":28,"2240":28,"2241":28,"2242":24,"2243":24,"2244":34,"2245":6,"2246":6,"2247":12,"2248":12,"2249":6,"2250":34,"2251":267,"2252":88,"2253":18,"2254":88,"2255":88,"2256":12,"2257":267,"2258":267,"2259":267,"2260":267,"2261":263,"2262":263,"2263":1,"2264":76,"2265":76,"2266":76,"2267":14,"2268":14,"2269":8,"2270":6,"2271":62,"2272":22,"2273":4,"2274":18,"2275":40,"2276":26,"2277":26,"2278":26,"2279":8,"2280":32,"2281":28,"2282":4,"2283":24,"2284":1,"2285":108,"2286":108,"2287":108,"2288":22,"2289":22,"2290":4,"2291":18,"2292":86,"2293":28,"2294":4,"2295":58,"2296":38,"2297":38,"2298":38,"2299":8,"2300":74,"2301":70,"2302":4,"2303":66,"2304":1,"2305":91,"2306":91,"2307":91,"2308":9,"2309":87,"2310":58,"2311":40,"2312":36,"2313":36,"2314":47,"2315":18,"2316":29,"2317":17,"2318":6,"2319":29,"2320":29,"2321":1,"2322":47,"2323":47,"2324":13,"2325":39,"2326":39,"2327":39,"2328":39,"2329":39,"2330":35,"2331":1,"2332":48,"2333":48,"2334":18,"2335":18,"2336":30,"2337":30,"2338":48,"2339":48,"2340":102,"2341":44,"2342":58,"2343":54,"2344":44,"2345":1,"2346":48,"2347":48,"2348":48,"2349":44,"2350":44,"2351":44,"2352":44,"2353":44,"2354":6,"2355":6,"2356":38,"2357":38,"2358":38,"2359":38,"2360":78,"2361":30,"2362":48,"2363":44,"2364":14,"2365":4,"2366":10,"2367":40,"2368":30,"2369":30,"2370":30,"2371":1,"2372":48,"2373":48,"2374":48,"2375":4,"2376":44,"2377":36,"2378":36,"2379":1,"2380":116,"2381":116,"2382":116,"2383":116,"2384":4,"2385":112,"2386":96,"2387":118,"2388":118,"2389":4,"2390":114,"2391":92,"2392":18,"2393":84,"2394":76,"2395":76,"2396":1,"2397":126,"2398":126,"2399":126,"2400":126,"2401":116,"2402":86,"2403":12,"2404":12,"2405":86,"2406":4,"2407":82,"2408":1,"2409":12,"2410":12,"2411":12,"2412":1,"2413":7158,"2414":7158,"2415":24,"2416":7134,"2417":361,"2418":6773,"2419":6773,"2420":6773,"2421":1512,"2422":255,"2423":1008,"2424":249,"2425":5261,"2426":2201,"2427":108,"2428":76,"2429":12,"2430":44,"2431":383,"2432":6,"2433":92,"2434":91,"2435":48,"2436":48,"2437":126,"2438":633,"2439":164,"2440":47,"2441":323,"2442":3632,"2443":3320,"2444":92,"2445":92,"2446":92,"2447":8,"2448":84,"2449":84,"2450":60,"2451":60,"2452":3228,"2453":3192,"2454":1,"2455":1752,"2456":1752,"2457":1752,"2458":2123,"2459":1730,"2460":393,"2461":393,"2462":385,"2463":385,"2464":6,"2465":379,"2466":379,"2467":350,"2468":350,"2469":13,"2470":29,"2471":13,"2472":1736,"2473":1736,"2474":1736,"2475":1736,"2476":1736,"2477":1736,"2478":1736,"2479":1736,"2480":1736,"2481":2198,"2482":1408,"2483":790,"2484":1412,"2485":1408,"2486":1408,"2487":1408,"2488":1408,"2489":1408,"2490":1,"2491":935,"2492":935,"2493":186,"2494":70,"2495":70,"2496":186,"2497":41,"2498":41,"2499":749,"2500":729,"2501":64,"2502":64,"2503":665,"2504":42,"2505":42,"2506":623,"2507":37,"2508":37,"2509":935,"2510":1,"2511":636,"2512":636,"2513":636,"2514":60,"2515":36,"2516":36,"2517":36,"2518":36,"2519":576,"2520":532,"2521":523,"2522":532,"2523":29,"2524":29,"2525":29,"2526":532,"2527":532,"2528":532,"2529":1,"2530":1497,"2531":1497,"2532":1497,"2533":1497,"2534":371,"2535":371,"2536":516,"2537":307,"2538":145,"2539":1433,"2540":1433,"2541":1409,"2542":1433,"2543":1,"2544":835,"2545":835,"2546":835,"2547":835,"2548":835,"2549":174,"2550":835,"2551":829,"2552":829,"2553":769,"2554":119,"2555":18,"2556":650,"2557":34,"2558":34,"2559":616,"2560":20,"2561":20,"2562":767,"2563":767,"2564":723,"2565":723,"2566":723,"2567":723,"2568":723,"2569":93,"2570":723,"2571":723,"2572":455,"2573":44,"2574":411,"2575":55,"2576":391,"2577":391,"2578":391,"2579":1,"2580":409,"2581":409,"2582":409,"2583":409,"2584":409,"2585":78,"2586":409,"2587":409,"2588":122,"2589":122,"2590":114,"2591":50,"2592":22,"2593":64,"2594":20,"2595":20,"2596":44,"2597":20,"2598":20,"2599":389,"2600":373,"2601":373,"2602":373,"2603":373,"2604":373,"2605":53,"2606":373,"2607":373,"2608":305,"2609":24,"2610":281,"2611":27,"2612":269,"2613":269,"2614":269,"2615":1,"2616":287,"2617":287,"2618":287,"2619":275,"2620":275,"2621":373,"2622":90,"2623":283,"2624":283,"2625":283,"2626":283,"2627":283,"2628":4,"2629":279,"2630":271,"2631":94,"2632":94,"2633":94,"2634":94,"2635":12,"2636":82,"2637":271,"2638":259,"2639":243,"2640":243,"2641":211,"2642":243,"2643":157,"2644":40,"2645":8,"2646":32,"2647":4,"2648":28,"2649":28,"2650":86,"2651":8,"2652":223,"2653":223,"2654":223,"2655":223,"2656":16,"2657":215,"2658":215,"2659":1,"2660":269,"2661":269,"2662":269,"2663":269,"2664":263,"2665":257,"2666":50,"2667":50,"2668":257,"2669":185,"2670":185,"2671":1,"2672":30,"2673":30,"2674":30,"2675":30,"2676":18,"2677":30,"2678":18,"2679":18,"2680":30,"2681":30,"2682":30,"2683":1,"2684":142,"2685":142,"2686":8,"2687":134,"2688":1,"2689":114,"2690":114,"2691":14,"2692":14,"2693":14,"2694":100,"2695":114,"2696":36,"2697":36,"2698":114,"2699":1,"2700":144,"2701":144,"2702":54,"2703":12,"2704":12,"2705":38,"2706":30,"2707":94,"2708":90,"2709":114,"2710":114,"2711":114,"2712":36,"2713":36,"2714":6,"2715":90,"2716":90,"2717":40,"2718":40,"2719":36,"2720":50,"2721":8,"2722":42,"2723":78,"2724":1,"2725":60,"2726":60,"2727":60,"2728":16,"2729":12,"2730":44,"2731":6,"2732":6,"2733":38,"2734":4,"2735":34,"2736":6,"2737":28,"2738":6,"2739":22,"2740":30,"2741":30,"2742":1,"2743":14,"2744":14,"2745":14,"2746":8,"2747":6,"2748":6,"2749":6,"2750":6,"2751":1,"2752":222,"2753":222,"2754":4,"2755":218,"2756":218,"2757":60,"2758":158,"2759":14,"2760":144,"2761":1,"2762":94,"2763":94,"2764":94,"2765":28,"2766":28,"2767":94,"2768":1,"2769":78,"2770":78,"2771":78,"2772":94,"2773":94,"2774":28,"2775":28,"2776":6,"2777":78,"2778":78,"2779":1,"2780":52,"2781":52,"2782":52,"2783":1,"2784":20,"2785":20,"2786":20,"2787":4,"2788":16,"2789":16,"2790":16,"2791":1,"2792":148,"2793":148,"2794":4,"2795":144,"2796":144,"2797":6,"2798":138,"2799":68,"2800":70,"2801":14,"2802":56,"2803":52,"2804":52,"2805":20,"2806":20,"2807":6,"2808":14,"2809":10,"2810":4,"2811":4,"2812":126,"2813":36,"2814":90,"2815":90,"2816":92,"2817":92,"2818":1,"2819":6140,"2820":6140,"2821":6342,"2822":6342,"2823":5909,"2824":433,"2825":429,"2826":429,"2827":6,"2828":423,"2829":423,"2830":300,"2831":300,"2832":9,"2833":123,"2834":57,"2835":6132,"2836":5975,"2837":4363,"2838":0,"2839":4363,"2840":4520,"2841":1,"2842":6412,"2843":6412,"2844":6140,"2845":6140,"2846":4520,"2847":1,"2848":2226,"2849":2226,"2850":16784,"2851":16784,"2852":16784,"2853":49,"2854":16784,"2855":11742,"2856":16784,"2857":11390,"2858":16784,"2859":2226,"2860":1,"2861":73,"2862":73,"2863":73,"2864":7,"2865":73,"2866":73,"2867":73,"2868":73,"2869":73,"2870":73,"2871":73,"2872":73,"2873":73,"2874":73,"2875":73,"2876":73,"2877":73,"2878":73,"2879":73,"2880":73,"2881":73,"2882":73,"2883":73,"2884":73,"2885":73,"2886":73,"2887":61,"2888":73,"2889":57,"2890":73,"2891":73,"2892":69,"2893":3,"2894":66,"2895":66,"2896":190,"2897":190,"2898":7,"2899":3,"2900":3,"2901":4,"2902":62,"2903":62,"2904":54,"2905":8,"2906":73,"2907":62,"2908":1,"2909":6412,"2910":6412,"2911":6412,"2912":7,"2913":6412,"2914":6412,"2915":6412,"2916":6412,"2917":6412,"2918":6412,"2919":6412,"2920":6412,"2921":6412,"2922":6412,"2923":6412,"2924":6412,"2925":6412,"2926":6404,"2927":6404,"2928":6404,"2929":6404,"2930":4,"2931":6404,"2932":2226,"2933":6404,"2934":1115,"2935":6404,"2936":300,"2937":6404,"2938":102,"2939":102,"2940":102,"2941":102,"2942":102,"2943":6404,"2944":385,"2945":385,"2946":6412,"2947":6412,"2948":4520,"2949":169,"2950":4520,"2951":2226,"2952":2226,"2953":4520,"2954":300,"2955":1892,"2956":6412,"2957":4520,"2958":1,"2959":1,"2960":1,"2961":1,"2962":1,"2963":1,"2964":1,"2965":1,"2966":65,"2967":65,"2968":1,"2969":1,"2970":1},"b":{"1":[0,1],"2":[1,0],"3":[1,0],"4":[0,4226],"5":[22888,18467],"6":[42,56],"7":[98,98],"8":[24,18],"9":[42,30,30],"10":[68823,49019,48993,48987,48981,48975,218],"11":[66215,63894,63822,63816],"12":[516,100],"13":[48080,48074,47842,25530,47463,22729,32057,31985,134],"14":[55885,55873,55157,40350,54997,39698,15672,2166,15638,15553,120],"15":[8,8,8,12,152],"16":[12,44,76,88,100,112,274,434,506,3954],"17":[2038,1822],"18":[702,2989,1224,1973,907,396,1473,38,535],"19":[702,559,380],"20":[2989,2265,1882,1694,1568],"21":[1224,1185,1157,1127,1118,1068],"22":[1973,1769,1661,1545,1497,1371,937,638],"23":[907,816,810,791,743,517],"24":[396,266,254],"25":[1473,217,141],"26":[180,51],"27":[108,123],"28":[126,105],"29":[12,219],"30":[8,4],"31":[93,1329],"32":[33,60],"33":[4,89],"34":[93,8],"35":[36,36],"36":[162,224],"37":[174,4026],"38":[10,164],"39":[174,24],"40":[414,3612],"41":[337,77],"42":[140,197],"43":[22,27],"44":[19962,48861],"45":[2078,46783],"46":[4,2074],"47":[2078,22],"48":[1032,45751],"49":[123,909],"50":[386,523],"51":[63,45688],"52":[45751,6880],"53":[24,39],"54":[63,57],"55":[118,45570],"56":[18,100],"57":[109,30],"58":[342,54],"59":[396,384],"60":[4,114],"61":[114,486],"62":[12,102],"63":[114,110],"64":[56,308],"65":[364,56],"66":[52,4],"67":[56,52],"68":[72,64],"69":[8,64],"70":[30,34],"71":[16,18],"72":[34,30,26],"73":[78,124],"74":[58,66],"75":[4,54],"76":[30,24],"77":[12,12],"78":[24,20,16],"79":[40,55527],"80":[24,55503],"81":[55527,24],"82":[40196,15307],"83":[72,15997],"84":[5792,10237],"85":[5879,4358],"86":[150,4208],"87":[299,3909],"88":[4208,3980],"89":[4420,3786,562,3218,3936,6560,7920,9011,10053,10792,10814,10820,3594],"90":[24,4396],"91":[18,3768],"92":[266,296],"93":[562,278],"94":[6,3588],"95":[36,3552],"96":[3588,3582,3576,3564,3558],"97":[756,2796],"98":[3552,3516,3480,3468,3462,3456,3450,3444,3432,3327,3222,3198,3192,3186,3180,3174,3168,3158,3152],"99":[2772,24],"100":[24,26376],"101":[10,106],"102":[4,52],"103":[4,48],"104":[32,72],"105":[104,80],"106":[16,60],"107":[24,36],"108":[24,0],"109":[24,16],"110":[56,68],"111":[58,94],"112":[16,108],"113":[124,68],"114":[20,88],"115":[108,96],"116":[6,64],"117":[70,64],"118":[22,42],"119":[2103,18],"120":[2085,18],"121":[734,1351],"122":[56,678],"123":[734,690],"124":[76,602],"125":[678,640],"126":[68,534],"127":[602,562],"128":[62,472],"129":[56,6],"130":[42,1805],"131":[40,1807],"132":[1847,1807],"133":[32,8],"134":[40,18],"135":[24,16],"136":[16,1815],"137":[1229,1000],"138":[1157,9856],"139":[299,9557],"140":[287,12],"141":[299,295],"142":[82,106,18,6,6,6,6,6,9,13,120],"143":[52,54],"144":[36,18],"145":[98,22],"146":[98,12],"147":[6,6],"148":[12,6],"149":[8,9549],"150":[12,1157],"151":[74,458],"152":[32,426],"153":[26,6],"154":[96,330],"155":[84,12],"156":[6,6,6,18,24,6,6,6,24],"157":[6,18],"158":[12,6],"159":[14,10],"160":[8,6],"161":[4,6],"162":[6,6],"163":[12,6],"164":[12,318],"165":[6,6],"166":[12,6],"167":[4,100],"168":[18,82],"169":[36,107],"170":[78,40],"171":[4,74],"172":[68,6],"173":[100,1354],"174":[4,96],"175":[12,1342],"176":[788,554],"177":[114,674],"178":[155,399],"179":[118,281],"180":[19,155],"181":[50,114],"182":[27,87],"183":[114,27],"184":[9,18],"185":[5,4],"186":[27,100],"187":[49,27],"188":[49,0],"189":[49,0],"190":[49,49],"191":[49,0],"192":[49,3],"193":[532,178,28,16],"194":[24,12,12,12],"195":[3,6,6,15],"196":[6,6,6,6],"197":[6,9],"198":[3,3],"199":[6,3],"200":[3,3],"201":[38,24],"202":[5070,45955],"203":[16051,29904],"204":[294,15717],"205":[16011,2947],"206":[10980,18924],"207":[29904,25484,21548],"208":[1229,17695],"209":[18924,18695],"210":[580,17115],"211":[18,562],"212":[2085,15030],"213":[62,14968],"214":[15030,120],"215":[116,14852],"216":[14968,14870,3236],"217":[26,14826],"218":[14852,26],"219":[18,8],"220":[17111,2288],"221":[27,17084],"222":[256,16855],"223":[163,93],"224":[256,120],"225":[256,16855],"226":[16,240],"227":[16,240],"228":[160,96],"229":[17111,27453],"230":[2299,4162],"231":[14609,23806],"232":[14320,24095],"233":[1426,1531],"234":[1413,1544],"235":[102,450],"236":[96,6],"237":[15,441],"238":[456,42],"239":[3,3],"240":[3,12],"241":[108,345],"242":[36,87],"243":[6,339],"244":[345,312,30],"245":[804,537],"246":[249,204],"247":[141,108],"248":[126,24],"249":[117,24],"250":[99,105],"251":[93,18],"252":[207,246],"253":[453,240],"254":[36,417],"255":[453,114],"256":[15787,19178],"257":[15487,19478],"258":[36,15451],"259":[552,34413],"260":[72,650],"261":[722,686],"262":[100,3361],"263":[76,6],"264":[63,63],"265":[126,97],"266":[114,78],"267":[94,66],"268":[0,60],"269":[60,0],"270":[2248,0],"271":[2248,2248],"272":[400,1848],"273":[85,188],"274":[1807,1144],"275":[1399,408],"276":[799,600],"277":[132,667],"278":[61,606],"279":[32,574],"280":[4,570],"281":[4,566],"282":[164,635],"283":[12,152],"284":[56,96],"285":[152,72],"286":[4,1395],"287":[1367,440],"288":[1807,1399],"289":[388,52],"290":[388,52],"291":[260,364],"292":[172,17784],"293":[17956,17884],"294":[85,376],"295":[10,75],"296":[85,15],"297":[5,70],"298":[75,5],"299":[4,4307],"300":[4311,4307],"301":[161499,96712],"302":[46455,9918],"303":[730,322],"304":[2711,6108],"305":[6108,5361,5355,5349,5343,5337,5331,5325,5319,5313,5307,5301],"306":[1912,2993],"307":[4905,2993],"308":[510,2483],"309":[56,2427],"310":[2483,372],"311":[4,8662],"312":[42594,18171],"313":[42594,21033],"314":[42594,42566],"315":[12,184],"316":[20,164],"317":[67,89],"318":[129,40],"319":[12,117],"320":[69,48],"321":[70,87],"322":[179,2097],"323":[145,1952],"324":[76,1876],"325":[60,16],"326":[76,52],"327":[83,689],"328":[52,664],"329":[38,626],"330":[4,34],"331":[132,482],"332":[10,570],"333":[580,296],"334":[18,562],"335":[580,296],"336":[119,140,1170,1206,1224,1398,118],"337":[13,127],"338":[140,27],"339":[106,12],"340":[269,285,309,321,333,361,112],"341":[941,298],"342":[134,807],"343":[941,158],"344":[129,678],"345":[807,153],"346":[9,120],"347":[111,5],"348":[58,240],"349":[298,138,66],"350":[287,631],"351":[918,910],"352":[50,946],"353":[329,615],"354":[4,611],"355":[575,36],"356":[575,487,481,88],"357":[48,527],"358":[575,48],"359":[449,114],"360":[110,4],"361":[34,76],"362":[349,527],"363":[1013,1091,1097,1127,34,344,60,52,29],"364":[412,30],"365":[8,96],"366":[104,96,78],"367":[40,1086],"368":[12,28],"369":[14,1072],"370":[4,6],"371":[96,704],"372":[78,116],"373":[18,98],"374":[4,14],"375":[4,6],"376":[246,528],"377":[6,240],"378":[246,74],"379":[36,204],"380":[60,144],"381":[60,144],"382":[1126,9731],"383":[633,9098],"384":[735,8363],"385":[4293,4070],"386":[9,4284],"387":[4293,19],"388":[2776,1294],"389":[4070,3170],"390":[21,2755],"391":[2776,189],"392":[649,645],"393":[60,589],"394":[649,541,529],"395":[58,531],"396":[589,481],"397":[409,122],"398":[36,86],"399":[30,56],"400":[224,421],"401":[111,310],"402":[152,158],"403":[310,164],"404":[49,103],"405":[50,108],"406":[248,296],"407":[100,260],"408":[220,112],"409":[4,472],"410":[48,140],"411":[40,8],"412":[48,44],"413":[36,4],"414":[82,54],"415":[34,10915],"416":[10949,38],"417":[4,30],"418":[34,22,10],"419":[164,10751],"420":[190,10571],"421":[462,10109],"422":[86,10023],"423":[22,10001],"424":[10023,40],"425":[10,130],"426":[140,10],"427":[4,6],"428":[10,10],"429":[24,106],"430":[6,154],"431":[12,142],"432":[6,136],"433":[142,6],"434":[7145,2788],"435":[9933,9493],"436":[123,7022],"437":[7145,7081],"438":[26,97],"439":[123,26,26],"440":[13,94],"441":[7296,3735],"442":[11031,8174],"443":[87,3648],"444":[3735,3694],"445":[26,61],"446":[87,26,26],"447":[13,58],"448":[32,3616],"449":[3648,3634,3628,3622],"450":[31,3585],"451":[3616,3597,3591],"452":[13,18],"453":[31,13,13],"454":[2587,7290],"455":[9877,2733],"456":[36,36,42,36,36,12,18,24,30,60,78,84,90,96,123,24,30,42,170,212,96,114,138,6463],"457":[34,89],"458":[8633,522],"459":[336,216],"460":[18,9121],"461":[68,216],"462":[376,22,12,164,8,18],"463":[172,12],"464":[66,250,4],"465":[34,334],"466":[10,24],"467":[4,6],"468":[60,252],"469":[312,278],"470":[8,70],"471":[16,288],"472":[4,12],"473":[258,30],"474":[4,284],"475":[8,272],"476":[280,34],"477":[20,252],"478":[272,26],"479":[110,6],"480":[34,76],"481":[44,32],"482":[76,70,58,44],"483":[116,10143],"484":[10259,472],"485":[320,8819],"486":[9139,8889],"487":[288,4],"488":[813,8006],"489":[46,767],"490":[70,707],"491":[777,70],"492":[22,48],"493":[28,30],"494":[66,671],"495":[18,4636],"496":[12,24],"497":[3780,4349],"498":[226,152,62,813,263],"499":[4,222],"500":[4,148],"501":[169,6444],"502":[6613,191],"503":[523,442],"504":[144,3389],"505":[3533,230],"506":[40,104],"507":[40,64],"508":[222,3167],"509":[46,176],"510":[222,70,58],"511":[164,12],"512":[176,152,12],"513":[8,3159],"514":[3167,202,202],"515":[18,715],"516":[733,77],"517":[453,272],"518":[4,268],"519":[272,28],"520":[5,390],"521":[395,23,23],"522":[114,281],"523":[96,18],"524":[114,108],"525":[142,139],"526":[281,195,211],"527":[71,120],"528":[71,120],"529":[191,114,64,40,36],"530":[243,68],"531":[4,84],"532":[4,64],"533":[8,56],"534":[28,48],"535":[6,30],"536":[22,361],"537":[88,273],"538":[42,46],"539":[88,78],"540":[18,28],"541":[46,36,18],"542":[150,123],"543":[273,227],"544":[6,144],"545":[150,138],"546":[18,70],"547":[88,88,60],"548":[30,40],"549":[70,70,42],"550":[57,66],"551":[17,40],"552":[32,34],"553":[4,28],"554":[6,28],"555":[88,179],"556":[18,70],"557":[12,76],"558":[84,179],"559":[107,72],"560":[14,62],"561":[8,6],"562":[22,40],"563":[4,18],"564":[26,14],"565":[8,18],"566":[4,24],"567":[28,10],"568":[22,86],"569":[4,18],"570":[22,22],"571":[28,58],"572":[4,24],"573":[28,4],"574":[38,20],"575":[8,30],"576":[4,66],"577":[70,40],"578":[40,10],"579":[9,82],"580":[58,29],"581":[40,18],"582":[18,29],"583":[17,12],"584":[6,11],"585":[17,11],"586":[13,34],"587":[18,30],"588":[44,58],"589":[102,68,58],"590":[6,38],"591":[30,48],"592":[14,30],"593":[4,10],"594":[4,44],"595":[4,112],"596":[4,114],"597":[18,74],"598":[92,18],"599":[116,10],"600":[12,74],"601":[4,82],"602":[86,10],"603":[24,7134],"604":[361,6773],"605":[7134,1873],"606":[1512,5261],"607":[255,1008,249],"608":[2201,3060],"609":[108,76,12,44,383,6,92,91,48,48,126,633,164,47,323],"610":[92,3228],"611":[3320,275],"612":[8,84],"613":[1730,393],"614":[6,379],"615":[350,29],"616":[13,337],"617":[13,16],"618":[29,25],"619":[1408,790],"620":[186,749],"621":[70,116],"622":[41,145],"623":[729,20],"624":[64,665],"625":[42,623],"626":[37,586],"627":[60,576],"628":[29,503],"629":[371,1126],"630":[307,145],"631":[1409,24],"632":[174,661],"633":[829,6],"634":[835,16],"635":[119,650],"636":[18,101],"637":[34,616],"638":[20,596],"639":[93,630],"640":[44,411],"641":[455,167],"642":[55,356],"643":[411,123],"644":[78,331],"645":[122,287],"646":[16,106],"647":[122,68,64],"648":[50,64],"649":[22,28],"650":[20,44],"651":[20,24],"652":[53,320],"653":[24,281],"654":[305,82],"655":[27,254],"656":[281,58],"657":[90,283],"658":[4,279],"659":[94,177],"660":[271,100,18],"661":[12,82],"662":[243,16],"663":[211,32],"664":[157,86],"665":[40,117],"666":[157,151],"667":[151,10],"668":[8,32],"669":[40,32,32],"670":[4,28],"671":[8,78],"672":[86,56],"673":[56,4],"674":[263,6],"675":[269,6],"676":[50,207],"677":[18,12],"678":[18,12],"679":[8,134],"680":[14,100],"681":[36,78],"682":[54,90],"683":[6,12,26,26,38],"684":[114,114],"685":[36,78],"686":[6,30],"687":[40,50],"688":[8,42],"689":[4,4],"690":[16,44],"691":[6,38],"692":[4,34],"693":[6,28],"694":[6,22],"695":[8,6],"696":[4,4],"697":[4,218],"698":[60,158],"699":[14,144],"700":[28,66],"701":[28,66],"702":[6,22],"703":[4,16],"704":[4,144],"705":[6,138],"706":[68,70],"707":[14,56],"708":[52,4],"709":[56,56],"710":[20,32],"711":[6,14],"712":[10,4],"713":[36,90],"714":[24,12],"715":[5909,433],"716":[6,423],"717":[300,123],"718":[9,291],"719":[57,66],"720":[123,123],"721":[0,4363],"722":[49,16735],"723":[11742,5042],"724":[11390,5394],"725":[7,66],"726":[73,8],"727":[70,3],"728":[73,8],"729":[73,57],"730":[73,57],"731":[61,12],"732":[73,61],"733":[57,16],"734":[73,57],"735":[3,66],"736":[3,4],"737":[54,8],"738":[7,6405],"739":[6412,770],"740":[6406,6],"741":[6404,8],"742":[6404,2988],"743":[6404,2988],"744":[6404,169],"745":[4,6400],"746":[6404,2256,2256],"747":[2226,4178],"748":[6404,2226],"749":[1115,5289],"750":[6404,3172],"751":[300,6104],"752":[6404,4512],"753":[102,6302],"754":[385,6019],"755":[169,4351],"756":[2226,2294],"757":[300,4220],"758":[1,0],"759":[65,0],"760":[1,0]},"f":{"1":1,"2":1,"3":4226,"4":22888,"5":1100,"6":1132,"7":98,"8":68823,"9":66215,"10":616,"11":48080,"12":55885,"13":164,"14":4460,"15":2038,"16":10237,"17":231,"18":165,"19":386,"20":51326,"21":139,"22":118,"23":364,"24":136,"25":15997,"26":16069,"27":26400,"28":56,"29":76,"30":124,"31":62,"32":2103,"33":1229,"34":116,"35":143,"36":78,"37":190,"38":155,"39":190,"40":87,"41":532,"42":62,"43":24,"44":51025,"45":19410,"46":44564,"47":6485,"48":14320,"49":14320,"50":1413,"51":38415,"52":2957,"53":552,"54":34965,"55":627,"56":167,"57":252,"58":717,"59":121,"60":722,"61":1931,"62":84,"63":446,"64":76,"65":215,"66":185,"67":30,"68":18,"69":48,"70":12,"71":36,"72":255,"73":3792,"74":84,"75":72,"76":107,"77":391,"78":841,"79":9478,"80":72,"81":60,"82":3461,"83":290,"84":36,"85":124,"86":593,"87":129,"88":99,"89":4520,"90":1276,"91":76,"92":83,"93":102,"94":122,"95":44,"96":44,"97":36,"98":28,"99":96,"100":70,"101":36,"102":36,"103":82,"104":126,"105":545,"106":227,"107":1028,"108":132,"109":35,"110":114,"111":52,"112":16,"113":120,"114":48,"115":6,"116":94,"117":92,"118":108,"119":348,"120":2248,"121":2248,"122":168,"123":68,"124":273,"125":4,"126":1807,"127":1183,"128":624,"129":17956,"130":461,"131":4319,"132":161499,"133":46455,"134":730,"135":8819,"136":4905,"137":9558,"138":47262,"139":179,"140":169,"141":145,"142":2276,"143":824,"144":639,"145":588,"146":287,"147":1668,"148":477,"149":1239,"150":996,"151":741,"152":1646,"153":104,"154":78,"155":1126,"156":10857,"157":544,"158":476,"159":202,"160":92,"161":188,"162":10949,"163":140,"164":10881,"165":11031,"166":9877,"167":10143,"168":10143,"169":284,"170":600,"171":320,"172":288,"173":116,"174":10259,"175":5390,"176":8129,"177":575,"178":575,"179":3533,"180":821,"181":713,"182":633,"183":519,"184":387,"185":191,"186":191,"187":191,"188":243,"189":88,"190":255,"191":1008,"192":92,"193":44,"194":164,"195":383,"196":76,"197":108,"198":91,"199":47,"200":48,"201":48,"202":48,"203":116,"204":126,"205":12,"206":7158,"207":1752,"208":935,"209":636,"210":1497,"211":835,"212":409,"213":287,"214":269,"215":30,"216":142,"217":114,"218":144,"219":60,"220":14,"221":222,"222":94,"223":78,"224":52,"225":20,"226":148,"227":6140,"228":6412,"229":2226,"230":73,"231":6412,"232":1},"fnMap":{"1":{"name":"(anonymous_1)","line":25,"loc":{"start":{"line":25,"column":1},"end":{"line":25,"column":26}}},"2":{"name":"(anonymous_2)","line":39,"loc":{"start":{"line":39,"column":8},"end":{"line":39,"column":27}}},"3":{"name":"assert","line":242,"loc":{"start":{"line":242,"column":4},"end":{"line":242,"column":40}}},"4":{"name":"isDecimalDigit","line":249,"loc":{"start":{"line":249,"column":4},"end":{"line":249,"column":32}}},"5":{"name":"isHexDigit","line":253,"loc":{"start":{"line":253,"column":4},"end":{"line":253,"column":28}}},"6":{"name":"isOctalDigit","line":257,"loc":{"start":{"line":257,"column":4},"end":{"line":257,"column":30}}},"7":{"name":"octalToDecimal","line":261,"loc":{"start":{"line":261,"column":4},"end":{"line":261,"column":32}}},"8":{"name":"isWhiteSpace","line":286,"loc":{"start":{"line":286,"column":4},"end":{"line":286,"column":30}}},"9":{"name":"isLineTerminator","line":293,"loc":{"start":{"line":293,"column":4},"end":{"line":293,"column":34}}},"10":{"name":"fromCodePoint","line":299,"loc":{"start":{"line":299,"column":4},"end":{"line":299,"column":31}}},"11":{"name":"isIdentifierStart","line":305,"loc":{"start":{"line":305,"column":4},"end":{"line":305,"column":35}}},"12":{"name":"isIdentifierPart","line":313,"loc":{"start":{"line":313,"column":4},"end":{"line":313,"column":34}}},"13":{"name":"isFutureReservedWord","line":324,"loc":{"start":{"line":324,"column":4},"end":{"line":324,"column":38}}},"14":{"name":"isStrictModeReservedWord","line":336,"loc":{"start":{"line":336,"column":4},"end":{"line":336,"column":42}}},"15":{"name":"isRestrictedWord","line":353,"loc":{"start":{"line":353,"column":4},"end":{"line":353,"column":34}}},"16":{"name":"isKeyword","line":359,"loc":{"start":{"line":359,"column":4},"end":{"line":359,"column":27}}},"17":{"name":"addComment","line":389,"loc":{"start":{"line":389,"column":4},"end":{"line":389,"column":54}}},"18":{"name":"skipSingleLineComment","line":420,"loc":{"start":{"line":420,"column":4},"end":{"line":420,"column":43}}},"19":{"name":"skipMultiLineComment","line":463,"loc":{"start":{"line":463,"column":4},"end":{"line":463,"column":36}}},"20":{"name":"skipComment","line":519,"loc":{"start":{"line":519,"column":4},"end":{"line":519,"column":27}}},"21":{"name":"scanHexEscape","line":577,"loc":{"start":{"line":577,"column":4},"end":{"line":577,"column":35}}},"22":{"name":"scanUnicodeCodePointEscape","line":592,"loc":{"start":{"line":592,"column":4},"end":{"line":592,"column":42}}},"23":{"name":"codePointAt","line":618,"loc":{"start":{"line":618,"column":4},"end":{"line":618,"column":28}}},"24":{"name":"getComplexIdentifier","line":633,"loc":{"start":{"line":633,"column":4},"end":{"line":633,"column":36}}},"25":{"name":"getIdentifier","line":692,"loc":{"start":{"line":692,"column":4},"end":{"line":692,"column":29}}},"26":{"name":"scanIdentifier","line":717,"loc":{"start":{"line":717,"column":4},"end":{"line":717,"column":30}}},"27":{"name":"scanPunctuator","line":752,"loc":{"start":{"line":752,"column":4},"end":{"line":752,"column":30}}},"28":{"name":"scanHexLiteral","line":852,"loc":{"start":{"line":852,"column":4},"end":{"line":852,"column":35}}},"29":{"name":"scanBinaryLiteral","line":880,"loc":{"start":{"line":880,"column":4},"end":{"line":880,"column":38}}},"30":{"name":"scanOctalLiteral","line":916,"loc":{"start":{"line":916,"column":4},"end":{"line":916,"column":45}}},"31":{"name":"isImplicitOctalLiteral","line":955,"loc":{"start":{"line":955,"column":4},"end":{"line":955,"column":38}}},"32":{"name":"scanNumericLiteral","line":973,"loc":{"start":{"line":973,"column":4},"end":{"line":973,"column":34}}},"33":{"name":"scanStringLiteral","line":1056,"loc":{"start":{"line":1056,"column":4},"end":{"line":1056,"column":33}}},"34":{"name":"scanTemplate","line":1156,"loc":{"start":{"line":1156,"column":4},"end":{"line":1156,"column":28}}},"35":{"name":"testRegExp","line":1280,"loc":{"start":{"line":1280,"column":4},"end":{"line":1280,"column":40}}},"36":{"name":"(anonymous_36)","line":1296,"loc":{"start":{"line":1296,"column":71},"end":{"line":1296,"column":93}}},"37":{"name":"scanRegExpBody","line":1333,"loc":{"start":{"line":1333,"column":4},"end":{"line":1333,"column":30}}},"38":{"name":"scanRegExpFlags","line":1380,"loc":{"start":{"line":1380,"column":4},"end":{"line":1380,"column":31}}},"39":{"name":"scanRegExp","line":1425,"loc":{"start":{"line":1425,"column":4},"end":{"line":1425,"column":26}}},"40":{"name":"collectRegex","line":1464,"loc":{"start":{"line":1464,"column":4},"end":{"line":1464,"column":28}}},"41":{"name":"isIdentifierName","line":1508,"loc":{"start":{"line":1508,"column":4},"end":{"line":1508,"column":37}}},"42":{"name":"advanceSlash","line":1518,"loc":{"start":{"line":1518,"column":4},"end":{"line":1518,"column":28}}},"43":{"name":"testKeyword","line":1521,"loc":{"start":{"line":1521,"column":8},"end":{"line":1521,"column":36}}},"44":{"name":"advance","line":1557,"loc":{"start":{"line":1557,"column":4},"end":{"line":1557,"column":23}}},"45":{"name":"collectToken","line":1625,"loc":{"start":{"line":1625,"column":4},"end":{"line":1625,"column":28}}},"46":{"name":"lex","line":1675,"loc":{"start":{"line":1675,"column":4},"end":{"line":1675,"column":19}}},"47":{"name":"peek","line":1696,"loc":{"start":{"line":1696,"column":4},"end":{"line":1696,"column":20}}},"48":{"name":"Position","line":1713,"loc":{"start":{"line":1713,"column":4},"end":{"line":1713,"column":24}}},"49":{"name":"SourceLocation","line":1718,"loc":{"start":{"line":1718,"column":4},"end":{"line":1718,"column":30}}},"50":{"name":"WrappingSourceLocation","line":1723,"loc":{"start":{"line":1723,"column":4},"end":{"line":1723,"column":48}}},"51":{"name":"Node","line":1731,"loc":{"start":{"line":1731,"column":4},"end":{"line":1731,"column":20}}},"52":{"name":"WrappingNode","line":1740,"loc":{"start":{"line":1740,"column":4},"end":{"line":1740,"column":38}}},"53":{"name":"(anonymous_53)","line":1751,"loc":{"start":{"line":1751,"column":24},"end":{"line":1751,"column":36}}},"54":{"name":"(anonymous_54)","line":1848,"loc":{"start":{"line":1848,"column":16},"end":{"line":1848,"column":28}}},"55":{"name":"(anonymous_55)","line":1867,"loc":{"start":{"line":1867,"column":31},"end":{"line":1867,"column":51}}},"56":{"name":"(anonymous_56)","line":1874,"loc":{"start":{"line":1874,"column":28},"end":{"line":1874,"column":48}}},"57":{"name":"(anonymous_57)","line":1881,"loc":{"start":{"line":1881,"column":39},"end":{"line":1881,"column":85}}},"58":{"name":"(anonymous_58)","line":1893,"loc":{"start":{"line":1893,"column":36},"end":{"line":1893,"column":69}}},"59":{"name":"(anonymous_59)","line":1902,"loc":{"start":{"line":1902,"column":33},"end":{"line":1902,"column":56}}},"60":{"name":"(anonymous_60)","line":1910,"loc":{"start":{"line":1910,"column":32},"end":{"line":1910,"column":65}}},"61":{"name":"(anonymous_61)","line":1919,"loc":{"start":{"line":1919,"column":30},"end":{"line":1919,"column":46}}},"62":{"name":"(anonymous_62)","line":1926,"loc":{"start":{"line":1926,"column":30},"end":{"line":1926,"column":47}}},"63":{"name":"(anonymous_63)","line":1933,"loc":{"start":{"line":1933,"column":30},"end":{"line":1933,"column":54}}},"64":{"name":"(anonymous_64)","line":1941,"loc":{"start":{"line":1941,"column":27},"end":{"line":1941,"column":50}}},"65":{"name":"(anonymous_65)","line":1949,"loc":{"start":{"line":1949,"column":25},"end":{"line":1949,"column":41}}},"66":{"name":"(anonymous_66)","line":1956,"loc":{"start":{"line":1956,"column":32},"end":{"line":1956,"column":64}}},"67":{"name":"(anonymous_67)","line":1965,"loc":{"start":{"line":1965,"column":31},"end":{"line":1965,"column":63}}},"68":{"name":"(anonymous_68)","line":1974,"loc":{"start":{"line":1974,"column":37},"end":{"line":1974,"column":76}}},"69":{"name":"(anonymous_69)","line":1983,"loc":{"start":{"line":1983,"column":33},"end":{"line":1983,"column":50}}},"70":{"name":"(anonymous_70)","line":1990,"loc":{"start":{"line":1990,"column":33},"end":{"line":1990,"column":45}}},"71":{"name":"(anonymous_71)","line":1996,"loc":{"start":{"line":1996,"column":32},"end":{"line":1996,"column":54}}},"72":{"name":"(anonymous_72)","line":2004,"loc":{"start":{"line":2004,"column":30},"end":{"line":2004,"column":42}}},"73":{"name":"(anonymous_73)","line":2010,"loc":{"start":{"line":2010,"column":35},"end":{"line":2010,"column":57}}},"74":{"name":"(anonymous_74)","line":2017,"loc":{"start":{"line":2017,"column":28},"end":{"line":2017,"column":64}}},"75":{"name":"(anonymous_75)","line":2027,"loc":{"start":{"line":2027,"column":30},"end":{"line":2027,"column":59}}},"76":{"name":"(anonymous_76)","line":2036,"loc":{"start":{"line":2036,"column":30},"end":{"line":2036,"column":59}}},"77":{"name":"(anonymous_77)","line":2046,"loc":{"start":{"line":2046,"column":35},"end":{"line":2046,"column":84}}},"78":{"name":"(anonymous_78)","line":2058,"loc":{"start":{"line":2058,"column":34},"end":{"line":2058,"column":83}}},"79":{"name":"(anonymous_79)","line":2070,"loc":{"start":{"line":2070,"column":26},"end":{"line":2070,"column":42}}},"80":{"name":"(anonymous_80)","line":2077,"loc":{"start":{"line":2077,"column":27},"end":{"line":2077,"column":66}}},"81":{"name":"(anonymous_81)","line":2086,"loc":{"start":{"line":2086,"column":32},"end":{"line":2086,"column":55}}},"82":{"name":"(anonymous_82)","line":2094,"loc":{"start":{"line":2094,"column":23},"end":{"line":2094,"column":40}}},"83":{"name":"(anonymous_83)","line":2105,"loc":{"start":{"line":2105,"column":32},"end":{"line":2105,"column":70}}},"84":{"name":"(anonymous_84)","line":2114,"loc":{"start":{"line":2114,"column":28},"end":{"line":2114,"column":54}}},"85":{"name":"(anonymous_85)","line":2122,"loc":{"start":{"line":2122,"column":29},"end":{"line":2122,"column":53}}},"86":{"name":"(anonymous_86)","line":2130,"loc":{"start":{"line":2130,"column":32},"end":{"line":2130,"column":54}}},"87":{"name":"(anonymous_87)","line":2137,"loc":{"start":{"line":2137,"column":29},"end":{"line":2137,"column":51}}},"88":{"name":"(anonymous_88)","line":2144,"loc":{"start":{"line":2144,"column":33},"end":{"line":2144,"column":63}}},"89":{"name":"(anonymous_89)","line":2153,"loc":{"start":{"line":2153,"column":23},"end":{"line":2153,"column":51}}},"90":{"name":"(anonymous_90)","line":2161,"loc":{"start":{"line":2161,"column":24},"end":{"line":2161,"column":81}}},"91":{"name":"(anonymous_91)","line":2173,"loc":{"start":{"line":2173,"column":27},"end":{"line":2173,"column":47}}},"92":{"name":"(anonymous_92)","line":2180,"loc":{"start":{"line":2180,"column":31},"end":{"line":2180,"column":51}}},"93":{"name":"(anonymous_93)","line":2187,"loc":{"start":{"line":2187,"column":34},"end":{"line":2187,"column":57}}},"94":{"name":"(anonymous_94)","line":2194,"loc":{"start":{"line":2194,"column":29},"end":{"line":2194,"column":49}}},"95":{"name":"(anonymous_95)","line":2201,"loc":{"start":{"line":2201,"column":26},"end":{"line":2201,"column":54}}},"96":{"name":"(anonymous_96)","line":2209,"loc":{"start":{"line":2209,"column":21},"end":{"line":2209,"column":33}}},"97":{"name":"(anonymous_97)","line":2215,"loc":{"start":{"line":2215,"column":31},"end":{"line":2215,"column":62}}},"98":{"name":"(anonymous_98)","line":2223,"loc":{"start":{"line":2223,"column":40},"end":{"line":2223,"column":62}}},"99":{"name":"(anonymous_99)","line":2231,"loc":{"start":{"line":2231,"column":31},"end":{"line":2231,"column":54}}},"100":{"name":"(anonymous_100)","line":2239,"loc":{"start":{"line":2239,"column":31},"end":{"line":2239,"column":62}}},"101":{"name":"(anonymous_101)","line":2247,"loc":{"start":{"line":2247,"column":30},"end":{"line":2247,"column":42}}},"102":{"name":"(anonymous_102)","line":2253,"loc":{"start":{"line":2253,"column":30},"end":{"line":2253,"column":50}}},"103":{"name":"(anonymous_103)","line":2260,"loc":{"start":{"line":2260,"column":28},"end":{"line":2260,"column":65}}},"104":{"name":"(anonymous_104)","line":2271,"loc":{"start":{"line":2271,"column":31},"end":{"line":2271,"column":61}}},"105":{"name":"(anonymous_105)","line":2280,"loc":{"start":{"line":2280,"column":35},"end":{"line":2280,"column":59}}},"106":{"name":"(anonymous_106)","line":2288,"loc":{"start":{"line":2288,"column":34},"end":{"line":2288,"column":64}}},"107":{"name":"(anonymous_107)","line":2296,"loc":{"start":{"line":2296,"column":34},"end":{"line":2296,"column":54}}},"108":{"name":"(anonymous_108)","line":2304,"loc":{"start":{"line":2304,"column":30},"end":{"line":2304,"column":52}}},"109":{"name":"(anonymous_109)","line":2312,"loc":{"start":{"line":2312,"column":29},"end":{"line":2312,"column":53}}},"110":{"name":"(anonymous_110)","line":2320,"loc":{"start":{"line":2320,"column":31},"end":{"line":2320,"column":58}}},"111":{"name":"(anonymous_111)","line":2328,"loc":{"start":{"line":2328,"column":38},"end":{"line":2328,"column":55}}},"112":{"name":"(anonymous_112)","line":2335,"loc":{"start":{"line":2335,"column":40},"end":{"line":2335,"column":57}}},"113":{"name":"(anonymous_113)","line":2342,"loc":{"start":{"line":2342,"column":38},"end":{"line":2342,"column":78}}},"114":{"name":"(anonymous_114)","line":2351,"loc":{"start":{"line":2351,"column":40},"end":{"line":2351,"column":63}}},"115":{"name":"(anonymous_115)","line":2358,"loc":{"start":{"line":2358,"column":36},"end":{"line":2358,"column":51}}},"116":{"name":"(anonymous_116)","line":2365,"loc":{"start":{"line":2365,"column":31},"end":{"line":2365,"column":58}}},"117":{"name":"(anonymous_117)","line":2373,"loc":{"start":{"line":2373,"column":33},"end":{"line":2373,"column":60}}},"118":{"name":"(anonymous_118)","line":2381,"loc":{"start":{"line":2381,"column":31},"end":{"line":2381,"column":61}}},"119":{"name":"recordError","line":2391,"loc":{"start":{"line":2391,"column":4},"end":{"line":2391,"column":32}}},"120":{"name":"constructError","line":2406,"loc":{"start":{"line":2406,"column":4},"end":{"line":2406,"column":41}}},"121":{"name":"createError","line":2421,"loc":{"start":{"line":2421,"column":4},"end":{"line":2421,"column":49}}},"122":{"name":"throwError","line":2435,"loc":{"start":{"line":2435,"column":4},"end":{"line":2435,"column":39}}},"123":{"name":"(anonymous_123)","line":2440,"loc":{"start":{"line":2440,"column":12},"end":{"line":2440,"column":34}}},"124":{"name":"tolerateError","line":2449,"loc":{"start":{"line":2449,"column":4},"end":{"line":2449,"column":42}}},"125":{"name":"(anonymous_125)","line":2455,"loc":{"start":{"line":2455,"column":12},"end":{"line":2455,"column":34}},"skip":true},"126":{"name":"unexpectedTokenError","line":2471,"loc":{"start":{"line":2471,"column":4},"end":{"line":2471,"column":50}}},"127":{"name":"throwUnexpectedToken","line":2504,"loc":{"start":{"line":2504,"column":4},"end":{"line":2504,"column":50}}},"128":{"name":"tolerateUnexpectedToken","line":2508,"loc":{"start":{"line":2508,"column":4},"end":{"line":2508,"column":53}}},"129":{"name":"expect","line":2520,"loc":{"start":{"line":2520,"column":4},"end":{"line":2520,"column":27}}},"130":{"name":"expectCommaSeparator","line":2533,"loc":{"start":{"line":2533,"column":4},"end":{"line":2533,"column":36}}},"131":{"name":"expectKeyword","line":2554,"loc":{"start":{"line":2554,"column":4},"end":{"line":2554,"column":36}}},"132":{"name":"match","line":2563,"loc":{"start":{"line":2563,"column":4},"end":{"line":2563,"column":26}}},"133":{"name":"matchKeyword","line":2569,"loc":{"start":{"line":2569,"column":4},"end":{"line":2569,"column":35}}},"134":{"name":"matchContextualKeyword","line":2576,"loc":{"start":{"line":2576,"column":4},"end":{"line":2576,"column":45}}},"135":{"name":"matchAssign","line":2582,"loc":{"start":{"line":2582,"column":4},"end":{"line":2582,"column":27}}},"136":{"name":"consumeSemicolon","line":2603,"loc":{"start":{"line":2603,"column":4},"end":{"line":2603,"column":32}}},"137":{"name":"isolateCoverGrammar","line":2655,"loc":{"start":{"line":2655,"column":4},"end":{"line":2655,"column":41}}},"138":{"name":"inheritCoverGrammar","line":2673,"loc":{"start":{"line":2673,"column":4},"end":{"line":2673,"column":41}}},"139":{"name":"parseArrayPattern","line":2690,"loc":{"start":{"line":2690,"column":4},"end":{"line":2690,"column":45}}},"140":{"name":"parsePropertyPattern","line":2721,"loc":{"start":{"line":2721,"column":4},"end":{"line":2721,"column":48}}},"141":{"name":"parseObjectPattern","line":2746,"loc":{"start":{"line":2746,"column":4},"end":{"line":2746,"column":46}}},"142":{"name":"parsePattern","line":2763,"loc":{"start":{"line":2763,"column":4},"end":{"line":2763,"column":40}}},"143":{"name":"parsePatternWithDefault","line":2778,"loc":{"start":{"line":2778,"column":4},"end":{"line":2778,"column":51}}},"144":{"name":"parseArrayInitializer","line":2794,"loc":{"start":{"line":2794,"column":4},"end":{"line":2794,"column":37}}},"145":{"name":"parsePropertyFunction","line":2829,"loc":{"start":{"line":2829,"column":4},"end":{"line":2829,"column":65}}},"146":{"name":"parsePropertyMethodFunction","line":2848,"loc":{"start":{"line":2848,"column":4},"end":{"line":2848,"column":43}}},"147":{"name":"parseObjectPropertyKey","line":2863,"loc":{"start":{"line":2863,"column":4},"end":{"line":2863,"column":38}}},"148":{"name":"lookaheadPropertyName","line":2894,"loc":{"start":{"line":2894,"column":4},"end":{"line":2894,"column":37}}},"149":{"name":"tryParseMethodDefinition","line":2915,"loc":{"start":{"line":2915,"column":4},"end":{"line":2915,"column":66}}},"150":{"name":"parseObjectProperty","line":2996,"loc":{"start":{"line":2996,"column":4},"end":{"line":2996,"column":43}}},"151":{"name":"parseObjectInitializer","line":3044,"loc":{"start":{"line":3044,"column":4},"end":{"line":3044,"column":38}}},"152":{"name":"reinterpretExpressionAsPattern","line":3062,"loc":{"start":{"line":3062,"column":4},"end":{"line":3062,"column":50}}},"153":{"name":"parseTemplateElement","line":3100,"loc":{"start":{"line":3100,"column":4},"end":{"line":3100,"column":42}}},"154":{"name":"parseTemplateLiteral","line":3113,"loc":{"start":{"line":3113,"column":4},"end":{"line":3113,"column":36}}},"155":{"name":"parseGroupExpression","line":3131,"loc":{"start":{"line":3131,"column":4},"end":{"line":3131,"column":36}}},"156":{"name":"parsePrimaryExpression","line":3234,"loc":{"start":{"line":3234,"column":4},"end":{"line":3234,"column":38}}},"157":{"name":"parseArguments","line":3315,"loc":{"start":{"line":3315,"column":4},"end":{"line":3315,"column":30}}},"158":{"name":"parseNonComputedProperty","line":3342,"loc":{"start":{"line":3342,"column":4},"end":{"line":3342,"column":40}}},"159":{"name":"parseNonComputedMember","line":3354,"loc":{"start":{"line":3354,"column":4},"end":{"line":3354,"column":38}}},"160":{"name":"parseComputedMember","line":3360,"loc":{"start":{"line":3360,"column":4},"end":{"line":3360,"column":35}}},"161":{"name":"parseNewExpression","line":3374,"loc":{"start":{"line":3374,"column":4},"end":{"line":3374,"column":34}}},"162":{"name":"parseLeftHandSideExpressionAllowCall","line":3400,"loc":{"start":{"line":3400,"column":4},"end":{"line":3400,"column":52}}},"163":{"name":"parseLeftHandSideExpression","line":3447,"loc":{"start":{"line":3447,"column":4},"end":{"line":3447,"column":43}}},"164":{"name":"parsePostfixExpression","line":3487,"loc":{"start":{"line":3487,"column":4},"end":{"line":3487,"column":38}}},"165":{"name":"parseUnaryExpression","line":3515,"loc":{"start":{"line":3515,"column":4},"end":{"line":3515,"column":36}}},"166":{"name":"binaryPrecedence","line":3556,"loc":{"start":{"line":3556,"column":4},"end":{"line":3556,"column":46}}},"167":{"name":"parseBinaryExpression","line":3635,"loc":{"start":{"line":3635,"column":4},"end":{"line":3635,"column":37}}},"168":{"name":"parseConditionalExpression","line":3691,"loc":{"start":{"line":3691,"column":4},"end":{"line":3691,"column":42}}},"169":{"name":"parseConciseBody","line":3715,"loc":{"start":{"line":3715,"column":4},"end":{"line":3715,"column":32}}},"170":{"name":"checkPatternParam","line":3722,"loc":{"start":{"line":3722,"column":4},"end":{"line":3722,"column":47}}},"171":{"name":"reinterpretAsCoverFormalsList","line":3751,"loc":{"start":{"line":3751,"column":4},"end":{"line":3751,"column":49}}},"172":{"name":"parseArrowFunctionExpression","line":3825,"loc":{"start":{"line":3825,"column":4},"end":{"line":3825,"column":57}}},"173":{"name":"parseYieldExpression","line":3854,"loc":{"start":{"line":3854,"column":4},"end":{"line":3854,"column":36}}},"174":{"name":"parseAssignmentExpression","line":3883,"loc":{"start":{"line":3883,"column":4},"end":{"line":3883,"column":41}}},"175":{"name":"parseExpression","line":3939,"loc":{"start":{"line":3939,"column":4},"end":{"line":3939,"column":31}}},"176":{"name":"parseStatementListItem","line":3963,"loc":{"start":{"line":3963,"column":4},"end":{"line":3963,"column":38}}},"177":{"name":"parseStatementList","line":3992,"loc":{"start":{"line":3992,"column":4},"end":{"line":3992,"column":34}}},"178":{"name":"parseBlock","line":4004,"loc":{"start":{"line":4004,"column":4},"end":{"line":4004,"column":26}}},"179":{"name":"parseVariableIdentifier","line":4018,"loc":{"start":{"line":4018,"column":4},"end":{"line":4018,"column":43}}},"180":{"name":"parseVariableDeclaration","line":4044,"loc":{"start":{"line":4044,"column":4},"end":{"line":4044,"column":47}}},"181":{"name":"parseVariableDeclarationList","line":4064,"loc":{"start":{"line":4064,"column":4},"end":{"line":4064,"column":51}}},"182":{"name":"parseVariableStatement","line":4078,"loc":{"start":{"line":4078,"column":4},"end":{"line":4078,"column":42}}},"183":{"name":"parseLexicalBinding","line":4092,"loc":{"start":{"line":4092,"column":4},"end":{"line":4092,"column":48}}},"184":{"name":"parseBindingList","line":4115,"loc":{"start":{"line":4115,"column":4},"end":{"line":4115,"column":45}}},"185":{"name":"tokenizerState","line":4127,"loc":{"start":{"line":4127,"column":4},"end":{"line":4127,"column":30}}},"186":{"name":"resetTokenizerState","line":4144,"loc":{"start":{"line":4144,"column":4},"end":{"line":4144,"column":37}}},"187":{"name":"isLexicalDeclaration","line":4161,"loc":{"start":{"line":4161,"column":4},"end":{"line":4161,"column":36}}},"188":{"name":"parseLexicalDeclaration","line":4175,"loc":{"start":{"line":4175,"column":4},"end":{"line":4175,"column":46}}},"189":{"name":"parseRestElement","line":4188,"loc":{"start":{"line":4188,"column":4},"end":{"line":4188,"column":38}}},"190":{"name":"parseEmptyStatement","line":4214,"loc":{"start":{"line":4214,"column":4},"end":{"line":4214,"column":39}}},"191":{"name":"parseExpressionStatement","line":4221,"loc":{"start":{"line":4221,"column":4},"end":{"line":4221,"column":44}}},"192":{"name":"parseIfStatement","line":4229,"loc":{"start":{"line":4229,"column":4},"end":{"line":4229,"column":36}}},"193":{"name":"parseDoWhileStatement","line":4254,"loc":{"start":{"line":4254,"column":4},"end":{"line":4254,"column":41}}},"194":{"name":"parseWhileStatement","line":4281,"loc":{"start":{"line":4281,"column":4},"end":{"line":4281,"column":39}}},"195":{"name":"parseForStatement","line":4302,"loc":{"start":{"line":4302,"column":4},"end":{"line":4302,"column":37}}},"196":{"name":"parseContinueStatement","line":4444,"loc":{"start":{"line":4444,"column":4},"end":{"line":4444,"column":42}}},"197":{"name":"parseBreakStatement","line":4488,"loc":{"start":{"line":4488,"column":4},"end":{"line":4488,"column":39}}},"198":{"name":"parseReturnStatement","line":4528,"loc":{"start":{"line":4528,"column":4},"end":{"line":4528,"column":40}}},"199":{"name":"parseWithStatement","line":4564,"loc":{"start":{"line":4564,"column":4},"end":{"line":4564,"column":38}}},"200":{"name":"parseSwitchCase","line":4586,"loc":{"start":{"line":4586,"column":4},"end":{"line":4586,"column":31}}},"201":{"name":"parseSwitchStatement","line":4609,"loc":{"start":{"line":4609,"column":4},"end":{"line":4609,"column":40}}},"202":{"name":"parseThrowStatement","line":4656,"loc":{"start":{"line":4656,"column":4},"end":{"line":4656,"column":39}}},"203":{"name":"parseCatchClause","line":4674,"loc":{"start":{"line":4674,"column":4},"end":{"line":4674,"column":32}}},"204":{"name":"parseTryStatement","line":4703,"loc":{"start":{"line":4703,"column":4},"end":{"line":4703,"column":37}}},"205":{"name":"parseDebuggerStatement","line":4728,"loc":{"start":{"line":4728,"column":4},"end":{"line":4728,"column":42}}},"206":{"name":"parseStatement","line":4738,"loc":{"start":{"line":4738,"column":4},"end":{"line":4738,"column":30}}},"207":{"name":"parseFunctionSourceElements","line":4823,"loc":{"start":{"line":4823,"column":4},"end":{"line":4823,"column":43}}},"208":{"name":"validateParam","line":4882,"loc":{"start":{"line":4882,"column":4},"end":{"line":4882,"column":49}}},"209":{"name":"parseParam","line":4908,"loc":{"start":{"line":4908,"column":4},"end":{"line":4908,"column":33}}},"210":{"name":"parseParams","line":4937,"loc":{"start":{"line":4937,"column":4},"end":{"line":4937,"column":42}}},"211":{"name":"parseFunctionDeclaration","line":4974,"loc":{"start":{"line":4974,"column":4},"end":{"line":4974,"column":66}}},"212":{"name":"parseFunctionExpression","line":5031,"loc":{"start":{"line":5031,"column":4},"end":{"line":5031,"column":39}}},"213":{"name":"parseClassBody","line":5089,"loc":{"start":{"line":5089,"column":4},"end":{"line":5089,"column":30}}},"214":{"name":"parseClassDeclaration","line":5155,"loc":{"start":{"line":5155,"column":4},"end":{"line":5155,"column":57}}},"215":{"name":"parseClassExpression","line":5175,"loc":{"start":{"line":5175,"column":4},"end":{"line":5175,"column":36}}},"216":{"name":"parseModuleSpecifier","line":5197,"loc":{"start":{"line":5197,"column":4},"end":{"line":5197,"column":36}}},"217":{"name":"parseExportSpecifier","line":5208,"loc":{"start":{"line":5208,"column":4},"end":{"line":5208,"column":36}}},"218":{"name":"parseExportNamedDeclaration","line":5225,"loc":{"start":{"line":5225,"column":4},"end":{"line":5225,"column":47}}},"219":{"name":"parseExportDefaultDeclaration","line":5280,"loc":{"start":{"line":5280,"column":4},"end":{"line":5280,"column":49}}},"220":{"name":"parseExportAllDeclaration","line":5319,"loc":{"start":{"line":5319,"column":4},"end":{"line":5319,"column":45}}},"221":{"name":"parseExportDeclaration","line":5336,"loc":{"start":{"line":5336,"column":4},"end":{"line":5336,"column":38}}},"222":{"name":"parseImportSpecifier","line":5355,"loc":{"start":{"line":5355,"column":4},"end":{"line":5355,"column":36}}},"223":{"name":"parseNamedImports","line":5368,"loc":{"start":{"line":5368,"column":4},"end":{"line":5368,"column":33}}},"224":{"name":"parseImportDefaultSpecifier","line":5385,"loc":{"start":{"line":5385,"column":4},"end":{"line":5385,"column":43}}},"225":{"name":"parseImportNamespaceSpecifier","line":5394,"loc":{"start":{"line":5394,"column":4},"end":{"line":5394,"column":45}}},"226":{"name":"parseImportDeclaration","line":5408,"loc":{"start":{"line":5408,"column":4},"end":{"line":5408,"column":38}}},"227":{"name":"parseScriptBody","line":5461,"loc":{"start":{"line":5461,"column":4},"end":{"line":5461,"column":31}}},"228":{"name":"parseProgram","line":5500,"loc":{"start":{"line":5500,"column":4},"end":{"line":5500,"column":28}}},"229":{"name":"filterTokenLocation","line":5510,"loc":{"start":{"line":5510,"column":4},"end":{"line":5510,"column":35}}},"230":{"name":"tokenize","line":5537,"loc":{"start":{"line":5537,"column":4},"end":{"line":5537,"column":47}}},"231":{"name":"parse","line":5626,"loc":{"start":{"line":5626,"column":4},"end":{"line":5626,"column":34}}},"232":{"name":"(anonymous_232)","line":5719,"loc":{"start":{"line":5719,"column":22},"end":{"line":5719,"column":34}},"skip":true}},"statementMap":{"1":{"start":{"line":25,"column":0},"end":{"line":5739,"column":4}},"2":{"start":{"line":32,"column":4},"end":{"line":38,"column":5},"skip":true},"3":{"start":{"line":33,"column":8},"end":{"line":33,"column":37},"skip":true},"4":{"start":{"line":34,"column":11},"end":{"line":38,"column":5},"skip":true},"5":{"start":{"line":35,"column":8},"end":{"line":35,"column":25},"skip":true},"6":{"start":{"line":37,"column":8},"end":{"line":37,"column":37},"skip":true},"7":{"start":{"line":42,"column":4},"end":{"line":68,"column":39}},"8":{"start":{"line":70,"column":4},"end":{"line":81,"column":6}},"9":{"start":{"line":83,"column":4},"end":{"line":83,"column":19}},"10":{"start":{"line":84,"column":4},"end":{"line":84,"column":48}},"11":{"start":{"line":85,"column":4},"end":{"line":85,"column":35}},"12":{"start":{"line":86,"column":4},"end":{"line":86,"column":47}},"13":{"start":{"line":87,"column":4},"end":{"line":87,"column":41}},"14":{"start":{"line":88,"column":4},"end":{"line":88,"column":42}},"15":{"start":{"line":89,"column":4},"end":{"line":89,"column":48}},"16":{"start":{"line":90,"column":4},"end":{"line":90,"column":47}},"17":{"start":{"line":91,"column":4},"end":{"line":91,"column":46}},"18":{"start":{"line":92,"column":4},"end":{"line":92,"column":61}},"19":{"start":{"line":93,"column":4},"end":{"line":93,"column":43}},"20":{"start":{"line":96,"column":4},"end":{"line":104,"column":49}},"21":{"start":{"line":106,"column":4},"end":{"line":172,"column":6}},"22":{"start":{"line":174,"column":4},"end":{"line":176,"column":6}},"23":{"start":{"line":179,"column":4},"end":{"line":226,"column":6}},"24":{"start":{"line":229,"column":4},"end":{"line":235,"column":6}},"25":{"start":{"line":242,"column":4},"end":{"line":247,"column":5}},"26":{"start":{"line":244,"column":8},"end":{"line":246,"column":9}},"27":{"start":{"line":245,"column":12},"end":{"line":245,"column":50},"skip":true},"28":{"start":{"line":249,"column":4},"end":{"line":251,"column":5}},"29":{"start":{"line":250,"column":8},"end":{"line":250,"column":42}},"30":{"start":{"line":253,"column":4},"end":{"line":255,"column":5}},"31":{"start":{"line":254,"column":8},"end":{"line":254,"column":57}},"32":{"start":{"line":257,"column":4},"end":{"line":259,"column":5}},"33":{"start":{"line":258,"column":8},"end":{"line":258,"column":43}},"34":{"start":{"line":261,"column":4},"end":{"line":282,"column":5}},"35":{"start":{"line":263,"column":8},"end":{"line":263,"column":64}},"36":{"start":{"line":265,"column":8},"end":{"line":276,"column":9}},"37":{"start":{"line":266,"column":12},"end":{"line":266,"column":25}},"38":{"start":{"line":267,"column":12},"end":{"line":267,"column":66}},"39":{"start":{"line":271,"column":12},"end":{"line":275,"column":13}},"40":{"start":{"line":274,"column":16},"end":{"line":274,"column":70}},"41":{"start":{"line":278,"column":8},"end":{"line":281,"column":10}},"42":{"start":{"line":286,"column":4},"end":{"line":289,"column":5}},"43":{"start":{"line":287,"column":8},"end":{"line":288,"column":184}},"44":{"start":{"line":293,"column":4},"end":{"line":295,"column":5}},"45":{"start":{"line":294,"column":8},"end":{"line":294,"column":84}},"46":{"start":{"line":299,"column":4},"end":{"line":303,"column":5}},"47":{"start":{"line":300,"column":8},"end":{"line":302,"column":66}},"48":{"start":{"line":305,"column":4},"end":{"line":311,"column":5}},"49":{"start":{"line":306,"column":8},"end":{"line":310,"column":84}},"50":{"start":{"line":313,"column":4},"end":{"line":320,"column":5}},"51":{"start":{"line":314,"column":8},"end":{"line":319,"column":83}},"52":{"start":{"line":324,"column":4},"end":{"line":334,"column":5}},"53":{"start":{"line":325,"column":8},"end":{"line":333,"column":9}},"54":{"start":{"line":330,"column":12},"end":{"line":330,"column":24}},"55":{"start":{"line":332,"column":12},"end":{"line":332,"column":25}},"56":{"start":{"line":336,"column":4},"end":{"line":351,"column":5}},"57":{"start":{"line":337,"column":8},"end":{"line":350,"column":9}},"58":{"start":{"line":347,"column":12},"end":{"line":347,"column":24}},"59":{"start":{"line":349,"column":12},"end":{"line":349,"column":25}},"60":{"start":{"line":353,"column":4},"end":{"line":355,"column":5}},"61":{"start":{"line":354,"column":8},"end":{"line":354,"column":51}},"62":{"start":{"line":359,"column":4},"end":{"line":385,"column":5}},"63":{"start":{"line":360,"column":8},"end":{"line":384,"column":9}},"64":{"start":{"line":362,"column":12},"end":{"line":362,"column":67}},"65":{"start":{"line":364,"column":12},"end":{"line":365,"column":49}},"66":{"start":{"line":367,"column":12},"end":{"line":368,"column":70}},"67":{"start":{"line":370,"column":12},"end":{"line":372,"column":53}},"68":{"start":{"line":374,"column":12},"end":{"line":375,"column":76}},"69":{"start":{"line":377,"column":12},"end":{"line":377,"column":82}},"70":{"start":{"line":379,"column":12},"end":{"line":379,"column":85}},"71":{"start":{"line":381,"column":12},"end":{"line":381,"column":41}},"72":{"start":{"line":383,"column":12},"end":{"line":383,"column":25}},"73":{"start":{"line":389,"column":4},"end":{"line":418,"column":5}},"74":{"start":{"line":390,"column":8},"end":{"line":390,"column":20}},"75":{"start":{"line":392,"column":8},"end":{"line":392,"column":78}},"76":{"start":{"line":394,"column":8},"end":{"line":394,"column":39}},"77":{"start":{"line":396,"column":8},"end":{"line":399,"column":10}},"78":{"start":{"line":400,"column":8},"end":{"line":402,"column":9}},"79":{"start":{"line":401,"column":12},"end":{"line":401,"column":41}},"80":{"start":{"line":403,"column":8},"end":{"line":405,"column":9}},"81":{"start":{"line":404,"column":12},"end":{"line":404,"column":30}},"82":{"start":{"line":406,"column":8},"end":{"line":406,"column":37}},"83":{"start":{"line":407,"column":8},"end":{"line":410,"column":9}},"84":{"start":{"line":408,"column":12},"end":{"line":408,"column":48}},"85":{"start":{"line":409,"column":12},"end":{"line":409,"column":49}},"86":{"start":{"line":411,"column":8},"end":{"line":417,"column":9}},"87":{"start":{"line":412,"column":12},"end":{"line":412,"column":52}},"88":{"start":{"line":413,"column":12},"end":{"line":415,"column":13}},"89":{"start":{"line":414,"column":16},"end":{"line":414,"column":50}},"90":{"start":{"line":416,"column":12},"end":{"line":416,"column":39}},"91":{"start":{"line":420,"column":4},"end":{"line":461,"column":5}},"92":{"start":{"line":421,"column":8},"end":{"line":421,"column":36}},"93":{"start":{"line":423,"column":8},"end":{"line":423,"column":31}},"94":{"start":{"line":424,"column":8},"end":{"line":429,"column":10}},"95":{"start":{"line":431,"column":8},"end":{"line":451,"column":9}},"96":{"start":{"line":432,"column":12},"end":{"line":432,"column":42}},"97":{"start":{"line":433,"column":12},"end":{"line":433,"column":20}},"98":{"start":{"line":434,"column":12},"end":{"line":450,"column":13}},"99":{"start":{"line":435,"column":16},"end":{"line":435,"column":41}},"100":{"start":{"line":436,"column":16},"end":{"line":443,"column":17}},"101":{"start":{"line":437,"column":20},"end":{"line":437,"column":70}},"102":{"start":{"line":438,"column":20},"end":{"line":441,"column":22}},"103":{"start
[...]
:{"line":5075,"column":22},"end":{"line":5075,"column":37}}]},"655":{"line":5078,"type":"if","locations":[{"start":{"line":5078,"column":8},"end":{"line":5078,"column":8}},{"start":{"line":5078,"column":8},"end":{"line":5078,"column":8}}]},"656":{"line":5078,"type":"binary-expr","locations":[{"start":{"line":5078,"column":12},"end":{"line":5078,"column":18}},{"start":{"line":5078,"column":22},"end":{"line":5078,"column":30}}]},"657":{"line":5097,"type":"if","locations":[{"start":{"line":5097,"column":12},"end":{"line":5097,"column":12}},{"start":{"line":5097,"column":12},"end":{"line":5097,"column":12}}]},"658":{"line":5104,"type":"if","locations":[{"start":{"line":5104,"column":16},"end":{"line":5104,"column":16}},{"start":{"line":5104,"column":16},"end":{"line":5104,"column":16}}]},"659":{"line":5108,"type":"if","locations":[{"start":{"line":5108,"column":20},"end":{"line":5108,"column":20}},{"start":{"line":5108,"column":20},"end":{"line":5108,"column":20}}]},"660":{"line":5108,"type":"binary-expr","locations":[{"start":{"line":5108,"column":24},"end":{"line":5108,"column":45}},{"start":{"line":5108,"column":50},"end":{"line":5108,"column":73}},{"start":{"line":5108,"column":77},"end":{"line":5108,"column":87}}]},"661":{"line":5112,"type":"if","locations":[{"start":{"line":5112,"column":24},"end":{"line":5112,"column":24}},{"start":{"line":5112,"column":24},"end":{"line":5112,"column":24}}]},"662":{"line":5120,"type":"if","locations":[{"start":{"line":5120,"column":16},"end":{"line":5120,"column":16}},{"start":{"line":5120,"column":16},"end":{"line":5120,"column":16}}]},"663":{"line":5122,"type":"if","locations":[{"start":{"line":5122,"column":20},"end":{"line":5122,"column":20}},{"start":{"line":5122,"column":20},"end":{"line":5122,"column":20}}]},"664":{"line":5125,"type":"if","locations":[{"start":{"line":5125,"column":20},"end":{"line":5125,"column":20}},{"start":{"line":5125,"column":20},"end":{"line":5125,"column":20}}]},"665":{"line":5126,"type":"if","locations":[{"start":{"line":5126,"column":24},"end":{"line":5126,"column":24}},{"start":{"line":5126,"column":24},"end":{"line":5126,"column":24}}]},"666":{"line":5126,"type":"binary-expr","locations":[{"start":{"line":5126,"column":28},"end":{"line":5126,"column":44}},{"start":{"line":5126,"column":48},"end":{"line":5126,"column":114}}]},"667":{"line":5126,"type":"binary-expr","locations":[{"start":{"line":5126,"column":49},"end":{"line":5126,"column":64}},{"start":{"line":5126,"column":68},"end":{"line":5126,"column":95}}]},"668":{"line":5127,"type":"if","locations":[{"start":{"line":5127,"column":28},"end":{"line":5127,"column":28}},{"start":{"line":5127,"column":28},"end":{"line":5127,"column":28}}]},"669":{"line":5127,"type":"binary-expr","locations":[{"start":{"line":5127,"column":32},"end":{"line":5127,"column":56}},{"start":{"line":5127,"column":60},"end":{"line":5127,"column":74}},{"start":{"line":5127,"column":78},"end":{"line":5127,"column":100}}]},"670":{"line":5130,"type":"if","locations":[{"start":{"line":5130,"column":28},"end":{"line":5130,"column":28}},{"start":{"line":5130,"column":28},"end":{"line":5130,"column":28}}]},"671":{"line":5138,"type":"if","locations":[{"start":{"line":5138,"column":24},"end":{"line":5138,"column":24}},{"start":{"line":5138,"column":24},"end":{"line":5138,"column":24}}]},"672":{"line":5138,"type":"binary-expr","locations":[{"start":{"line":5138,"column":28},"end":{"line":5138,"column":44}},{"start":{"line":5138,"column":48},"end":{"line":5138,"column":112}}]},"673":{"line":5138,"type":"binary-expr","locations":[{"start":{"line":5138,"column":49},"end":{"line":5138,"column":64}},{"start":{"line":5138,"column":68},"end":{"line":5138,"column":95}}]},"674":{"line":5161,"type":"if","locations":[{"start":{"line":5161,"column":8},"end":{"line":5161,"column":8}},{"start":{"line":5161,"column":8},"end":{"line":5161,"column":8}}]},"675":{"line":5161,"type":"binary-expr","locations":[{"start":{"line":5161,"column":12},"end":{"line":5161,"column":33}},{"start":{"line":5161,"column":37},"end":{"line":5161,"column":72}}]},"676":{"line":5165,"type":"if","locations":[{"start":{"line":5165,"column":8},"end":{"line":5165,"column":8}},{"start":{"line":5165,"column":8},"end":{"line":5165,"column":8}}]},"677":{"line":5181,"type":"if","locations":[{"start":{"line":5181,"column":8},"end":{"line":5181,"column":8}},{"start":{"line":5181,"column":8},"end":{"line":5181,"column":8}}]},"678":{"line":5185,"type":"if","locations":[{"start":{"line":5185,"column":8},"end":{"line":5185,"column":8}},{"start":{"line":5185,"column":8},"end":{"line":5185,"column":8}}]},"679":{"line":5200,"type":"if","locations":[{"start":{"line":5200,"column":8},"end":{"line":5200,"column":8}},{"start":{"line":5200,"column":8},"end":{"line":5200,"column":8}}]},"680":{"line":5210,"type":"if","locations":[{"start":{"line":5210,"column":8},"end":{"line":5210,"column":8}},{"start":{"line":5210,"column":8},"end":{"line":5210,"column":8}}]},"681":{"line":5218,"type":"if","locations":[{"start":{"line":5218,"column":8},"end":{"line":5218,"column":8}},{"start":{"line":5218,"column":8},"end":{"line":5218,"column":8}}]},"682":{"line":5231,"type":"if","locations":[{"start":{"line":5231,"column":8},"end":{"line":5231,"column":8}},{"start":{"line":5231,"column":8},"end":{"line":5231,"column":8}}]},"683":{"line":5234,"type":"switch","locations":[{"start":{"line":5235,"column":16},"end":{"line":5235,"column":27}},{"start":{"line":5236,"column":16},"end":{"line":5238,"column":92}},{"start":{"line":5239,"column":16},"end":{"line":5239,"column":27}},{"start":{"line":5240,"column":16},"end":{"line":5240,"column":29}},{"start":{"line":5241,"column":16},"end":{"line":5243,"column":92}}]},"684":{"line":5249,"type":"binary-expr","locations":[{"start":{"line":5249,"column":37},"end":{"line":5249,"column":59}},{"start":{"line":5249,"column":63},"end":{"line":5249,"column":86}}]},"685":{"line":5251,"type":"if","locations":[{"start":{"line":5251,"column":12},"end":{"line":5251,"column":12}},{"start":{"line":5251,"column":12},"end":{"line":5251,"column":12}}]},"686":{"line":5253,"type":"if","locations":[{"start":{"line":5253,"column":16},"end":{"line":5253,"column":16}},{"start":{"line":5253,"column":16},"end":{"line":5253,"column":16}}]},"687":{"line":5260,"type":"if","locations":[{"start":{"line":5260,"column":8},"end":{"line":5260,"column":8}},{"start":{"line":5260,"column":8},"end":{"line":5260,"column":8}}]},"688":{"line":5267,"type":"if","locations":[{"start":{"line":5267,"column":15},"end":{"line":5267,"column":15}},{"start":{"line":5267,"column":15},"end":{"line":5267,"column":15}}]},"689":{"line":5270,"type":"cond-expr","locations":[{"start":{"line":5271,"column":20},"end":{"line":5271,"column":44}},{"start":{"line":5271,"column":47},"end":{"line":5271,"column":73}}]},"690":{"line":5288,"type":"if","locations":[{"start":{"line":5288,"column":8},"end":{"line":5288,"column":8}},{"start":{"line":5288,"column":8},"end":{"line":5288,"column":8}}]},"691":{"line":5295,"type":"if","locations":[{"start":{"line":5295,"column":8},"end":{"line":5295,"column":8}},{"start":{"line":5295,"column":8},"end":{"line":5295,"column":8}}]},"692":{"line":5300,"type":"if","locations":[{"start":{"line":5300,"column":8},"end":{"line":5300,"column":8}},{"start":{"line":5300,"column":8},"end":{"line":5300,"column":8}}]},"693":{"line":5308,"type":"if","locations":[{"start":{"line":5308,"column":8},"end":{"line":5308,"column":8}},{"start":{"line":5308,"column":8},"end":{"line":5308,"column":8}}]},"694":{"line":5310,"type":"if","locations":[{"start":{"line":5310,"column":15},"end":{"line":5310,"column":15}},{"start":{"line":5310,"column":15},"end":{"line":5310,"column":15}}]},"695":{"line":5325,"type":"if","locations":[{"start":{"line":5325,"column":8},"end":{"line":5325,"column":8}},{"start":{"line":5325,"column":8},"end":{"line":5325,"column":8}}]},"696":{"line":5326,"type":"cond-expr","locations":[{"start":{"line":5327,"column":20},"end":{"line":5327,"column":44}},{"start":{"line":5327,"column":47},"end":{"line":5327,"column":73}}]},"697":{"line":5338,"type":"if","locations":[{"start":{"line":5338,"column":8},"end":{"line":5338,"column":8}},{"start":{"line":5338,"column":8},"end":{"line":5338,"column":8}}]},"698":{"line":5344,"type":"if","locations":[{"start":{"line":5344,"column":8},"end":{"line":5344,"column":8}},{"start":{"line":5344,"column":8},"end":{"line":5344,"column":8}}]},"699":{"line":5347,"type":"if","locations":[{"start":{"line":5347,"column":8},"end":{"line":5347,"column":8}},{"start":{"line":5347,"column":8},"end":{"line":5347,"column":8}}]},"700":{"line":5360,"type":"if","locations":[{"start":{"line":5360,"column":8},"end":{"line":5360,"column":8}},{"start":{"line":5360,"column":8},"end":{"line":5360,"column":8}}]},"701":{"line":5374,"type":"if","locations":[{"start":{"line":5374,"column":12},"end":{"line":5374,"column":12}},{"start":{"line":5374,"column":12},"end":{"line":5374,"column":12}}]},"702":{"line":5376,"type":"if","locations":[{"start":{"line":5376,"column":16},"end":{"line":5376,"column":16}},{"start":{"line":5376,"column":16},"end":{"line":5376,"column":16}}]},"703":{"line":5399,"type":"if","locations":[{"start":{"line":5399,"column":8},"end":{"line":5399,"column":8}},{"start":{"line":5399,"column":8},"end":{"line":5399,"column":8}}]},"704":{"line":5411,"type":"if","locations":[{"start":{"line":5411,"column":8},"end":{"line":5411,"column":8}},{"start":{"line":5411,"column":8},"end":{"line":5411,"column":8}}]},"705":{"line":5417,"type":"if","locations":[{"start":{"line":5417,"column":8},"end":{"line":5417,"column":8}},{"start":{"line":5417,"column":8},"end":{"line":5417,"column":8}}]},"706":{"line":5422,"type":"if","locations":[{"start":{"line":5422,"column":12},"end":{"line":5422,"column":12}},{"start":{"line":5422,"column":12},"end":{"line":5422,"column":12}}]},"707":{"line":5425,"type":"if","locations":[{"start":{"line":5425,"column":19},"end":{"line":5425,"column":19}},{"start":{"line":5425,"column":19},"end":{"line":5425,"column":19}}]},"708":{"line":5428,"type":"if","locations":[{"start":{"line":5428,"column":19},"end":{"line":5428,"column":19}},{"start":{"line":5428,"column":19},"end":{"line":5428,"column":19}}]},"709":{"line":5428,"type":"binary-expr","locations":[{"start":{"line":5428,"column":23},"end":{"line":5428,"column":50}},{"start":{"line":5428,"column":54},"end":{"line":5428,"column":78}}]},"710":{"line":5431,"type":"if","locations":[{"start":{"line":5431,"column":16},"end":{"line":5431,"column":16}},{"start":{"line":5431,"column":16},"end":{"line":5431,"column":16}}]},"711":{"line":5433,"type":"if","locations":[{"start":{"line":5433,"column":20},"end":{"line":5433,"column":20}},{"start":{"line":5433,"column":20},"end":{"line":5433,"column":20}}]},"712":{"line":5436,"type":"if","locations":[{"start":{"line":5436,"column":27},"end":{"line":5436,"column":27}},{"start":{"line":5436,"column":27},"end":{"line":5436,"column":27}}]},"713":{"line":5447,"type":"if","locations":[{"start":{"line":5447,"column":12},"end":{"line":5447,"column":12}},{"start":{"line":5447,"column":12},"end":{"line":5447,"column":12}}]},"714":{"line":5448,"type":"cond-expr","locations":[{"start":{"line":5449,"column":24},"end":{"line":5449,"column":48}},{"start":{"line":5449,"column":51},"end":{"line":5449,"column":77}}]},"715":{"line":5466,"type":"if","locations":[{"start":{"line":5466,"column":12},"end":{"line":5466,"column":12}},{"start":{"line":5466,"column":12},"end":{"line":5466,"column":12}}]},"716":{"line":5472,"type":"if","locations":[{"start":{"line":5472,"column":12},"end":{"line":5472,"column":12}},{"start":{"line":5472,"column":12},"end":{"line":5472,"column":12}}]},"717":{"line":5477,"type":"if","locations":[{"start":{"line":5477,"column":12},"end":{"line":5477,"column":12}},{"start":{"line":5477,"column":12},"end":{"line":5477,"column":12}}]},"718":{"line":5479,"type":"if","locations":[{"start":{"line":5479,"column":16},"end":{"line":5479,"column":16}},{"start":{"line":5479,"column":16},"end":{"line":5479,"column":16}}]},"719":{"line":5483,"type":"if","locations":[{"start":{"line":5483,"column":16},"end":{"line":5483,"column":16}},{"start":{"line":5483,"column":16},"end":{"line":5483,"column":16}}]},"720":{"line":5483,"type":"binary-expr","locations":[{"start":{"line":5483,"column":20},"end":{"line":5483,"column":36}},{"start":{"line":5483,"column":40},"end":{"line":5483,"column":51}}]},"721":{"line":5492,"type":"if","locations":[{"start":{"line":5492,"column":12},"end":{"line":5492,"column":12},"skip":true},{"start":{"line":5492,"column":12},"end":{"line":5492,"column":12}}]},"722":{"line":5519,"type":"if","locations":[{"start":{"line":5519,"column":12},"end":{"line":5519,"column":12}},{"start":{"line":5519,"column":12},"end":{"line":5519,"column":12}}]},"723":{"line":5525,"type":"if","locations":[{"start":{"line":5525,"column":12},"end":{"line":5525,"column":12}},{"start":{"line":5525,"column":12},"end":{"line":5525,"column":12}}]},"724":{"line":5528,"type":"if","locations":[{"start":{"line":5528,"column":12},"end":{"line":5528,"column":12}},{"start":{"line":5528,"column":12},"end":{"line":5528,"column":12}}]},"725":{"line":5542,"type":"if","locations":[{"start":{"line":5542,"column":8},"end":{"line":5542,"column":8}},{"start":{"line":5542,"column":8},"end":{"line":5542,"column":8}}]},"726":{"line":5542,"type":"binary-expr","locations":[{"start":{"line":5542,"column":12},"end":{"line":5542,"column":36}},{"start":{"line":5542,"column":40},"end":{"line":5542,"column":65}}]},"727":{"line":5548,"type":"cond-expr","locations":[{"start":{"line":5548,"column":43},"end":{"line":5548,"column":44}},{"start":{"line":5548,"column":47},"end":{"line":5548,"column":48}}]},"728":{"line":5569,"type":"binary-expr","locations":[{"start":{"line":5569,"column":18},"end":{"line":5569,"column":25}},{"start":{"line":5569,"column":29},"end":{"line":5569,"column":31}}]},"729":{"line":5582,"type":"binary-expr","locations":[{"start":{"line":5582,"column":23},"end":{"line":5582,"column":57}},{"start":{"line":5582,"column":62},"end":{"line":5582,"column":75}}]},"730":{"line":5583,"type":"binary-expr","locations":[{"start":{"line":5583,"column":21},"end":{"line":5583,"column":53}},{"start":{"line":5583,"column":58},"end":{"line":5583,"column":69}}]},"731":{"line":5585,"type":"if","locations":[{"start":{"line":5585,"column":8},"end":{"line":5585,"column":8}},{"start":{"line":5585,"column":8},"end":{"line":5585,"column":8}}]},"732":{"line":5585,"type":"binary-expr","locations":[{"start":{"line":5585,"column":12},"end":{"line":5585,"column":48}},{"start":{"line":5585,"column":52},"end":{"line":5585,"column":67}}]},"733":{"line":5588,"type":"if","locations":[{"start":{"line":5588,"column":8},"end":{"line":5588,"column":8}},{"start":{"line":5588,"column":8},"end":{"line":5588,"column":8}}]},"734":{"line":5588,"type":"binary-expr","locations":[{"start":{"line":5588,"column":12},"end":{"line":5588,"column":49}},{"start":{"line":5588,"column":53},"end":{"line":5588,"column":69}}]},"735":{"line":5594,"type":"if","locations":[{"start":{"line":5594,"column":12},"end":{"line":5594,"column":12}},{"start":{"line":5594,"column":12},"end":{"line":5594,"column":12}}]},"736":{"line":5603,"type":"if","locations":[{"start":{"line":5603,"column":20},"end":{"line":5603,"column":20}},{"start":{"line":5603,"column":20},"end":{"line":5603,"column":20}}]},"737":{"line":5615,"type":"if","locations":[{"start":{"line":5615,"column":12},"end":{"line":5615,"column":12}},{"start":{"line":5615,"column":12},"end":{"line":5615,"column":12}}]},"738":{"line":5630,"type":"if","locations":[{"start":{"line":5630,"column":8},"end":{"line":5630,"column":8}},{"start":{"line":5630,"column":8},"end":{"line":5630,"column":8}}]},"739":{"line":5630,"type":"binary-expr","locations":[{"start":{"line":5630,"column":12},"end":{"line":5630,"column":36}},{"start":{"line":5630,"column":40},"end":{"line":5630,"column":65}}]},"740":{"line":5636,"type":"cond-expr","locations":[{"start":{"line":5636,"column":43},"end":{"line":5636,"column":44}},{"start":{"line":5636,"column":47},"end":{"line":5636,"column":48}}]},"741":{"line":5657,"type":"if","locations":[{"start":{"line":5657,"column":8},"end":{"line":5657,"column":8}},{"start":{"line":5657,"column":8},"end":{"line":5657,"column":8}}]},"742":{"line":5658,"type":"binary-expr","locations":[{"start":{"line":5658,"column":27},"end":{"line":5658,"column":61}},{"start":{"line":5658,"column":66},"end":{"line":5658,"column":79}}]},"743":{"line":5659,"type":"binary-expr","locations":[{"start":{"line":5659,"column":25},"end":{"line":5659,"column":57}},{"start":{"line":5659,"column":62},"end":{"line":5659,"column":73}}]},"744":{"line":5660,"type":"binary-expr","locations":[{"start":{"line":5660,"column":35},"end":{"line":5660,"column":77}},{"start":{"line":5660,"column":82},"end":{"line":5660,"column":103}}]},"745":{"line":5662,"type":"if","locations":[{"start":{"line":5662,"column":12},"end":{"line":5662,"column":12}},{"start":{"line":5662,"column":12},"end":{"line":5662,"column":12}}]},"746":{"line":5662,"type":"binary-expr","locations":[{"start":{"line":5662,"column":16},"end":{"line":5662,"column":25}},{"start":{"line":5662,"column":29},"end":{"line":5662,"column":52}},{"start":{"line":5662,"column":56},"end":{"line":5662,"column":84}}]},"747":{"line":5666,"type":"if","locations":[{"start":{"line":5666,"column":12},"end":{"line":5666,"column":12}},{"start":{"line":5666,"column":12},"end":{"line":5666,"column":12}}]},"748":{"line":5666,"type":"binary-expr","locations":[{"start":{"line":5666,"column":16},"end":{"line":5666,"column":51}},{"start":{"line":5666,"column":55},"end":{"line":5666,"column":69}}]},"749":{"line":5669,"type":"if","locations":[{"start":{"line":5669,"column":12},"end":{"line":5669,"column":12}},{"start":{"line":5669,"column":12},"end":{"line":5669,"column":12}}]},"750":{"line":5669,"type":"binary-expr","locations":[{"start":{"line":5669,"column":16},"end":{"line":5669,"column":52}},{"start":{"line":5669,"column":56},"end":{"line":5669,"column":71}}]},"751":{"line":5672,"type":"if","locations":[{"start":{"line":5672,"column":12},"end":{"line":5672,"column":12}},{"start":{"line":5672,"column":12},"end":{"line":5672,"column":12}}]},"752":{"line":5672,"type":"binary-expr","locations":[{"start":{"line":5672,"column":16},"end":{"line":5672,"column":53}},{"start":{"line":5672,"column":57},"end":{"line":5672,"column":73}}]},"753":{"line":5675,"type":"if","locations":[{"start":{"line":5675,"column":12},"end":{"line":5675,"column":12}},{"start":{"line":5675,"column":12},"end":{"line":5675,"column":12}}]},"754":{"line":5682,"type":"if","locations":[{"start":{"line":5682,"column":12},"end":{"line":5682,"column":12}},{"start":{"line":5682,"column":12},"end":{"line":5682,"column":12}}]},"755":{"line":5691,"type":"if","locations":[{"start":{"line":5691,"column":12},"end":{"line":5691,"column":12}},{"start":{"line":5691,"column":12},"end":{"line":5691,"column":12}}]},"756":{"line":5694,"type":"if","locations":[{"start":{"line":5694,"column":12},"end":{"line":5694,"column":12}},{"start":{"line":5694,"column":12},"end":{"line":5694,"column":12}}]},"757":{"line":5698,"type":"if","locations":[{"start":{"line":5698,"column":12},"end":{"line":5698,"column":12}},{"start":{"line":5698,"column":12},"end":{"line":5698,"column":12}}]},"758":{"line":5722,"type":"if","locations":[{"start":{"line":5722,"column":8},"end":{"line":5722,"column":8},"skip":true},{"start":{"line":5722,"column":8},"end":{"line":5722,"column":8},"skip":true}]},"759":{"line":5727,"type":"if","locations":[{"start":{"line":5727,"column":12},"end":{"line":5727,"column":12},"skip":true},{"start":{"line":5727,"column":12},"end":{"line":5727,"column":12},"skip":true}]},"760":{"line":5732,"type":"if","locations":[{"start":{"line":5732,"column":8},"end":{"line":5732,"column":8},"skip":true},{"start":{"line":5732,"column":8},"end":{"line":5732,"column":8},"skip":true}]}}}}