TN:
SF:/home/users/ffarzat1981/Otimizador/JavaScriptHeuristicOptmizer/Libraries/esprima/dist/esprima.js
FN:1,webpackUniversalModuleDefinition
FN:5,(anonymous_2)
FN:6,(anonymous_3)
FN:15,__webpack_require__
FN:50,(anonymous_5)
FN:55,parse
FN:57,(anonymous_7)
FN:95,tokenize
FN:126,(anonymous_9)
FN:128,(anonymous_10)
FN:129,CommentHandler
FN:135,(anonymous_12)
FN:151,(anonymous_13)
FN:173,(anonymous_14)
FN:207,(anonymous_15)
FN:225,(anonymous_16)
FN:257,(anonymous_17)
FN:272,(anonymous_18)
FN:343,(anonymous_19)
FN:352,(anonymous_20)
FN:353,Parser
FN:432,(anonymous_22)
FN:437,(anonymous_23)
FN:445,(anonymous_24)
FN:450,(anonymous_25)
FN:459,(anonymous_26)
FN:490,(anonymous_27)
FN:493,(anonymous_28)
FN:496,(anonymous_29)
FN:533,(anonymous_30)
FN:536,(anonymous_31)
FN:565,(anonymous_32)
FN:588,(anonymous_33)
FN:599,(anonymous_34)
FN:606,(anonymous_35)
FN:613,(anonymous_36)
FN:654,(anonymous_37)
FN:661,(anonymous_38)
FN:678,(anonymous_39)
FN:685,(anonymous_40)
FN:689,(anonymous_41)
FN:694,(anonymous_42)
FN:698,(anonymous_43)
FN:736,(anonymous_44)
FN:751,(anonymous_45)
FN:760,(anonymous_46)
FN:771,(anonymous_47)
FN:856,(anonymous_48)
FN:862,(anonymous_49)
FN:887,(anonymous_50)
FN:900,(anonymous_51)
FN:908,(anonymous_52)
FN:940,(anonymous_53)
FN:943,(anonymous_54)
FN:952,(anonymous_55)
FN:1016,(anonymous_56)
FN:1031,(anonymous_57)
FN:1040,(anonymous_58)
FN:1052,(anonymous_59)
FN:1066,(anonymous_60)
FN:1098,(anonymous_61)
FN:1195,(anonymous_62)
FN:1211,(anonymous_63)
FN:1214,(anonymous_64)
FN:1222,(anonymous_65)
FN:1241,(anonymous_66)
FN:1283,(anonymous_67)
FN:1291,(anonymous_68)
FN:1314,(anonymous_69)
FN:1348,(anonymous_70)
FN:1369,(anonymous_71)
FN:1387,(anonymous_72)
FN:1399,(anonymous_73)
FN:1452,(anonymous_74)
FN:1466,(anonymous_75)
FN:1491,(anonymous_76)
FN:1538,(anonymous_77)
FN:1596,(anonymous_78)
FN:1614,(anonymous_79)
FN:1651,(anonymous_80)
FN:1665,(anonymous_81)
FN:1687,(anonymous_82)
FN:1695,(anonymous_83)
FN:1704,(anonymous_84)
FN:1712,(anonymous_85)
FN:1719,(anonymous_86)
FN:1742,(anonymous_87)
FN:1774,(anonymous_88)
FN:1787,(anonymous_89)
FN:1802,(anonymous_90)
FN:1816,(anonymous_91)
FN:1839,(anonymous_92)
FN:1858,(anonymous_93)
FN:1868,(anonymous_94)
FN:1876,(anonymous_95)
FN:1882,(anonymous_96)
FN:1889,(anonymous_97)
FN:1910,(anonymous_98)
FN:1926,(anonymous_99)
FN:1945,(anonymous_100)
FN:2065,(anonymous_101)
FN:2083,(anonymous_102)
FN:2101,(anonymous_103)
FN:2113,(anonymous_104)
FN:2126,(anonymous_105)
FN:2146,(anonymous_106)
FN:2174,(anonymous_107)
FN:2196,(anonymous_108)
FN:2207,(anonymous_109)
FN:2232,(anonymous_110)
FN:2236,(anonymous_111)
FN:2248,(anonymous_112)
FN:2255,(anonymous_113)
FN:2337,(anonymous_114)
FN:2358,(anonymous_115)
FN:2392,(anonymous_116)
FN:2406,(anonymous_117)
FN:2422,(anonymous_118)
FN:2446,(anonymous_119)
FN:2493,(anonymous_120)
FN:2540,(anonymous_121)
FN:2551,(anonymous_122)
FN:2579,(anonymous_123)
FN:2593,(anonymous_124)
FN:2608,(anonymous_125)
FN:2627,(anonymous_126)
FN:2637,(anonymous_127)
FN:2657,(anonymous_128)
FN:2729,(anonymous_129)
FN:2743,(anonymous_130)
FN:2748,(anonymous_131)
FN:2762,(anonymous_132)
FN:2777,(anonymous_133)
FN:2786,(anonymous_134)
FN:2796,(anonymous_135)
FN:2809,(anonymous_136)
FN:2822,(anonymous_137)
FN:2828,(anonymous_138)
FN:2838,(anonymous_139)
FN:2885,(anonymous_140)
FN:2895,(anonymous_141)
FN:2991,(anonymous_142)
FN:2992,assert
FN:3002,(anonymous_144)
FN:3056,(anonymous_145)
FN:3057,(anonymous_146)
FN:3058,ErrorHandler
FN:3062,(anonymous_148)
FN:3066,(anonymous_149)
FN:3074,(anonymous_150)
FN:3088,(anonymous_151)
FN:3097,(anonymous_152)
FN:3101,(anonymous_153)
FN:3116,(anonymous_154)
FN:3117,(anonymous_155)
FN:3143,(anonymous_156)
FN:3148,hexValue
FN:3151,octalValue
FN:3154,(anonymous_159)
FN:3155,Scanner
FN:3165,(anonymous_161)
FN:3169,(anonymous_162)
FN:3176,(anonymous_163)
FN:3181,(anonymous_164)
FN:3248,(anonymous_165)
FN:3325,(anonymous_166)
FN:3391,(anonymous_167)
FN:3403,(anonymous_168)
FN:3420,(anonymous_169)
FN:3425,(anonymous_170)
FN:3448,(anonymous_171)
FN:3460,(anonymous_172)
FN:3473,(anonymous_173)
FN:3493,(anonymous_174)
FN:3515,(anonymous_175)
FN:3569,(anonymous_176)
FN:3588,(anonymous_177)
FN:3616,(anonymous_178)
FN:3691,(anonymous_179)
FN:3715,(anonymous_180)
FN:3746,(anonymous_181)
FN:3778,(anonymous_182)
FN:3793,(anonymous_183)
FN:3862,(anonymous_184)
FN:3952,(anonymous_185)
FN:4067,(anonymous_186)
FN:4078,(anonymous_187)
FN:4106,(anonymous_188)
FN:4148,(anonymous_189)
FN:4183,(anonymous_190)
FN:4203,(anonymous_191)
FN:4256,(anonymous_192)
FN:4265,(anonymous_193)
FN:4269,(anonymous_194)
FN:4290,(anonymous_195)
FN:4294,(anonymous_196)
FN:4297,(anonymous_197)
FN:4301,(anonymous_198)
FN:4304,(anonymous_199)
FN:4307,(anonymous_200)
FN:4314,(anonymous_201)
FN:4316,(anonymous_202)
FN:4317,ArrayExpression
FN:4324,(anonymous_204)
FN:4325,ArrayPattern
FN:4332,(anonymous_206)
FN:4333,ArrowFunctionExpression
FN:4344,(anonymous_208)
FN:4345,AssignmentExpression
FN:4354,(anonymous_210)
FN:4355,AssignmentPattern
FN:4363,(anonymous_212)
FN:4364,BinaryExpression
FN:4374,(anonymous_214)
FN:4375,BlockStatement
FN:4382,(anonymous_216)
FN:4383,BreakStatement
FN:4390,(anonymous_218)
FN:4391,CallExpression
FN:4399,(anonymous_220)
FN:4400,CatchClause
FN:4408,(anonymous_222)
FN:4409,ClassBody
FN:4416,(anonymous_224)
FN:4417,ClassDeclaration
FN:4426,(anonymous_226)
FN:4427,ClassExpression
FN:4436,(anonymous_228)
FN:4437,ComputedMemberExpression
FN:4446,(anonymous_230)
FN:4447,ConditionalExpression
FN:4456,(anonymous_232)
FN:4457,ContinueStatement
FN:4464,(anonymous_234)
FN:4465,DebuggerStatement
FN:4471,(anonymous_236)
FN:4472,Directive
FN:4480,(anonymous_238)
FN:4481,DoWhileStatement
FN:4489,(anonymous_240)
FN:4490,EmptyStatement
FN:4496,(anonymous_242)
FN:4497,ExportAllDeclaration
FN:4504,(anonymous_244)
FN:4505,ExportDefaultDeclaration
FN:4512,(anonymous_246)
FN:4513,ExportNamedDeclaration
FN:4522,(anonymous_248)
FN:4523,ExportSpecifier
FN:4531,(anonymous_250)
FN:4532,ExpressionStatement
FN:4539,(anonymous_252)
FN:4540,ForInStatement
FN:4550,(anonymous_254)
FN:4551,ForOfStatement
FN:4560,(anonymous_256)
FN:4561,ForStatement
FN:4571,(anonymous_258)
FN:4572,FunctionDeclaration
FN:4583,(anonymous_260)
FN:4584,FunctionExpression
FN:4595,(anonymous_262)
FN:4596,Identifier
FN:4603,(anonymous_264)
FN:4604,IfStatement
FN:4613,(anonymous_266)
FN:4614,ImportDeclaration
FN:4622,(anonymous_268)
FN:4623,ImportDefaultSpecifier
FN:4630,(anonymous_270)
FN:4631,ImportNamespaceSpecifier
FN:4638,(anonymous_272)
FN:4639,ImportSpecifier
FN:4647,(anonymous_274)
FN:4648,LabeledStatement
FN:4656,(anonymous_276)
FN:4657,Literal
FN:4665,(anonymous_278)
FN:4666,MetaProperty
FN:4674,(anonymous_280)
FN:4675,MethodDefinition
FN:4686,(anonymous_282)
FN:4687,NewExpression
FN:4695,(anonymous_284)
FN:4696,ObjectExpression
FN:4703,(anonymous_286)
FN:4704,ObjectPattern
FN:4711,(anonymous_288)
FN:4712,Program
FN:4720,(anonymous_290)
FN:4721,Property
FN:4733,(anonymous_292)
FN:4734,RegexLiteral
FN:4743,(anonymous_294)
FN:4744,RestElement
FN:4751,(anonymous_296)
FN:4752,ReturnStatement
FN:4759,(anonymous_298)
FN:4760,SequenceExpression
FN:4767,(anonymous_300)
FN:4768,SpreadElement
FN:4775,(anonymous_302)
FN:4776,StaticMemberExpression
FN:4785,(anonymous_304)
FN:4786,Super
FN:4792,(anonymous_306)
FN:4793,SwitchCase
FN:4801,(anonymous_308)
FN:4802,SwitchStatement
FN:4810,(anonymous_310)
FN:4811,TaggedTemplateExpression
FN:4819,(anonymous_312)
FN:4820,TemplateElement
FN:4828,(anonymous_314)
FN:4829,TemplateLiteral
FN:4837,(anonymous_316)
FN:4838,ThisExpression
FN:4844,(anonymous_318)
FN:4845,ThrowStatement
FN:4852,(anonymous_320)
FN:4853,TryStatement
FN:4862,(anonymous_322)
FN:4863,UnaryExpression
FN:4872,(anonymous_324)
FN:4873,UpdateExpression
FN:4882,(anonymous_326)
FN:4883,VariableDeclaration
FN:4891,(anonymous_328)
FN:4892,VariableDeclarator
FN:4900,(anonymous_330)
FN:4901,WhileStatement
FN:4909,(anonymous_332)
FN:4910,WithStatement
FN:4918,(anonymous_334)
FN:4919,YieldExpression
FN:4930,(anonymous_336)
FN:4932,(anonymous_337)
FN:4936,__
FN:4948,(anonymous_339)
FN:4955,getQualifiedElementName
FN:4973,(anonymous_341)
FN:4975,JSXParser
FN:4978,(anonymous_343)
FN:4981,(anonymous_344)
FN:4985,(anonymous_345)
FN:4989,(anonymous_346)
FN:4997,(anonymous_347)
FN:5004,(anonymous_348)
FN:5028,(anonymous_349)
FN:5108,(anonymous_350)
FN:5122,(anonymous_351)
FN:5157,(anonymous_352)
FN:5169,(anonymous_353)
FN:5176,(anonymous_354)
FN:5180,(anonymous_355)
FN:5188,(anonymous_356)
FN:5206,(anonymous_357)
FN:5220,(anonymous_358)
FN:5229,(anonymous_359)
FN:5242,(anonymous_360)
FN:5245,(anonymous_361)
FN:5255,(anonymous_362)
FN:5265,(anonymous_363)
FN:5273,(anonymous_364)
FN:5285,(anonymous_365)
FN:5303,(anonymous_366)
FN:5309,(anonymous_367)
FN:5320,(anonymous_368)
FN:5327,(anonymous_369)
FN:5346,(anonymous_370)
FN:5385,(anonymous_371)
FN:5402,(anonymous_372)
FN:5418,(anonymous_373)
FN:5676,(anonymous_374)
FN:5693,(anonymous_375)
FN:5695,(anonymous_376)
FN:5696,JSXClosingElement
FN:5703,(anonymous_378)
FN:5704,JSXElement
FN:5713,(anonymous_380)
FN:5714,JSXEmptyExpression
FN:5720,(anonymous_382)
FN:5721,JSXExpressionContainer
FN:5728,(anonymous_384)
FN:5729,JSXIdentifier
FN:5736,(anonymous_386)
FN:5737,JSXMemberExpression
FN:5745,(anonymous_388)
FN:5746,JSXAttribute
FN:5754,(anonymous_390)
FN:5755,JSXNamespacedName
FN:5763,(anonymous_392)
FN:5764,JSXOpeningElement
FN:5773,(anonymous_394)
FN:5774,JSXSpreadAttribute
FN:5781,(anonymous_396)
FN:5782,JSXText
FN:5793,(anonymous_398)
FN:5797,(anonymous_399)
FN:5798,Reader
FN:5803,(anonymous_401)
FN:5866,(anonymous_402)
FN:5894,(anonymous_403)
FN:5909,(anonymous_404)
FN:5910,Tokenizer
FN:5921,(anonymous_406)
FN:5925,(anonymous_407)
FNF:407
FNH:407
FNDA:1,webpackUniversalModuleDefinition
FNDA:1,(anonymous_2)
FNDA:1,(anonymous_3)
FNDA:29,__webpack_require__
FNDA:1,(anonymous_5)
FNDA:14507,parse
FNDA:51877,(anonymous_7)
FNDA:247,tokenize
FNDA:1,(anonymous_9)
FNDA:1,(anonymous_10)
FNDA:3971,CommentHandler
FNDA:760,(anonymous_12)
FNDA:760,(anonymous_13)
FNDA:760,(anonymous_14)
FNDA:920,(anonymous_15)
FNDA:637,(anonymous_16)
FNDA:23029,(anonymous_17)
FNDA:1,(anonymous_18)
FNDA:1,(anonymous_19)
FNDA:1,(anonymous_20)
FNDA:14507,Parser
FNDA:152,(anonymous_22)
FNDA:68,(anonymous_23)
FNDA:297,(anonymous_24)
FNDA:24,(anonymous_25)
FNDA:1587,(anonymous_26)
FNDA:984,(anonymous_27)
FNDA:603,(anonymous_28)
FNDA:122459,(anonymous_29)
FNDA:38843,(anonymous_30)
FNDA:29952,(anonymous_31)
FNDA:115827,(anonymous_32)
FNDA:317,(anonymous_33)
FNDA:91302,(anonymous_34)
FNDA:8737,(anonymous_35)
FNDA:91527,(anonymous_36)
FNDA:44084,(anonymous_37)
FNDA:967,(anonymous_38)
FNDA:8364,(anonymous_39)
FNDA:467186,(anonymous_40)
FNDA:148004,(anonymous_41)
FNDA:1147,(anonymous_42)
FNDA:22212,(anonymous_43)
FNDA:23753,(anonymous_44)
FNDA:139428,(anonymous_45)
FNDA:12629,(anonymous_46)
FNDA:26033,(anonymous_47)
FNDA:347,(anonymous_48)
FNDA:1455,(anonymous_49)
FNDA:1513,(anonymous_50)
FNDA:727,(anonymous_51)
FNDA:2210,(anonymous_52)
FNDA:1679,(anonymous_53)
FNDA:1153,(anonymous_54)
FNDA:2184,(anonymous_55)
FNDA:1654,(anonymous_56)
FNDA:199,(anonymous_57)
FNDA:59,(anonymous_58)
FNDA:199,(anonymous_59)
FNDA:4126,(anonymous_60)
FNDA:2361,(anonymous_61)
FNDA:1391,(anonymous_62)
FNDA:1651,(anonymous_63)
FNDA:1587,(anonymous_64)
FNDA:474,(anonymous_65)
FNDA:26609,(anonymous_66)
FNDA:21,(anonymous_67)
FNDA:360,(anonymous_68)
FNDA:26713,(anonymous_69)
FNDA:27017,(anonymous_70)
FNDA:26431,(anonymous_71)
FNDA:25071,(anonymous_72)
FNDA:24099,(anonymous_73)
FNDA:24099,(anonymous_74)
FNDA:1366,(anonymous_75)
FNDA:782,(anonymous_76)
FNDA:24391,(anonymous_77)
FNDA:12898,(anonymous_78)
FNDA:16709,(anonymous_79)
FNDA:1434,(anonymous_80)
FNDA:952,(anonymous_81)
FNDA:776,(anonymous_82)
FNDA:444,(anonymous_83)
FNDA:500,(anonymous_84)
FNDA:31,(anonymous_85)
FNDA:421,(anonymous_86)
FNDA:433,(anonymous_87)
FNDA:365,(anonymous_88)
FNDA:4786,(anonymous_89)
FNDA:1771,(anonymous_90)
FNDA:6984,(anonymous_91)
FNDA:1809,(anonymous_92)
FNDA:1569,(anonymous_93)
FNDA:1352,(anonymous_94)
FNDA:629,(anonymous_95)
FNDA:5048,(anonymous_96)
FNDA:229,(anonymous_97)
FNDA:110,(anonymous_98)
FNDA:411,(anonymous_99)
FNDA:871,(anonymous_100)
FNDA:164,(anonymous_101)
FNDA:262,(anonymous_102)
FNDA:234,(anonymous_103)
FNDA:102,(anonymous_104)
FNDA:114,(anonymous_105)
FNDA:114,(anonymous_106)
FNDA:4681,(anonymous_107)
FNDA:114,(anonymous_108)
FNDA:254,(anonymous_109)
FNDA:34,(anonymous_110)
FNDA:275,(anonymous_111)
FNDA:34,(anonymous_112)
FNDA:15594,(anonymous_113)
FNDA:3732,(anonymous_114)
FNDA:1808,(anonymous_115)
FNDA:176,(anonymous_116)
FNDA:1297,(anonymous_117)
FNDA:2981,(anonymous_118)
FNDA:1415,(anonymous_119)
FNDA:774,(anonymous_120)
FNDA:1206,(anonymous_121)
FNDA:17967,(anonymous_122)
FNDA:3066,(anonymous_123)
FNDA:339,(anonymous_124)
FNDA:306,(anonymous_125)
FNDA:153,(anonymous_126)
FNDA:292,(anonymous_127)
FNDA:668,(anonymous_128)
FNDA:663,(anonymous_129)
FNDA:663,(anonymous_130)
FNDA:582,(anonymous_131)
FNDA:93,(anonymous_132)
FNDA:14235,(anonymous_133)
FNDA:184,(anonymous_134)
FNDA:116,(anonymous_135)
FNDA:96,(anonymous_136)
FNDA:60,(anonymous_137)
FNDA:24,(anonymous_138)
FNDA:176,(anonymous_139)
FNDA:148,(anonymous_140)
FNDA:280,(anonymous_141)
FNDA:1,(anonymous_142)
FNDA:444,assert
FNDA:1,(anonymous_144)
FNDA:1,(anonymous_145)
FNDA:1,(anonymous_146)
FNDA:14754,ErrorHandler
FNDA:380,(anonymous_148)
FNDA:622,(anonymous_149)
FNDA:2452,(anonymous_150)
FNDA:2452,(anonymous_151)
FNDA:327,(anonymous_152)
FNDA:386,(anonymous_153)
FNDA:1,(anonymous_154)
FNDA:1,(anonymous_155)
FNDA:1,(anonymous_156)
FNDA:2016,hexValue
FNDA:395,octalValue
FNDA:1,(anonymous_159)
FNDA:14754,Scanner
FNDA:474328,(anonymous_161)
FNDA:327,(anonymous_162)
FNDA:89,(anonymous_163)
FNDA:449,(anonymous_164)
FNDA:989,(anonymous_165)
FNDA:127208,(anonymous_166)
FNDA:164,(anonymous_167)
FNDA:6197,(anonymous_168)
FNDA:3617,(anonymous_169)
FNDA:21695,(anonymous_170)
FNDA:914,(anonymous_171)
FNDA:260,(anonymous_172)
FNDA:305,(anonymous_173)
FNDA:36123,(anonymous_174)
FNDA:312,(anonymous_175)
FNDA:208,(anonymous_176)
FNDA:36283,(anonymous_177)
FNDA:60675,(anonymous_178)
FNDA:144,(anonymous_179)
FNDA:142,(anonymous_180)
FNDA:245,(anonymous_181)
FNDA:128,(anonymous_182)
FNDA:5029,(anonymous_183)
FNDA:1871,(anonymous_184)
FNDA:270,(anonymous_185)
FNDA:389,(anonymous_186)
FNDA:199,(anonymous_187)
FNDA:444,(anonymous_188)
FNDA:401,(anonymous_189)
FNDA:444,(anonymous_190)
FNDA:116985,(anonymous_191)
FNDA:1,(anonymous_192)
FNDA:1601,(anonymous_193)
FNDA:168353,(anonymous_194)
FNDA:156616,(anonymous_195)
FNDA:110705,(anonymous_196)
FNDA:127026,(anonymous_197)
FNDA:49548,(anonymous_198)
FNDA:2684,(anonymous_199)
FNDA:2674,(anonymous_200)
FNDA:1,(anonymous_201)
FNDA:1,(anonymous_202)
FNDA:1443,ArrayExpression
FNDA:1,(anonymous_204)
FNDA:409,ArrayPattern
FNDA:1,(anonymous_206)
FNDA:714,ArrowFunctionExpression
FNDA:1,(anonymous_208)
FNDA:1977,AssignmentExpression
FNDA:1,(anonymous_210)
FNDA:331,AssignmentPattern
FNDA:1,(anonymous_212)
FNDA:2316,BinaryExpression
FNDA:1,(anonymous_214)
FNDA:4770,BlockStatement
FNDA:1,(anonymous_216)
FNDA:238,BreakStatement
FNDA:1,(anonymous_218)
FNDA:1172,CallExpression
FNDA:1,(anonymous_220)
FNDA:214,CatchClause
FNDA:1,(anonymous_222)
FNDA:591,ClassBody
FNDA:1,(anonymous_224)
FNDA:498,ClassDeclaration
FNDA:1,(anonymous_226)
FNDA:93,ClassExpression
FNDA:1,(anonymous_228)
FNDA:246,ComputedMemberExpression
FNDA:1,(anonymous_230)
FNDA:51,ConditionalExpression
FNDA:1,(anonymous_232)
FNDA:136,ContinueStatement
FNDA:1,(anonymous_234)
FNDA:34,DebuggerStatement
FNDA:1,(anonymous_236)
FNDA:1160,Directive
FNDA:1,(anonymous_238)
FNDA:102,DoWhileStatement
FNDA:1,(anonymous_240)
FNDA:654,EmptyStatement
FNDA:1,(anonymous_242)
FNDA:8,ExportAllDeclaration
FNDA:1,(anonymous_244)
FNDA:64,ExportDefaultDeclaration
FNDA:1,(anonymous_246)
FNDA:160,ExportNamedDeclaration
FNDA:1,(anonymous_248)
FNDA:148,ExportSpecifier
FNDA:1,(anonymous_250)
FNDA:8690,ExpressionStatement
FNDA:1,(anonymous_252)
FNDA:299,ForInStatement
FNDA:1,(anonymous_254)
FNDA:209,ForOfStatement
FNDA:1,(anonymous_256)
FNDA:243,ForStatement
FNDA:1,(anonymous_258)
FNDA:971,FunctionDeclaration
FNDA:1,(anonymous_260)
FNDA:2131,FunctionExpression
FNDA:1,(anonymous_262)
FNDA:24083,Identifier
FNDA:1,(anonymous_264)
FNDA:209,IfStatement
FNDA:1,(anonymous_266)
FNDA:120,ImportDeclaration
FNDA:1,(anonymous_268)
FNDA:60,ImportDefaultSpecifier
FNDA:1,(anonymous_270)
FNDA:20,ImportNamespaceSpecifier
FNDA:1,(anonymous_272)
FNDA:116,ImportSpecifier
FNDA:1,(anonymous_274)
FNDA:170,LabeledStatement
FNDA:1,(anonymous_276)
FNDA:7418,Literal
FNDA:1,(anonymous_278)
FNDA:102,MetaProperty
FNDA:1,(anonymous_280)
FNDA:608,MethodDefinition
FNDA:1,(anonymous_282)
FNDA:344,NewExpression
FNDA:1,(anonymous_284)
FNDA:1506,ObjectExpression
FNDA:1,(anonymous_286)
FNDA:349,ObjectPattern
FNDA:1,(anonymous_288)
FNDA:12444,Program
FNDA:1,(anonymous_290)
FNDA:2485,Property
FNDA:1,(anonymous_292)
FNDA:265,RegexLiteral
FNDA:1,(anonymous_294)
FNDA:175,RestElement
FNDA:1,(anonymous_296)
FNDA:226,ReturnStatement
FNDA:1,(anonymous_298)
FNDA:223,SequenceExpression
FNDA:1,(anonymous_300)
FNDA:331,SpreadElement
FNDA:1,(anonymous_302)
FNDA:561,StaticMemberExpression
FNDA:1,(anonymous_304)
FNDA:106,Super
FNDA:1,(anonymous_306)
FNDA:110,SwitchCase
FNDA:1,(anonymous_308)
FNDA:102,SwitchStatement
FNDA:1,(anonymous_310)
FNDA:72,TaggedTemplateExpression
FNDA:1,(anonymous_312)
FNDA:250,TemplateElement
FNDA:1,(anonymous_314)
FNDA:191,TemplateLiteral
FNDA:1,(anonymous_316)
FNDA:80,ThisExpression
FNDA:1,(anonymous_318)
FNDA:102,ThrowStatement
FNDA:1,(anonymous_320)
FNDA:231,TryStatement
FNDA:1,(anonymous_322)
FNDA:304,UnaryExpression
FNDA:1,(anonymous_324)
FNDA:511,UpdateExpression
FNDA:1,(anonymous_326)
FNDA:2016,VariableDeclaration
FNDA:1,(anonymous_328)
FNDA:2448,VariableDeclarator
FNDA:1,(anonymous_330)
FNDA:379,WhileStatement
FNDA:1,(anonymous_332)
FNDA:90,WithStatement
FNDA:1,(anonymous_334)
FNDA:284,YieldExpression
FNDA:1,(anonymous_336)
FNDA:1,(anonymous_337)
FNDA:1,__
FNDA:1,(anonymous_339)
FNDA:728,getQualifiedElementName
FNDA:1,(anonymous_341)
FNDA:8228,JSXParser
FNDA:14285,(anonymous_343)
FNDA:416,(anonymous_344)
FNDA:356,(anonymous_345)
FNDA:3008,(anonymous_346)
FNDA:600,(anonymous_347)
FNDA:144,(anonymous_348)
FNDA:6724,(anonymous_349)
FNDA:3164,(anonymous_350)
FNDA:320,(anonymous_351)
FNDA:3560,(anonymous_352)
FNDA:2100,(anonymous_353)
FNDA:3560,(anonymous_354)
FNDA:980,(anonymous_355)
FNDA:620,(anonymous_356)
FNDA:128,(anonymous_357)
FNDA:84,(anonymous_358)
FNDA:20,(anonymous_359)
FNDA:112,(anonymous_360)
FNDA:128,(anonymous_361)
FNDA:8,(anonymous_362)
FNDA:384,(anonymous_363)
FNDA:360,(anonymous_364)
FNDA:264,(anonymous_365)
FNDA:16,(anonymous_366)
FNDA:56,(anonymous_367)
FNDA:56,(anonymous_368)
FNDA:264,(anonymous_369)
FNDA:184,(anonymous_370)
FNDA:360,(anonymous_371)
FNDA:352,(anonymous_372)
FNDA:1,(anonymous_373)
FNDA:1,(anonymous_374)
FNDA:1,(anonymous_375)
FNDA:1,(anonymous_376)
FNDA:212,JSXClosingElement
FNDA:1,(anonymous_378)
FNDA:344,JSXElement
FNDA:1,(anonymous_380)
FNDA:16,JSXEmptyExpression
FNDA:1,(anonymous_382)
FNDA:72,JSXExpressionContainer
FNDA:1,(anonymous_384)
FNDA:956,JSXIdentifier
FNDA:1,(anonymous_386)
FNDA:168,JSXMemberExpression
FNDA:1,(anonymous_388)
FNDA:120,JSXAttribute
FNDA:1,(anonymous_390)
FNDA:56,JSXNamespacedName
FNDA:1,(anonymous_392)
FNDA:368,JSXOpeningElement
FNDA:1,(anonymous_394)
FNDA:8,JSXSpreadAttribute
FNDA:1,(anonymous_396)
FNDA:44,JSXText
FNDA:1,(anonymous_398)
FNDA:1,(anonymous_399)
FNDA:247,Reader
FNDA:12,(anonymous_401)
FNDA:211,(anonymous_402)
FNDA:930,(anonymous_403)
FNDA:1,(anonymous_404)
FNDA:247,Tokenizer
FNDA:200,(anonymous_406)
FNDA:1195,(anonymous_407)
DA:1,1
DA:3,1
DA:4,1
DA:6,1
DA:11,1
DA:15,1
DA:20,29
DA:22,13
DA:26,16
DA:37,16
DA:41,16
DA:46,1
DA:51,1
DA:52,1
DA:53,1
DA:54,1
DA:55,1
DA:56,14507
DA:57,14507
DA:58,51877
DA:59,48618
DA:61,51877
DA:62,23029
DA:65,14507
DA:66,14507
DA:67,13752
DA:68,13752
DA:69,13752
DA:70,3971
DA:71,3971
DA:72,3971
DA:73,3971
DA:76,14507
DA:77,14507
DA:78,8228
DA:80,6279
DA:82,14235
DA:83,12444
DA:84,2979
DA:86,12444
DA:87,3903
DA:89,12444
DA:90,320
DA:92,12444
DA:94,1
DA:95,1
DA:96,247
DA:97,247
DA:98,247
DA:99,247
DA:100,247
DA:101,1195
DA:102,1176
DA:103,228
DA:105,948
DA:106,160
DA:108,948
DA:111,19
DA:113,238
DA:114,200
DA:116,238
DA:118,1
DA:119,1
DA:120,1
DA:122,1
DA:127,1
DA:128,1
DA:129,1
DA:130,3971
DA:131,3971
DA:132,3971
DA:133,3971
DA:135,1
DA:138,760
DA:139,25
DA:140,25
DA:141,10
DA:142,10
DA:143,5
DA:146,25
DA:147,5
DA:151,1
DA:152,760
DA:153,760
DA:154,185
DA:155,210
DA:156,210
DA:157,60
DA:160,185
DA:161,185
DA:163,575
DA:164,575
DA:165,50
DA:166,50
DA:167,10
DA:168,10
DA:171,575
DA:173,1
DA:174,760
DA:175,760
DA:176,760
DA:177,905
DA:178,905
DA:179,590
DA:181,315
DA:184,760
DA:185,415
DA:186,415
DA:187,250
DA:188,250
DA:189,210
DA:190,210
DA:193,415
DA:194,195
DA:196,415
DA:198,345
DA:199,190
DA:200,190
DA:201,155
DA:202,155
DA:205,345
DA:207,1
DA:208,920
DA:209,160
DA:211,760
DA:212,760
DA:213,760
DA:214,760
DA:215,345
DA:217,760
DA:218,60
DA:220,760
DA:225,1
DA:226,637
DA:227,637
DA:231,637
DA:232,280
DA:234,637
DA:235,250
DA:237,637
DA:238,637
DA:239,210
DA:250,210
DA:251,58
DA:253,210
DA:254,210
DA:257,1
DA:258,23029
DA:259,206
DA:260,22823
DA:261,431
DA:262,22392
DA:263,920
DA:266,1
DA:268,1
DA:273,1
DA:344,1
DA:345,1
DA:346,1
DA:347,1
DA:348,1
DA:349,1
DA:350,1
DA:351,1
DA:352,1
DA:353,1
DA:354,14507
DA:355,755
DA:357,14507
DA:365,14507
DA:366,4
DA:368,14507
DA:369,14507
DA:370,14507
DA:371,14507
DA:372,14507
DA:373,14507
DA:401,14507
DA:402,14507
DA:414,14507
DA:415,14507
DA:420,14507
DA:425,14507
DA:426,14235
DA:432,1
DA:433,152
DA:434,152
DA:436,152
DA:437,152
DA:438,68
DA:440,152
DA:441,152
DA:442,152
DA:443,152
DA:445,1
DA:446,297
DA:447,297
DA:449,297
DA:450,297
DA:451,24
DA:453,297
DA:454,297
DA:455,297
DA:456,297
DA:459,1
DA:460,1587
DA:461,1587
DA:462,1587
DA:463,1567
DA:464,924
DA:465,924
DA:466,164
DA:467,12
DA:468,152
DA:469,56
DA:473,1567
DA:475,20
DA:477,1587
DA:478,1587
DA:479,1535
DA:480,1535
DA:481,1535
DA:482,1535
DA:484,52
DA:485,52
DA:486,52
DA:487,52
DA:490,1
DA:491,984
DA:493,1
DA:494,603
DA:496,1
DA:497,122459
DA:498,91426
DA:500,31033
DA:501,31021
DA:502,574
DA:503,637
DA:504,637
DA:505,637
DA:509,637
DA:510,280
DA:512,637
DA:513,250
DA:515,637
DA:527,637
DA:533,1
DA:534,38843
DA:536,1
DA:537,29952
DA:538,29952
DA:542,29952
DA:543,12634
DA:548,29952
DA:549,12492
DA:560,29952
DA:561,79
DA:563,29952
DA:565,1
DA:566,115827
DA:567,115827
DA:568,115827
DA:569,115827
DA:570,115827
DA:571,115803
DA:572,115803
DA:573,115803
DA:574,115803
DA:575,115803
DA:576,115535
DA:577,115535
DA:578,3293
DA:579,333
DA:582,115535
DA:583,115535
DA:584,28083
DA:586,115535
DA:588,1
DA:589,317
DA:590,265
DA:593,79
DA:594,79
DA:596,265
DA:597,265
DA:599,1
DA:600,91302
DA:606,1
DA:607,8737
DA:613,1
DA:614,91527
DA:615,36109
DA:620,91527
DA:621,35993
DA:631,35993
DA:632,36
DA:635,91527
DA:636,51240
DA:648,51240
DA:650,91527
DA:654,1
DA:655,44084
DA:656,44084
DA:657,156
DA:661,1
DA:662,967
DA:663,85
DA:664,85
DA:665,10
DA:666,75
DA:667,5
DA:668,5
DA:670,70
DA:673,882
DA:678,1
DA:679,8364
DA:680,8356
DA:681,4
DA:685,1
DA:686,467186
DA:689,1
DA:690,148004
DA:694,1
DA:695,1147
DA:698,1
DA:699,22212
DA:700,7711
DA:702,14501
DA:703,14501
DA:736,1
DA:737,23753
DA:738,23753
DA:739,23753
DA:740,23753
DA:741,23753
DA:742,23753
DA:743,22773
DA:744,4
DA:746,22769
DA:747,22769
DA:748,22769
DA:749,22769
DA:751,1
DA:752,139428
DA:753,139428
DA:754,139428
DA:755,139428
DA:756,139428
DA:757,133233
DA:758,133233
DA:760,1
DA:761,12629
DA:762,3836
DA:763,8793
DA:764,6739
DA:765,84
DA:767,6655
DA:771,1
DA:772,26033
DA:773,26033
DA:774,26033
DA:775,26033
DA:777,11788
DA:778,9
DA:780,11784
DA:781,11780
DA:784,6113
DA:785,21
DA:787,6097
DA:788,6097
DA:789,6097
DA:790,6097
DA:791,6097
DA:792,6097
DA:794,537
DA:795,537
DA:796,537
DA:797,537
DA:798,537
DA:800,253
DA:801,253
DA:802,253
DA:803,253
DA:804,253
DA:806,127
DA:807,119
DA:809,5899
DA:810,5899
DA:812,2361
DA:813,2012
DA:815,1447
DA:816,1435
DA:818,1646
DA:819,1498
DA:822,317
DA:823,317
DA:824,265
DA:825,265
DA:826,265
DA:828,128
DA:830,5210
DA:832,1300
DA:833,148
DA:834,1152
DA:835,157
DA:837,995
DA:838,995
DA:839,774
DA:840,221
DA:841,80
DA:842,80
DA:843,141
DA:844,85
DA:846,56
DA:849,1104
DA:851,16
DA:853,25100
DA:856,1
DA:857,347
DA:858,347
DA:859,347
DA:860,331
DA:862,1
DA:863,1455
DA:864,1455
DA:865,1455
DA:866,1455
DA:867,1666
DA:868,144
DA:869,144
DA:870,1522
DA:871,93
DA:872,93
DA:873,4
DA:875,93
DA:877,1429
DA:878,1417
DA:879,352
DA:883,1443
DA:884,1443
DA:887,1
DA:888,1513
DA:889,1513
DA:890,1513
DA:891,1513
DA:892,1505
DA:893,10
DA:895,1505
DA:896,18
DA:898,1497
DA:900,1
DA:901,727
DA:902,727
DA:903,727
DA:904,727
DA:905,723
DA:906,715
DA:908,1
DA:909,2210
DA:910,2210
DA:911,2210
DA:912,2210
DA:915,283
DA:916,13
DA:918,275
DA:919,275
DA:920,275
DA:925,1632
DA:926,1632
DA:928,283
DA:929,271
DA:930,267
DA:932,12
DA:934,255
DA:936,12
DA:938,2162
DA:940,1
DA:941,1679
DA:943,1
DA:944,1153
DA:945,266
DA:946,48
DA:948,218
DA:952,1
DA:953,2184
DA:954,2184
DA:955,2184
DA:956,2184
DA:957,2184
DA:958,2184
DA:959,2184
DA:960,2184
DA:961,2184
DA:962,1626
DA:963,1626
DA:964,558
DA:965,127
DA:967,431
DA:968,431
DA:970,2156
DA:971,2156
DA:972,305
DA:973,305
DA:974,301
DA:975,1851
DA:976,268
DA:977,268
DA:978,268
DA:979,1583
DA:980,123
DA:981,123
DA:982,119
DA:983,119
DA:985,1460
DA:987,1460
DA:988,1460
DA:989,982
DA:990,880
DA:992,946
DA:993,946
DA:994,478
DA:995,197
DA:996,197
DA:997,281
DA:998,273
DA:999,273
DA:1000,261
DA:1001,89
DA:1002,89
DA:1003,89
DA:1004,89
DA:1005,89
DA:1007,172
DA:1008,172
DA:1011,8
DA:1014,2064
DA:1016,1
DA:1017,1654
DA:1018,1654
DA:1019,1654
DA:1020,1654
DA:1021,1654
DA:1022,2184
DA:1023,2064
DA:1024,712
DA:1027,1506
DA:1028,1506
DA:1031,1
DA:1032,199
DA:1033,199
DA:1034,199
DA:1038,199
DA:1040,1
DA:1041,59
DA:1042,8
DA:1044,51
DA:1045,51
DA:1046,51
DA:1050,51
DA:1052,1
DA:1053,199
DA:1054,199
DA:1055,199
DA:1056,199
DA:1057,199
DA:1058,199
DA:1059,59
DA:1060,59
DA:1061,51
DA:1063,191
DA:1066,1
DA:1067,4126
DA:1072,2744
DA:1074,89
DA:1075,89
DA:1077,960
DA:1078,960
DA:1079,1223
DA:1080,1138
DA:1083,960
DA:1085,170
DA:1086,170
DA:1087,323
DA:1089,170
DA:1091,140
DA:1092,140
DA:1095,23
DA:1098,1
DA:1099,2361
DA:1100,2361
DA:1101,2361
DA:1102,84
DA:1103,84
DA:1104,12
DA:1106,72
DA:1111,2277
DA:1112,2277
DA:1113,2277
DA:1114,25
DA:1115,21
DA:1116,21
DA:1117,4
DA:1119,17
DA:1124,2252
DA:1125,2252
DA:1126,2252
DA:1127,1979
DA:1128,184
DA:1129,184
DA:1130,184
DA:1131,184
DA:1132,381
DA:1133,155
DA:1135,226
DA:1136,226
DA:1137,29
DA:1138,4
DA:1140,25
DA:1141,21
DA:1142,21
DA:1143,4
DA:1145,17
DA:1146,51
DA:1148,17
DA:1149,17
DA:1154,197
DA:1156,214
DA:1157,17
DA:1160,172
DA:1161,155
DA:1164,1967
DA:1165,1950
DA:1166,1942
DA:1167,543
DA:1168,17
DA:1170,543
DA:1171,526
DA:1172,36
DA:1174,490
DA:1175,126
DA:1176,260
DA:1179,364
DA:1181,490
DA:1182,490
DA:1188,1906
DA:1192,2012
DA:1195,1
DA:1196,1391
DA:1197,1391
DA:1198,1391
DA:1199,600
DA:1200,855
DA:1201,827
DA:1202,827
DA:1203,572
DA:1205,255
DA:1208,1363
DA:1209,1363
DA:1211,1
DA:1212,1651
DA:1214,1
DA:1215,1587
DA:1216,1587
DA:1217,1587
DA:1218,4
DA:1220,1583
DA:1222,1
DA:1223,474
DA:1224,474
DA:1225,474
DA:1226,474
DA:1227,114
DA:1228,114
DA:1229,102
DA:1230,102
DA:1232,12
DA:1235,360
DA:1236,356
DA:1237,344
DA:1239,446
DA:1241,1
DA:1242,26609
DA:1243,26609
DA:1244,26609
DA:1245,26609
DA:1246,26609
DA:1247,89
DA:1248,89
DA:1249,89
DA:1250,89
DA:1251,4
DA:1254,26520
DA:1256,25580
DA:1257,27563
DA:1258,531
DA:1259,531
DA:1260,531
DA:1261,527
DA:1262,27032
DA:1263,1188
DA:1264,1188
DA:1265,1172
DA:1266,25844
DA:1267,229
DA:1268,229
DA:1269,229
DA:1270,229
DA:1271,229
DA:1272,229
DA:1273,25615
DA:1274,55
DA:1275,55
DA:1277,25560
DA:1280,25560
DA:1281,25560
DA:1283,1
DA:1284,21
DA:1285,21
DA:1286,21
DA:1287,4
DA:1289,17
DA:1291,1
DA:1292,360
DA:1293,360
DA:1294,356
DA:1295,424
DA:1296,17
DA:1297,17
DA:1298,17
DA:1299,17
DA:1300,407
DA:1301,34
DA:1302,34
DA:1303,34
DA:1304,373
DA:1305,17
DA:1306,17
DA:1308,356
DA:1311,356
DA:1314,1
DA:1315,26713
DA:1316,26713
DA:1317,26713
DA:1318,282
DA:1319,282
DA:1320,282
DA:1321,282
DA:1322,26
DA:1324,266
DA:1325,13
DA:1327,258
DA:1328,258
DA:1330,26431
DA:1331,25382
DA:1332,17473
DA:1333,277
DA:1334,26
DA:1336,261
DA:1337,13
DA:1339,253
DA:1340,253
DA:1341,253
DA:1345,25616
DA:1348,1
DA:1349,27017
DA:1350,27017
DA:1351,177
DA:1352,177
DA:1353,177
DA:1354,177
DA:1355,177
DA:1356,26840
DA:1357,127
DA:1358,127
DA:1359,127
DA:1360,127
DA:1361,127
DA:1362,13
DA:1365,26713
DA:1367,25912
DA:1369,1
DA:1370,26431
DA:1371,26431
DA:1372,25326
DA:1373,255
DA:1374,255
DA:1375,255
DA:1376,255
DA:1378,25326
DA:1387,1
DA:1388,25071
DA:1389,25071
DA:1390,25071
DA:1391,17305
DA:1392,7766
DA:1393,327
DA:1395,7439
DA:1397,25071
DA:1399,1
DA:1400,24099
DA:1401,24099
DA:1402,23010
DA:1403,23010
DA:1404,23010
DA:1405,1465
DA:1406,1465
DA:1407,1465
DA:1408,1465
DA:1412,1465
DA:1413,1465
DA:1414,1449
DA:1419,1449
DA:1420,2061
DA:1421,2061
DA:1422,1449
DA:1425,612
DA:1426,340
DA:1427,340
DA:1428,340
DA:1429,340
DA:1430,340
DA:1431,340
DA:1434,612
DA:1435,612
DA:1436,612
DA:1437,612
DA:1440,1449
DA:1441,1449
DA:1442,1449
DA:1443,1449
DA:1444,1721
DA:1445,1721
DA:1446,1721
DA:1449,22994
DA:1452,1
DA:1453,24099
DA:1454,24099
DA:1455,22994
DA:1456,51
DA:1457,51
DA:1458,51
DA:1459,51
DA:1460,51
DA:1461,51
DA:1463,22994
DA:1466,1
DA:1467,1366
DA:1469,734
DA:1470,734
DA:1472,55
DA:1473,55
DA:1475,85
DA:1477,433
DA:1478,475
DA:1479,441
DA:1482,433
DA:1484,8
DA:1486,51
DA:1488,51
DA:1491,1
DA:1492,782
DA:1493,782
DA:1494,782
DA:1496,182
DA:1498,596
DA:1499,596
DA:1501,4
DA:1503,778
DA:1504,778
DA:1505,874
DA:1506,874
DA:1507,89
DA:1508,21
DA:1509,4
DA:1511,17
DA:1512,17
DA:1513,17
DA:1514,17
DA:1517,870
DA:1519,774
DA:1520,104
DA:1521,111
DA:1522,111
DA:1523,8
DA:1527,766
DA:1528,16
DA:1529,16
DA:1531,750
DA:1538,1
DA:1539,24391
DA:1540,24391
DA:1541,292
DA:1543,24099
DA:1544,24099
DA:1545,24099
DA:1546,22994
DA:1547,782
DA:1548,754
DA:1549,750
DA:1550,4
DA:1552,746
DA:1553,746
DA:1554,746
DA:1555,746
DA:1556,746
DA:1557,746
DA:1558,746
DA:1559,742
DA:1560,742
DA:1561,8
DA:1563,734
DA:1564,20
DA:1566,714
DA:1569,22212
DA:1570,2077
DA:1571,46
DA:1573,2041
DA:1574,81
DA:1575,81
DA:1576,22
DA:1578,69
DA:1579,28
DA:1582,2001
DA:1584,1797
DA:1586,2001
DA:1587,2001
DA:1588,1977
DA:1589,1977
DA:1593,23114
DA:1596,1
DA:1597,12898
DA:1598,12898
DA:1599,12063
DA:1600,51
DA:1601,51
DA:1602,51
DA:1603,102
DA:1604,34
DA:1606,68
DA:1607,68
DA:1609,51
DA:1611,12063
DA:1614,1
DA:1615,16709
DA:1616,16709
DA:1617,7799
DA:1619,313
DA:1620,33
DA:1622,280
DA:1623,232
DA:1625,194
DA:1626,18
DA:1628,176
DA:1629,120
DA:1631,95
DA:1632,51
DA:1634,1378
DA:1635,938
DA:1637,582
DA:1638,498
DA:1640,444
DA:1641,396
DA:1643,4793
DA:1644,4256
DA:1647,8910
DA:1649,14538
DA:1651,1
DA:1652,1434
DA:1653,1434
DA:1654,1434
DA:1655,1434
DA:1656,2551
DA:1657,1382
DA:1659,1169
DA:1661,1382
DA:1662,1382
DA:1665,1
DA:1666,952
DA:1667,952
DA:1668,952
DA:1670,828
DA:1671,29
DA:1672,5
DA:1675,828
DA:1676,828
DA:1677,204
DA:1678,153
DA:1679,137
DA:1681,624
DA:1682,364
DA:1683,360
DA:1685,808
DA:1687,1
DA:1688,776
DA:1689,684
DA:1690,176
DA:1691,176
DA:1693,632
DA:1695,1
DA:1696,444
DA:1697,444
DA:1698,444
DA:1699,444
DA:1700,444
DA:1701,444
DA:1702,444
DA:1704,1
DA:1705,500
DA:1706,500
DA:1707,500
DA:1708,412
DA:1709,412
DA:1712,1
DA:1713,31
DA:1714,31
DA:1715,31
DA:1716,31
DA:1717,31
DA:1719,1
DA:1720,421
DA:1721,421
DA:1722,421
DA:1723,421
DA:1724,449
DA:1725,34
DA:1726,34
DA:1728,415
DA:1729,31
DA:1730,31
DA:1732,384
DA:1734,376
DA:1735,155
DA:1739,413
DA:1740,409
DA:1742,1
DA:1743,433
DA:1744,433
DA:1745,433
DA:1746,433
DA:1747,433
DA:1748,433
DA:1749,433
DA:1750,327
DA:1751,327
DA:1752,327
DA:1753,327
DA:1754,34
DA:1755,34
DA:1756,34
DA:1757,34
DA:1758,293
DA:1759,179
DA:1760,179
DA:1761,179
DA:1763,114
DA:1764,114
DA:1767,106
DA:1768,106
DA:1769,106
DA:1770,102
DA:1772,421
DA:1774,1
DA:1775,365
DA:1776,365
DA:1777,365
DA:1778,365
DA:1779,433
DA:1780,421
DA:1781,191
DA:1784,349
DA:1785,349
DA:1787,1
DA:1788,4786
DA:1789,4786
DA:1790,421
DA:1791,4365
DA:1792,365
DA:1794,4000
DA:1795,60
DA:1797,3940
DA:1798,3940
DA:1800,4502
DA:1802,1
DA:1803,1771
DA:1804,1771
DA:1805,1719
DA:1806,216
DA:1807,216
DA:1808,216
DA:1809,216
DA:1810,208
DA:1811,208
DA:1813,1711
DA:1816,1
DA:1817,6984
DA:1818,6984
DA:1819,6984
DA:1820,254
DA:1821,40
DA:1823,214
DA:1824,40
DA:1826,6730
DA:1827,252
DA:1828,46
DA:1830,206
DA:1831,172
DA:1834,6478
DA:1835,8
DA:1837,6688
DA:1839,1
DA:1840,1809
DA:1841,1809
DA:1842,1809
DA:1844,1721
DA:1845,110
DA:1846,18
DA:1849,1713
DA:1850,1713
DA:1851,1043
DA:1852,1039
DA:1853,670
DA:1854,4
DA:1856,1640
DA:1858,1
DA:1859,1569
DA:1860,1569
DA:1861,1569
DA:1862,1424
DA:1863,240
DA:1864,240
DA:1866,1400
DA:1868,1
DA:1869,1352
DA:1870,1352
DA:1871,1344
DA:1872,1175
DA:1873,1175
DA:1876,1
DA:1877,629
DA:1878,629
DA:1879,629
DA:1882,1
DA:1883,5048
DA:1884,5048
DA:1885,4345
DA:1886,4309
DA:1889,1
DA:1890,229
DA:1891,229
DA:1892,229
DA:1893,229
DA:1894,229
DA:1895,225
DA:1896,225
DA:1897,5
DA:1898,5
DA:1900,220
DA:1901,220
DA:1902,208
DA:1903,72
DA:1904,72
DA:1907,209
DA:1910,1
DA:1911,110
DA:1912,110
DA:1913,110
DA:1914,110
DA:1915,110
DA:1916,106
DA:1917,102
DA:1918,102
DA:1919,102
DA:1920,102
DA:1921,17
DA:1923,102
DA:1926,1
DA:1927,411
DA:1928,411
DA:1929,411
DA:1930,411
DA:1931,411
DA:1932,411
DA:1933,5
DA:1934,5
DA:1936,406
DA:1937,406
DA:1938,406
DA:1939,406
DA:1941,379
DA:1945,1
DA:1946,871
DA:1947,871
DA:1948,871
DA:1949,871
DA:1950,871
DA:1951,871
DA:1952,871
DA:1953,871
DA:1954,871
DA:1955,55
DA:1957,816
DA:1958,225
DA:1959,225
DA:1960,225
DA:1961,225
DA:1962,225
DA:1963,225
DA:1964,225
DA:1965,119
DA:1966,119
DA:1967,119
DA:1968,119
DA:1969,106
DA:1970,51
DA:1971,51
DA:1972,51
DA:1973,51
DA:1974,51
DA:1976,55
DA:1977,55
DA:1979,591
DA:1980,293
DA:1981,293
DA:1982,293
DA:1983,17
DA:1984,17
DA:1985,17
DA:1986,17
DA:1988,276
DA:1989,276
DA:1990,276
DA:1991,220
DA:1992,51
DA:1993,51
DA:1994,51
DA:1995,51
DA:1996,169
DA:1997,85
DA:1998,85
DA:1999,85
DA:2000,85
DA:2001,85
DA:2003,84
DA:2004,68
DA:2008,298
DA:2009,298
DA:2010,298
DA:2011,298
DA:2012,298
DA:2013,298
DA:2014,128
DA:2015,17
DA:2017,116
DA:2018,116
DA:2019,116
DA:2020,116
DA:2021,170
DA:2022,81
DA:2023,4
DA:2025,77
DA:2026,77
DA:2027,77
DA:2028,77
DA:2029,73
DA:2031,89
DA:2032,17
DA:2033,17
DA:2034,34
DA:2035,34
DA:2037,17
DA:2039,89
DA:2043,755
DA:2044,247
DA:2045,56
DA:2047,247
DA:2048,247
DA:2049,39
DA:2052,755
DA:2053,755
DA:2054,15
DA:2055,15
DA:2057,740
DA:2058,740
DA:2059,740
DA:2060,740
DA:2062,751
DA:2065,1
DA:2066,164
DA:2067,164
DA:2068,164
DA:2069,164
DA:2070,59
DA:2071,59
DA:2072,59
DA:2073,8
DA:2076,156
DA:2077,152
DA:2078,16
DA:2080,136
DA:2083,1
DA:2084,262
DA:2085,262
DA:2086,262
DA:2087,262
DA:2088,93
DA:2089,93
DA:2090,93
DA:2091,8
DA:2094,254
DA:2095,250
DA:2096,12
DA:2098,238
DA:2101,1
DA:2102,234
DA:2103,9
DA:2105,230
DA:2106,230
DA:2107,230
DA:2108,230
DA:2109,226
DA:2110,226
DA:2113,1
DA:2114,102
DA:2115,13
DA:2117,94
DA:2118,94
DA:2119,94
DA:2120,94
DA:2121,94
DA:2122,94
DA:2123,90
DA:2126,1
DA:2127,114
DA:2128,114
DA:2129,114
DA:2130,29
DA:2131,29
DA:2133,85
DA:2134,85
DA:2136,114
DA:2137,114
DA:2138,114
DA:2139,267
DA:2140,110
DA:2142,157
DA:2144,110
DA:2146,1
DA:2147,114
DA:2148,114
DA:2149,114
DA:2150,110
DA:2151,110
DA:2152,110
DA:2153,110
DA:2154,110
DA:2155,110
DA:2156,110
DA:2157,110
DA:2158,216
DA:2159,102
DA:2161,114
DA:2162,110
DA:2163,25
DA:2164,4
DA:2166,21
DA:2168,106
DA:2170,102
DA:2171,102
DA:2174,1
DA:2175,4681
DA:2176,4681
DA:2177,4573
DA:2178,4573
DA:2179,202
DA:2180,202
DA:2181,202
DA:2182,202
DA:2183,8
DA:2185,194
DA:2186,194
DA:2187,170
DA:2188,170
DA:2190,4371
DA:2191,4347
DA:2193,4517
DA:2196,1
DA:2197,114
DA:2198,114
DA:2199,114
DA:2200,4
DA:2202,110
DA:2203,102
DA:2204,102
DA:2207,1
DA:2208,254
DA:2209,254
DA:2210,254
DA:2211,254
DA:2213,254
DA:2214,254
DA:2215,234
DA:2216,234
DA:2217,272
DA:2218,272
DA:2219,4
DA:2221,268
DA:2223,230
DA:2224,35
DA:2225,18
DA:2228,222
DA:2229,214
DA:2230,214
DA:2232,1
DA:2233,34
DA:2234,34
DA:2236,1
DA:2237,275
DA:2238,275
DA:2239,275
DA:2240,275
DA:2241,235
DA:2242,235
DA:2243,4
DA:2245,231
DA:2248,1
DA:2249,34
DA:2250,34
DA:2251,34
DA:2252,34
DA:2255,1
DA:2256,15594
DA:2257,15594
DA:2258,15594
DA:2265,1325
DA:2266,1285
DA:2268,4455
DA:2269,4455
DA:2270,911
DA:2271,3544
DA:2272,2044
DA:2273,1500
DA:2274,629
DA:2276,871
DA:2278,3776
DA:2280,4681
DA:2281,4517
DA:2283,5097
DA:2285,262
DA:2286,238
DA:2288,164
DA:2289,136
DA:2291,34
DA:2292,34
DA:2294,110
DA:2295,102
DA:2297,871
DA:2298,751
DA:2300,17
DA:2301,17
DA:2303,229
DA:2304,209
DA:2306,234
DA:2307,226
DA:2309,114
DA:2310,102
DA:2312,114
DA:2313,102
DA:2315,275
DA:2316,231
DA:2318,1352
DA:2319,1175
DA:2321,411
DA:2322,379
DA:2324,102
DA:2325,90
DA:2327,808
DA:2328,736
DA:2330,4528
DA:2332,36
DA:2334,14106
DA:2337,1
DA:2338,3732
DA:2339,3732
DA:2340,3732
DA:2341,3716
DA:2342,3716
DA:2343,3716
DA:2344,3716
DA:2345,3716
DA:2346,3716
DA:2347,3716
DA:2348,3716
DA:2349,4992
DA:2350,3388
DA:2352,1604
DA:2354,3392
DA:2355,3388
DA:2356,3388
DA:2358,1
DA:2359,1808
DA:2360,1808
DA:2361,219
DA:2362,70
DA:2363,70
DA:2365,219
DA:2366,41
DA:2367,41
DA:2369,1589
DA:2370,1564
DA:2371,102
DA:2372,102
DA:2373,1462
DA:2374,80
DA:2375,80
DA:2376,1382
DA:2377,59
DA:2378,59
DA:2382,1808
DA:2383,1808
DA:2392,1
DA:2393,176
DA:2394,176
DA:2395,176
DA:2397,176
DA:2398,156
DA:2399,4
DA:2401,152
DA:2402,8
DA:2404,144
DA:2406,1
DA:2407,1297
DA:2408,1297
DA:2409,1297
DA:2410,1297
DA:2411,126
DA:2412,102
DA:2413,102
DA:2415,1171
DA:2416,1127
DA:2417,1074
DA:2419,1127
DA:2420,1127
DA:2422,1
DA:2423,2981
DA:2424,2981
DA:2428,2981
DA:2429,2981
DA:2430,690
DA:2431,690
DA:2432,1000
DA:2433,626
DA:2435,310
DA:2438,2917
DA:2439,2917
DA:2446,1
DA:2447,1415
DA:2448,1415
DA:2449,1415
DA:2450,1415
DA:2451,361
DA:2453,1415
DA:2454,1415
DA:2455,1415
DA:2456,1415
DA:2457,1407
DA:2458,1407
DA:2459,1347
DA:2460,125
DA:2461,18
DA:2464,1222
DA:2465,67
DA:2466,67
DA:2467,1155
DA:2468,42
DA:2469,42
DA:2473,1347
DA:2474,1347
DA:2475,1347
DA:2476,1303
DA:2477,1303
DA:2478,1303
DA:2479,1303
DA:2480,109
DA:2482,1303
DA:2483,1303
DA:2484,1035
DA:2485,44
DA:2487,991
DA:2488,55
DA:2490,971
DA:2491,971
DA:2493,1
DA:2494,774
DA:2495,774
DA:2496,774
DA:2497,774
DA:2498,133
DA:2500,774
DA:2501,774
DA:2502,774
DA:2503,774
DA:2504,774
DA:2505,774
DA:2506,188
DA:2507,188
DA:2508,180
DA:2509,50
DA:2510,22
DA:2513,130
DA:2514,42
DA:2515,42
DA:2516,88
DA:2517,42
DA:2518,42
DA:2522,754
DA:2523,738
DA:2524,738
DA:2525,738
DA:2526,738
DA:2527,86
DA:2529,738
DA:2530,738
DA:2531,670
DA:2532,24
DA:2534,646
DA:2535,27
DA:2537,634
DA:2540,1
DA:2541,1206
DA:2542,1206
DA:2543,1206
DA:2544,1206
DA:2545,1198
DA:2546,1164
DA:2548,1198
DA:2549,1194
DA:2551,1
DA:2552,17967
DA:2553,17967
DA:2554,17967
DA:2555,19115
DA:2556,19115
DA:2557,17909
DA:2559,1206
DA:2560,1194
DA:2561,1194
DA:2562,1194
DA:2563,34
DA:2565,1160
DA:2566,777
DA:2567,777
DA:2568,22
DA:2571,383
DA:2572,107
DA:2576,17943
DA:2579,1
DA:2580,3066
DA:2587,920
DA:2589,2142
DA:2591,4
DA:2593,1
DA:2594,339
DA:2595,339
DA:2596,339
DA:2597,339
DA:2598,339
DA:2604,339
DA:2605,339
DA:2606,339
DA:2608,1
DA:2609,306
DA:2610,306
DA:2615,306
DA:2616,306
DA:2617,306
DA:2618,306
DA:2619,9
DA:2621,297
DA:2623,298
DA:2624,298
DA:2625,290
DA:2627,1
DA:2628,153
DA:2629,153
DA:2630,153
DA:2631,153
DA:2632,153
DA:2633,153
DA:2634,153
DA:2637,1
DA:2638,292
DA:2639,292
DA:2640,292
DA:2641,292
DA:2642,292
DA:2643,275
DA:2644,275
DA:2645,275
DA:2646,89
DA:2647,89
DA:2649,186
DA:2650,110
DA:2654,284
DA:2657,1
DA:2658,668
DA:2659,668
DA:2660,668
DA:2661,668
DA:2662,668
DA:2663,668
DA:2664,668
DA:2665,668
DA:2666,668
DA:2667,4
DA:2669,664
DA:2670,664
DA:2671,656
DA:2672,656
DA:2673,237
DA:2674,237
DA:2675,237
DA:2676,237
DA:2677,34
DA:2679,203
DA:2683,656
DA:2684,656
DA:2685,470
DA:2686,38
DA:2687,38
DA:2688,38
DA:2689,432
DA:2690,38
DA:2691,38
DA:2692,38
DA:2694,186
DA:2695,34
DA:2696,34
DA:2697,34
DA:2698,34
DA:2700,656
DA:2701,530
DA:2702,530
DA:2703,518
DA:2705,644
DA:2706,16
DA:2708,628
DA:2709,552
DA:2711,628
DA:2712,526
DA:2713,8
DA:2715,518
DA:2716,84
DA:2717,8
DA:2719,76
DA:2720,4
DA:2722,72
DA:2724,72
DA:2727,608
DA:2729,1
DA:2730,663
DA:2731,663
DA:2732,663
DA:2733,651
DA:2734,923
DA:2735,255
DA:2737,668
DA:2740,591
DA:2741,591
DA:2743,1
DA:2744,663
DA:2745,663
DA:2746,591
DA:2748,1
DA:2749,582
DA:2750,582
DA:2751,582
DA:2752,582
DA:2753,582
DA:2754,570
DA:2755,570
DA:2756,127
DA:2757,127
DA:2759,570
DA:2760,498
DA:2762,1
DA:2763,93
DA:2764,93
DA:2765,93
DA:2766,93
DA:2767,93
DA:2768,93
DA:2769,51
DA:2770,51
DA:2772,93
DA:2773,93
DA:2777,1
DA:2778,14235
DA:2779,14235
DA:2780,14227
DA:2781,13731
DA:2783,12444
DA:2786,1
DA:2787,184
DA:2788,184
DA:2789,8
DA:2791,176
DA:2792,176
DA:2793,176
DA:2796,1
DA:2797,116
DA:2798,116
DA:2799,116
DA:2800,116
DA:2801,36
DA:2802,36
DA:2804,80
DA:2806,116
DA:2809,1
DA:2810,96
DA:2811,96
DA:2812,96
DA:2813,116
DA:2814,116
DA:2815,36
DA:2818,96
DA:2819,96
DA:2822,1
DA:2823,60
DA:2824,60
DA:2825,60
DA:2828,1
DA:2829,24
DA:2830,24
DA:2831,24
DA:2832,4
DA:2834,20
DA:2835,20
DA:2836,20
DA:2838,1
DA:2839,176
DA:2840,4
DA:2842,172
DA:2843,172
DA:2844,172
DA:2845,172
DA:2846,172
DA:2848,8
DA:2850,164
DA:2852,84
DA:2853,80
DA:2855,16
DA:2856,64
DA:2858,60
DA:2859,60
DA:2860,24
DA:2861,24
DA:2863,8
DA:2864,16
DA:2866,12
DA:2868,4
DA:2872,4
DA:2874,152
DA:2875,36
DA:2876,36
DA:2878,116
DA:2879,116
DA:2881,120
DA:2882,120
DA:2885,1
DA:2886,148
DA:2887,148
DA:2888,148
DA:2889,148
DA:2890,48
DA:2891,48
DA:2893,148
DA:2895,1
DA:2896,280
DA:2897,4
DA:2899,276
DA:2900,276
DA:2901,276
DA:2902,276
DA:2904,76
DA:2905,76
DA:2908,20
DA:2909,16
DA:2910,56
DA:2912,8
DA:2913,8
DA:2914,8
DA:2916,48
DA:2917,4
DA:2922,44
DA:2923,40
DA:2924,40
DA:2926,200
DA:2928,16
DA:2929,16
DA:2930,8
DA:2931,8
DA:2933,8
DA:2934,8
DA:2935,8
DA:2936,8
DA:2937,184
DA:2939,68
DA:2940,68
DA:2943,16
DA:2944,16
DA:2948,48
DA:2949,40
DA:2951,4
DA:2953,56
DA:2955,116
DA:2956,116
DA:2957,116
DA:2958,116
DA:2959,116
DA:2960,148
DA:2961,148
DA:2962,148
DA:2963,48
DA:2966,116
DA:2967,116
DA:2970,52
DA:2971,52
DA:2972,48
DA:2973,64
DA:2975,8
DA:2976,8
DA:2979,56
DA:2981,104
DA:2983,232
DA:2985,1
DA:2987,1
DA:2992,1
DA:2994,444
DA:2995,1
DA:2998,1
DA:3004,1
DA:3057,1
DA:3058,1
DA:3059,14754
DA:3062,1
DA:3063,380
DA:3066,1
DA:3067,622
DA:3068,250
DA:3070,372
DA:3074,1
DA:3075,2452
DA:3076,2452
DA:3077,2452
DA:3080,2452
DA:3081,2452
DA:3084,2452
DA:3088,1
DA:3089,2452
DA:3090,2452
DA:3091,2452
DA:3092,2452
DA:3093,2452
DA:3094,2452
DA:3097,1
DA:3098,327
DA:3101,1
DA:3102,386
DA:3103,386
DA:3104,130
DA:3106,256
DA:3110,1
DA:3112,1
DA:3117,1
DA:3118,1
DA:3119,1
DA:3120,1
DA:3121,1
DA:3122,1
DA:3123,1
DA:3124,1
DA:3125,1
DA:3126,1
DA:3128,1
DA:3130,1
DA:3131,1
DA:3132,1
DA:3133,1
DA:3134,1
DA:3135,1
DA:3136,1
DA:3137,1
DA:3138,1
DA:3139,1
DA:3144,1
DA:3145,1
DA:3146,1
DA:3147,1
DA:3148,1
DA:3149,2016
DA:3151,1
DA:3152,395
DA:3154,1
DA:3155,1
DA:3156,14754
DA:3157,14754
DA:3158,14754
DA:3159,14754
DA:3160,14754
DA:3161,14754
DA:3162,14754
DA:3165,1
DA:3166,474328
DA:3169,1
DA:3170,327
DA:3171,256
DA:3173,327
DA:3176,1
DA:3177,89
DA:3181,1
DA:3182,449
DA:3183,449
DA:3184,449
DA:3185,212
DA:3186,212
DA:3187,212
DA:3195,449
DA:3196,4056
DA:3197,4056
DA:3198,4056
DA:3199,245
DA:3200,104
DA:3204,104
DA:3216,104
DA:3218,245
DA:3219,4
DA:3221,245
DA:3222,245
DA:3223,245
DA:3226,204
DA:3227,108
DA:3231,108
DA:3243,108
DA:3245,204
DA:3248,1
DA:3249,989
DA:3250,989
DA:3251,989
DA:3252,455
DA:3253,455
DA:3254,455
DA:3262,989
DA:3263,11563
DA:3264,11563
DA:3265,394
DA:3266,21
DA:3268,394
DA:3269,394
DA:3270,394
DA:3271,11169
DA:3273,1127
DA:3274,940
DA:3275,940
DA:3276,433
DA:3280,433
DA:3292,433
DA:3294,940
DA:3296,187
DA:3298,10042
DA:3302,49
DA:3303,22
DA:3307,22
DA:3319,22
DA:3321,49
DA:3322,25
DA:3325,1
DA:3326,127208
DA:3327,127208
DA:3328,31783
DA:3330,127208
DA:3331,127208
DA:3332,168353
DA:3333,168353
DA:3334,47170
DA:3335,121183
DA:3336,5750
DA:3337,5750
DA:3338,12
DA:3340,5750
DA:3341,5750
DA:3342,5750
DA:3343,115433
DA:3344,3019
DA:3345,3019
DA:3346,330
DA:3347,330
DA:3348,330
DA:3349,149
DA:3351,2689
DA:3352,989
DA:3353,989
DA:3354,965
DA:3355,443
DA:3358,1700
DA:3360,112414
DA:3362,166
DA:3364,68
DA:3365,68
DA:3366,68
DA:3367,36
DA:3370,98
DA:3372,112248
DA:3373,2341
DA:3374,51
DA:3376,51
DA:3377,51
DA:3378,27
DA:3381,2290
DA:3384,109907
DA:3387,127184
DA:3391,1
DA:3392,164
DA:3397,12
DA:3399,152
DA:3403,1
DA:3404,6197
DA:3414,627
DA:3416,5570
DA:3420,1
DA:3421,3617
DA:3425,1
DA:3426,21695
DA:3428,1641
DA:3430,6457
DA:3432,2688
DA:3434,4253
DA:3436,1839
DA:3438,851
DA:3440,2812
DA:3442,93
DA:3444,1061
DA:3448,1
DA:3449,914
DA:3450,914
DA:3451,144
DA:3452,144
DA:3453,140
DA:3454,140
DA:3457,914
DA:3460,1
DA:3461,260
DA:3462,260
DA:3463,260
DA:3464,792
DA:3465,727
DA:3467,65
DA:3470,195
DA:3473,1
DA:3474,305
DA:3475,305
DA:3477,305
DA:3478,4
DA:3480,301
DA:3481,1590
DA:3482,1590
DA:3483,301
DA:3485,1289
DA:3487,301
DA:3488,12
DA:3490,289
DA:3493,1
DA:3494,36123
DA:3495,36123
DA:3496,117629
DA:3497,117629
DA:3499,84
DA:3500,84
DA:3501,117545
DA:3503,68
DA:3504,68
DA:3506,117477
DA:3507,83141
DA:3509,34336
DA:3512,35971
DA:3515,1
DA:3516,312
DA:3517,312
DA:3518,312
DA:3520,312
DA:3521,312
DA:3522,160
DA:3523,8
DA:3525,152
DA:3526,152
DA:3527,85
DA:3528,85
DA:3530,67
DA:3531,67
DA:3532,67
DA:3533,16
DA:3536,136
DA:3538,288
DA:3539,543
DA:3540,543
DA:3541,221
DA:3543,322
DA:3544,322
DA:3545,322
DA:3547,322
DA:3548,135
DA:3549,135
DA:3550,4
DA:3552,131
DA:3553,131
DA:3554,85
DA:3555,85
DA:3557,46
DA:3558,46
DA:3559,46
DA:3560,12
DA:3563,119
DA:3566,272
DA:3569,1
DA:3571,208
DA:3572,208
DA:3573,208
DA:3574,119
DA:3577,119
DA:3578,68
DA:3581,208
DA:3588,1
DA:3589,36283
DA:3590,36283
DA:3592,36283
DA:3595,36243
DA:3596,14548
DA:3597,21695
DA:3598,12275
DA:3599,9420
DA:3600,337
DA:3601,9083
DA:3603,8358
DA:3605,36243
DA:3616,1
DA:3617,60675
DA:3626,60675
DA:3627,60675
DA:3630,17987
DA:3631,8346
DA:3633,17987
DA:3634,17987
DA:3636,1310
DA:3637,1310
DA:3639,574
DA:3640,574
DA:3642,1310
DA:3644,7802
DA:3645,7802
DA:3646,7802
DA:3655,24124
DA:3656,24124
DA:3659,9452
DA:3660,9452
DA:3661,17
DA:3664,9435
DA:3665,9435
DA:3666,119
DA:3669,9316
DA:3670,9316
DA:3671,2191
DA:3674,7125
DA:3675,7125
DA:3676,7101
DA:3682,60675
DA:3683,24
DA:3685,60651
DA:3686,60651
DA:3687,60651
DA:3691,1
DA:3692,144
DA:3693,144
DA:3694,314
DA:3695,21
DA:3697,293
DA:3699,144
DA:3700,4
DA:3702,140
DA:3703,4
DA:3705,136
DA:3715,1
DA:3716,142
DA:3717,142
DA:3718,142
DA:3719,192
DA:3720,192
DA:3721,32
DA:3723,160
DA:3725,142
DA:3727,16
DA:3729,126
DA:3730,24
DA:3732,24
DA:3733,24
DA:3736,102
DA:3746,1
DA:3747,245
DA:3748,245
DA:3749,245
DA:3750,111
DA:3752,134
DA:3754,245
DA:3755,395
DA:3756,80
DA:3758,315
DA:3760,245
DA:3762,16
DA:3764,229
DA:3765,20
DA:3767,209
DA:3778,1
DA:3781,128
DA:3782,125
DA:3783,125
DA:3784,17
DA:3786,108
DA:3787,22
DA:3790,89
DA:3793,1
DA:3794,5029
DA:3795,5029
DA:3796,5029
DA:3797,5029
DA:3798,4978
DA:3799,4978
DA:3804,4978
DA:3805,1807
DA:3806,144
DA:3807,144
DA:3809,1663
DA:3810,142
DA:3811,142
DA:3813,1521
DA:3814,134
DA:3816,1387
DA:3817,128
DA:3818,111
DA:3822,4447
DA:3823,2143
DA:3825,4447
DA:3827,4498
DA:3828,119
DA:3829,119
DA:3830,459
DA:3832,119
DA:3834,4498
DA:3835,84
DA:3836,84
DA:3837,84
DA:3838,76
DA:3840,84
DA:3841,68
DA:3842,170
DA:3845,16
DA:3848,4482
DA:3849,16
DA:3851,4466
DA:3862,1
DA:3863,1871
DA:3864,1871
DA:3865,1871
DA:3866,1871
DA:3867,1871
DA:3868,1871
DA:3869,16742
DA:3870,16742
DA:3871,1799
DA:3872,1799
DA:3873,14943
DA:3874,651
DA:3875,651
DA:3876,617
DA:3879,205
DA:3880,118
DA:3881,118
DA:3883,87
DA:3884,87
DA:3885,36
DA:3887,51
DA:3889,153
DA:3891,51
DA:3892,51
DA:3894,17
DA:3895,17
DA:3897,17
DA:3898,17
DA:3900,17
DA:3901,17
DA:3903,17
DA:3904,17
DA:3906,17
DA:3907,17
DA:3910,13
DA:3911,13
DA:3912,5
DA:3914,263
DA:3915,208
DA:3916,208
DA:3917,208
DA:3919,55
DA:3921,263
DA:3924,34
DA:3925,34
DA:3926,17
DA:3928,34
DA:3930,14292
DA:3931,8
DA:3933,14284
DA:3936,1811
DA:3937,12
DA:3938,12
DA:3940,1799
DA:3952,1
DA:3953,270
DA:3954,270
DA:3955,270
DA:3956,270
DA:3957,270
DA:3958,270
DA:3959,270
DA:3960,270
DA:3961,1280
DA:3962,1280
DA:3963,195
DA:3964,195
DA:3965,195
DA:3966,195
DA:3967,1085
DA:3968,76
DA:3969,59
DA:3970,59
DA:3971,59
DA:3972,59
DA:3974,17
DA:3975,1009
DA:3976,250
DA:3977,250
DA:3978,216
DA:3980,17
DA:3981,17
DA:3983,17
DA:3984,17
DA:3986,17
DA:3987,17
DA:3990,68
DA:3991,17
DA:3992,17
DA:3994,51
DA:3995,51
DA:3996,51
DA:3997,34
DA:3999,17
DA:4000,17
DA:4003,68
DA:4005,17
DA:4006,17
DA:4008,17
DA:4009,17
DA:4011,17
DA:4012,17
DA:4014,46
DA:4015,25
DA:4017,8
DA:4019,17
DA:4020,21
DA:4022,4
DA:4024,17
DA:4026,34
DA:4029,34
DA:4030,34
DA:4031,17
DA:4033,34
DA:4035,759
DA:4036,34
DA:4037,34
DA:4038,17
DA:4040,34
DA:4041,34
DA:4043,725
DA:4046,258
DA:4047,4
DA:4049,254
DA:4051,254
DA:4067,1
DA:4074,389
DA:4075,389
DA:4076,389
DA:4077,389
DA:4078,80
DA:4079,199
DA:4080,199
DA:4081,4
DA:4083,195
DA:4084,178
DA:4086,17
DA:4090,385
DA:4091,385
DA:4093,12
DA:4098,373
DA:4099,373
DA:4102,1
DA:4106,1
DA:4107,444
DA:4108,444
DA:4109,444
DA:4110,444
DA:4111,444
DA:4112,444
DA:4113,3558
DA:4114,3558
DA:4115,3558
DA:4116,254
DA:4118,254
DA:4119,4
DA:4121,250
DA:4122,3304
DA:4123,12
DA:4124,3292
DA:4125,1921
DA:4126,268
DA:4129,1371
DA:4130,401
DA:4131,401
DA:4132,970
DA:4133,272
DA:4137,428
DA:4138,27
DA:4141,401
DA:4142,401
DA:4148,1
DA:4149,401
DA:4150,401
DA:4151,401
DA:4152,376
DA:4153,376
DA:4154,141
DA:4156,235
DA:4157,235
DA:4158,27
DA:4159,27
DA:4160,9
DA:4161,9
DA:4162,9
DA:4163,9
DA:4164,5
DA:4165,5
DA:4169,9
DA:4171,18
DA:4174,208
DA:4177,389
DA:4183,1
DA:4184,444
DA:4185,444
DA:4186,401
DA:4187,389
DA:4188,373
DA:4203,1
DA:4204,116985
DA:4205,12941
DA:4213,104044
DA:4214,104044
DA:4215,36232
DA:4218,67812
DA:4219,24141
DA:4222,43671
DA:4223,1871
DA:4227,41800
DA:4228,1361
DA:4229,51
DA:4231,1310
DA:4233,40439
DA:4234,4978
DA:4238,35461
DA:4239,270
DA:4242,35191
DA:4243,59
DA:4244,51
DA:4247,35140
DA:4250,1
DA:4252,1
DA:4258,1
DA:4264,1
DA:4266,1601
DA:4270,168353
DA:4291,156616
DA:4295,110705
DA:4298,127026
DA:4302,49548
DA:4305,2684
DA:4308,2674
DA:4315,1
DA:4316,1
DA:4317,1
DA:4318,1443
DA:4319,1443
DA:4321,1
DA:4323,1
DA:4324,1
DA:4325,1
DA:4326,409
DA:4327,409
DA:4329,1
DA:4331,1
DA:4332,1
DA:4333,1
DA:4334,714
DA:4335,714
DA:4336,714
DA:4337,714
DA:4338,714
DA:4339,714
DA:4341,1
DA:4343,1
DA:4344,1
DA:4345,1
DA:4346,1977
DA:4347,1977
DA:4348,1977
DA:4349,1977
DA:4351,1
DA:4353,1
DA:4354,1
DA:4355,1
DA:4356,331
DA:4357,331
DA:4358,331
DA:4360,1
DA:4362,1
DA:4363,1
DA:4364,1
DA:4365,2316
DA:4366,2316
DA:4367,2316
DA:4368,2316
DA:4369,2316
DA:4371,1
DA:4373,1
DA:4374,1
DA:4375,1
DA:4376,4770
DA:4377,4770
DA:4379,1
DA:4381,1
DA:4382,1
DA:4383,1
DA:4384,238
DA:4385,238
DA:4387,1
DA:4389,1
DA:4390,1
DA:4391,1
DA:4392,1172
DA:4393,1172
DA:4394,1172
DA:4396,1
DA:4398,1
DA:4399,1
DA:4400,1
DA:4401,214
DA:4402,214
DA:4403,214
DA:4405,1
DA:4407,1
DA:4408,1
DA:4409,1
DA:4410,591
DA:4411,591
DA:4413,1
DA:4415,1
DA:4416,1
DA:4417,1
DA:4418,498
DA:4419,498
DA:4420,498
DA:4421,498
DA:4423,1
DA:4425,1
DA:4426,1
DA:4427,1
DA:4428,93
DA:4429,93
DA:4430,93
DA:4431,93
DA:4433,1
DA:4435,1
DA:4436,1
DA:4437,1
DA:4438,246
DA:4439,246
DA:4440,246
DA:4441,246
DA:4443,1
DA:4445,1
DA:4446,1
DA:4447,1
DA:4448,51
DA:4449,51
DA:4450,51
DA:4451,51
DA:4453,1
DA:4455,1
DA:4456,1
DA:4457,1
DA:4458,136
DA:4459,136
DA:4461,1
DA:4463,1
DA:4464,1
DA:4465,1
DA:4466,34
DA:4468,1
DA:4470,1
DA:4471,1
DA:4472,1
DA:4473,1160
DA:4474,1160
DA:4475,1160
DA:4477,1
DA:4479,1
DA:4480,1
DA:4481,1
DA:4482,102
DA:4483,102
DA:4484,102
DA:4486,1
DA:4488,1
DA:4489,1
DA:4490,1
DA:4491,654
DA:4493,1
DA:4495,1
DA:4496,1
DA:4497,1
DA:4498,8
DA:4499,8
DA:4501,1
DA:4503,1
DA:4504,1
DA:4505,1
DA:4506,64
DA:4507,64
DA:4509,1
DA:4511,1
DA:4512,1
DA:4513,1
DA:4514,160
DA:4515,160
DA:4516,160
DA:4517,160
DA:4519,1
DA:4521,1
DA:4522,1
DA:4523,1
DA:4524,148
DA:4525,148
DA:4526,148
DA:4528,1
DA:4530,1
DA:4531,1
DA:4532,1
DA:4533,8690
DA:4534,8690
DA:4536,1
DA:4538,1
DA:4539,1
DA:4540,1
DA:4541,299
DA:4542,299
DA:4543,299
DA:4544,299
DA:4545,299
DA:4547,1
DA:4549,1
DA:4550,1
DA:4551,1
DA:4552,209
DA:4553,209
DA:4554,209
DA:4555,209
DA:4557,1
DA:4559,1
DA:4560,1
DA:4561,1
DA:4562,243
DA:4563,243
DA:4564,243
DA:4565,243
DA:4566,243
DA:4568,1
DA:4570,1
DA:4571,1
DA:4572,1
DA:4573,971
DA:4574,971
DA:4575,971
DA:4576,971
DA:4577,971
DA:4578,971
DA:4580,1
DA:4582,1
DA:4583,1
DA:4584,1
DA:4585,2131
DA:4586,2131
DA:4587,2131
DA:4588,2131
DA:4589,2131
DA:4590,2131
DA:4592,1
DA:4594,1
DA:4595,1
DA:4596,1
DA:4597,24083
DA:4598,24083
DA:4600,1
DA:4602,1
DA:4603,1
DA:4604,1
DA:4605,209
DA:4606,209
DA:4607,209
DA:4608,209
DA:4610,1
DA:4612,1
DA:4613,1
DA:4614,1
DA:4615,120
DA:4616,120
DA:4617,120
DA:4619,1
DA:4621,1
DA:4622,1
DA:4623,1
DA:4624,60
DA:4625,60
DA:4627,1
DA:4629,1
DA:4630,1
DA:4631,1
DA:4632,20
DA:4633,20
DA:4635,1
DA:4637,1
DA:4638,1
DA:4639,1
DA:4640,116
DA:4641,116
DA:4642,116
DA:4644,1
DA:4646,1
DA:4647,1
DA:4648,1
DA:4649,170
DA:4650,170
DA:4651,170
DA:4653,1
DA:4655,1
DA:4656,1
DA:4657,1
DA:4658,7418
DA:4659,7418
DA:4660,7418
DA:4662,1
DA:4664,1
DA:4665,1
DA:4666,1
DA:4667,102
DA:4668,102
DA:4669,102
DA:4671,1
DA:4673,1
DA:4674,1
DA:4675,1
DA:4676,608
DA:4677,608
DA:4678,608
DA:4679,608
DA:4680,608
DA:4681,608
DA:4683,1
DA:4685,1
DA:4686,1
DA:4687,1
DA:4688,344
DA:4689,344
DA:4690,344
DA:4692,1
DA:4694,1
DA:4695,1
DA:4696,1
DA:4697,1506
DA:4698,1506
DA:4700,1
DA:4702,1
DA:4703,1
DA:4704,1
DA:4705,349
DA:4706,349
DA:4708,1
DA:4710,1
DA:4711,1
DA:4712,1
DA:4713,12444
DA:4714,12444
DA:4715,12444
DA:4717,1
DA:4719,1
DA:4720,1
DA:4721,1
DA:4722,2485
DA:4723,2485
DA:4724,2485
DA:4725,2485
DA:4726,2485
DA:4727,2485
DA:4728,2485
DA:4730,1
DA:4732,1
DA:4733,1
DA:4734,1
DA:4735,265
DA:4736,265
DA:4737,265
DA:4738,265
DA:4740,1
DA:4742,1
DA:4743,1
DA:4744,1
DA:4745,175
DA:4746,175
DA:4748,1
DA:4750,1
DA:4751,1
DA:4752,1
DA:4753,226
DA:4754,226
DA:4756,1
DA:4758,1
DA:4759,1
DA:4760,1
DA:4761,223
DA:4762,223
DA:4764,1
DA:4766,1
DA:4767,1
DA:4768,1
DA:4769,331
DA:4770,331
DA:4772,1
DA:4774,1
DA:4775,1
DA:4776,1
DA:4777,561
DA:4778,561
DA:4779,561
DA:4780,561
DA:4782,1
DA:4784,1
DA:4785,1
DA:4786,1
DA:4787,106
DA:4789,1
DA:4791,1
DA:4792,1
DA:4793,1
DA:4794,110
DA:4795,110
DA:4796,110
DA:4798,1
DA:4800,1
DA:4801,1
DA:4802,1
DA:4803,102
DA:4804,102
DA:4805,102
DA:4807,1
DA:4809,1
DA:4810,1
DA:4811,1
DA:4812,72
DA:4813,72
DA:4814,72
DA:4816,1
DA:4818,1
DA:4819,1
DA:4820,1
DA:4821,250
DA:4822,250
DA:4823,250
DA:4825,1
DA:4827,1
DA:4828,1
DA:4829,1
DA:4830,191
DA:4831,191
DA:4832,191
DA:4834,1
DA:4836,1
DA:4837,1
DA:4838,1
DA:4839,80
DA:4841,1
DA:4843,1
DA:4844,1
DA:4845,1
DA:4846,102
DA:4847,102
DA:4849,1
DA:4851,1
DA:4852,1
DA:4853,1
DA:4854,231
DA:4855,231
DA:4856,231
DA:4857,231
DA:4859,1
DA:4861,1
DA:4862,1
DA:4863,1
DA:4864,304
DA:4865,304
DA:4866,304
DA:4867,304
DA:4869,1
DA:4871,1
DA:4872,1
DA:4873,1
DA:4874,511
DA:4875,511
DA:4876,511
DA:4877,511
DA:4879,1
DA:4881,1
DA:4882,1
DA:4883,1
DA:4884,2016
DA:4885,2016
DA:4886,2016
DA:4888,1
DA:4890,1
DA:4891,1
DA:4892,1
DA:4893,2448
DA:4894,2448
DA:4895,2448
DA:4897,1
DA:4899,1
DA:4900,1
DA:4901,1
DA:4902,379
DA:4903,379
DA:4904,379
DA:4906,1
DA:4908,1
DA:4909,1
DA:4910,1
DA:4911,90
DA:4912,90
DA:4913,90
DA:4915,1
DA:4917,1
DA:4918,1
DA:4919,1
DA:4920,284
DA:4921,284
DA:4922,284
DA:4924,1
DA:4926,1
DA:4932,1
DA:4933,1
DA:4934,1
DA:4935,1
DA:4936,1
DA:4938,1
DA:4940,1
DA:4941,1
DA:4942,1
DA:4943,1
DA:4944,1
DA:4945,1
DA:4946,1
DA:4947,1
DA:4948,1
DA:4949,1
DA:4950,1
DA:4952,1
DA:4953,1
DA:4955,1
DA:4956,728
DA:4957,728
DA:4959,576
DA:4960,576
DA:4961,576
DA:4963,32
DA:4964,32
DA:4965,32
DA:4967,120
DA:4968,120
DA:4969,120
DA:4971,728
DA:4973,1
DA:4974,1
DA:4975,1
DA:4976,8228
DA:4978,1
DA:4979,14285
DA:4981,1
DA:4983,416
DA:4985,1
DA:4987,356
DA:4989,1
DA:4990,3008
DA:4991,3008
DA:4997,1
DA:4998,600
DA:5004,1
DA:5005,144
DA:5006,144
DA:5007,144
DA:5008,792
DA:5009,792
DA:5010,144
DA:5011,96
DA:5012,96
DA:5013,96
DA:5014,96
DA:5015,48
DA:5016,24
DA:5018,24
DA:5020,144
DA:5022,648
DA:5023,648
DA:5025,144
DA:5028,1
DA:5029,6724
DA:5031,6724
DA:5032,4308
DA:5033,4308
DA:5043,2416
DA:5044,240
DA:5045,240
DA:5046,240
DA:5047,240
DA:5048,1920
DA:5049,1920
DA:5050,240
DA:5051,1680
DA:5052,144
DA:5054,1536
DA:5057,240
DA:5067,2176
DA:5068,508
DA:5069,508
DA:5070,508
DA:5071,508
DA:5072,508
DA:5073,508
DA:5083,1668
DA:5084,1660
DA:5085,1660
DA:5086,8592
DA:5087,8592
DA:5088,6876
DA:5089,1716
DA:5091,56
DA:5093,1660
DA:5096,1660
DA:5097,1660
DA:5106,8
DA:5108,1
DA:5109,3164
DA:5110,3164
DA:5111,3164
DA:5112,3164
DA:5113,3164
DA:5114,3156
DA:5115,3156
DA:5116,3156
DA:5117,3156
DA:5118,1765
DA:5120,3156
DA:5122,1
DA:5123,320
DA:5124,320
DA:5125,320
DA:5126,320
DA:5127,624
DA:5128,624
DA:5129,316
DA:5131,308
DA:5132,308
DA:5133,308
DA:5134,68
DA:5135,68
DA:5136,32
DA:5138,68
DA:5141,320
DA:5142,320
DA:5143,320
DA:5144,320
DA:5152,320
DA:5153,25
DA:5155,320
DA:5157,1
DA:5158,3560
DA:5159,3560
DA:5160,3560
DA:5161,3560
DA:5162,3560
DA:5163,3560
DA:5164,3560
DA:5165,3560
DA:5169,1
DA:5170,2100
DA:5171,2092
DA:5172,4
DA:5176,1
DA:5177,3560
DA:5178,3560
DA:5180,1
DA:5181,980
DA:5182,980
DA:5183,980
DA:5184,24
DA:5186,956
DA:5188,1
DA:5189,620
DA:5190,620
DA:5191,604
DA:5192,44
DA:5193,44
DA:5194,44
DA:5195,40
DA:5196,560
DA:5197,76
DA:5198,172
DA:5199,172
DA:5200,172
DA:5201,168
DA:5204,596
DA:5206,1
DA:5207,128
DA:5208,128
DA:5209,128
DA:5210,128
DA:5211,16
DA:5212,16
DA:5213,16
DA:5214,16
DA:5216,112
DA:5218,128
DA:5220,1
DA:5221,84
DA:5222,84
DA:5223,84
DA:5224,4
DA:5226,80
DA:5227,80
DA:5229,1
DA:5230,20
DA:5231,20
DA:5232,20
DA:5233,20
DA:5234,20
DA:5235,4
DA:5237,16
DA:5238,16
DA:5239,16
DA:5240,16
DA:5242,1
DA:5243,112
DA:5245,1
DA:5246,128
DA:5247,128
DA:5248,128
DA:5249,128
DA:5250,112
DA:5251,112
DA:5253,120
DA:5255,1
DA:5256,8
DA:5257,8
DA:5258,8
DA:5259,8
DA:5260,8
DA:5261,8
DA:5262,8
DA:5263,8
DA:5265,1
DA:5266,384
DA:5267,384
DA:5268,136
DA:5269,128
DA:5271,376
DA:5273,1
DA:5274,360
DA:5275,360
DA:5276,360
DA:5277,336
DA:5278,328
DA:5279,328
DA:5280,144
DA:5282,328
DA:5283,320
DA:5285,1
DA:5286,264
DA:5287,264
DA:5288,260
DA:5289,212
DA:5290,212
DA:5291,212
DA:5292,212
DA:5294,48
DA:5295,48
DA:5296,48
DA:5297,48
DA:5298,16
DA:5300,48
DA:5301,48
DA:5303,1
DA:5304,16
DA:5305,16
DA:5306,16
DA:5307,16
DA:5309,1
DA:5310,56
DA:5311,56
DA:5312,16
DA:5314,40
DA:5315,40
DA:5316,40
DA:5318,56
DA:5320,1
DA:5321,56
DA:5322,56
DA:5323,56
DA:5324,56
DA:5325,56
DA:5327,1
DA:5328,264
DA:5329,264
DA:5330,320
DA:5331,320
DA:5332,320
DA:5333,44
DA:5334,44
DA:5335,44
DA:5337,320
DA:5338,56
DA:5339,56
DA:5341,264
DA:5344,264
DA:5346,1
DA:5347,184
DA:5348,184
DA:5349,264
DA:5350,264
DA:5351,264
DA:5352,260
DA:5353,48
DA:5354,48
DA:5355,16
DA:5356,16
DA:5358,32
DA:5359,32
DA:5367,260
DA:5368,212
DA:5369,212
DA:5370,212
DA:5371,212
DA:5372,20
DA:5374,192
DA:5375,32
DA:5376,32
DA:5377,32
DA:5379,160
DA:5383,160
DA:5385,1
DA:5386,360
DA:5387,360
DA:5388,320
DA:5389,320
DA:5390,320
DA:5391,184
DA:5397,160
DA:5398,160
DA:5400,296
DA:5402,1
DA:5404,352
DA:5405,180
DA:5407,352
DA:5408,352
DA:5409,288
DA:5410,288
DA:5412,1
DA:5414,1
DA:5419,1
DA:5677,1
DA:5694,1
DA:5695,1
DA:5696,1
DA:5697,212
DA:5698,212
DA:5700,1
DA:5702,1
DA:5703,1
DA:5704,1
DA:5705,344
DA:5706,344
DA:5707,344
DA:5708,344
DA:5710,1
DA:5712,1
DA:5713,1
DA:5714,1
DA:5715,16
DA:5717,1
DA:5719,1
DA:5720,1
DA:5721,1
DA:5722,72
DA:5723,72
DA:5725,1
DA:5727,1
DA:5728,1
DA:5729,1
DA:5730,956
DA:5731,956
DA:5733,1
DA:5735,1
DA:5736,1
DA:5737,1
DA:5738,168
DA:5739,168
DA:5740,168
DA:5742,1
DA:5744,1
DA:5745,1
DA:5746,1
DA:5747,120
DA:5748,120
DA:5749,120
DA:5751,1
DA:5753,1
DA:5754,1
DA:5755,1
DA:5756,56
DA:5757,56
DA:5758,56
DA:5760,1
DA:5762,1
DA:5763,1
DA:5764,1
DA:5765,368
DA:5766,368
DA:5767,368
DA:5768,368
DA:5770,1
DA:5772,1
DA:5773,1
DA:5774,1
DA:5775,8
DA:5776,8
DA:5778,1
DA:5780,1
DA:5781,1
DA:5782,1
DA:5783,44
DA:5784,44
DA:5785,44
DA:5787,1
DA:5789,1
DA:5794,1
DA:5795,1
DA:5796,1
DA:5797,1
DA:5798,1
DA:5799,247
DA:5803,1
DA:5804,12
DA:5866,1
DA:5867,211
DA:5868,211
DA:5869,211
DA:5872,24
DA:5873,24
DA:5875,24
DA:5876,24
DA:5877,24
DA:5881,60
DA:5882,60
DA:5884,24
DA:5885,36
DA:5887,24
DA:5888,24
DA:5891,211
DA:5894,1
DA:5895,930
DA:5896,627
DA:5897,72
DA:5898,555
DA:5899,96
DA:5901,627
DA:5903,303
DA:5907,1
DA:5909,1
DA:5910,1
DA:5911,247
DA:5912,247
DA:5913,247
DA:5914,247
DA:5915,247
DA:5916,247
DA:5917,247
DA:5918,247
DA:5921,1
DA:5922,200
DA:5925,1
DA:5926,1195
DA:5927,1189
DA:5928,1189
DA:5929,602
DA:5930,18
DA:5931,18
DA:5932,18
DA:5933,18
DA:5937,18
DA:5938,12
DA:5940,18
DA:5941,12
DA:5943,18
DA:5946,1189
DA:5947,949
DA:5948,949
DA:5949,468
DA:5957,949
DA:5958,949
DA:5959,211
DA:5961,738
DA:5963,930
DA:5964,930
DA:5965,930
DA:5969,930
DA:5970,462
DA:5975,930
DA:5976,462
DA:5980,462
DA:5982,930
DA:5983,108
DA:5985,930
DA:5988,1176
DA:5991,1
DA:5993,1
LF:3561
LH:3561
BRDA:3,1,0,1
BRDA:3,1,1,0
BRDA:3,2,0,1
BRDA:3,2,1,1
BRDA:20,3,0,13
BRDA:20,3,1,16
BRDA:58,4,0,48618
BRDA:58,4,1,3259
BRDA:61,5,0,23029
BRDA:61,5,1,28848
BRDA:65,6,0,6918
BRDA:65,6,1,7589
BRDA:66,7,0,13752
BRDA:66,7,1,755
BRDA:67,8,0,13752
BRDA:67,8,1,10303
BRDA:68,9,0,13752
BRDA:68,9,1,275
BRDA:69,10,0,3971
BRDA:69,10,1,9781
BRDA:69,11,0,13752
BRDA:69,11,1,9781
BRDA:77,12,0,8228
BRDA:77,12,1,6279
BRDA:77,13,0,14507
BRDA:77,13,1,13752
BRDA:77,13,2,8228
BRDA:83,14,0,2979
BRDA:83,14,1,9465
BRDA:86,15,0,3903
BRDA:86,15,1,8541
BRDA:89,16,0,320
BRDA:89,16,1,12124
BRDA:102,17,0,228
BRDA:102,17,1,948
BRDA:105,18,0,160
BRDA:105,18,1,788
BRDA:113,19,0,200
BRDA:113,19,1,38
BRDA:138,20,0,25
BRDA:138,20,1,735
BRDA:138,21,0,760
BRDA:138,21,1,70
BRDA:142,22,0,5
BRDA:142,22,1,5
BRDA:146,23,0,5
BRDA:146,23,1,20
BRDA:153,24,0,185
BRDA:153,24,1,575
BRDA:156,25,0,60
BRDA:156,25,1,150
BRDA:164,26,0,50
BRDA:164,26,1,525
BRDA:164,27,0,575
BRDA:164,27,1,520
BRDA:166,28,0,10
BRDA:166,28,1,40
BRDA:166,29,0,50
BRDA:166,29,1,50
BRDA:178,30,0,590
BRDA:178,30,1,315
BRDA:178,31,0,905
BRDA:178,31,1,905
BRDA:184,32,0,415
BRDA:184,32,1,345
BRDA:185,33,0,235
BRDA:185,33,1,180
BRDA:188,34,0,210
BRDA:188,34,1,40
BRDA:193,35,0,195
BRDA:193,35,1,220
BRDA:193,36,0,415
BRDA:193,36,1,235
BRDA:200,37,0,155
BRDA:200,37,1,35
BRDA:208,38,0,160
BRDA:208,38,1,760
BRDA:208,39,0,920
BRDA:208,39,1,170
BRDA:214,40,0,345
BRDA:214,40,1,415
BRDA:217,41,0,60
BRDA:217,41,1,700
BRDA:226,42,0,206
BRDA:226,42,1,431
BRDA:231,43,0,280
BRDA:231,43,1,357
BRDA:234,44,0,250
BRDA:234,44,1,387
BRDA:238,45,0,210
BRDA:238,45,1,427
BRDA:250,46,0,58
BRDA:250,46,1,152
BRDA:258,47,0,206
BRDA:258,47,1,22823
BRDA:260,48,0,431
BRDA:260,48,1,22392
BRDA:262,49,0,920
BRDA:262,49,1,21472
BRDA:354,50,0,755
BRDA:354,50,1,13752
BRDA:358,51,0,14507
BRDA:358,51,1,10130
BRDA:359,52,0,14507
BRDA:359,52,1,10130
BRDA:361,53,0,14507
BRDA:361,53,1,3903
BRDA:362,54,0,14507
BRDA:362,54,1,10303
BRDA:363,55,0,14507
BRDA:363,55,1,6360
BRDA:365,56,0,4
BRDA:365,56,1,14503
BRDA:365,57,0,14507
BRDA:365,57,1,5131
BRDA:365,57,2,4
BRDA:401,58,0,473
BRDA:401,58,1,14034
BRDA:401,59,0,14507
BRDA:401,59,1,14507
BRDA:460,60,0,1587
BRDA:460,60,1,932
BRDA:462,61,0,1567
BRDA:462,61,1,20
BRDA:463,62,0,924
BRDA:463,62,1,643
BRDA:464,63,0,157
BRDA:464,63,1,767
BRDA:464,64,0,61
BRDA:464,64,1,706
BRDA:464,65,0,32
BRDA:464,65,1,674
BRDA:464,66,0,4
BRDA:464,66,1,670
BRDA:464,67,0,4
BRDA:464,67,1,666
BRDA:465,68,0,164
BRDA:465,68,1,760
BRDA:466,69,0,12
BRDA:466,69,1,152
BRDA:468,70,0,56
BRDA:468,70,1,96
BRDA:468,71,0,152
BRDA:468,71,1,72
BRDA:473,72,0,4
BRDA:473,72,1,1563
BRDA:478,73,0,1535
BRDA:478,73,1,52
BRDA:478,74,0,1587
BRDA:478,74,1,1567
BRDA:497,75,0,91426
BRDA:497,75,1,31033
BRDA:501,76,0,574
BRDA:501,76,1,30447
BRDA:501,77,0,31021
BRDA:501,77,1,574
BRDA:506,78,0,431
BRDA:506,78,1,206
BRDA:509,79,0,280
BRDA:509,79,1,357
BRDA:512,80,0,250
BRDA:512,80,1,387
BRDA:542,81,0,12634
BRDA:542,81,1,17318
BRDA:548,82,0,12492
BRDA:548,82,1,17460
BRDA:560,83,0,79
BRDA:560,83,1,29873
BRDA:576,84,0,101300
BRDA:576,84,1,14235
BRDA:576,85,0,115535
BRDA:576,85,1,101300
BRDA:577,86,0,3293
BRDA:577,86,1,112242
BRDA:577,87,0,115535
BRDA:577,87,1,115535
BRDA:577,87,2,14476
BRDA:578,88,0,333
BRDA:578,88,1,2960
BRDA:583,89,0,28083
BRDA:583,89,1,87452
BRDA:583,90,0,115535
BRDA:583,90,1,31996
BRDA:590,91,0,79
BRDA:590,91,1,186
BRDA:614,92,0,36109
BRDA:614,92,1,55418
BRDA:620,93,0,35993
BRDA:620,93,1,55534
BRDA:631,94,0,36
BRDA:631,94,1,35957
BRDA:635,95,0,51240
BRDA:635,95,1,40287
BRDA:656,96,0,156
BRDA:656,96,1,43928
BRDA:656,97,0,44084
BRDA:656,97,1,44028
BRDA:662,98,0,85
BRDA:662,98,1,882
BRDA:664,99,0,10
BRDA:664,99,1,75
BRDA:664,100,0,85
BRDA:664,100,1,15
BRDA:666,101,0,5
BRDA:666,101,1,70
BRDA:666,102,0,75
BRDA:666,102,1,5
BRDA:680,103,0,4
BRDA:680,103,1,8352
BRDA:680,104,0,8356
BRDA:680,104,1,8352
BRDA:686,105,0,467186
BRDA:686,105,1,242483
BRDA:690,106,0,148004
BRDA:690,106,1,15964
BRDA:695,107,0,1147
BRDA:695,107,1,547
BRDA:699,108,0,7711
BRDA:699,108,1,14501
BRDA:703,109,0,14501
BRDA:703,109,1,12628
BRDA:703,109,2,12611
BRDA:703,109,3,12594
BRDA:703,109,4,12577
BRDA:703,109,5,12560
BRDA:703,109,6,12543
BRDA:703,109,7,12526
BRDA:703,109,8,12509
BRDA:703,109,9,12492
BRDA:703,109,10,12475
BRDA:703,109,11,12458
BRDA:703,109,12,12441
BRDA:743,110,0,4
BRDA:743,110,1,22769
BRDA:757,111,0,133233
BRDA:757,111,1,79828
BRDA:761,112,0,3836
BRDA:761,112,1,8793
BRDA:763,113,0,6739
BRDA:763,113,1,2054
BRDA:764,114,0,84
BRDA:764,114,1,6655
BRDA:764,115,0,6739
BRDA:764,115,1,939
BRDA:775,116,0,11788
BRDA:775,116,1,4734
BRDA:775,116,2,6113
BRDA:775,116,3,537
BRDA:775,116,4,253
BRDA:775,116,5,127
BRDA:775,116,6,5899
BRDA:775,116,7,1300
BRDA:775,116,8,16
BRDA:777,117,0,9
BRDA:777,117,1,11779
BRDA:777,118,0,11788
BRDA:777,118,1,21
BRDA:784,119,0,21
BRDA:784,119,1,6092
BRDA:784,120,0,6113
BRDA:784,120,1,295
BRDA:810,121,0,2361
BRDA:810,121,1,1447
BRDA:810,121,2,1646
BRDA:810,121,3,300
BRDA:810,121,4,317
BRDA:810,121,5,128
BRDA:832,122,0,148
BRDA:832,122,1,1152
BRDA:832,123,0,1300
BRDA:832,123,1,1190
BRDA:832,123,2,1156
BRDA:834,124,0,157
BRDA:834,124,1,995
BRDA:834,125,0,1152
BRDA:834,125,1,1042
BRDA:838,126,0,774
BRDA:838,126,1,221
BRDA:840,127,0,80
BRDA:840,127,1,141
BRDA:843,128,0,85
BRDA:843,128,1,56
BRDA:867,129,0,144
BRDA:867,129,1,1522
BRDA:870,130,0,93
BRDA:870,130,1,1429
BRDA:872,131,0,4
BRDA:872,131,1,89
BRDA:878,132,0,352
BRDA:878,132,1,1065
BRDA:892,133,0,10
BRDA:892,133,1,1495
BRDA:892,134,0,1505
BRDA:892,134,1,736
BRDA:895,135,0,18
BRDA:895,135,1,1487
BRDA:895,136,0,1505
BRDA:895,136,1,736
BRDA:912,137,0,240
BRDA:912,137,1,283
BRDA:912,137,2,1030
BRDA:912,137,3,1132
BRDA:912,137,4,1183
BRDA:912,137,5,1632
BRDA:912,137,6,283
BRDA:912,137,7,12
BRDA:915,138,0,13
BRDA:915,138,1,270
BRDA:915,139,0,283
BRDA:915,139,1,38
BRDA:928,140,0,271
BRDA:928,140,1,12
BRDA:941,141,0,1679
BRDA:941,141,1,1493
BRDA:941,141,2,1463
BRDA:941,141,3,186
BRDA:944,142,0,266
BRDA:944,142,1,887
BRDA:945,143,0,48
BRDA:945,143,1,218
BRDA:961,144,0,1626
BRDA:961,144,1,558
BRDA:964,145,0,127
BRDA:964,145,1,431
BRDA:971,146,0,305
BRDA:971,146,1,1851
BRDA:971,147,0,2156
BRDA:971,147,1,1626
BRDA:971,147,2,351
BRDA:975,148,0,268
BRDA:975,148,1,1583
BRDA:975,149,0,1851
BRDA:975,149,1,1321
BRDA:975,149,2,314
BRDA:979,150,0,123
BRDA:979,150,1,1460
BRDA:979,151,0,1583
BRDA:979,151,1,246
BRDA:979,151,2,127
BRDA:985,152,0,4
BRDA:985,152,1,1456
BRDA:988,153,0,982
BRDA:988,153,1,478
BRDA:989,154,0,880
BRDA:989,154,1,102
BRDA:994,155,0,197
BRDA:994,155,1,281
BRDA:997,156,0,273
BRDA:997,156,1,8
BRDA:1000,157,0,89
BRDA:1000,157,1,172
BRDA:1023,158,0,712
BRDA:1023,158,1,1352
BRDA:1041,159,0,8
BRDA:1041,159,1,51
BRDA:1067,160,0,2472
BRDA:1067,160,1,2642
BRDA:1067,160,2,2659
BRDA:1067,160,3,2744
BRDA:1067,160,4,89
BRDA:1067,160,5,960
BRDA:1067,160,6,170
BRDA:1067,160,7,140
BRDA:1067,160,8,23
BRDA:1079,161,0,1138
BRDA:1079,161,1,85
BRDA:1101,162,0,84
BRDA:1101,162,1,2277
BRDA:1103,163,0,12
BRDA:1103,163,1,72
BRDA:1113,164,0,25
BRDA:1113,164,1,2252
BRDA:1116,165,0,4
BRDA:1116,165,1,17
BRDA:1127,166,0,184
BRDA:1127,166,1,1795
BRDA:1132,167,0,155
BRDA:1132,167,1,226
BRDA:1136,168,0,29
BRDA:1136,168,1,197
BRDA:1137,169,0,4
BRDA:1137,169,1,25
BRDA:1142,170,0,4
BRDA:1142,170,1,17
BRDA:1156,171,0,17
BRDA:1156,171,1,197
BRDA:1160,172,0,155
BRDA:1160,172,1,17
BRDA:1164,173,0,1950
BRDA:1164,173,1,17
BRDA:1166,174,0,543
BRDA:1166,174,1,1399
BRDA:1167,175,0,17
BRDA:1167,175,1,526
BRDA:1167,176,0,543
BRDA:1167,176,1,173
BRDA:1170,177,0,526
BRDA:1170,177,1,17
BRDA:1171,178,0,36
BRDA:1171,178,1,490
BRDA:1174,179,0,126
BRDA:1174,179,1,364
BRDA:1181,180,0,126
BRDA:1181,180,1,364
BRDA:1198,181,0,600
BRDA:1198,181,1,791
BRDA:1200,182,0,254
BRDA:1200,182,1,601
BRDA:1202,183,0,572
BRDA:1202,183,1,255
BRDA:1212,184,0,1651
BRDA:1212,184,1,889
BRDA:1212,184,2,63
BRDA:1212,184,3,29
BRDA:1217,185,0,4
BRDA:1217,185,1,1583
BRDA:1226,186,0,114
BRDA:1226,186,1,360
BRDA:1228,187,0,102
BRDA:1228,187,1,12
BRDA:1228,188,0,114
BRDA:1228,188,1,110
BRDA:1228,188,2,106
BRDA:1236,189,0,203
BRDA:1236,189,1,153
BRDA:1246,190,0,89
BRDA:1246,190,1,26520
BRDA:1246,191,0,26609
BRDA:1246,191,1,93
BRDA:1250,192,0,4
BRDA:1250,192,1,85
BRDA:1250,193,0,89
BRDA:1250,193,1,55
BRDA:1250,193,2,21
BRDA:1254,194,0,406
BRDA:1254,194,1,26114
BRDA:1257,195,0,531
BRDA:1257,195,1,27032
BRDA:1262,196,0,1188
BRDA:1262,196,1,25844
BRDA:1266,197,0,229
BRDA:1266,197,1,25615
BRDA:1273,198,0,55
BRDA:1273,198,1,25560
BRDA:1273,199,0,25615
BRDA:1273,199,1,106
BRDA:1286,200,0,4
BRDA:1286,200,1,17
BRDA:1286,201,0,21
BRDA:1286,201,1,21
BRDA:1293,202,0,21
BRDA:1293,202,1,339
BRDA:1293,203,0,360
BRDA:1293,203,1,21
BRDA:1293,204,0,68
BRDA:1293,204,1,271
BRDA:1295,205,0,17
BRDA:1295,205,1,407
BRDA:1300,206,0,34
BRDA:1300,206,1,373
BRDA:1304,207,0,17
BRDA:1304,207,1,356
BRDA:1304,208,0,373
BRDA:1304,208,1,17
BRDA:1317,209,0,282
BRDA:1317,209,1,26431
BRDA:1317,210,0,26713
BRDA:1317,210,1,26572
BRDA:1321,211,0,26
BRDA:1321,211,1,256
BRDA:1321,212,0,282
BRDA:1321,212,1,26
BRDA:1321,212,2,26
BRDA:1324,213,0,13
BRDA:1324,213,1,253
BRDA:1331,214,0,17473
BRDA:1331,214,1,7909
BRDA:1331,215,0,25382
BRDA:1331,215,1,23608
BRDA:1332,216,0,277
BRDA:1332,216,1,17196
BRDA:1332,217,0,17473
BRDA:1332,217,1,17332
BRDA:1333,218,0,26
BRDA:1333,218,1,251
BRDA:1333,219,0,277
BRDA:1333,219,1,26
BRDA:1333,219,2,26
BRDA:1336,220,0,13
BRDA:1336,220,1,248
BRDA:1350,221,0,177
BRDA:1350,221,1,26840
BRDA:1350,222,0,27017
BRDA:1350,222,1,26971
BRDA:1350,222,2,26916
BRDA:1350,222,3,26878
BRDA:1356,223,0,127
BRDA:1356,223,1,26713
BRDA:1356,224,0,26840
BRDA:1356,224,1,26789
BRDA:1356,224,2,26751
BRDA:1361,225,0,13
BRDA:1361,225,1,114
BRDA:1361,226,0,127
BRDA:1361,226,1,13
BRDA:1361,226,2,13
BRDA:1372,227,0,255
BRDA:1372,227,1,25071
BRDA:1372,228,0,25326
BRDA:1372,228,1,25030
BRDA:1390,229,0,17305
BRDA:1390,229,1,7766
BRDA:1391,230,0,17305
BRDA:1391,230,1,15334
BRDA:1392,231,0,327
BRDA:1392,231,1,7439
BRDA:1393,232,0,106
BRDA:1393,232,1,221
BRDA:1393,233,0,327
BRDA:1393,233,1,310
BRDA:1393,233,2,106
BRDA:1404,234,0,1465
BRDA:1404,234,1,21545
BRDA:1421,235,0,1449
BRDA:1421,235,1,612
BRDA:1425,236,0,952
BRDA:1425,236,1,612
BRDA:1455,237,0,51
BRDA:1455,237,1,22943
BRDA:1467,238,0,734
BRDA:1467,238,1,55
BRDA:1467,238,2,85
BRDA:1467,238,3,433
BRDA:1467,238,4,8
BRDA:1467,238,5,51
BRDA:1478,239,0,441
BRDA:1478,239,1,34
BRDA:1494,240,0,182
BRDA:1494,240,1,596
BRDA:1494,240,2,4
BRDA:1506,241,0,89
BRDA:1506,241,1,785
BRDA:1507,242,0,21
BRDA:1507,242,1,68
BRDA:1508,243,0,4
BRDA:1508,243,1,17
BRDA:1519,244,0,104
BRDA:1519,244,1,670
BRDA:1519,245,0,774
BRDA:1519,245,1,729
BRDA:1522,246,0,8
BRDA:1522,246,1,103
BRDA:1527,247,0,16
BRDA:1527,247,1,750
BRDA:1528,248,0,4
BRDA:1528,248,1,12
BRDA:1540,249,0,292
BRDA:1540,249,1,24099
BRDA:1540,250,0,24391
BRDA:1540,250,1,718
BRDA:1546,251,0,782
BRDA:1546,251,1,22212
BRDA:1546,252,0,22994
BRDA:1546,252,1,22398
BRDA:1548,253,0,750
BRDA:1548,253,1,4
BRDA:1549,254,0,4
BRDA:1549,254,1,746
BRDA:1558,255,0,178
BRDA:1558,255,1,568
BRDA:1560,256,0,8
BRDA:1560,256,1,734
BRDA:1560,257,0,742
BRDA:1560,257,1,45
BRDA:1563,258,0,20
BRDA:1563,258,1,714
BRDA:1563,259,0,734
BRDA:1563,259,1,37
BRDA:1569,260,0,2077
BRDA:1569,260,1,20135
BRDA:1570,261,0,46
BRDA:1570,261,1,2031
BRDA:1573,262,0,81
BRDA:1573,262,1,1960
BRDA:1573,263,0,2041
BRDA:1573,263,1,81
BRDA:1575,264,0,22
BRDA:1575,264,1,59
BRDA:1578,265,0,28
BRDA:1578,265,1,41
BRDA:1582,266,0,204
BRDA:1582,266,1,1797
BRDA:1599,267,0,51
BRDA:1599,267,1,12012
BRDA:1603,268,0,34
BRDA:1603,268,1,68
BRDA:1616,269,0,7799
BRDA:1616,269,1,8910
BRDA:1617,270,0,313
BRDA:1617,270,1,194
BRDA:1617,270,2,95
BRDA:1617,270,3,1378
BRDA:1617,270,4,582
BRDA:1617,270,5,444
BRDA:1617,270,6,4793
BRDA:1619,271,0,33
BRDA:1619,271,1,280
BRDA:1625,272,0,18
BRDA:1625,272,1,176
BRDA:1640,273,0,389
BRDA:1640,273,1,55
BRDA:1656,274,0,1382
BRDA:1656,274,1,1169
BRDA:1670,275,0,29
BRDA:1670,275,1,799
BRDA:1670,276,0,828
BRDA:1670,276,1,29
BRDA:1671,277,0,5
BRDA:1671,277,1,24
BRDA:1676,278,0,204
BRDA:1676,278,1,624
BRDA:1677,279,0,153
BRDA:1677,279,1,51
BRDA:1677,280,0,204
BRDA:1677,280,1,187
BRDA:1681,281,0,364
BRDA:1681,281,1,260
BRDA:1681,282,0,624
BRDA:1681,282,1,439
BRDA:1681,282,2,433
BRDA:1702,283,0,444
BRDA:1702,283,1,279
BRDA:1702,283,2,250
BRDA:1702,283,3,152
BRDA:1702,283,4,123
BRDA:1702,283,5,84
BRDA:1702,283,6,29
BRDA:1702,283,7,80
BRDA:1702,283,8,25
BRDA:1724,284,0,34
BRDA:1724,284,1,415
BRDA:1728,285,0,31
BRDA:1728,285,1,384
BRDA:1734,286,0,155
BRDA:1734,286,1,221
BRDA:1749,287,0,327
BRDA:1749,287,1,106
BRDA:1753,288,0,34
BRDA:1753,288,1,293
BRDA:1758,289,0,179
BRDA:1758,289,1,114
BRDA:1780,290,0,191
BRDA:1780,290,1,230
BRDA:1789,291,0,421
BRDA:1789,291,1,4365
BRDA:1791,292,0,365
BRDA:1791,292,1,4000
BRDA:1794,293,0,60
BRDA:1794,293,1,3940
BRDA:1794,294,0,4000
BRDA:1794,294,1,98
BRDA:1794,294,2,74
BRDA:1805,295,0,216
BRDA:1805,295,1,1503
BRDA:1819,296,0,254
BRDA:1819,296,1,6730
BRDA:1819,297,0,6984
BRDA:1819,297,1,362
BRDA:1820,298,0,40
BRDA:1820,298,1,214
BRDA:1823,299,0,40
BRDA:1823,299,1,174
BRDA:1826,300,0,252
BRDA:1826,300,1,6478
BRDA:1827,301,0,46
BRDA:1827,301,1,206
BRDA:1827,302,0,252
BRDA:1827,302,1,70
BRDA:1827,302,2,58
BRDA:1830,303,0,172
BRDA:1830,303,1,34
BRDA:1830,304,0,206
BRDA:1830,304,1,182
BRDA:1830,304,2,34
BRDA:1834,305,0,8
BRDA:1834,305,1,6470
BRDA:1834,306,0,6478
BRDA:1834,306,1,260
BRDA:1834,306,2,260
BRDA:1844,307,0,110
BRDA:1844,307,1,1611
BRDA:1844,308,0,1721
BRDA:1844,308,1,127
BRDA:1845,309,0,18
BRDA:1845,309,1,92
BRDA:1850,310,0,1043
BRDA:1850,310,1,670
BRDA:1853,311,0,4
BRDA:1853,311,1,666
BRDA:1853,312,0,670
BRDA:1853,312,1,72
BRDA:1896,313,0,5
BRDA:1896,313,1,220
BRDA:1896,314,0,225
BRDA:1896,314,1,5
BRDA:1902,315,0,72
BRDA:1902,315,1,136
BRDA:1920,316,0,17
BRDA:1920,316,1,85
BRDA:1932,317,0,5
BRDA:1932,317,1,406
BRDA:1932,318,0,411
BRDA:1932,318,1,5
BRDA:1954,319,0,55
BRDA:1954,319,1,816
BRDA:1957,320,0,225
BRDA:1957,320,1,591
BRDA:1964,321,0,119
BRDA:1964,321,1,106
BRDA:1964,322,0,225
BRDA:1964,322,1,204
BRDA:1969,323,0,51
BRDA:1969,323,1,55
BRDA:1969,324,0,106
BRDA:1969,324,1,85
BRDA:1969,324,2,51
BRDA:1979,325,0,293
BRDA:1979,325,1,298
BRDA:1979,326,0,591
BRDA:1979,326,1,512
BRDA:1982,327,0,17
BRDA:1982,327,1,276
BRDA:1982,328,0,293
BRDA:1982,328,1,281
BRDA:1991,329,0,51
BRDA:1991,329,1,169
BRDA:1991,330,0,220
BRDA:1991,330,1,220
BRDA:1991,330,2,170
BRDA:1996,331,0,85
BRDA:1996,331,1,84
BRDA:1996,332,0,169
BRDA:1996,332,1,169
BRDA:1996,332,2,119
BRDA:2013,333,0,128
BRDA:2013,333,1,170
BRDA:2014,334,0,17
BRDA:2014,334,1,111
BRDA:2021,335,0,81
BRDA:2021,335,1,89
BRDA:2022,336,0,4
BRDA:2022,336,1,77
BRDA:2031,337,0,17
BRDA:2031,337,1,72
BRDA:2043,338,0,247
BRDA:2043,338,1,508
BRDA:2044,339,0,56
BRDA:2044,339,1,191
BRDA:2048,340,0,39
BRDA:2048,340,1,208
BRDA:2053,341,0,15
BRDA:2053,341,1,740
BRDA:2053,342,0,755
BRDA:2053,342,1,15
BRDA:2062,343,0,243
BRDA:2062,343,1,508
BRDA:2062,344,0,299
BRDA:2062,344,1,209
BRDA:2069,345,0,59
BRDA:2069,345,1,105
BRDA:2069,346,0,164
BRDA:2069,346,1,110
BRDA:2072,347,0,8
BRDA:2072,347,1,51
BRDA:2077,348,0,16
BRDA:2077,348,1,136
BRDA:2077,349,0,152
BRDA:2077,349,1,101
BRDA:2087,350,0,93
BRDA:2087,350,1,169
BRDA:2087,351,0,262
BRDA:2087,351,1,144
BRDA:2090,352,0,8
BRDA:2090,352,1,85
BRDA:2095,353,0,12
BRDA:2095,353,1,238
BRDA:2095,354,0,250
BRDA:2095,354,1,165
BRDA:2095,354,2,80
BRDA:2102,355,0,9
BRDA:2102,355,1,225
BRDA:2107,356,0,230
BRDA:2107,356,1,196
BRDA:2107,356,2,179
BRDA:2107,356,3,128
BRDA:2108,357,0,123
BRDA:2108,357,1,107
BRDA:2114,358,0,13
BRDA:2114,358,1,89
BRDA:2129,359,0,29
BRDA:2129,359,1,85
BRDA:2139,360,0,110
BRDA:2139,360,1,157
BRDA:2139,361,0,267
BRDA:2139,361,1,178
BRDA:2139,361,2,157
BRDA:2158,362,0,102
BRDA:2158,362,1,114
BRDA:2162,363,0,25
BRDA:2162,363,1,85
BRDA:2163,364,0,4
BRDA:2163,364,1,21
BRDA:2178,365,0,202
BRDA:2178,365,1,4371
BRDA:2178,366,0,4573
BRDA:2178,366,1,638
BRDA:2182,367,0,8
BRDA:2182,367,1,194
BRDA:2199,368,0,4
BRDA:2199,368,1,110
BRDA:2211,369,0,4
BRDA:2211,369,1,250
BRDA:2218,370,0,4
BRDA:2218,370,1,268
BRDA:2223,371,0,35
BRDA:2223,371,1,195
BRDA:2223,372,0,230
BRDA:2223,372,1,35
BRDA:2224,373,0,18
BRDA:2224,373,1,17
BRDA:2240,374,0,254
BRDA:2240,374,1,21
BRDA:2241,375,0,34
BRDA:2241,375,1,201
BRDA:2242,376,0,4
BRDA:2242,376,1,231
BRDA:2242,377,0,235
BRDA:2242,377,1,21
BRDA:2258,378,0,25
BRDA:2258,378,1,42
BRDA:2258,378,2,1232
BRDA:2258,378,3,1232
BRDA:2258,378,4,1325
BRDA:2258,378,5,1325
BRDA:2258,378,6,4455
BRDA:2258,378,7,4681
BRDA:2258,378,8,5097
BRDA:2258,378,9,36
BRDA:2269,379,0,911
BRDA:2269,379,1,3544
BRDA:2271,380,0,2044
BRDA:2271,380,1,1500
BRDA:2273,381,0,629
BRDA:2273,381,1,871
BRDA:2283,382,0,262
BRDA:2283,382,1,164
BRDA:2283,382,2,34
BRDA:2283,382,3,110
BRDA:2283,382,4,871
BRDA:2283,382,5,17
BRDA:2283,382,6,229
BRDA:2283,382,7,234
BRDA:2283,382,8,114
BRDA:2283,382,9,114
BRDA:2283,382,10,275
BRDA:2283,382,11,1352
BRDA:2283,382,12,411
BRDA:2283,382,13,102
BRDA:2283,382,14,808
BRDA:2349,383,0,3388
BRDA:2349,383,1,1604
BRDA:2360,384,0,219
BRDA:2360,384,1,1589
BRDA:2361,385,0,70
BRDA:2361,385,1,149
BRDA:2365,386,0,41
BRDA:2365,386,1,178
BRDA:2369,387,0,1564
BRDA:2369,387,1,25
BRDA:2370,388,0,102
BRDA:2370,388,1,1462
BRDA:2373,389,0,80
BRDA:2373,389,1,1382
BRDA:2376,390,0,59
BRDA:2376,390,1,1323
BRDA:2382,391,0,1808
BRDA:2382,391,1,0
BRDA:2395,392,0,4
BRDA:2395,392,1,172
BRDA:2398,393,0,4
BRDA:2398,393,1,152
BRDA:2401,394,0,8
BRDA:2401,394,1,144
BRDA:2410,395,0,126
BRDA:2410,395,1,1171
BRDA:2429,396,0,690
BRDA:2429,396,1,2291
BRDA:2432,397,0,626
BRDA:2432,397,1,310
BRDA:2450,398,0,361
BRDA:2450,398,1,1054
BRDA:2456,399,0,1407
BRDA:2456,399,1,8
BRDA:2456,400,0,1415
BRDA:2456,400,1,20
BRDA:2459,401,0,125
BRDA:2459,401,1,1222
BRDA:2460,402,0,18
BRDA:2460,402,1,107
BRDA:2464,403,0,67
BRDA:2464,403,1,1155
BRDA:2467,404,0,42
BRDA:2467,404,1,1113
BRDA:2479,405,0,109
BRDA:2479,405,1,1194
BRDA:2484,406,0,44
BRDA:2484,406,1,991
BRDA:2484,407,0,1035
BRDA:2484,407,1,219
BRDA:2487,408,0,55
BRDA:2487,408,1,936
BRDA:2487,409,0,991
BRDA:2487,409,1,175
BRDA:2497,410,0,133
BRDA:2497,410,1,641
BRDA:2505,411,0,188
BRDA:2505,411,1,586
BRDA:2507,412,0,38
BRDA:2507,412,1,150
BRDA:2507,413,0,188
BRDA:2507,413,1,134
BRDA:2507,413,2,130
BRDA:2508,414,0,50
BRDA:2508,414,1,130
BRDA:2509,415,0,22
BRDA:2509,415,1,28
BRDA:2513,416,0,42
BRDA:2513,416,1,88
BRDA:2516,417,0,42
BRDA:2516,417,1,46
BRDA:2526,418,0,86
BRDA:2526,418,1,652
BRDA:2531,419,0,24
BRDA:2531,419,1,646
BRDA:2531,420,0,670
BRDA:2531,420,1,84
BRDA:2534,421,0,27
BRDA:2534,421,1,619
BRDA:2534,422,0,646
BRDA:2534,422,1,60
BRDA:2545,423,0,1164
BRDA:2545,423,1,34
BRDA:2549,424,0,1160
BRDA:2549,424,1,34
BRDA:2556,425,0,17909
BRDA:2556,425,1,1206
BRDA:2562,426,0,34
BRDA:2562,426,1,1160
BRDA:2565,427,0,777
BRDA:2565,427,1,383
BRDA:2567,428,0,22
BRDA:2567,428,1,755
BRDA:2571,429,0,107
BRDA:2571,429,1,276
BRDA:2571,430,0,383
BRDA:2571,430,1,379
BRDA:2580,431,0,666
BRDA:2580,431,1,704
BRDA:2580,431,2,772
BRDA:2580,431,3,806
BRDA:2580,431,4,840
BRDA:2580,431,5,920
BRDA:2580,431,6,2142
BRDA:2618,432,0,9
BRDA:2618,432,1,297
BRDA:2642,433,0,275
BRDA:2642,433,1,17
BRDA:2645,434,0,89
BRDA:2645,434,1,186
BRDA:2649,435,0,110
BRDA:2649,435,1,76
BRDA:2649,436,0,186
BRDA:2649,436,1,169
BRDA:2649,436,2,135
BRDA:2649,436,3,110
BRDA:2666,437,0,4
BRDA:2666,437,1,664
BRDA:2672,438,0,237
BRDA:2672,438,1,419
BRDA:2672,439,0,656
BRDA:2672,439,1,254
BRDA:2672,439,2,51
BRDA:2676,440,0,34
BRDA:2676,440,1,203
BRDA:2684,441,0,470
BRDA:2684,441,1,186
BRDA:2685,442,0,38
BRDA:2685,442,1,432
BRDA:2685,443,0,470
BRDA:2685,443,1,38
BRDA:2689,444,0,38
BRDA:2689,444,1,394
BRDA:2689,445,0,432
BRDA:2689,445,1,38
BRDA:2694,446,0,34
BRDA:2694,446,1,152
BRDA:2694,447,0,186
BRDA:2694,447,1,123
BRDA:2694,447,2,38
BRDA:2700,448,0,530
BRDA:2700,448,1,126
BRDA:2700,449,0,656
BRDA:2700,449,1,546
BRDA:2700,449,2,542
BRDA:2705,450,0,16
BRDA:2705,450,1,628
BRDA:2708,451,0,552
BRDA:2708,451,1,76
BRDA:2711,452,0,526
BRDA:2711,452,1,102
BRDA:2712,453,0,8
BRDA:2712,453,1,518
BRDA:2712,454,0,526
BRDA:2712,454,1,144
BRDA:2715,455,0,84
BRDA:2715,455,1,434
BRDA:2715,456,0,518
BRDA:2715,456,1,382
BRDA:2716,457,0,8
BRDA:2716,457,1,76
BRDA:2716,458,0,84
BRDA:2716,458,1,76
BRDA:2716,458,2,76
BRDA:2719,459,0,4
BRDA:2719,459,1,72
BRDA:2734,460,0,255
BRDA:2734,460,1,668
BRDA:2755,461,0,127
BRDA:2755,461,1,443
BRDA:2766,462,0,51
BRDA:2766,462,1,42
BRDA:2768,463,0,51
BRDA:2768,463,1,42
BRDA:2788,464,0,8
BRDA:2788,464,1,176
BRDA:2800,465,0,36
BRDA:2800,465,1,80
BRDA:2814,466,0,36
BRDA:2814,466,1,80
BRDA:2831,467,0,4
BRDA:2831,467,1,20
BRDA:2839,468,0,4
BRDA:2839,468,1,172
BRDA:2846,469,0,8
BRDA:2846,469,1,164
BRDA:2850,470,0,84
BRDA:2850,470,1,80
BRDA:2853,471,0,16
BRDA:2853,471,1,64
BRDA:2856,472,0,60
BRDA:2856,472,1,4
BRDA:2856,473,0,64
BRDA:2856,473,1,64
BRDA:2859,474,0,24
BRDA:2859,474,1,36
BRDA:2861,475,0,8
BRDA:2861,475,1,16
BRDA:2864,476,0,12
BRDA:2864,476,1,4
BRDA:2874,477,0,36
BRDA:2874,477,1,116
BRDA:2875,478,0,24
BRDA:2875,478,1,12
BRDA:2887,479,0,16
BRDA:2887,479,1,132
BRDA:2889,480,0,48
BRDA:2889,480,1,100
BRDA:2896,481,0,4
BRDA:2896,481,1,276
BRDA:2902,482,0,76
BRDA:2902,482,1,200
BRDA:2905,483,0,20
BRDA:2905,483,1,56
BRDA:2910,484,0,8
BRDA:2910,484,1,48
BRDA:2916,485,0,4
BRDA:2916,485,1,44
BRDA:2922,486,0,8
BRDA:2922,486,1,36
BRDA:2922,487,0,8
BRDA:2922,487,1,28
BRDA:2926,488,0,16
BRDA:2926,488,1,184
BRDA:2929,489,0,8
BRDA:2929,489,1,8
BRDA:2930,490,0,4
BRDA:2930,490,1,4
BRDA:2937,491,0,68
BRDA:2937,491,1,116
BRDA:2940,492,0,8
BRDA:2940,492,1,16
BRDA:2940,492,2,32
BRDA:2940,492,3,32
BRDA:2940,492,4,48
BRDA:2940,492,5,4
BRDA:2960,493,0,148
BRDA:2960,493,1,148
BRDA:2962,494,0,48
BRDA:2962,494,1,100
BRDA:2967,495,0,52
BRDA:2967,495,1,64
BRDA:2973,496,0,8
BRDA:2973,496,1,56
BRDA:2975,497,0,4
BRDA:2975,497,1,4
BRDA:2994,498,0,0
BRDA:2994,498,1,444
BRDA:3067,499,0,250
BRDA:3067,499,1,372
BRDA:3080,500,0,2452
BRDA:3080,500,1,0
BRDA:3080,501,0,2452
BRDA:3080,501,1,2452
BRDA:3103,502,0,130
BRDA:3103,502,1,256
BRDA:3127,503,0,1
BRDA:3127,503,1,1
BRDA:3160,504,0,14713
BRDA:3160,504,1,41
BRDA:3170,505,0,256
BRDA:3170,505,1,71
BRDA:3184,506,0,212
BRDA:3184,506,1,237
BRDA:3198,507,0,245
BRDA:3198,507,1,3811
BRDA:3199,508,0,104
BRDA:3199,508,1,141
BRDA:3218,509,0,4
BRDA:3218,509,1,241
BRDA:3218,510,0,245
BRDA:3218,510,1,8
BRDA:3226,511,0,108
BRDA:3226,511,1,96
BRDA:3251,512,0,455
BRDA:3251,512,1,534
BRDA:3264,513,0,394
BRDA:3264,513,1,11169
BRDA:3265,514,0,21
BRDA:3265,514,1,373
BRDA:3265,515,0,394
BRDA:3265,515,1,46
BRDA:3271,516,0,1127
BRDA:3271,516,1,10042
BRDA:3273,517,0,940
BRDA:3273,517,1,187
BRDA:3275,518,0,433
BRDA:3275,518,1,507
BRDA:3302,519,0,22
BRDA:3302,519,1,27
BRDA:3327,520,0,31783
BRDA:3327,520,1,95425
BRDA:3333,521,0,47170
BRDA:3333,521,1,121183
BRDA:3335,522,0,5750
BRDA:3335,522,1,115433
BRDA:3337,523,0,12
BRDA:3337,523,1,5738
BRDA:3337,524,0,5750
BRDA:3337,524,1,41
BRDA:3343,525,0,3019
BRDA:3343,525,1,112414
BRDA:3345,526,0,330
BRDA:3345,526,1,2689
BRDA:3348,527,0,149
BRDA:3348,527,1,181
BRDA:3351,528,0,989
BRDA:3351,528,1,1700
BRDA:3354,529,0,443
BRDA:3354,529,1,522
BRDA:3360,530,0,166
BRDA:3360,530,1,112248
BRDA:3360,531,0,112414
BRDA:3360,531,1,16728
BRDA:3362,532,0,68
BRDA:3362,532,1,98
BRDA:3362,533,0,166
BRDA:3362,533,1,145
BRDA:3366,534,0,36
BRDA:3366,534,1,32
BRDA:3372,535,0,2341
BRDA:3372,535,1,109907
BRDA:3373,536,0,51
BRDA:3373,536,1,2290
BRDA:3377,537,0,27
BRDA:3377,537,1,24
BRDA:3392,538,0,8
BRDA:3392,538,1,8
BRDA:3392,538,2,8
BRDA:3392,538,3,12
BRDA:3392,538,4,152
BRDA:3404,539,0,12
BRDA:3404,539,1,44
BRDA:3404,539,2,76
BRDA:3404,539,3,88
BRDA:3404,539,4,100
BRDA:3404,539,5,112
BRDA:3404,539,6,439
BRDA:3404,539,7,603
BRDA:3404,539,8,627
BRDA:3404,539,9,5570
BRDA:3421,540,0,3617
BRDA:3421,540,1,3341
BRDA:3426,541,0,1641
BRDA:3426,541,1,6457
BRDA:3426,541,2,2688
BRDA:3426,541,3,4253
BRDA:3426,541,4,1839
BRDA:3426,541,5,851
BRDA:3426,541,6,2812
BRDA:3426,541,7,93
BRDA:3426,541,8,1061
BRDA:3428,542,0,1641
BRDA:3428,542,1,1308
BRDA:3428,542,2,871
BRDA:3430,543,0,6457
BRDA:3430,543,1,4868
BRDA:3430,543,2,3997
BRDA:3430,543,3,3523
BRDA:3430,543,4,3248
BRDA:3432,544,0,2688
BRDA:3432,544,1,2596
BRDA:3432,544,2,2524
BRDA:3432,544,3,2439
BRDA:3432,544,4,2389
BRDA:3432,544,5,2275
BRDA:3434,545,0,4253
BRDA:3434,545,1,3736
BRDA:3434,545,2,3474
BRDA:3434,545,3,3220
BRDA:3434,545,4,3106
BRDA:3434,545,5,2912
BRDA:3434,545,6,1961
BRDA:3434,545,7,1286
BRDA:3436,546,0,1839
BRDA:3436,546,1,1605
BRDA:3436,546,2,1567
BRDA:3436,546,3,1516
BRDA:3436,546,4,1402
BRDA:3436,546,5,1089
BRDA:3438,547,0,851
BRDA:3438,547,1,682
BRDA:3438,547,2,648
BRDA:3440,548,0,2812
BRDA:3440,548,1,575
BRDA:3440,548,2,411
BRDA:3450,549,0,144
BRDA:3450,549,1,770
BRDA:3450,550,0,914
BRDA:3450,550,1,144
BRDA:3452,551,0,140
BRDA:3452,551,1,4
BRDA:3452,552,0,144
BRDA:3452,552,1,140
BRDA:3461,553,0,197
BRDA:3461,553,1,63
BRDA:3464,554,0,727
BRDA:3464,554,1,65
BRDA:3464,555,0,792
BRDA:3464,555,1,780
BRDA:3477,556,0,4
BRDA:3477,556,1,301
BRDA:3482,557,0,301
BRDA:3482,557,1,1289
BRDA:3487,558,0,12
BRDA:3487,558,1,289
BRDA:3487,559,0,301
BRDA:3487,559,1,297
BRDA:3497,560,0,84
BRDA:3497,560,1,117545
BRDA:3501,561,0,68
BRDA:3501,561,1,117477
BRDA:3501,562,0,117545
BRDA:3501,562,1,68
BRDA:3506,563,0,83141
BRDA:3506,563,1,34336
BRDA:3521,564,0,160
BRDA:3521,564,1,152
BRDA:3522,565,0,8
BRDA:3522,565,1,152
BRDA:3526,566,0,85
BRDA:3526,566,1,67
BRDA:3532,567,0,16
BRDA:3532,567,1,51
BRDA:3532,568,0,67
BRDA:3532,568,1,63
BRDA:3532,568,2,59
BRDA:3540,569,0,221
BRDA:3540,569,1,322
BRDA:3547,570,0,135
BRDA:3547,570,1,187
BRDA:3549,571,0,4
BRDA:3549,571,1,131
BRDA:3553,572,0,85
BRDA:3553,572,1,46
BRDA:3559,573,0,12
BRDA:3559,573,1,34
BRDA:3559,574,0,46
BRDA:3559,574,1,42
BRDA:3559,574,2,38
BRDA:3573,575,0,119
BRDA:3573,575,1,89
BRDA:3573,576,0,208
BRDA:3573,576,1,208
BRDA:3577,577,0,68
BRDA:3577,577,1,51
BRDA:3577,578,0,119
BRDA:3577,578,1,85
BRDA:3577,578,2,85
BRDA:3592,579,0,160
BRDA:3592,579,1,36123
BRDA:3595,580,0,14548
BRDA:3595,580,1,21695
BRDA:3597,581,0,12275
BRDA:3597,581,1,9420
BRDA:3599,582,0,337
BRDA:3599,582,1,9083
BRDA:3601,583,0,725
BRDA:3601,583,1,8358
BRDA:3601,584,0,9083
BRDA:3601,584,1,8524
BRDA:3627,585,0,9641
BRDA:3627,585,1,17987
BRDA:3627,585,2,1310
BRDA:3627,585,3,7802
BRDA:3627,585,4,9135
BRDA:3627,585,5,14500
BRDA:3627,585,6,17446
BRDA:3627,585,7,20017
BRDA:3627,585,8,22454
BRDA:3627,585,9,24031
BRDA:3627,585,10,24086
BRDA:3627,585,11,24124
BRDA:3627,585,12,9452
BRDA:3630,586,0,8346
BRDA:3630,586,1,9641
BRDA:3637,587,0,574
BRDA:3637,587,1,736
BRDA:3637,588,0,1310
BRDA:3637,588,1,586
BRDA:3660,589,0,17
BRDA:3660,589,1,9435
BRDA:3665,590,0,119
BRDA:3665,590,1,9316
BRDA:3665,591,0,9435
BRDA:3665,591,1,9418
BRDA:3665,591,2,9401
BRDA:3665,591,3,9367
BRDA:3665,591,4,9350
BRDA:3665,591,5,9333
BRDA:3670,592,0,2191
BRDA:3670,592,1,7125
BRDA:3670,593,0,9316
BRDA:3670,593,1,9214
BRDA:3670,593,2,9112
BRDA:3670,593,3,9078
BRDA:3670,593,4,9061
BRDA:3670,593,5,9044
BRDA:3670,593,6,9027
BRDA:3670,593,7,9010
BRDA:3670,593,8,8976
BRDA:3670,593,9,8694
BRDA:3670,593,10,8417
BRDA:3670,593,11,8349
BRDA:3670,593,12,8332
BRDA:3670,593,13,8315
BRDA:3670,593,14,8298
BRDA:3670,593,15,8281
BRDA:3670,593,16,8264
BRDA:3670,593,17,8243
BRDA:3670,593,18,8226
BRDA:3670,593,19,7408
BRDA:3675,594,0,7101
BRDA:3675,594,1,24
BRDA:3682,595,0,24
BRDA:3682,595,1,60651
BRDA:3694,596,0,21
BRDA:3694,596,1,293
BRDA:3699,597,0,4
BRDA:3699,597,1,140
BRDA:3702,598,0,4
BRDA:3702,598,1,136
BRDA:3720,599,0,32
BRDA:3720,599,1,160
BRDA:3720,600,0,192
BRDA:3720,600,1,124
BRDA:3725,601,0,16
BRDA:3725,601,1,126
BRDA:3729,602,0,24
BRDA:3729,602,1,102
BRDA:3732,603,0,24
BRDA:3732,603,1,0
BRDA:3732,604,0,24
BRDA:3732,604,1,16
BRDA:3749,605,0,111
BRDA:3749,605,1,134
BRDA:3755,606,0,80
BRDA:3755,606,1,315
BRDA:3760,607,0,16
BRDA:3760,607,1,229
BRDA:3760,608,0,245
BRDA:3760,608,1,134
BRDA:3764,609,0,20
BRDA:3764,609,1,209
BRDA:3764,610,0,229
BRDA:3764,610,1,217
BRDA:3783,611,0,17
BRDA:3783,611,1,108
BRDA:3783,612,0,125
BRDA:3783,612,1,108
BRDA:3786,613,0,22
BRDA:3786,613,1,86
BRDA:3797,614,0,4978
BRDA:3797,614,1,51
BRDA:3804,615,0,1807
BRDA:3804,615,1,3171
BRDA:3805,616,0,144
BRDA:3805,616,1,1663
BRDA:3805,617,0,1807
BRDA:3805,617,1,1697
BRDA:3809,618,0,142
BRDA:3809,618,1,1521
BRDA:3809,619,0,1663
BRDA:3809,619,1,1592
BRDA:3813,620,0,134
BRDA:3813,620,1,1387
BRDA:3813,621,0,1521
BRDA:3813,621,1,1437
BRDA:3816,622,0,128
BRDA:3816,622,1,1259
BRDA:3816,623,0,1387
BRDA:3816,623,1,1353
BRDA:3817,624,0,111
BRDA:3817,624,1,17
BRDA:3827,625,0,119
BRDA:3827,625,1,4379
BRDA:3834,626,0,84
BRDA:3834,626,1,4414
BRDA:3834,627,0,4498
BRDA:3834,627,1,4414
BRDA:3837,628,0,76
BRDA:3837,628,1,8
BRDA:3837,629,0,84
BRDA:3837,629,1,29
BRDA:3840,630,0,68
BRDA:3840,630,1,16
BRDA:3848,631,0,16
BRDA:3848,631,1,4466
BRDA:3870,632,0,1799
BRDA:3870,632,1,14943
BRDA:3873,633,0,651
BRDA:3873,633,1,14292
BRDA:3875,634,0,617
BRDA:3875,634,1,34
BRDA:3875,635,0,651
BRDA:3875,635,1,647
BRDA:3876,636,0,159
BRDA:3876,636,1,205
BRDA:3876,636,2,51
BRDA:3876,636,3,17
BRDA:3876,636,4,17
BRDA:3876,636,5,17
BRDA:3876,636,6,17
BRDA:3876,636,7,17
BRDA:3876,636,8,9
BRDA:3876,636,9,13
BRDA:3876,636,10,263
BRDA:3879,637,0,118
BRDA:3879,637,1,87
BRDA:3884,638,0,36
BRDA:3884,638,1,51
BRDA:3914,639,0,208
BRDA:3914,639,1,55
BRDA:3914,640,0,263
BRDA:3914,640,1,259
BRDA:3916,641,0,208
BRDA:3916,641,1,85
BRDA:3925,642,0,17
BRDA:3925,642,1,17
BRDA:3925,643,0,34
BRDA:3925,643,1,17
BRDA:3930,644,0,8
BRDA:3930,644,1,14284
BRDA:3936,645,0,12
BRDA:3936,645,1,1799
BRDA:3962,646,0,195
BRDA:3962,646,1,1085
BRDA:3967,647,0,76
BRDA:3967,647,1,1009
BRDA:3968,648,0,59
BRDA:3968,648,1,17
BRDA:3975,649,0,250
BRDA:3975,649,1,759
BRDA:3977,650,0,216
BRDA:3977,650,1,34
BRDA:3978,651,0,17
BRDA:3978,651,1,17
BRDA:3978,651,2,17
BRDA:3978,651,3,51
BRDA:3978,651,4,68
BRDA:3978,651,5,17
BRDA:3978,651,6,17
BRDA:3978,651,7,17
BRDA:3978,651,8,46
BRDA:3990,652,0,17
BRDA:3990,652,1,51
BRDA:3996,653,0,34
BRDA:3996,653,1,17
BRDA:4014,654,0,25
BRDA:4014,654,1,21
BRDA:4015,655,0,8
BRDA:4015,655,1,17
BRDA:4020,656,0,4
BRDA:4020,656,1,17
BRDA:4030,657,0,17
BRDA:4030,657,1,17
BRDA:4030,658,0,34
BRDA:4030,658,1,17
BRDA:4035,659,0,34
BRDA:4035,659,1,725
BRDA:4037,660,0,17
BRDA:4037,660,1,17
BRDA:4037,661,0,34
BRDA:4037,661,1,17
BRDA:4046,662,0,4
BRDA:4046,662,1,254
BRDA:4049,663,0,51
BRDA:4049,663,1,203
BRDA:4077,664,0,80
BRDA:4077,664,1,309
BRDA:4079,665,0,199
BRDA:4079,665,1,106
BRDA:4080,666,0,4
BRDA:4080,666,1,195
BRDA:4083,667,0,178
BRDA:4083,667,1,17
BRDA:4115,668,0,254
BRDA:4115,668,1,3304
BRDA:4118,669,0,4
BRDA:4118,669,1,250
BRDA:4122,670,0,12
BRDA:4122,670,1,3292
BRDA:4124,671,0,1921
BRDA:4124,671,1,1371
BRDA:4125,672,0,268
BRDA:4125,672,1,1653
BRDA:4129,673,0,401
BRDA:4129,673,1,970
BRDA:4132,674,0,272
BRDA:4132,674,1,698
BRDA:4137,675,0,27
BRDA:4137,675,1,401
BRDA:4153,676,0,141
BRDA:4153,676,1,235
BRDA:4157,677,0,27
BRDA:4157,677,1,208
BRDA:4157,678,0,235
BRDA:4157,678,1,27
BRDA:4159,679,0,9
BRDA:4159,679,1,18
BRDA:4163,680,0,5
BRDA:4163,680,1,4
BRDA:4204,681,0,12941
BRDA:4204,681,1,104044
BRDA:4214,682,0,36232
BRDA:4214,682,1,67812
BRDA:4218,683,0,24141
BRDA:4218,683,1,43671
BRDA:4218,684,0,67812
BRDA:4218,684,1,58171
BRDA:4218,684,2,49036
BRDA:4222,685,0,1871
BRDA:4222,685,1,41800
BRDA:4222,686,0,43671
BRDA:4222,686,1,43376
BRDA:4227,687,0,1361
BRDA:4227,687,1,40439
BRDA:4228,688,0,51
BRDA:4228,688,1,1310
BRDA:4233,689,0,4978
BRDA:4233,689,1,35461
BRDA:4238,690,0,270
BRDA:4238,690,1,35191
BRDA:4238,691,0,35461
BRDA:4238,691,1,35242
BRDA:4238,691,2,7853
BRDA:4242,692,0,59
BRDA:4242,692,1,35132
BRDA:4242,693,0,35191
BRDA:4242,693,1,59
BRDA:4243,694,0,51
BRDA:4243,694,1,8
BRDA:4266,695,0,1325
BRDA:4266,695,1,276
BRDA:4270,696,0,168353
BRDA:4270,696,1,121599
BRDA:4270,696,2,121540
BRDA:4270,696,3,121523
BRDA:4270,696,4,121506
BRDA:4270,696,5,121489
BRDA:4270,696,6,564
BRDA:4291,697,0,156616
BRDA:4291,697,1,150245
BRDA:4291,697,2,150067
BRDA:4291,697,3,150050
BRDA:4295,698,0,110705
BRDA:4295,698,1,110681
BRDA:4295,698,2,110185
BRDA:4295,698,3,59815
BRDA:4295,698,4,109145
BRDA:4295,698,5,53062
BRDA:4295,698,6,73052
BRDA:4295,698,7,72892
BRDA:4295,698,8,338
BRDA:4298,699,0,127026
BRDA:4298,699,1,126984
BRDA:4298,699,2,125432
BRDA:4298,699,3,90467
BRDA:4298,699,4,124792
BRDA:4298,699,5,88658
BRDA:4298,699,6,36992
BRDA:4298,699,7,6046
BRDA:4298,699,8,36903
BRDA:4298,699,9,36741
BRDA:4298,699,10,340
BRDA:4302,700,0,49548
BRDA:4302,700,1,39132
BRDA:4305,701,0,2684
BRDA:4305,701,1,2656
BRDA:4305,701,2,865
BRDA:4305,701,3,820
BRDA:4305,701,4,493
BRDA:4305,701,5,427
BRDA:4308,702,0,2674
BRDA:4308,702,1,2058
BRDA:4365,703,0,2316
BRDA:4365,703,1,2214
BRDA:4366,704,0,204
BRDA:4366,704,1,2112
BRDA:4932,705,0,1
BRDA:4932,705,1,1
BRDA:4932,705,2,1
BRDA:4934,706,0,0
BRDA:4934,706,1,0
BRDA:4938,707,0,0
BRDA:4938,707,1,1
BRDA:4951,708,0,1
BRDA:4951,708,1,1
BRDA:4957,709,0,576
BRDA:4957,709,1,32
BRDA:4957,709,2,120
BRDA:4979,710,0,352
BRDA:4979,710,1,13933
BRDA:5009,711,0,144
BRDA:5009,711,1,648
BRDA:5010,712,0,96
BRDA:5010,712,1,48
BRDA:5013,713,0,72
BRDA:5013,713,1,24
BRDA:5015,714,0,24
BRDA:5015,714,1,24
BRDA:5031,715,0,4308
BRDA:5031,715,1,2416
BRDA:5031,716,0,6724
BRDA:5031,716,1,6088
BRDA:5031,716,2,4204
BRDA:5031,716,3,3132
BRDA:5031,716,4,2996
BRDA:5031,716,5,2668
BRDA:5031,716,6,2516
BRDA:5043,717,0,240
BRDA:5043,717,1,2176
BRDA:5043,718,0,2416
BRDA:5043,718,1,2200
BRDA:5049,719,0,240
BRDA:5049,719,1,1680
BRDA:5051,720,0,144
BRDA:5051,720,1,1536
BRDA:5067,721,0,508
BRDA:5067,721,1,1668
BRDA:5070,722,0,8
BRDA:5070,722,1,500
BRDA:5070,723,0,508
BRDA:5070,723,1,8
BRDA:5083,724,0,1660
BRDA:5083,724,1,8
BRDA:5083,725,0,1668
BRDA:5083,725,1,1660
BRDA:5087,726,0,6876
BRDA:5087,726,1,1716
BRDA:5087,727,0,8592
BRDA:5087,727,1,6876
BRDA:5089,728,0,56
BRDA:5089,728,1,1660
BRDA:5117,729,0,1765
BRDA:5117,729,1,1391
BRDA:5128,730,0,316
BRDA:5128,730,1,308
BRDA:5128,731,0,624
BRDA:5128,731,1,568
BRDA:5133,732,0,68
BRDA:5133,732,1,240
BRDA:5135,733,0,32
BRDA:5135,733,1,36
BRDA:5135,734,0,68
BRDA:5135,734,1,32
BRDA:5152,735,0,25
BRDA:5152,735,1,295
BRDA:5152,736,0,320
BRDA:5152,736,1,44
BRDA:5171,737,0,4
BRDA:5171,737,1,2088
BRDA:5171,738,0,2092
BRDA:5171,738,1,2092
BRDA:5178,739,0,3560
BRDA:5178,739,1,2696
BRDA:5183,740,0,24
BRDA:5183,740,1,956
BRDA:5191,741,0,44
BRDA:5191,741,1,560
BRDA:5196,742,0,76
BRDA:5196,742,1,484
BRDA:5210,743,0,16
BRDA:5210,743,1,112
BRDA:5223,744,0,4
BRDA:5223,744,1,80
BRDA:5234,745,0,4
BRDA:5234,745,1,16
BRDA:5243,746,0,20
BRDA:5243,746,1,92
BRDA:5243,747,0,8
BRDA:5243,747,1,84
BRDA:5249,748,0,112
BRDA:5249,748,1,16
BRDA:5267,749,0,512
BRDA:5267,749,1,352
BRDA:5268,750,0,8
BRDA:5268,750,1,128
BRDA:5279,751,0,144
BRDA:5279,751,1,184
BRDA:5288,752,0,212
BRDA:5288,752,1,48
BRDA:5297,753,0,16
BRDA:5297,753,1,32
BRDA:5311,754,0,16
BRDA:5311,754,1,40
BRDA:5332,755,0,44
BRDA:5332,755,1,276
BRDA:5337,756,0,56
BRDA:5337,756,1,264
BRDA:5352,757,0,48
BRDA:5352,757,1,212
BRDA:5354,758,0,16
BRDA:5354,758,1,32
BRDA:5367,759,0,212
BRDA:5367,759,1,48
BRDA:5371,760,0,20
BRDA:5371,760,1,192
BRDA:5374,761,0,32
BRDA:5374,761,1,160
BRDA:5390,762,0,184
BRDA:5390,762,1,136
BRDA:5404,763,0,180
BRDA:5404,763,1,172
BRDA:5869,764,0,12
BRDA:5869,764,1,24
BRDA:5869,764,2,24
BRDA:5869,764,3,60
BRDA:5876,765,0,24
BRDA:5876,765,1,24
BRDA:5876,765,2,24
BRDA:5876,765,3,24
BRDA:5882,766,0,24
BRDA:5882,766,1,36
BRDA:5885,767,0,24
BRDA:5885,767,1,12
BRDA:5888,768,0,12
BRDA:5888,768,1,12
BRDA:5895,769,0,627
BRDA:5895,769,1,303
BRDA:5895,770,0,930
BRDA:5895,770,1,411
BRDA:5896,771,0,72
BRDA:5896,771,1,555
BRDA:5898,772,0,96
BRDA:5898,772,1,459
BRDA:5912,773,0,227
BRDA:5912,773,1,20
BRDA:5912,774,0,227
BRDA:5912,774,1,219
BRDA:5914,775,0,227
BRDA:5914,775,1,20
BRDA:5914,776,0,227
BRDA:5914,776,1,204
BRDA:5915,777,0,227
BRDA:5915,777,1,20
BRDA:5915,778,0,227
BRDA:5915,778,1,200
BRDA:5916,779,0,227
BRDA:5916,779,1,20
BRDA:5916,780,0,227
BRDA:5916,780,1,200
BRDA:5926,781,0,1189
BRDA:5926,781,1,6
BRDA:5928,782,0,602
BRDA:5928,782,1,587
BRDA:5934,783,0,12
BRDA:5934,783,1,6
BRDA:5937,784,0,12
BRDA:5937,784,1,6
BRDA:5940,785,0,12
BRDA:5940,785,1,6
BRDA:5946,786,0,949
BRDA:5946,786,1,240
BRDA:5948,787,0,468
BRDA:5948,787,1,481
BRDA:5958,788,0,211
BRDA:5958,788,1,738
BRDA:5959,789,0,127
BRDA:5959,789,1,84
BRDA:5969,790,0,462
BRDA:5969,790,1,468
BRDA:5975,791,0,462
BRDA:5975,791,1,468
BRDA:5982,792,0,108
BRDA:5982,792,1,822
BRF:1835
BRH:1835
end_of_record
