TN:
SF:/home/fabio/Documents/JavaScriptHeuristicOptmizer/Libraries/esprima/dist/esprima.js
FN:1,webpackUniversalModuleDefinition
FN:12,(anonymous_2)
FN:13,(anonymous_3)
FN:18,__webpack_require__
FN:58,(anonymous_5)
FN:88,parse
FN:90,(anonymous_7)
FN:129,tokenize
FN:162,(anonymous_9)
FN:166,(anonymous_10)
FN:167,CommentHandler
FN:174,(anonymous_12)
FN:192,(anonymous_13)
FN:214,(anonymous_14)
FN:249,(anonymous_15)
FN:267,(anonymous_16)
FN:297,(anonymous_17)
FN:315,(anonymous_18)
FN:389,(anonymous_19)
FN:400,(anonymous_20)
FN:401,Parser
FN:480,(anonymous_22)
FN:486,(anonymous_23)
FN:495,(anonymous_24)
FN:501,(anonymous_25)
FN:511,(anonymous_26)
FN:550,(anonymous_27)
FN:553,(anonymous_28)
FN:556,(anonymous_29)
FN:594,(anonymous_30)
FN:597,(anonymous_31)
FN:623,(anonymous_32)
FN:646,(anonymous_33)
FN:660,(anonymous_34)
FN:667,(anonymous_35)
FN:674,(anonymous_36)
FN:712,(anonymous_37)
FN:719,(anonymous_38)
FN:739,(anonymous_39)
FN:746,(anonymous_40)
FN:750,(anonymous_41)
FN:755,(anonymous_42)
FN:759,(anonymous_43)
FN:809,(anonymous_44)
FN:825,(anonymous_45)
FN:838,(anonymous_46)
FN:852,(anonymous_47)
FN:950,(anonymous_48)
FN:956,(anonymous_49)
FN:985,(anonymous_50)
FN:999,(anonymous_51)
FN:1009,(anonymous_52)
FN:1042,(anonymous_53)
FN:1046,(anonymous_54)
FN:1056,(anonymous_55)
FN:1134,(anonymous_56)
FN:1149,(anonymous_57)
FN:1159,(anonymous_58)
FN:1171,(anonymous_59)
FN:1185,(anonymous_60)
FN:1219,(anonymous_61)
FN:1325,(anonymous_62)
FN:1342,(anonymous_63)
FN:1348,(anonymous_64)
FN:1356,(anonymous_65)
FN:1380,(anonymous_66)
FN:1429,(anonymous_67)
FN:1437,(anonymous_68)
FN:1469,(anonymous_69)
FN:1508,(anonymous_70)
FN:1534,(anonymous_71)
FN:1554,(anonymous_72)
FN:1568,(anonymous_73)
FN:1616,(anonymous_74)
FN:1634,(anonymous_75)
FN:1662,(anonymous_76)
FN:1712,(anonymous_77)
FN:1781,(anonymous_78)
FN:1799,(anonymous_79)
FN:1837,(anonymous_80)
FN:1851,(anonymous_81)
FN:1874,(anonymous_82)
FN:1882,(anonymous_83)
FN:1897,(anonymous_84)
FN:1906,(anonymous_85)
FN:1913,(anonymous_86)
FN:1938,(anonymous_87)
FN:1974,(anonymous_88)
FN:1987,(anonymous_89)
FN:2004,(anonymous_90)
FN:2018,(anonymous_91)
FN:2044,(anonymous_92)
FN:2064,(anonymous_93)
FN:2074,(anonymous_94)
FN:2082,(anonymous_95)
FN:2088,(anonymous_96)
FN:2095,(anonymous_97)
FN:2117,(anonymous_98)
FN:2134,(anonymous_99)
FN:2155,(anonymous_100)
FN:2298,(anonymous_101)
FN:2316,(anonymous_102)
FN:2334,(anonymous_103)
FN:2347,(anonymous_104)
FN:2360,(anonymous_105)
FN:2381,(anonymous_106)
FN:2410,(anonymous_107)
FN:2433,(anonymous_108)
FN:2444,(anonymous_109)
FN:2470,(anonymous_110)
FN:2474,(anonymous_111)
FN:2486,(anonymous_112)
FN:2493,(anonymous_113)
FN:2579,(anonymous_114)
FN:2604,(anonymous_115)
FN:2638,(anonymous_116)
FN:2654,(anonymous_117)
FN:2671,(anonymous_118)
FN:2695,(anonymous_119)
FN:2745,(anonymous_120)
FN:2796,(anonymous_121)
FN:2808,(anonymous_122)
FN:2837,(anonymous_123)
FN:2851,(anonymous_124)
FN:2868,(anonymous_125)
FN:2890,(anonymous_126)
FN:2902,(anonymous_127)
FN:2925,(anonymous_128)
FN:3006,(anonymous_129)
FN:3021,(anonymous_130)
FN:3026,(anonymous_131)
FN:3041,(anonymous_132)
FN:3058,(anonymous_133)
FN:3067,(anonymous_134)
FN:3077,(anonymous_135)
FN:3091,(anonymous_136)
FN:3104,(anonymous_137)
FN:3110,(anonymous_138)
FN:3120,(anonymous_139)
FN:3173,(anonymous_140)
FN:3183,(anonymous_141)
FN:3288,(anonymous_142)
FN:3295,assert
FN:3306,(anonymous_144)
FN:3363,(anonymous_145)
FN:3366,(anonymous_146)
FN:3367,ErrorHandler
FN:3372,(anonymous_148)
FN:3376,(anonymous_149)
FN:3385,(anonymous_150)
FN:3402,(anonymous_151)
FN:3411,(anonymous_152)
FN:3415,(anonymous_153)
FN:3432,(anonymous_154)
FN:3435,(anonymous_155)
FN:3464,(anonymous_156)
FN:3471,hexValue
FN:3474,octalValue
FN:3477,(anonymous_159)
FN:3478,Scanner
FN:3489,(anonymous_161)
FN:3493,(anonymous_162)
FN:3498,(anonymous_163)
FN:3503,(anonymous_164)
FN:3558,(anonymous_165)
FN:3625,(anonymous_166)
FN:3700,(anonymous_167)
FN:3712,(anonymous_168)
FN:3729,(anonymous_169)
FN:3734,(anonymous_170)
FN:3762,(anonymous_171)
FN:3774,(anonymous_172)
FN:3788,(anonymous_173)
FN:3808,(anonymous_174)
FN:3832,(anonymous_175)
FN:3888,(anonymous_176)
FN:3908,(anonymous_177)
FN:3941,(anonymous_178)
FN:4024,(anonymous_179)
FN:4048,(anonymous_180)
FN:4079,(anonymous_181)
FN:4113,(anonymous_182)
FN:4128,(anonymous_183)
FN:4199,(anonymous_184)
FN:4296,(anonymous_185)
FN:4421,(anonymous_186)
FN:4433,(anonymous_187)
FN:4464,(anonymous_188)
FN:4510,(anonymous_189)
FN:4554,(anonymous_190)
FN:4574,(anonymous_191)
FN:4628,(anonymous_192)
FN:4639,(anonymous_193)
FN:4645,(anonymous_194)
FN:4650,(anonymous_195)
FN:4654,(anonymous_196)
FN:4661,(anonymous_197)
FN:4670,(anonymous_198)
FN:4673,(anonymous_199)
FN:4678,(anonymous_200)
FN:4686,(anonymous_201)
FN:4690,(anonymous_202)
FN:4691,ArrayExpression
FN:4698,(anonymous_204)
FN:4699,ArrayPattern
FN:4706,(anonymous_206)
FN:4707,ArrowFunctionExpression
FN:4718,(anonymous_208)
FN:4719,AssignmentExpression
FN:4728,(anonymous_210)
FN:4729,AssignmentPattern
FN:4737,(anonymous_212)
FN:4738,BinaryExpression
FN:4748,(anonymous_214)
FN:4749,BlockStatement
FN:4756,(anonymous_216)
FN:4757,BreakStatement
FN:4764,(anonymous_218)
FN:4765,CallExpression
FN:4773,(anonymous_220)
FN:4774,CatchClause
FN:4782,(anonymous_222)
FN:4783,ClassBody
FN:4790,(anonymous_224)
FN:4791,ClassDeclaration
FN:4800,(anonymous_226)
FN:4801,ClassExpression
FN:4810,(anonymous_228)
FN:4811,ComputedMemberExpression
FN:4820,(anonymous_230)
FN:4821,ConditionalExpression
FN:4830,(anonymous_232)
FN:4831,ContinueStatement
FN:4838,(anonymous_234)
FN:4839,DebuggerStatement
FN:4845,(anonymous_236)
FN:4846,Directive
FN:4854,(anonymous_238)
FN:4855,DoWhileStatement
FN:4863,(anonymous_240)
FN:4864,EmptyStatement
FN:4870,(anonymous_242)
FN:4871,ExportAllDeclaration
FN:4878,(anonymous_244)
FN:4879,ExportDefaultDeclaration
FN:4886,(anonymous_246)
FN:4887,ExportNamedDeclaration
FN:4896,(anonymous_248)
FN:4897,ExportSpecifier
FN:4905,(anonymous_250)
FN:4906,ExpressionStatement
FN:4913,(anonymous_252)
FN:4914,ForInStatement
FN:4924,(anonymous_254)
FN:4925,ForOfStatement
FN:4934,(anonymous_256)
FN:4935,ForStatement
FN:4945,(anonymous_258)
FN:4946,FunctionDeclaration
FN:4957,(anonymous_260)
FN:4958,FunctionExpression
FN:4969,(anonymous_262)
FN:4970,Identifier
FN:4977,(anonymous_264)
FN:4978,IfStatement
FN:4987,(anonymous_266)
FN:4988,ImportDeclaration
FN:4996,(anonymous_268)
FN:4997,ImportDefaultSpecifier
FN:5004,(anonymous_270)
FN:5005,ImportNamespaceSpecifier
FN:5012,(anonymous_272)
FN:5013,ImportSpecifier
FN:5021,(anonymous_274)
FN:5022,LabeledStatement
FN:5030,(anonymous_276)
FN:5031,Literal
FN:5039,(anonymous_278)
FN:5040,MetaProperty
FN:5048,(anonymous_280)
FN:5049,MethodDefinition
FN:5060,(anonymous_282)
FN:5061,NewExpression
FN:5069,(anonymous_284)
FN:5070,ObjectExpression
FN:5077,(anonymous_286)
FN:5078,ObjectPattern
FN:5085,(anonymous_288)
FN:5086,Program
FN:5094,(anonymous_290)
FN:5095,Property
FN:5107,(anonymous_292)
FN:5108,RegexLiteral
FN:5117,(anonymous_294)
FN:5118,RestElement
FN:5125,(anonymous_296)
FN:5126,ReturnStatement
FN:5133,(anonymous_298)
FN:5134,SequenceExpression
FN:5141,(anonymous_300)
FN:5142,SpreadElement
FN:5149,(anonymous_302)
FN:5150,StaticMemberExpression
FN:5159,(anonymous_304)
FN:5160,Super
FN:5166,(anonymous_306)
FN:5167,SwitchCase
FN:5175,(anonymous_308)
FN:5176,SwitchStatement
FN:5184,(anonymous_310)
FN:5185,TaggedTemplateExpression
FN:5193,(anonymous_312)
FN:5194,TemplateElement
FN:5202,(anonymous_314)
FN:5203,TemplateLiteral
FN:5211,(anonymous_316)
FN:5212,ThisExpression
FN:5218,(anonymous_318)
FN:5219,ThrowStatement
FN:5226,(anonymous_320)
FN:5227,TryStatement
FN:5236,(anonymous_322)
FN:5237,UnaryExpression
FN:5246,(anonymous_324)
FN:5247,UpdateExpression
FN:5256,(anonymous_326)
FN:5257,VariableDeclaration
FN:5265,(anonymous_328)
FN:5266,VariableDeclarator
FN:5274,(anonymous_330)
FN:5275,WhileStatement
FN:5283,(anonymous_332)
FN:5284,WithStatement
FN:5292,(anonymous_334)
FN:5293,YieldExpression
FN:5305,(anonymous_336)
FN:5309,(anonymous_337)
FN:5311,__
FN:5322,(anonymous_339)
FN:5329,getQualifiedElementName
FN:5349,(anonymous_341)
FN:5351,JSXParser
FN:5354,(anonymous_343)
FN:5357,(anonymous_344)
FN:5363,(anonymous_345)
FN:5367,(anonymous_346)
FN:5375,(anonymous_347)
FN:5382,(anonymous_348)
FN:5408,(anonymous_349)
FN:5493,(anonymous_350)
FN:5507,(anonymous_351)
FN:5544,(anonymous_352)
FN:5557,(anonymous_353)
FN:5564,(anonymous_354)
FN:5568,(anonymous_355)
FN:5576,(anonymous_356)
FN:5595,(anonymous_357)
FN:5610,(anonymous_358)
FN:5619,(anonymous_359)
FN:5632,(anonymous_360)
FN:5636,(anonymous_361)
FN:5646,(anonymous_362)
FN:5656,(anonymous_363)
FN:5665,(anonymous_364)
FN:5677,(anonymous_365)
FN:5695,(anonymous_366)
FN:5703,(anonymous_367)
FN:5715,(anonymous_368)
FN:5722,(anonymous_369)
FN:5742,(anonymous_370)
FN:5778,(anonymous_371)
FN:5790,(anonymous_372)
FN:5807,(anonymous_373)
FN:6069,(anonymous_374)
FN:6089,(anonymous_375)
FN:6093,(anonymous_376)
FN:6094,JSXClosingElement
FN:6101,(anonymous_378)
FN:6102,JSXElement
FN:6111,(anonymous_380)
FN:6112,JSXEmptyExpression
FN:6118,(anonymous_382)
FN:6119,JSXExpressionContainer
FN:6126,(anonymous_384)
FN:6127,JSXIdentifier
FN:6134,(anonymous_386)
FN:6135,JSXMemberExpression
FN:6143,(anonymous_388)
FN:6144,JSXAttribute
FN:6152,(anonymous_390)
FN:6153,JSXNamespacedName
FN:6161,(anonymous_392)
FN:6162,JSXOpeningElement
FN:6171,(anonymous_394)
FN:6172,JSXSpreadAttribute
FN:6179,(anonymous_396)
FN:6180,JSXText
FN:6192,(anonymous_398)
FN:6198,(anonymous_399)
FN:6199,Reader
FN:6205,(anonymous_401)
FN:6219,(anonymous_402)
FN:6249,(anonymous_403)
FN:6266,(anonymous_404)
FN:6267,Tokenizer
FN:6278,(anonymous_406)
FN:6282,(anonymous_407)
FNF:407
FNH:407
FNDA:1,webpackUniversalModuleDefinition
FNDA:1,(anonymous_2)
FNDA:1,(anonymous_3)
FNDA:30,__webpack_require__
FNDA:1,(anonymous_5)
FNDA:14507,parse
FNDA:51877,(anonymous_7)
FNDA:247,tokenize
FNDA:1,(anonymous_9)
FNDA:1,(anonymous_10)
FNDA:3971,CommentHandler
FNDA:760,(anonymous_12)
FNDA:760,(anonymous_13)
FNDA:760,(anonymous_14)
FNDA:920,(anonymous_15)
FNDA:637,(anonymous_16)
FNDA:23029,(anonymous_17)
FNDA:1,(anonymous_18)
FNDA:1,(anonymous_19)
FNDA:1,(anonymous_20)
FNDA:14507,Parser
FNDA:156,(anonymous_22)
FNDA:68,(anonymous_23)
FNDA:297,(anonymous_24)
FNDA:24,(anonymous_25)
FNDA:1583,(anonymous_26)
FNDA:980,(anonymous_27)
FNDA:603,(anonymous_28)
FNDA:122764,(anonymous_29)
FNDA:38843,(anonymous_30)
FNDA:29952,(anonymous_31)
FNDA:115815,(anonymous_32)
FNDA:317,(anonymous_33)
FNDA:91294,(anonymous_34)
FNDA:8737,(anonymous_35)
FNDA:91527,(anonymous_36)
FNDA:44088,(anonymous_37)
FNDA:967,(anonymous_38)
FNDA:8364,(anonymous_39)
FNDA:467917,(anonymous_40)
FNDA:148468,(anonymous_41)
FNDA:1147,(anonymous_42)
FNDA:22212,(anonymous_43)
FNDA:23753,(anonymous_44)
FNDA:139428,(anonymous_45)
FNDA:12629,(anonymous_46)
FNDA:26033,(anonymous_47)
FNDA:347,(anonymous_48)
FNDA:1455,(anonymous_49)
FNDA:1513,(anonymous_50)
FNDA:727,(anonymous_51)
FNDA:2210,(anonymous_52)
FNDA:1679,(anonymous_53)
FNDA:1153,(anonymous_54)
FNDA:2184,(anonymous_55)
FNDA:1654,(anonymous_56)
FNDA:199,(anonymous_57)
FNDA:59,(anonymous_58)
FNDA:199,(anonymous_59)
FNDA:4355,(anonymous_60)
FNDA:2361,(anonymous_61)
FNDA:1391,(anonymous_62)
FNDA:1651,(anonymous_63)
FNDA:1587,(anonymous_64)
FNDA:474,(anonymous_65)
FNDA:26609,(anonymous_66)
FNDA:21,(anonymous_67)
FNDA:360,(anonymous_68)
FNDA:26713,(anonymous_69)
FNDA:27017,(anonymous_70)
FNDA:26431,(anonymous_71)
FNDA:25071,(anonymous_72)
FNDA:24099,(anonymous_73)
FNDA:24099,(anonymous_74)
FNDA:1587,(anonymous_75)
FNDA:782,(anonymous_76)
FNDA:24391,(anonymous_77)
FNDA:12898,(anonymous_78)
FNDA:16709,(anonymous_79)
FNDA:1434,(anonymous_80)
FNDA:952,(anonymous_81)
FNDA:776,(anonymous_82)
FNDA:444,(anonymous_83)
FNDA:500,(anonymous_84)
FNDA:31,(anonymous_85)
FNDA:421,(anonymous_86)
FNDA:433,(anonymous_87)
FNDA:365,(anonymous_88)
FNDA:4782,(anonymous_89)
FNDA:1771,(anonymous_90)
FNDA:6976,(anonymous_91)
FNDA:1809,(anonymous_92)
FNDA:1569,(anonymous_93)
FNDA:1352,(anonymous_94)
FNDA:629,(anonymous_95)
FNDA:5048,(anonymous_96)
FNDA:229,(anonymous_97)
FNDA:110,(anonymous_98)
FNDA:411,(anonymous_99)
FNDA:871,(anonymous_100)
FNDA:164,(anonymous_101)
FNDA:262,(anonymous_102)
FNDA:234,(anonymous_103)
FNDA:102,(anonymous_104)
FNDA:114,(anonymous_105)
FNDA:114,(anonymous_106)
FNDA:4681,(anonymous_107)
FNDA:114,(anonymous_108)
FNDA:254,(anonymous_109)
FNDA:34,(anonymous_110)
FNDA:275,(anonymous_111)
FNDA:34,(anonymous_112)
FNDA:15594,(anonymous_113)
FNDA:3732,(anonymous_114)
FNDA:2080,(anonymous_115)
FNDA:176,(anonymous_116)
FNDA:1297,(anonymous_117)
FNDA:2981,(anonymous_118)
FNDA:1415,(anonymous_119)
FNDA:774,(anonymous_120)
FNDA:1206,(anonymous_121)
FNDA:17967,(anonymous_122)
FNDA:3066,(anonymous_123)
FNDA:339,(anonymous_124)
FNDA:306,(anonymous_125)
FNDA:153,(anonymous_126)
FNDA:292,(anonymous_127)
FNDA:668,(anonymous_128)
FNDA:663,(anonymous_129)
FNDA:663,(anonymous_130)
FNDA:582,(anonymous_131)
FNDA:93,(anonymous_132)
FNDA:14235,(anonymous_133)
FNDA:184,(anonymous_134)
FNDA:116,(anonymous_135)
FNDA:96,(anonymous_136)
FNDA:60,(anonymous_137)
FNDA:24,(anonymous_138)
FNDA:176,(anonymous_139)
FNDA:148,(anonymous_140)
FNDA:280,(anonymous_141)
FNDA:1,(anonymous_142)
FNDA:9020,assert
FNDA:1,(anonymous_144)
FNDA:1,(anonymous_145)
FNDA:1,(anonymous_146)
FNDA:14754,ErrorHandler
FNDA:380,(anonymous_148)
FNDA:622,(anonymous_149)
FNDA:2452,(anonymous_150)
FNDA:2452,(anonymous_151)
FNDA:327,(anonymous_152)
FNDA:386,(anonymous_153)
FNDA:1,(anonymous_154)
FNDA:1,(anonymous_155)
FNDA:1,(anonymous_156)
FNDA:2016,hexValue
FNDA:395,octalValue
FNDA:1,(anonymous_159)
FNDA:14754,Scanner
FNDA:472838,(anonymous_161)
FNDA:327,(anonymous_162)
FNDA:89,(anonymous_163)
FNDA:449,(anonymous_164)
FNDA:989,(anonymous_165)
FNDA:127513,(anonymous_166)
FNDA:164,(anonymous_167)
FNDA:6486,(anonymous_168)
FNDA:3872,(anonymous_169)
FNDA:21695,(anonymous_170)
FNDA:914,(anonymous_171)
FNDA:260,(anonymous_172)
FNDA:305,(anonymous_173)
FNDA:36119,(anonymous_174)
FNDA:312,(anonymous_175)
FNDA:208,(anonymous_176)
FNDA:36279,(anonymous_177)
FNDA:60667,(anonymous_178)
FNDA:144,(anonymous_179)
FNDA:142,(anonymous_180)
FNDA:245,(anonymous_181)
FNDA:128,(anonymous_182)
FNDA:5029,(anonymous_183)
FNDA:1871,(anonymous_184)
FNDA:270,(anonymous_185)
FNDA:389,(anonymous_186)
FNDA:199,(anonymous_187)
FNDA:444,(anonymous_188)
FNDA:401,(anonymous_189)
FNDA:444,(anonymous_190)
FNDA:116973,(anonymous_191)
FNDA:1,(anonymous_192)
FNDA:1601,(anonymous_193)
FNDA:168650,(anonymous_194)
FNDA:156921,(anonymous_195)
FNDA:110693,(anonymous_196)
FNDA:125362,(anonymous_197)
FNDA:54573,(anonymous_198)
FNDA:2684,(anonymous_199)
FNDA:2563,(anonymous_200)
FNDA:1,(anonymous_201)
FNDA:1,(anonymous_202)
FNDA:1443,ArrayExpression
FNDA:1,(anonymous_204)
FNDA:409,ArrayPattern
FNDA:1,(anonymous_206)
FNDA:714,ArrowFunctionExpression
FNDA:1,(anonymous_208)
FNDA:1977,AssignmentExpression
FNDA:1,(anonymous_210)
FNDA:331,AssignmentPattern
FNDA:1,(anonymous_212)
FNDA:2316,BinaryExpression
FNDA:1,(anonymous_214)
FNDA:4770,BlockStatement
FNDA:1,(anonymous_216)
FNDA:238,BreakStatement
FNDA:1,(anonymous_218)
FNDA:1172,CallExpression
FNDA:1,(anonymous_220)
FNDA:214,CatchClause
FNDA:1,(anonymous_222)
FNDA:591,ClassBody
FNDA:1,(anonymous_224)
FNDA:498,ClassDeclaration
FNDA:1,(anonymous_226)
FNDA:93,ClassExpression
FNDA:1,(anonymous_228)
FNDA:246,ComputedMemberExpression
FNDA:1,(anonymous_230)
FNDA:51,ConditionalExpression
FNDA:1,(anonymous_232)
FNDA:136,ContinueStatement
FNDA:1,(anonymous_234)
FNDA:34,DebuggerStatement
FNDA:1,(anonymous_236)
FNDA:1160,Directive
FNDA:1,(anonymous_238)
FNDA:102,DoWhileStatement
FNDA:1,(anonymous_240)
FNDA:654,EmptyStatement
FNDA:1,(anonymous_242)
FNDA:8,ExportAllDeclaration
FNDA:1,(anonymous_244)
FNDA:64,ExportDefaultDeclaration
FNDA:1,(anonymous_246)
FNDA:160,ExportNamedDeclaration
FNDA:1,(anonymous_248)
FNDA:148,ExportSpecifier
FNDA:1,(anonymous_250)
FNDA:8690,ExpressionStatement
FNDA:1,(anonymous_252)
FNDA:299,ForInStatement
FNDA:1,(anonymous_254)
FNDA:209,ForOfStatement
FNDA:1,(anonymous_256)
FNDA:243,ForStatement
FNDA:1,(anonymous_258)
FNDA:971,FunctionDeclaration
FNDA:1,(anonymous_260)
FNDA:2131,FunctionExpression
FNDA:1,(anonymous_262)
FNDA:24083,Identifier
FNDA:1,(anonymous_264)
FNDA:209,IfStatement
FNDA:1,(anonymous_266)
FNDA:120,ImportDeclaration
FNDA:1,(anonymous_268)
FNDA:60,ImportDefaultSpecifier
FNDA:1,(anonymous_270)
FNDA:20,ImportNamespaceSpecifier
FNDA:1,(anonymous_272)
FNDA:116,ImportSpecifier
FNDA:1,(anonymous_274)
FNDA:170,LabeledStatement
FNDA:1,(anonymous_276)
FNDA:7418,Literal
FNDA:1,(anonymous_278)
FNDA:102,MetaProperty
FNDA:1,(anonymous_280)
FNDA:608,MethodDefinition
FNDA:1,(anonymous_282)
FNDA:344,NewExpression
FNDA:1,(anonymous_284)
FNDA:1506,ObjectExpression
FNDA:1,(anonymous_286)
FNDA:349,ObjectPattern
FNDA:1,(anonymous_288)
FNDA:12444,Program
FNDA:1,(anonymous_290)
FNDA:2485,Property
FNDA:1,(anonymous_292)
FNDA:265,RegexLiteral
FNDA:1,(anonymous_294)
FNDA:175,RestElement
FNDA:1,(anonymous_296)
FNDA:226,ReturnStatement
FNDA:1,(anonymous_298)
FNDA:223,SequenceExpression
FNDA:1,(anonymous_300)
FNDA:331,SpreadElement
FNDA:1,(anonymous_302)
FNDA:561,StaticMemberExpression
FNDA:1,(anonymous_304)
FNDA:106,Super
FNDA:1,(anonymous_306)
FNDA:110,SwitchCase
FNDA:1,(anonymous_308)
FNDA:102,SwitchStatement
FNDA:1,(anonymous_310)
FNDA:72,TaggedTemplateExpression
FNDA:1,(anonymous_312)
FNDA:250,TemplateElement
FNDA:1,(anonymous_314)
FNDA:191,TemplateLiteral
FNDA:1,(anonymous_316)
FNDA:80,ThisExpression
FNDA:1,(anonymous_318)
FNDA:102,ThrowStatement
FNDA:1,(anonymous_320)
FNDA:231,TryStatement
FNDA:1,(anonymous_322)
FNDA:304,UnaryExpression
FNDA:1,(anonymous_324)
FNDA:511,UpdateExpression
FNDA:1,(anonymous_326)
FNDA:2016,VariableDeclaration
FNDA:1,(anonymous_328)
FNDA:2448,VariableDeclarator
FNDA:1,(anonymous_330)
FNDA:379,WhileStatement
FNDA:1,(anonymous_332)
FNDA:90,WithStatement
FNDA:1,(anonymous_334)
FNDA:284,YieldExpression
FNDA:1,(anonymous_336)
FNDA:1,(anonymous_337)
FNDA:1,__
FNDA:1,(anonymous_339)
FNDA:728,getQualifiedElementName
FNDA:1,(anonymous_341)
FNDA:8228,JSXParser
FNDA:14285,(anonymous_343)
FNDA:416,(anonymous_344)
FNDA:356,(anonymous_345)
FNDA:3008,(anonymous_346)
FNDA:600,(anonymous_347)
FNDA:144,(anonymous_348)
FNDA:6724,(anonymous_349)
FNDA:3164,(anonymous_350)
FNDA:320,(anonymous_351)
FNDA:3560,(anonymous_352)
FNDA:2100,(anonymous_353)
FNDA:3560,(anonymous_354)
FNDA:980,(anonymous_355)
FNDA:620,(anonymous_356)
FNDA:128,(anonymous_357)
FNDA:84,(anonymous_358)
FNDA:20,(anonymous_359)
FNDA:112,(anonymous_360)
FNDA:128,(anonymous_361)
FNDA:8,(anonymous_362)
FNDA:384,(anonymous_363)
FNDA:360,(anonymous_364)
FNDA:264,(anonymous_365)
FNDA:16,(anonymous_366)
FNDA:56,(anonymous_367)
FNDA:56,(anonymous_368)
FNDA:264,(anonymous_369)
FNDA:184,(anonymous_370)
FNDA:360,(anonymous_371)
FNDA:352,(anonymous_372)
FNDA:1,(anonymous_373)
FNDA:1,(anonymous_374)
FNDA:1,(anonymous_375)
FNDA:1,(anonymous_376)
FNDA:212,JSXClosingElement
FNDA:1,(anonymous_378)
FNDA:344,JSXElement
FNDA:1,(anonymous_380)
FNDA:16,JSXEmptyExpression
FNDA:1,(anonymous_382)
FNDA:72,JSXExpressionContainer
FNDA:1,(anonymous_384)
FNDA:956,JSXIdentifier
FNDA:1,(anonymous_386)
FNDA:168,JSXMemberExpression
FNDA:1,(anonymous_388)
FNDA:120,JSXAttribute
FNDA:1,(anonymous_390)
FNDA:56,JSXNamespacedName
FNDA:1,(anonymous_392)
FNDA:368,JSXOpeningElement
FNDA:1,(anonymous_394)
FNDA:8,JSXSpreadAttribute
FNDA:1,(anonymous_396)
FNDA:44,JSXText
FNDA:1,(anonymous_398)
FNDA:1,(anonymous_399)
FNDA:247,Reader
FNDA:24,(anonymous_401)
FNDA:211,(anonymous_402)
FNDA:930,(anonymous_403)
FNDA:1,(anonymous_404)
FNDA:247,Tokenizer
FNDA:200,(anonymous_406)
FNDA:1195,(anonymous_407)
DA:1,1
DA:3,1
DA:4,1
DA:5,1
DA:6,1
DA:8,1
DA:9,1
DA:11,1
DA:13,1
DA:15,1
DA:18,1
DA:22,30
DA:23,14
DA:26,16
DA:33,16
DA:36,16
DA:39,16
DA:44,1
DA:47,1
DA:50,1
DA:53,1
DA:84,1
DA:85,1
DA:86,1
DA:87,1
DA:88,1
DA:89,14507
DA:90,14507
DA:91,51877
DA:92,48618
DA:94,51877
DA:95,23029
DA:98,14507
DA:99,14507
DA:100,13752
DA:101,13752
DA:102,13752
DA:103,3971
DA:104,3971
DA:105,3971
DA:106,3971
DA:109,14507
DA:110,14507
DA:111,8228
DA:114,6279
DA:116,14235
DA:117,12444
DA:118,2979
DA:120,12444
DA:121,3903
DA:123,12444
DA:124,320
DA:126,12444
DA:128,1
DA:129,1
DA:130,247
DA:131,247
DA:132,247
DA:133,247
DA:134,247
DA:135,1195
DA:136,1176
DA:137,228
DA:139,948
DA:140,160
DA:142,948
DA:146,19
DA:148,238
DA:149,200
DA:151,238
DA:153,1
DA:154,1
DA:155,1
DA:157,1
DA:165,1
DA:166,1
DA:167,1
DA:168,3971
DA:169,3971
DA:170,3971
DA:171,3971
DA:172,3971
DA:174,1
DA:177,760
DA:178,25
DA:179,25
DA:180,10
DA:181,10
DA:182,5
DA:183,5
DA:184,5
DA:187,25
DA:188,5
DA:192,1
DA:193,760
DA:194,760
DA:195,180
DA:196,205
DA:197,205
DA:198,60
DA:201,180
DA:202,180
DA:204,580
DA:205,580
DA:206,50
DA:207,50
DA:208,10
DA:209,10
DA:212,580
DA:214,1
DA:215,760
DA:216,760
DA:217,760
DA:218,905
DA:219,905
DA:220,590
DA:223,315
DA:226,760
DA:227,415
DA:228,415
DA:229,250
DA:230,250
DA:231,210
DA:232,210
DA:235,415
DA:236,195
DA:238,415
DA:240,345
DA:241,185
DA:242,185
DA:243,155
DA:244,155
DA:247,345
DA:249,1
DA:250,920
DA:251,160
DA:253,760
DA:254,760
DA:255,760
DA:256,760
DA:257,345
DA:259,760
DA:260,60
DA:262,760
DA:267,1
DA:268,637
DA:269,637
DA:273,637
DA:274,280
DA:276,637
DA:277,250
DA:279,637
DA:280,637
DA:281,210
DA:289,210
DA:290,58
DA:292,210
DA:293,210
DA:294,210
DA:297,1
DA:298,23029
DA:299,206
DA:301,22823
DA:302,431
DA:304,22392
DA:305,920
DA:308,1
DA:310,1
DA:318,1
DA:392,1
DA:393,1
DA:394,1
DA:395,1
DA:396,1
DA:397,1
DA:398,1
DA:399,1
DA:400,1
DA:401,1
DA:402,14507
DA:403,14507
DA:411,14507
DA:412,4
DA:414,14507
DA:415,14507
DA:416,14507
DA:417,14507
DA:418,14507
DA:419,14507
DA:447,14507
DA:448,14507
DA:449,14507
DA:450,14507
DA:462,14507
DA:463,14507
DA:468,14507
DA:473,14507
DA:474,14235
DA:480,1
DA:481,156
DA:482,156
DA:483,88
DA:485,156
DA:486,156
DA:487,68
DA:488,68
DA:490,156
DA:491,156
DA:492,156
DA:493,156
DA:495,1
DA:496,297
DA:497,297
DA:498,24
DA:500,297
DA:501,297
DA:502,24
DA:503,24
DA:505,297
DA:506,297
DA:507,297
DA:508,297
DA:511,1
DA:512,1583
DA:513,1583
DA:514,1583
DA:515,1563
DA:516,920
DA:522,920
DA:523,164
DA:524,12
DA:526,152
DA:527,56
DA:531,1563
DA:534,20
DA:536,1583
DA:537,1583
DA:538,1531
DA:539,1531
DA:540,1531
DA:541,1531
DA:544,52
DA:545,52
DA:546,52
DA:547,52
DA:550,1
DA:551,980
DA:553,1
DA:554,603
DA:556,1
DA:557,122764
DA:558,91651
DA:561,31113
DA:562,31101
DA:563,574
DA:564,637
DA:565,637
DA:566,637
DA:570,637
DA:571,280
DA:573,637
DA:574,250
DA:576,637
DA:588,637
DA:594,1
DA:595,38843
DA:597,1
DA:598,29952
DA:599,29952
DA:603,29952
DA:604,12634
DA:606,29952
DA:607,12492
DA:618,29952
DA:619,79
DA:621,29952
DA:623,1
DA:624,115815
DA:625,115815
DA:626,115815
DA:627,115815
DA:628,115815
DA:629,115791
DA:630,115791
DA:631,115791
DA:632,115791
DA:633,115791
DA:634,115523
DA:635,115523
DA:636,3344
DA:637,333
DA:640,115523
DA:641,115523
DA:642,28083
DA:644,115523
DA:646,1
DA:647,317
DA:648,317
DA:649,265
DA:652,79
DA:653,79
DA:656,265
DA:657,265
DA:658,265
DA:660,1
DA:661,91294
DA:667,1
DA:668,8737
DA:674,1
DA:675,91527
DA:676,36109
DA:678,91527
DA:679,35993
DA:689,35993
DA:690,36
DA:693,91527
DA:694,51240
DA:706,51240
DA:708,91527
DA:712,1
DA:713,44088
DA:714,44088
DA:715,156
DA:719,1
DA:720,967
DA:721,85
DA:722,85
DA:723,10
DA:725,75
DA:726,5
DA:727,5
DA:730,70
DA:734,882
DA:739,1
DA:740,8364
DA:741,8356
DA:742,4
DA:746,1
DA:747,467917
DA:750,1
DA:751,148468
DA:755,1
DA:756,1147
DA:759,1
DA:760,22212
DA:761,7711
DA:763,14501
DA:764,14501
DA:809,1
DA:810,23753
DA:811,23753
DA:812,23753
DA:813,23753
DA:814,23753
DA:815,23753
DA:816,23753
DA:817,22773
DA:818,4
DA:820,22769
DA:821,22769
DA:822,22769
DA:823,22769
DA:825,1
DA:826,139428
DA:827,139428
DA:828,139428
DA:829,139428
DA:830,139428
DA:831,139428
DA:832,139428
DA:833,133233
DA:834,133233
DA:835,133233
DA:836,133233
DA:838,1
DA:839,12629
DA:840,3836
DA:842,8793
DA:843,6739
DA:844,84
DA:846,6655
DA:847,6655
DA:848,6655
DA:852,1
DA:853,26033
DA:854,26033
DA:855,26033
DA:856,26033
DA:858,11788
DA:859,9
DA:861,11784
DA:862,11780
DA:865,6113
DA:866,21
DA:868,6097
DA:869,6097
DA:870,6097
DA:871,6097
DA:872,6097
DA:873,6097
DA:875,537
DA:876,537
DA:877,537
DA:878,537
DA:879,537
DA:880,537
DA:881,537
DA:883,253
DA:884,253
DA:885,253
DA:886,253
DA:887,253
DA:888,253
DA:889,253
DA:891,127
DA:892,119
DA:894,5899
DA:895,5899
DA:897,2361
DA:898,2361
DA:899,2012
DA:901,1447
DA:902,1435
DA:904,1646
DA:905,1498
DA:908,317
DA:909,317
DA:910,317
DA:911,317
DA:912,265
DA:913,265
DA:914,265
DA:916,128
DA:918,5210
DA:920,1300
DA:921,148
DA:923,1152
DA:924,157
DA:927,995
DA:928,995
DA:929,995
DA:930,774
DA:932,221
DA:933,80
DA:934,80
DA:936,141
DA:937,85
DA:940,56
DA:943,1104
DA:945,16
DA:947,25100
DA:950,1
DA:951,347
DA:952,347
DA:953,347
DA:954,331
DA:956,1
DA:957,1455
DA:958,1455
DA:959,1455
DA:960,1455
DA:961,1662
DA:962,140
DA:963,140
DA:965,1522
DA:966,93
DA:967,93
DA:968,4
DA:969,4
DA:970,4
DA:972,93
DA:975,1429
DA:976,1417
DA:977,352
DA:981,1443
DA:982,1443
DA:985,1
DA:986,1513
DA:987,1513
DA:988,1513
DA:989,1513
DA:990,1505
DA:991,10
DA:993,1505
DA:994,18
DA:996,1497
DA:997,1497
DA:999,1
DA:1000,727
DA:1001,727
DA:1002,727
DA:1003,727
DA:1004,727
DA:1005,723
DA:1006,715
DA:1007,715
DA:1009,1
DA:1010,2210
DA:1011,2210
DA:1012,2210
DA:1013,2210
DA:1016,283
DA:1017,13
DA:1019,275
DA:1020,275
DA:1021,275
DA:1026,1632
DA:1027,1632
DA:1029,283
DA:1030,271
DA:1031,267
DA:1034,12
DA:1036,255
DA:1038,12
DA:1040,2162
DA:1042,1
DA:1043,1679
DA:1046,1
DA:1047,1153
DA:1048,266
DA:1049,48
DA:1052,218
DA:1056,1
DA:1057,2184
DA:1058,2184
DA:1059,2184
DA:1060,2184
DA:1061,2184
DA:1062,2184
DA:1063,2184
DA:1064,2184
DA:1065,2184
DA:1066,1626
DA:1067,1626
DA:1069,558
DA:1070,127
DA:1073,431
DA:1074,431
DA:1076,2156
DA:1077,2156
DA:1078,305
DA:1079,305
DA:1080,305
DA:1081,301
DA:1082,301
DA:1084,1851
DA:1085,268
DA:1086,268
DA:1087,268
DA:1088,268
DA:1090,1583
DA:1091,123
DA:1092,123
DA:1093,123
DA:1094,119
DA:1095,119
DA:1098,1460
DA:1099,4
DA:1101,1456
DA:1102,1456
DA:1103,982
DA:1104,880
DA:1106,946
DA:1107,946
DA:1109,474
DA:1110,197
DA:1111,197
DA:1113,277
DA:1114,273
DA:1115,273
DA:1116,261
DA:1117,89
DA:1118,89
DA:1119,89
DA:1120,89
DA:1121,89
DA:1124,172
DA:1125,172
DA:1129,4
DA:1132,2064
DA:1134,1
DA:1135,1654
DA:1136,1654
DA:1137,1654
DA:1138,1654
DA:1139,1654
DA:1140,2184
DA:1141,2064
DA:1142,712
DA:1145,1506
DA:1146,1506
DA:1149,1
DA:1150,199
DA:1151,199
DA:1152,199
DA:1153,199
DA:1157,199
DA:1159,1
DA:1160,59
DA:1161,8
DA:1163,51
DA:1164,51
DA:1165,51
DA:1169,51
DA:1171,1
DA:1172,199
DA:1173,199
DA:1174,199
DA:1175,199
DA:1176,199
DA:1177,199
DA:1178,59
DA:1179,59
DA:1180,51
DA:1182,191
DA:1185,1
DA:1186,4355
DA:1191,2956
DA:1193,89
DA:1194,89
DA:1195,89
DA:1197,960
DA:1198,960
DA:1199,1223
DA:1200,1138
DA:1203,960
DA:1205,170
DA:1206,170
DA:1207,323
DA:1209,170
DA:1211,140
DA:1212,140
DA:1213,140
DA:1216,40
DA:1219,1
DA:1220,2361
DA:1221,2361
DA:1222,2361
DA:1223,84
DA:1224,84
DA:1225,12
DA:1227,72
DA:1233,2277
DA:1234,2277
DA:1235,2277
DA:1236,25
DA:1237,21
DA:1238,21
DA:1239,4
DA:1241,17
DA:1247,2252
DA:1248,2252
DA:1249,2252
DA:1250,1979
DA:1251,184
DA:1252,184
DA:1253,184
DA:1254,184
DA:1255,381
DA:1256,155
DA:1258,226
DA:1259,226
DA:1260,29
DA:1261,4
DA:1263,25
DA:1264,21
DA:1265,21
DA:1266,4
DA:1268,17
DA:1269,17
DA:1270,51
DA:1272,17
DA:1273,17
DA:1279,197
DA:1281,214
DA:1282,17
DA:1285,172
DA:1286,155
DA:1289,1967
DA:1290,1950
DA:1291,1942
DA:1292,543
DA:1293,17
DA:1294,17
DA:1299,543
DA:1300,526
DA:1301,36
DA:1303,490
DA:1304,126
DA:1305,260
DA:1309,364
DA:1311,490
DA:1312,490
DA:1318,1906
DA:1322,2012
DA:1325,1
DA:1326,1391
DA:1327,1391
DA:1328,1391
DA:1329,600
DA:1330,855
DA:1332,827
DA:1333,827
DA:1334,572
DA:1336,255
DA:1339,1363
DA:1340,1363
DA:1342,1
DA:1343,1651
DA:1348,1
DA:1349,1587
DA:1350,1587
DA:1351,1587
DA:1352,4
DA:1354,1583
DA:1356,1
DA:1357,474
DA:1358,474
DA:1359,474
DA:1360,474
DA:1361,474
DA:1362,114
DA:1363,114
DA:1364,102
DA:1365,102
DA:1368,12
DA:1372,360
DA:1373,356
DA:1374,344
DA:1375,344
DA:1376,344
DA:1378,446
DA:1380,1
DA:1381,26609
DA:1382,26609
DA:1383,26609
DA:1384,26609
DA:1385,26609
DA:1386,89
DA:1387,89
DA:1388,89
DA:1389,89
DA:1390,4
DA:1394,26520
DA:1396,25580
DA:1397,27563
DA:1398,531
DA:1399,531
DA:1400,531
DA:1401,531
DA:1402,527
DA:1404,27032
DA:1405,1188
DA:1406,1188
DA:1407,1188
DA:1408,1172
DA:1410,25844
DA:1411,229
DA:1412,229
DA:1413,229
DA:1414,229
DA:1415,229
DA:1416,229
DA:1418,25615
DA:1419,55
DA:1420,55
DA:1423,25560
DA:1426,25560
DA:1427,25560
DA:1429,1
DA:1430,21
DA:1431,21
DA:1432,21
DA:1433,4
DA:1435,17
DA:1437,1
DA:1438,360
DA:1439,360
DA:1440,360
DA:1442,356
DA:1443,424
DA:1444,17
DA:1445,17
DA:1446,17
DA:1447,17
DA:1448,17
DA:1449,17
DA:1451,407
DA:1452,34
DA:1453,34
DA:1454,34
DA:1455,34
DA:1456,34
DA:1458,373
DA:1459,17
DA:1460,17
DA:1463,356
DA:1466,356
DA:1469,1
DA:1470,26713
DA:1471,26713
DA:1472,26713
DA:1473,282
DA:1474,282
DA:1475,282
DA:1476,282
DA:1477,26
DA:1479,266
DA:1480,13
DA:1482,258
DA:1483,258
DA:1484,258
DA:1485,258
DA:1488,26431
DA:1489,25382
DA:1490,17473
DA:1491,277
DA:1492,26
DA:1494,261
DA:1495,13
DA:1497,253
DA:1498,253
DA:1499,253
DA:1500,253
DA:1501,253
DA:1505,25616
DA:1508,1
DA:1509,27017
DA:1510,27017
DA:1511,177
DA:1512,177
DA:1513,177
DA:1514,177
DA:1515,177
DA:1516,177
DA:1518,26840
DA:1519,127
DA:1520,127
DA:1521,127
DA:1522,127
DA:1523,127
DA:1524,13
DA:1526,119
DA:1527,119
DA:1530,26713
DA:1532,25912
DA:1534,1
DA:1535,26431
DA:1536,26431
DA:1537,25326
DA:1538,255
DA:1539,255
DA:1540,255
DA:1541,255
DA:1542,255
DA:1543,255
DA:1545,25326
DA:1554,1
DA:1555,25071
DA:1556,25071
DA:1557,25071
DA:1558,17305
DA:1560,7766
DA:1561,327
DA:1564,7439
DA:1566,25071
DA:1568,1
DA:1569,24099
DA:1570,24099
DA:1571,23010
DA:1572,23010
DA:1573,23010
DA:1574,1465
DA:1575,1465
DA:1576,1465
DA:1577,1465
DA:1578,1465
DA:1579,1465
DA:1580,1465
DA:1581,1449
DA:1582,1449
DA:1583,2061
DA:1584,2061
DA:1585,1449
DA:1588,612
DA:1589,340
DA:1590,340
DA:1591,340
DA:1592,340
DA:1593,340
DA:1594,340
DA:1597,612
DA:1598,612
DA:1599,612
DA:1600,612
DA:1601,612
DA:1604,1449
DA:1605,1449
DA:1606,1449
DA:1607,1449
DA:1608,1721
DA:1609,1721
DA:1610,1721
DA:1613,22994
DA:1616,1
DA:1617,24099
DA:1618,24099
DA:1619,22994
DA:1620,51
DA:1621,51
DA:1622,51
DA:1623,51
DA:1624,51
DA:1625,51
DA:1626,51
DA:1627,51
DA:1628,51
DA:1629,51
DA:1631,22994
DA:1634,1
DA:1635,1587
DA:1637,904
DA:1638,904
DA:1640,55
DA:1641,55
DA:1643,119
DA:1644,119
DA:1646,450
DA:1647,492
DA:1648,458
DA:1651,450
DA:1653,8
DA:1655,51
DA:1656,51
DA:1657,85
DA:1659,51
DA:1662,1
DA:1663,782
DA:1664,782
DA:1665,782
DA:1667,165
DA:1669,613
DA:1670,613
DA:1672,4
DA:1674,778
DA:1677,778
DA:1678,874
DA:1679,874
DA:1680,89
DA:1681,21
DA:1682,4
DA:1684,17
DA:1685,17
DA:1686,17
DA:1687,17
DA:1690,870
DA:1691,870
DA:1693,774
DA:1694,104
DA:1695,111
DA:1696,111
DA:1697,8
DA:1701,766
DA:1702,16
DA:1703,16
DA:1705,750
DA:1712,1
DA:1713,24391
DA:1714,24391
DA:1715,292
DA:1718,24099
DA:1719,24099
DA:1720,24099
DA:1721,22994
DA:1723,782
DA:1724,782
DA:1725,782
DA:1726,754
DA:1727,750
DA:1728,4
DA:1730,746
DA:1731,746
DA:1732,746
DA:1733,746
DA:1734,746
DA:1735,746
DA:1736,746
DA:1738,742
DA:1739,742
DA:1740,8
DA:1742,734
DA:1743,20
DA:1745,714
DA:1746,714
DA:1747,714
DA:1751,22212
DA:1752,2077
DA:1753,46
DA:1755,2041
DA:1756,81
DA:1757,81
DA:1758,22
DA:1760,69
DA:1761,28
DA:1764,2001
DA:1765,204
DA:1766,204
DA:1769,1797
DA:1771,2001
DA:1772,2001
DA:1773,1977
DA:1774,1977
DA:1778,23114
DA:1781,1
DA:1782,12898
DA:1783,12898
DA:1784,12063
DA:1785,51
DA:1786,51
DA:1787,51
DA:1788,102
DA:1789,34
DA:1791,68
DA:1792,68
DA:1794,51
DA:1796,12063
DA:1799,1
DA:1800,16709
DA:1801,16709
DA:1802,7799
DA:1804,313
DA:1805,33
DA:1807,280
DA:1808,232
DA:1810,194
DA:1811,18
DA:1813,176
DA:1814,120
DA:1816,95
DA:1817,51
DA:1819,1378
DA:1820,938
DA:1822,582
DA:1823,498
DA:1825,444
DA:1826,396
DA:1828,4793
DA:1829,4256
DA:1833,8910
DA:1835,14538
DA:1837,1
DA:1838,1434
DA:1839,1434
DA:1840,1434
DA:1841,1434
DA:1842,2551
DA:1843,1382
DA:1845,1169
DA:1847,1382
DA:1848,1382
DA:1851,1
DA:1852,952
DA:1853,952
DA:1854,952
DA:1856,828
DA:1857,29
DA:1858,5
DA:1861,828
DA:1862,828
DA:1863,204
DA:1864,153
DA:1865,137
DA:1868,624
DA:1869,364
DA:1870,360
DA:1872,808
DA:1874,1
DA:1875,776
DA:1876,684
DA:1877,176
DA:1878,176
DA:1880,632
DA:1882,1
DA:1883,444
DA:1884,444
DA:1885,444
DA:1886,444
DA:1887,444
DA:1888,444
DA:1889,444
DA:1890,444
DA:1891,444
DA:1897,1
DA:1898,500
DA:1899,500
DA:1900,500
DA:1901,500
DA:1902,412
DA:1903,412
DA:1906,1
DA:1907,31
DA:1908,31
DA:1909,31
DA:1910,31
DA:1911,31
DA:1913,1
DA:1914,421
DA:1915,421
DA:1916,421
DA:1917,421
DA:1918,449
DA:1919,34
DA:1920,34
DA:1923,415
DA:1924,31
DA:1925,31
DA:1928,384
DA:1930,376
DA:1931,155
DA:1935,413
DA:1936,409
DA:1938,1
DA:1939,433
DA:1940,433
DA:1941,433
DA:1942,433
DA:1943,433
DA:1944,433
DA:1945,433
DA:1946,327
DA:1947,327
DA:1948,327
DA:1949,327
DA:1950,34
DA:1951,34
DA:1952,34
DA:1953,34
DA:1954,34
DA:1956,293
DA:1957,179
DA:1958,179
DA:1959,179
DA:1962,114
DA:1963,114
DA:1967,106
DA:1968,106
DA:1969,106
DA:1970,102
DA:1972,421
DA:1974,1
DA:1975,365
DA:1976,365
DA:1977,365
DA:1978,365
DA:1979,433
DA:1980,421
DA:1981,191
DA:1984,349
DA:1985,349
DA:1987,1
DA:1988,4782
DA:1989,4782
DA:1990,421
DA:1992,4361
DA:1993,365
DA:1996,3996
DA:1997,60
DA:1999,3936
DA:2000,3936
DA:2002,4502
DA:2004,1
DA:2005,1771
DA:2006,1771
DA:2007,1719
DA:2008,216
DA:2009,216
DA:2010,216
DA:2011,216
DA:2012,208
DA:2013,208
DA:2015,1711
DA:2018,1
DA:2019,6976
DA:2020,6976
DA:2021,6976
DA:2022,254
DA:2023,40
DA:2025,214
DA:2026,40
DA:2029,6722
DA:2030,244
DA:2031,46
DA:2034,198
DA:2035,164
DA:2039,6478
DA:2040,8
DA:2042,6688
DA:2044,1
DA:2045,1809
DA:2046,1809
DA:2047,1809
DA:2049,1721
DA:2050,110
DA:2051,18
DA:2054,1713
DA:2055,1713
DA:2056,1043
DA:2057,1039
DA:2059,670
DA:2060,4
DA:2062,1640
DA:2064,1
DA:2065,1569
DA:2066,1569
DA:2067,1569
DA:2068,1424
DA:2069,240
DA:2070,240
DA:2072,1400
DA:2074,1
DA:2075,1352
DA:2076,1352
DA:2077,1344
DA:2078,1175
DA:2079,1175
DA:2082,1
DA:2083,629
DA:2084,629
DA:2085,629
DA:2088,1
DA:2089,5048
DA:2090,5048
DA:2091,4345
DA:2092,4309
DA:2095,1
DA:2096,229
DA:2097,229
DA:2098,229
DA:2099,229
DA:2100,229
DA:2101,225
DA:2102,225
DA:2103,5
DA:2104,5
DA:2107,220
DA:2108,220
DA:2109,208
DA:2110,72
DA:2111,72
DA:2114,209
DA:2117,1
DA:2118,110
DA:2119,110
DA:2120,110
DA:2121,110
DA:2122,110
DA:2123,106
DA:2124,106
DA:2125,102
DA:2126,102
DA:2127,102
DA:2128,102
DA:2129,17
DA:2131,102
DA:2134,1
DA:2135,411
DA:2136,411
DA:2137,411
DA:2138,411
DA:2139,411
DA:2140,411
DA:2141,5
DA:2142,5
DA:2145,406
DA:2146,406
DA:2147,406
DA:2148,406
DA:2149,374
DA:2151,379
DA:2155,1
DA:2156,871
DA:2157,871
DA:2158,871
DA:2159,871
DA:2160,871
DA:2161,871
DA:2162,871
DA:2163,871
DA:2164,871
DA:2165,55
DA:2168,816
DA:2169,225
DA:2170,225
DA:2171,225
DA:2172,225
DA:2173,225
DA:2174,225
DA:2175,225
DA:2176,119
DA:2177,119
DA:2178,119
DA:2179,119
DA:2180,119
DA:2182,106
DA:2183,51
DA:2184,51
DA:2185,51
DA:2186,51
DA:2187,51
DA:2188,51
DA:2191,55
DA:2192,55
DA:2195,591
DA:2196,293
DA:2197,293
DA:2198,293
DA:2199,17
DA:2200,17
DA:2201,17
DA:2202,17
DA:2203,17
DA:2206,276
DA:2207,276
DA:2208,276
DA:2209,220
DA:2210,220
DA:2211,51
DA:2212,51
DA:2213,51
DA:2214,51
DA:2215,51
DA:2217,169
DA:2218,85
DA:2219,85
DA:2220,85
DA:2221,85
DA:2222,85
DA:2223,85
DA:2226,84
DA:2227,68
DA:2232,298
DA:2233,298
DA:2234,298
DA:2235,298
DA:2236,298
DA:2237,298
DA:2238,128
DA:2239,17
DA:2241,116
DA:2242,116
DA:2243,116
DA:2244,116
DA:2245,112
DA:2247,170
DA:2248,81
DA:2249,4
DA:2251,77
DA:2252,77
DA:2253,77
DA:2254,77
DA:2255,73
DA:2256,73
DA:2259,89
DA:2260,17
DA:2261,17
DA:2262,34
DA:2263,34
DA:2265,17
DA:2267,89
DA:2271,755
DA:2272,247
DA:2273,56
DA:2275,247
DA:2276,247
DA:2277,39
DA:2280,755
DA:2281,755
DA:2282,15
DA:2283,15
DA:2286,740
DA:2287,740
DA:2288,740
DA:2289,740
DA:2290,736
DA:2292,751
DA:2298,1
DA:2299,164
DA:2300,164
DA:2301,164
DA:2302,164
DA:2303,59
DA:2304,59
DA:2305,59
DA:2306,8
DA:2309,156
DA:2310,152
DA:2311,16
DA:2313,136
DA:2316,1
DA:2317,262
DA:2318,262
DA:2319,262
DA:2320,262
DA:2321,93
DA:2322,93
DA:2323,93
DA:2324,8
DA:2327,254
DA:2328,250
DA:2329,12
DA:2331,238
DA:2334,1
DA:2335,234
DA:2336,9
DA:2338,230
DA:2339,230
DA:2340,230
DA:2342,230
DA:2343,226
DA:2344,226
DA:2347,1
DA:2348,102
DA:2349,13
DA:2351,94
DA:2352,94
DA:2353,94
DA:2354,94
DA:2355,94
DA:2356,94
DA:2357,90
DA:2360,1
DA:2361,114
DA:2362,114
DA:2363,114
DA:2364,29
DA:2365,29
DA:2368,85
DA:2369,85
DA:2371,114
DA:2372,114
DA:2373,114
DA:2374,267
DA:2375,110
DA:2377,157
DA:2379,110
DA:2381,1
DA:2382,114
DA:2383,114
DA:2384,114
DA:2385,110
DA:2386,110
DA:2387,110
DA:2388,110
DA:2389,110
DA:2390,110
DA:2391,110
DA:2392,110
DA:2393,216
DA:2394,102
DA:2396,114
DA:2397,110
DA:2398,25
DA:2399,4
DA:2401,21
DA:2403,106
DA:2405,102
DA:2406,102
DA:2407,102
DA:2410,1
DA:2411,4681
DA:2412,4681
DA:2413,4573
DA:2414,4573
DA:2415,202
DA:2416,202
DA:2417,202
DA:2418,202
DA:2419,8
DA:2421,194
DA:2422,194
DA:2423,170
DA:2424,170
DA:2427,4371
DA:2428,4347
DA:2430,4517
DA:2433,1
DA:2434,114
DA:2435,114
DA:2436,114
DA:2437,4
DA:2439,110
DA:2440,102
DA:2441,102
DA:2444,1
DA:2445,254
DA:2446,254
DA:2447,254
DA:2448,254
DA:2449,4
DA:2451,250
DA:2452,250
DA:2453,234
DA:2454,234
DA:2455,289
DA:2456,289
DA:2457,4
DA:2459,285
DA:2461,230
DA:2462,35
DA:2463,18
DA:2466,222
DA:2467,214
DA:2468,214
DA:2470,1
DA:2471,34
DA:2472,34
DA:2474,1
DA:2475,275
DA:2476,275
DA:2477,275
DA:2478,275
DA:2479,235
DA:2480,235
DA:2481,4
DA:2483,231
DA:2486,1
DA:2487,34
DA:2488,34
DA:2489,34
DA:2490,34
DA:2493,1
DA:2494,15594
DA:2495,15594
DA:2496,15594
DA:2497,15594
DA:2504,1325
DA:2505,1285
DA:2507,4455
DA:2508,4455
DA:2509,911
DA:2511,3544
DA:2512,2044
DA:2514,1500
DA:2515,629
DA:2518,871
DA:2520,3776
DA:2522,4681
DA:2523,4517
DA:2525,5097
DA:2527,262
DA:2528,238
DA:2530,164
DA:2531,136
DA:2533,34
DA:2534,34
DA:2536,110
DA:2537,102
DA:2539,871
DA:2540,751
DA:2542,17
DA:2543,17
DA:2545,229
DA:2546,209
DA:2548,234
DA:2549,226
DA:2551,114
DA:2552,102
DA:2554,114
DA:2555,102
DA:2557,275
DA:2558,231
DA:2560,1352
DA:2561,1175
DA:2563,411
DA:2564,379
DA:2566,102
DA:2567,90
DA:2569,808
DA:2570,736
DA:2572,4528
DA:2574,36
DA:2576,14106
DA:2579,1
DA:2580,3732
DA:2581,3732
DA:2582,3732
DA:2583,3716
DA:2584,3716
DA:2585,3716
DA:2586,3716
DA:2587,3716
DA:2588,3716
DA:2589,3716
DA:2590,3716
DA:2591,3716
DA:2592,4992
DA:2593,3388
DA:2595,1604
DA:2597,3392
DA:2598,3388
DA:2599,3388
DA:2600,3388
DA:2601,3388
DA:2602,3388
DA:2604,1
DA:2605,2080
DA:2606,2080
DA:2607,219
DA:2608,70
DA:2609,70
DA:2611,219
DA:2612,41
DA:2613,41
DA:2616,1861
DA:2617,1819
DA:2618,119
DA:2619,119
DA:2621,1700
DA:2622,97
DA:2623,97
DA:2625,1603
DA:2626,59
DA:2627,59
DA:2631,2080
DA:2632,2080
DA:2635,1
DA:2638,1
DA:2639,176
DA:2640,176
DA:2641,176
DA:2642,4
DA:2644,172
DA:2645,172
DA:2646,156
DA:2647,4
DA:2649,152
DA:2650,8
DA:2652,144
DA:2654,1
DA:2655,1297
DA:2656,1297
DA:2657,1297
DA:2658,1297
DA:2659,126
DA:2660,102
DA:2661,102
DA:2662,102
DA:2664,1171
DA:2665,1127
DA:2666,1074
DA:2668,1127
DA:2669,1127
DA:2671,1
DA:2672,2981
DA:2673,2981
DA:2677,2981
DA:2678,2981
DA:2679,690
DA:2680,690
DA:2681,1000
DA:2682,626
DA:2684,310
DA:2687,2917
DA:2688,2917
DA:2695,1
DA:2696,1415
DA:2697,1415
DA:2698,1415
DA:2699,1415
DA:2700,361
DA:2702,1415
DA:2703,1415
DA:2704,1415
DA:2705,1415
DA:2706,1407
DA:2707,1407
DA:2708,1347
DA:2709,125
DA:2710,18
DA:2714,1222
DA:2715,67
DA:2716,67
DA:2718,1155
DA:2719,42
DA:2720,42
DA:2724,1347
DA:2725,1347
DA:2726,1347
DA:2727,1303
DA:2728,1303
DA:2729,1303
DA:2730,1303
DA:2731,126
DA:2733,1303
DA:2734,1303
DA:2735,1035
DA:2736,44
DA:2738,991
DA:2739,55
DA:2741,971
DA:2742,971
DA:2743,971
DA:2745,1
DA:2746,774
DA:2747,774
DA:2748,774
DA:2749,774
DA:2750,133
DA:2752,774
DA:2753,774
DA:2754,774
DA:2755,774
DA:2756,774
DA:2757,774
DA:2758,188
DA:2759,188
DA:2760,180
DA:2761,50
DA:2762,22
DA:2766,130
DA:2767,42
DA:2768,42
DA:2770,88
DA:2771,42
DA:2772,42
DA:2776,754
DA:2777,738
DA:2778,738
DA:2779,738
DA:2780,738
DA:2781,86
DA:2783,738
DA:2784,738
DA:2785,670
DA:2786,24
DA:2788,646
DA:2789,27
DA:2791,634
DA:2792,634
DA:2793,634
DA:2796,1
DA:2797,1206
DA:2798,1206
DA:2799,1206
DA:2800,1206
DA:2801,1198
DA:2802,1164
DA:2804,1198
DA:2805,1194
DA:2808,1
DA:2809,17967
DA:2810,17967
DA:2811,17967
DA:2812,19115
DA:2813,19115
DA:2814,17909
DA:2816,1206
DA:2817,1194
DA:2818,1194
DA:2819,1194
DA:2820,34
DA:2822,1160
DA:2823,777
DA:2824,777
DA:2825,22
DA:2829,383
DA:2830,158
DA:2834,17943
DA:2837,1
DA:2838,3066
DA:2845,920
DA:2847,2142
DA:2849,4
DA:2851,1
DA:2852,339
DA:2853,339
DA:2854,339
DA:2855,339
DA:2856,339
DA:2862,339
DA:2863,339
DA:2864,339
DA:2865,339
DA:2866,339
DA:2868,1
DA:2869,306
DA:2870,306
DA:2875,306
DA:2876,306
DA:2877,306
DA:2878,306
DA:2879,306
DA:2880,9
DA:2883,297
DA:2885,298
DA:2886,298
DA:2887,290
DA:2888,290
DA:2890,1
DA:2891,153
DA:2892,153
DA:2893,153
DA:2894,153
DA:2895,153
DA:2896,153
DA:2897,153
DA:2898,153
DA:2899,153
DA:2902,1
DA:2903,292
DA:2904,292
DA:2905,292
DA:2906,292
DA:2907,292
DA:2908,275
DA:2909,275
DA:2910,275
DA:2911,275
DA:2912,89
DA:2913,89
DA:2916,186
DA:2917,110
DA:2920,267
DA:2922,284
DA:2925,1
DA:2926,668
DA:2927,668
DA:2928,668
DA:2929,668
DA:2930,668
DA:2931,668
DA:2932,668
DA:2933,668
DA:2934,668
DA:2935,4
DA:2938,664
DA:2939,664
DA:2940,656
DA:2941,656
DA:2942,237
DA:2943,237
DA:2944,237
DA:2945,237
DA:2946,34
DA:2949,203
DA:2953,656
DA:2954,656
DA:2955,470
DA:2956,38
DA:2957,38
DA:2958,38
DA:2959,38
DA:2960,38
DA:2962,432
DA:2963,38
DA:2964,38
DA:2965,38
DA:2966,38
DA:2969,186
DA:2970,34
DA:2971,34
DA:2972,34
DA:2973,34
DA:2974,34
DA:2976,656
DA:2977,530
DA:2978,530
DA:2979,518
DA:2981,644
DA:2982,16
DA:2984,628
DA:2985,552
DA:2987,628
DA:2988,526
DA:2989,8
DA:2991,518
DA:2992,84
DA:2993,8
DA:2995,76
DA:2996,4
DA:2999,72
DA:3001,72
DA:3004,608
DA:3006,1
DA:3007,663
DA:3008,663
DA:3009,663
DA:3010,651
DA:3011,923
DA:3012,255
DA:3015,668
DA:3018,591
DA:3019,591
DA:3021,1
DA:3022,663
DA:3023,663
DA:3024,591
DA:3026,1
DA:3027,582
DA:3028,582
DA:3029,582
DA:3030,582
DA:3031,582
DA:3032,570
DA:3033,570
DA:3034,127
DA:3035,127
DA:3037,570
DA:3038,498
DA:3039,498
DA:3041,1
DA:3042,93
DA:3043,93
DA:3044,93
DA:3045,93
DA:3046,93
DA:3047,93
DA:3048,93
DA:3049,51
DA:3050,51
DA:3052,93
DA:3053,93
DA:3054,93
DA:3058,1
DA:3059,14235
DA:3060,14235
DA:3061,14227
DA:3062,13731
DA:3064,12444
DA:3067,1
DA:3068,184
DA:3069,184
DA:3070,8
DA:3072,176
DA:3073,176
DA:3074,176
DA:3077,1
DA:3078,116
DA:3079,116
DA:3080,116
DA:3081,116
DA:3082,36
DA:3083,36
DA:3086,80
DA:3088,116
DA:3091,1
DA:3092,96
DA:3093,96
DA:3094,96
DA:3095,116
DA:3096,116
DA:3097,36
DA:3100,96
DA:3101,96
DA:3104,1
DA:3105,60
DA:3106,60
DA:3107,60
DA:3110,1
DA:3111,24
DA:3112,24
DA:3113,24
DA:3114,4
DA:3116,20
DA:3117,20
DA:3118,20
DA:3120,1
DA:3121,176
DA:3122,4
DA:3124,172
DA:3125,172
DA:3126,172
DA:3127,172
DA:3128,172
DA:3130,8
DA:3133,164
DA:3135,84
DA:3137,80
DA:3139,16
DA:3141,64
DA:3143,60
DA:3144,60
DA:3145,24
DA:3146,24
DA:3148,8
DA:3150,16
DA:3152,12
DA:3155,4
DA:3160,4
DA:3162,152
DA:3163,36
DA:3164,36
DA:3166,116
DA:3167,116
DA:3169,120
DA:3170,120
DA:3173,1
DA:3174,148
DA:3175,148
DA:3176,148
DA:3177,148
DA:3178,48
DA:3179,48
DA:3181,148
DA:3183,1
DA:3184,280
DA:3185,4
DA:3187,276
DA:3188,276
DA:3189,276
DA:3190,276
DA:3192,76
DA:3193,76
DA:3196,20
DA:3197,16
DA:3199,56
DA:3201,8
DA:3202,8
DA:3203,8
DA:3206,48
DA:3207,4
DA:3212,44
DA:3214,40
DA:3215,40
DA:3218,200
DA:3220,16
DA:3221,16
DA:3222,8
DA:3223,8
DA:3225,8
DA:3226,8
DA:3227,8
DA:3228,8
DA:3230,184
DA:3232,68
DA:3233,68
DA:3236,16
DA:3237,16
DA:3241,48
DA:3242,40
DA:3244,4
DA:3246,56
DA:3249,116
DA:3250,116
DA:3251,116
DA:3252,116
DA:3253,116
DA:3254,148
DA:3255,148
DA:3256,148
DA:3257,48
DA:3260,116
DA:3261,116
DA:3264,52
DA:3265,52
DA:3266,48
DA:3268,64
DA:3270,8
DA:3271,8
DA:3275,56
DA:3277,104
DA:3279,232
DA:3281,1
DA:3283,1
DA:3295,1
DA:3297,9020
DA:3298,1
DA:3301,1
DA:3310,1
DA:3366,1
DA:3367,1
DA:3368,14754
DA:3369,14754
DA:3372,1
DA:3373,380
DA:3376,1
DA:3377,622
DA:3378,250
DA:3381,372
DA:3385,1
DA:3386,2452
DA:3387,2452
DA:3388,2452
DA:3392,2452
DA:3393,2452
DA:3394,2452
DA:3398,2452
DA:3402,1
DA:3403,2452
DA:3404,2452
DA:3405,2452
DA:3406,2452
DA:3407,2452
DA:3408,2452
DA:3411,1
DA:3412,327
DA:3415,1
DA:3416,386
DA:3417,386
DA:3418,130
DA:3421,256
DA:3425,1
DA:3427,1
DA:3435,1
DA:3436,1
DA:3437,1
DA:3438,1
DA:3439,1
DA:3440,1
DA:3441,1
DA:3442,1
DA:3443,1
DA:3444,1
DA:3445,1
DA:3447,1
DA:3449,1
DA:3450,1
DA:3451,1
DA:3452,1
DA:3453,1
DA:3454,1
DA:3455,1
DA:3456,1
DA:3457,1
DA:3458,1
DA:3459,1
DA:3467,1
DA:3468,1
DA:3469,1
DA:3470,1
DA:3471,1
DA:3472,2016
DA:3474,1
DA:3475,395
DA:3477,1
DA:3478,1
DA:3479,14754
DA:3480,14754
DA:3481,14754
DA:3482,14754
DA:3483,14754
DA:3484,14754
DA:3485,14754
DA:3486,14754
DA:3489,1
DA:3490,472838
DA:3493,1
DA:3494,327
DA:3495,327
DA:3498,1
DA:3499,89
DA:3503,1
DA:3504,449
DA:3505,449
DA:3506,449
DA:3507,212
DA:3508,212
DA:3509,212
DA:3517,449
DA:3518,4056
DA:3519,4056
DA:3520,4056
DA:3521,245
DA:3522,104
DA:3526,104
DA:3532,104
DA:3534,245
DA:3535,4
DA:3537,245
DA:3538,245
DA:3539,245
DA:3542,204
DA:3543,108
DA:3547,108
DA:3553,108
DA:3555,204
DA:3558,1
DA:3559,989
DA:3560,989
DA:3561,989
DA:3562,455
DA:3563,455
DA:3564,455
DA:3572,989
DA:3573,11563
DA:3574,11563
DA:3575,394
DA:3576,21
DA:3578,394
DA:3579,394
DA:3580,394
DA:3582,11169
DA:3584,1127
DA:3585,940
DA:3586,940
DA:3587,433
DA:3591,433
DA:3597,433
DA:3599,940
DA:3601,187
DA:3604,10042
DA:3608,49
DA:3609,22
DA:3613,22
DA:3619,22
DA:3621,49
DA:3622,25
DA:3625,1
DA:3626,127513
DA:3627,127513
DA:3628,31863
DA:3630,127513
DA:3631,127513
DA:3632,168650
DA:3633,168650
DA:3634,47162
DA:3636,121488
DA:3637,5750
DA:3638,5750
DA:3639,12
DA:3641,5750
DA:3642,5750
DA:3643,5750
DA:3645,115738
DA:3646,3336
DA:3647,3336
DA:3648,330
DA:3649,330
DA:3650,330
DA:3651,149
DA:3653,330
DA:3655,3006
DA:3656,989
DA:3657,989
DA:3658,965
DA:3659,443
DA:3663,2017
DA:3666,112402
DA:3668,166
DA:3670,68
DA:3671,68
DA:3672,68
DA:3673,36
DA:3677,98
DA:3680,112236
DA:3681,2341
DA:3682,51
DA:3683,51
DA:3684,51
DA:3685,27
DA:3689,2290
DA:3693,109895
DA:3696,127489
DA:3700,1
DA:3701,164
DA:3706,12
DA:3708,152
DA:3712,1
DA:3713,6486
DA:3723,644
DA:3725,5842
DA:3729,1
DA:3730,3872
DA:3734,1
DA:3735,21695
DA:3737,1641
DA:3739,6457
DA:3742,2688
DA:3745,4253
DA:3749,1839
DA:3752,851
DA:3754,2812
DA:3756,93
DA:3758,1061
DA:3762,1
DA:3763,914
DA:3764,914
DA:3765,144
DA:3766,144
DA:3767,140
DA:3768,140
DA:3771,914
DA:3774,1
DA:3775,260
DA:3776,260
DA:3777,260
DA:3778,792
DA:3779,727
DA:3782,65
DA:3785,195
DA:3788,1
DA:3789,305
DA:3790,305
DA:3792,305
DA:3793,4
DA:3795,301
DA:3796,1590
DA:3797,1590
DA:3798,301
DA:3800,1289
DA:3802,301
DA:3803,12
DA:3805,289
DA:3808,1
DA:3809,36119
DA:3810,36119
DA:3811,117625
DA:3812,117625
DA:3814,84
DA:3815,84
DA:3817,117541
DA:3819,68
DA:3820,68
DA:3822,117473
DA:3823,83141
DA:3826,34332
DA:3829,35967
DA:3832,1
DA:3833,312
DA:3834,312
DA:3835,312
DA:3837,312
DA:3838,312
DA:3839,160
DA:3840,8
DA:3842,152
DA:3843,152
DA:3844,85
DA:3845,85
DA:3848,67
DA:3849,67
DA:3850,67
DA:3851,16
DA:3854,136
DA:3856,288
DA:3857,543
DA:3858,543
DA:3859,221
DA:3861,322
DA:3862,322
DA:3863,322
DA:3865,322
DA:3866,135
DA:3867,135
DA:3868,4
DA:3870,131
DA:3871,131
DA:3872,85
DA:3873,85
DA:3876,46
DA:3877,46
DA:3878,46
DA:3879,12
DA:3882,119
DA:3885,272
DA:3888,1
DA:3890,208
DA:3891,208
DA:3892,208
DA:3893,119
DA:3894,119
DA:3897,119
DA:3898,68
DA:3901,208
DA:3908,1
DA:3909,36279
DA:3910,36279
DA:3912,36279
DA:3915,36239
DA:3916,14544
DA:3918,21695
DA:3919,12275
DA:3921,9420
DA:3922,337
DA:3924,9083
DA:3925,725
DA:3928,8358
DA:3930,36239
DA:3941,1
DA:3942,60667
DA:3951,60667
DA:3952,60667
DA:3955,17983
DA:3956,8342
DA:3958,17983
DA:3959,17983
DA:3961,1310
DA:3962,1310
DA:3964,574
DA:3965,574
DA:3967,1310
DA:3969,7802
DA:3970,7802
DA:3971,7802
DA:3980,24120
DA:3981,24120
DA:3984,9452
DA:3985,9452
DA:3986,17
DA:3990,9435
DA:3991,9435
DA:3993,119
DA:3997,9316
DA:3998,9316
DA:4003,2191
DA:4007,7125
DA:4008,7125
DA:4009,7101
DA:4015,60667
DA:4016,24
DA:4018,60643
DA:4019,60643
DA:4020,60643
DA:4024,1
DA:4025,144
DA:4026,144
DA:4027,314
DA:4028,21
DA:4030,293
DA:4032,144
DA:4033,4
DA:4035,140
DA:4036,4
DA:4038,136
DA:4048,1
DA:4049,142
DA:4050,142
DA:4051,142
DA:4052,192
DA:4053,192
DA:4054,32
DA:4056,160
DA:4058,142
DA:4060,16
DA:4062,126
DA:4063,24
DA:4065,24
DA:4066,24
DA:4069,102
DA:4079,1
DA:4080,245
DA:4081,245
DA:4082,245
DA:4083,111
DA:4084,111
DA:4087,134
DA:4089,245
DA:4090,284
DA:4091,80
DA:4093,204
DA:4095,245
DA:4097,16
DA:4099,229
DA:4100,20
DA:4102,209
DA:4113,1
DA:4116,128
DA:4117,125
DA:4118,125
DA:4119,17
DA:4121,108
DA:4122,22
DA:4125,89
DA:4128,1
DA:4129,5029
DA:4130,5029
DA:4131,5029
DA:4132,5029
DA:4133,5029
DA:4134,4978
DA:4135,4978
DA:4140,4978
DA:4141,1807
DA:4142,144
DA:4143,144
DA:4145,1663
DA:4146,142
DA:4147,142
DA:4149,1521
DA:4150,134
DA:4152,1387
DA:4153,128
DA:4154,111
DA:4158,4447
DA:4159,2143
DA:4161,4447
DA:4163,4498
DA:4164,119
DA:4165,119
DA:4166,459
DA:4168,119
DA:4170,4498
DA:4171,84
DA:4172,84
DA:4173,84
DA:4174,76
DA:4176,84
DA:4177,68
DA:4178,170
DA:4182,16
DA:4185,4482
DA:4186,16
DA:4188,4466
DA:4199,1
DA:4200,1871
DA:4201,1871
DA:4202,1871
DA:4203,1871
DA:4204,1871
DA:4205,1871
DA:4206,1871
DA:4207,16742
DA:4208,16742
DA:4209,1799
DA:4210,1799
DA:4212,14943
DA:4213,651
DA:4214,651
DA:4215,617
DA:4218,205
DA:4219,118
DA:4220,118
DA:4223,87
DA:4224,87
DA:4225,36
DA:4227,51
DA:4229,153
DA:4231,51
DA:4232,51
DA:4234,17
DA:4235,17
DA:4237,17
DA:4238,17
DA:4240,17
DA:4241,17
DA:4243,17
DA:4244,17
DA:4246,17
DA:4247,17
DA:4250,13
DA:4251,13
DA:4252,5
DA:4254,263
DA:4255,208
DA:4256,208
DA:4257,208
DA:4260,55
DA:4262,263
DA:4266,34
DA:4267,34
DA:4268,17
DA:4270,34
DA:4273,14292
DA:4274,8
DA:4277,14284
DA:4280,1811
DA:4281,12
DA:4282,12
DA:4284,1799
DA:4296,1
DA:4297,270
DA:4298,270
DA:4299,270
DA:4300,270
DA:4301,270
DA:4302,270
DA:4303,270
DA:4304,270
DA:4305,1280
DA:4306,1280
DA:4307,195
DA:4308,195
DA:4309,195
DA:4310,195
DA:4312,1085
DA:4313,76
DA:4314,59
DA:4315,59
DA:4316,59
DA:4317,59
DA:4319,17
DA:4321,1009
DA:4322,250
DA:4323,250
DA:4324,216
DA:4326,17
DA:4327,17
DA:4329,17
DA:4330,17
DA:4332,17
DA:4333,17
DA:4336,68
DA:4337,17
DA:4338,17
DA:4341,51
DA:4342,51
DA:4343,51
DA:4344,34
DA:4347,17
DA:4348,17
DA:4351,68
DA:4353,17
DA:4354,17
DA:4356,17
DA:4357,17
DA:4359,17
DA:4360,17
DA:4362,46
DA:4363,25
DA:4365,8
DA:4367,17
DA:4369,21
DA:4371,4
DA:4374,17
DA:4376,34
DA:4380,34
DA:4381,34
DA:4382,17
DA:4384,34
DA:4387,759
DA:4388,34
DA:4389,34
DA:4390,17
DA:4392,34
DA:4393,34
DA:4396,725
DA:4399,258
DA:4400,4
DA:4402,254
DA:4403,51
DA:4405,254
DA:4421,1
DA:4428,389
DA:4429,389
DA:4430,389
DA:4431,389
DA:4432,80
DA:4434,199
DA:4435,199
DA:4436,4
DA:4438,195
DA:4439,178
DA:4441,17
DA:4446,385
DA:4447,385
DA:4450,12
DA:4455,373
DA:4456,373
DA:4460,1
DA:4464,1
DA:4465,444
DA:4466,444
DA:4467,444
DA:4468,444
DA:4469,444
DA:4470,444
DA:4471,3558
DA:4472,3558
DA:4473,3558
DA:4474,254
DA:4476,254
DA:4477,4
DA:4479,250
DA:4481,3304
DA:4482,12
DA:4484,3292
DA:4485,1921
DA:4486,268
DA:4490,1371
DA:4491,401
DA:4492,401
DA:4494,970
DA:4495,272
DA:4499,428
DA:4500,27
DA:4503,401
DA:4504,401
DA:4510,1
DA:4511,401
DA:4512,401
DA:4513,401
DA:4514,376
DA:4515,376
DA:4516,141
DA:4518,235
DA:4519,235
DA:4520,27
DA:4521,27
DA:4522,9
DA:4523,9
DA:4524,9
DA:4525,9
DA:4526,5
DA:4527,5
DA:4528,20
DA:4532,4
DA:4533,4
DA:4534,4
DA:4536,9
DA:4539,18
DA:4540,18
DA:4544,208
DA:4545,208
DA:4548,389
DA:4554,1
DA:4555,444
DA:4556,444
DA:4557,401
DA:4558,389
DA:4559,373
DA:4574,1
DA:4575,116973
DA:4576,12941
DA:4584,104032
DA:4585,104032
DA:4586,36228
DA:4589,67804
DA:4590,24137
DA:4593,43667
DA:4594,1871
DA:4598,41796
DA:4599,1361
DA:4600,51
DA:4602,1310
DA:4604,40435
DA:4605,4978
DA:4609,35457
DA:4610,270
DA:4613,35187
DA:4614,59
DA:4615,51
DA:4618,35136
DA:4621,1
DA:4623,1
DA:4632,1
DA:4638,1
DA:4640,1601
DA:4646,168650
DA:4651,156921
DA:4655,110693
DA:4662,125362
DA:4671,54573
DA:4674,2684
DA:4679,2563
DA:4689,1
DA:4690,1
DA:4691,1
DA:4692,1443
DA:4693,1443
DA:4695,1
DA:4697,1
DA:4698,1
DA:4699,1
DA:4700,409
DA:4701,409
DA:4703,1
DA:4705,1
DA:4706,1
DA:4707,1
DA:4708,714
DA:4709,714
DA:4710,714
DA:4711,714
DA:4712,714
DA:4713,714
DA:4715,1
DA:4717,1
DA:4718,1
DA:4719,1
DA:4720,1977
DA:4721,1977
DA:4722,1977
DA:4723,1977
DA:4725,1
DA:4727,1
DA:4728,1
DA:4729,1
DA:4730,331
DA:4731,331
DA:4732,331
DA:4734,1
DA:4736,1
DA:4737,1
DA:4738,1
DA:4739,2316
DA:4740,2316
DA:4741,2316
DA:4742,2316
DA:4743,2316
DA:4745,1
DA:4747,1
DA:4748,1
DA:4749,1
DA:4750,4770
DA:4751,4770
DA:4753,1
DA:4755,1
DA:4756,1
DA:4757,1
DA:4758,238
DA:4759,238
DA:4761,1
DA:4763,1
DA:4764,1
DA:4765,1
DA:4766,1172
DA:4767,1172
DA:4768,1172
DA:4770,1
DA:4772,1
DA:4773,1
DA:4774,1
DA:4775,214
DA:4776,214
DA:4777,214
DA:4779,1
DA:4781,1
DA:4782,1
DA:4783,1
DA:4784,591
DA:4785,591
DA:4787,1
DA:4789,1
DA:4790,1
DA:4791,1
DA:4792,498
DA:4793,498
DA:4794,498
DA:4795,498
DA:4797,1
DA:4799,1
DA:4800,1
DA:4801,1
DA:4802,93
DA:4803,93
DA:4804,93
DA:4805,93
DA:4807,1
DA:4809,1
DA:4810,1
DA:4811,1
DA:4812,246
DA:4813,246
DA:4814,246
DA:4815,246
DA:4817,1
DA:4819,1
DA:4820,1
DA:4821,1
DA:4822,51
DA:4823,51
DA:4824,51
DA:4825,51
DA:4827,1
DA:4829,1
DA:4830,1
DA:4831,1
DA:4832,136
DA:4833,136
DA:4835,1
DA:4837,1
DA:4838,1
DA:4839,1
DA:4840,34
DA:4842,1
DA:4844,1
DA:4845,1
DA:4846,1
DA:4847,1160
DA:4848,1160
DA:4849,1160
DA:4851,1
DA:4853,1
DA:4854,1
DA:4855,1
DA:4856,102
DA:4857,102
DA:4858,102
DA:4860,1
DA:4862,1
DA:4863,1
DA:4864,1
DA:4865,654
DA:4867,1
DA:4869,1
DA:4870,1
DA:4871,1
DA:4872,8
DA:4873,8
DA:4875,1
DA:4877,1
DA:4878,1
DA:4879,1
DA:4880,64
DA:4881,64
DA:4883,1
DA:4885,1
DA:4886,1
DA:4887,1
DA:4888,160
DA:4889,160
DA:4890,160
DA:4891,160
DA:4893,1
DA:4895,1
DA:4896,1
DA:4897,1
DA:4898,148
DA:4899,148
DA:4900,148
DA:4902,1
DA:4904,1
DA:4905,1
DA:4906,1
DA:4907,8690
DA:4908,8690
DA:4910,1
DA:4912,1
DA:4913,1
DA:4914,1
DA:4915,299
DA:4916,299
DA:4917,299
DA:4918,299
DA:4919,299
DA:4921,1
DA:4923,1
DA:4924,1
DA:4925,1
DA:4926,209
DA:4927,209
DA:4928,209
DA:4929,209
DA:4931,1
DA:4933,1
DA:4934,1
DA:4935,1
DA:4936,243
DA:4937,243
DA:4938,243
DA:4939,243
DA:4940,243
DA:4942,1
DA:4944,1
DA:4945,1
DA:4946,1
DA:4947,971
DA:4948,971
DA:4949,971
DA:4950,971
DA:4951,971
DA:4952,971
DA:4954,1
DA:4956,1
DA:4957,1
DA:4958,1
DA:4959,2131
DA:4960,2131
DA:4961,2131
DA:4962,2131
DA:4963,2131
DA:4964,2131
DA:4966,1
DA:4968,1
DA:4969,1
DA:4970,1
DA:4971,24083
DA:4972,24083
DA:4974,1
DA:4976,1
DA:4977,1
DA:4978,1
DA:4979,209
DA:4980,209
DA:4981,209
DA:4982,209
DA:4984,1
DA:4986,1
DA:4987,1
DA:4988,1
DA:4989,120
DA:4990,120
DA:4991,120
DA:4993,1
DA:4995,1
DA:4996,1
DA:4997,1
DA:4998,60
DA:4999,60
DA:5001,1
DA:5003,1
DA:5004,1
DA:5005,1
DA:5006,20
DA:5007,20
DA:5009,1
DA:5011,1
DA:5012,1
DA:5013,1
DA:5014,116
DA:5015,116
DA:5016,116
DA:5018,1
DA:5020,1
DA:5021,1
DA:5022,1
DA:5023,170
DA:5024,170
DA:5025,170
DA:5027,1
DA:5029,1
DA:5030,1
DA:5031,1
DA:5032,7418
DA:5033,7418
DA:5034,7418
DA:5036,1
DA:5038,1
DA:5039,1
DA:5040,1
DA:5041,102
DA:5042,102
DA:5043,102
DA:5045,1
DA:5047,1
DA:5048,1
DA:5049,1
DA:5050,608
DA:5051,608
DA:5052,608
DA:5053,608
DA:5054,608
DA:5055,608
DA:5057,1
DA:5059,1
DA:5060,1
DA:5061,1
DA:5062,344
DA:5063,344
DA:5064,344
DA:5066,1
DA:5068,1
DA:5069,1
DA:5070,1
DA:5071,1506
DA:5072,1506
DA:5074,1
DA:5076,1
DA:5077,1
DA:5078,1
DA:5079,349
DA:5080,349
DA:5082,1
DA:5084,1
DA:5085,1
DA:5086,1
DA:5087,12444
DA:5088,12444
DA:5089,12444
DA:5091,1
DA:5093,1
DA:5094,1
DA:5095,1
DA:5096,2485
DA:5097,2485
DA:5098,2485
DA:5099,2485
DA:5100,2485
DA:5101,2485
DA:5102,2485
DA:5104,1
DA:5106,1
DA:5107,1
DA:5108,1
DA:5109,265
DA:5110,265
DA:5111,265
DA:5112,265
DA:5114,1
DA:5116,1
DA:5117,1
DA:5118,1
DA:5119,175
DA:5120,175
DA:5122,1
DA:5124,1
DA:5125,1
DA:5126,1
DA:5127,226
DA:5128,226
DA:5130,1
DA:5132,1
DA:5133,1
DA:5134,1
DA:5135,223
DA:5136,223
DA:5138,1
DA:5140,1
DA:5141,1
DA:5142,1
DA:5143,331
DA:5144,331
DA:5146,1
DA:5148,1
DA:5149,1
DA:5150,1
DA:5151,561
DA:5152,561
DA:5153,561
DA:5154,561
DA:5156,1
DA:5158,1
DA:5159,1
DA:5160,1
DA:5161,106
DA:5163,1
DA:5165,1
DA:5166,1
DA:5167,1
DA:5168,110
DA:5169,110
DA:5170,110
DA:5172,1
DA:5174,1
DA:5175,1
DA:5176,1
DA:5177,102
DA:5178,102
DA:5179,102
DA:5181,1
DA:5183,1
DA:5184,1
DA:5185,1
DA:5186,72
DA:5187,72
DA:5188,72
DA:5190,1
DA:5192,1
DA:5193,1
DA:5194,1
DA:5195,250
DA:5196,250
DA:5197,250
DA:5199,1
DA:5201,1
DA:5202,1
DA:5203,1
DA:5204,191
DA:5205,191
DA:5206,191
DA:5208,1
DA:5210,1
DA:5211,1
DA:5212,1
DA:5213,80
DA:5215,1
DA:5217,1
DA:5218,1
DA:5219,1
DA:5220,102
DA:5221,102
DA:5223,1
DA:5225,1
DA:5226,1
DA:5227,1
DA:5228,231
DA:5229,231
DA:5230,231
DA:5231,231
DA:5233,1
DA:5235,1
DA:5236,1
DA:5237,1
DA:5238,304
DA:5239,304
DA:5240,304
DA:5241,304
DA:5243,1
DA:5245,1
DA:5246,1
DA:5247,1
DA:5248,511
DA:5249,511
DA:5250,511
DA:5251,511
DA:5253,1
DA:5255,1
DA:5256,1
DA:5257,1
DA:5258,2016
DA:5259,2016
DA:5260,2016
DA:5262,1
DA:5264,1
DA:5265,1
DA:5266,1
DA:5267,2448
DA:5268,2448
DA:5269,2448
DA:5271,1
DA:5273,1
DA:5274,1
DA:5275,1
DA:5276,379
DA:5277,379
DA:5278,379
DA:5280,1
DA:5282,1
DA:5283,1
DA:5284,1
DA:5285,90
DA:5286,90
DA:5287,90
DA:5289,1
DA:5291,1
DA:5292,1
DA:5293,1
DA:5294,284
DA:5295,284
DA:5296,284
DA:5298,1
DA:5300,1
DA:5309,1
DA:5310,1
DA:5311,1
DA:5312,1
DA:5314,1
DA:5315,1
DA:5316,1
DA:5317,1
DA:5318,1
DA:5319,1
DA:5320,1
DA:5321,1
DA:5322,1
DA:5323,1
DA:5324,1
DA:5326,1
DA:5327,1
DA:5329,1
DA:5330,728
DA:5331,728
DA:5333,576
DA:5334,576
DA:5335,576
DA:5337,32
DA:5338,32
DA:5340,32
DA:5342,120
DA:5343,120
DA:5345,120
DA:5347,728
DA:5349,1
DA:5350,1
DA:5351,1
DA:5352,8228
DA:5354,1
DA:5355,14285
DA:5357,1
DA:5359,416
DA:5360,416
DA:5361,416
DA:5363,1
DA:5365,356
DA:5367,1
DA:5368,3008
DA:5369,3008
DA:5375,1
DA:5376,600
DA:5382,1
DA:5383,144
DA:5384,144
DA:5385,144
DA:5386,792
DA:5387,792
DA:5388,144
DA:5389,96
DA:5390,96
DA:5391,96
DA:5392,96
DA:5394,48
DA:5395,24
DA:5398,24
DA:5400,144
DA:5402,648
DA:5403,648
DA:5405,144
DA:5408,1
DA:5409,6724
DA:5411,6724
DA:5412,4308
DA:5413,4308
DA:5423,2416
DA:5424,240
DA:5425,240
DA:5426,240
DA:5427,240
DA:5428,1920
DA:5429,1920
DA:5430,240
DA:5432,1680
DA:5433,144
DA:5436,1536
DA:5439,240
DA:5449,2176
DA:5450,508
DA:5451,508
DA:5452,508
DA:5453,508
DA:5454,508
DA:5455,508
DA:5465,1668
DA:5466,1660
DA:5467,1660
DA:5468,1660
DA:5469,6932
DA:5470,6932
DA:5471,5216
DA:5473,1716
DA:5475,56
DA:5478,1660
DA:5481,1660
DA:5482,1660
DA:5491,8
DA:5493,1
DA:5494,3164
DA:5495,3164
DA:5496,3164
DA:5497,3164
DA:5498,3164
DA:5499,3156
DA:5500,3156
DA:5501,3156
DA:5502,3156
DA:5503,1765
DA:5505,3156
DA:5507,1
DA:5508,320
DA:5509,320
DA:5510,320
DA:5511,320
DA:5512,320
DA:5513,320
DA:5514,624
DA:5515,624
DA:5516,316
DA:5518,308
DA:5519,308
DA:5520,308
DA:5521,68
DA:5522,68
DA:5523,32
DA:5525,68
DA:5528,320
DA:5529,320
DA:5530,320
DA:5531,320
DA:5539,320
DA:5540,25
DA:5542,320
DA:5544,1
DA:5545,3560
DA:5546,3560
DA:5547,3560
DA:5548,3560
DA:5549,3560
DA:5550,3560
DA:5551,3560
DA:5552,3560
DA:5553,3560
DA:5557,1
DA:5558,2100
DA:5559,2092
DA:5560,4
DA:5564,1
DA:5565,3560
DA:5566,3560
DA:5568,1
DA:5569,980
DA:5570,980
DA:5571,980
DA:5572,24
DA:5574,956
DA:5576,1
DA:5577,620
DA:5578,620
DA:5579,604
DA:5580,44
DA:5581,44
DA:5582,44
DA:5583,40
DA:5585,560
DA:5586,76
DA:5587,172
DA:5588,172
DA:5589,172
DA:5590,168
DA:5593,596
DA:5595,1
DA:5596,128
DA:5597,128
DA:5598,128
DA:5599,128
DA:5600,16
DA:5601,16
DA:5602,16
DA:5603,16
DA:5606,112
DA:5608,128
DA:5610,1
DA:5611,84
DA:5612,84
DA:5613,84
DA:5614,4
DA:5616,80
DA:5617,80
DA:5619,1
DA:5620,20
DA:5621,20
DA:5622,20
DA:5623,20
DA:5624,20
DA:5625,4
DA:5627,16
DA:5628,16
DA:5629,16
DA:5630,16
DA:5632,1
DA:5633,112
DA:5636,1
DA:5637,128
DA:5638,128
DA:5639,128
DA:5640,128
DA:5641,112
DA:5642,112
DA:5644,120
DA:5646,1
DA:5647,8
DA:5648,8
DA:5649,8
DA:5650,8
DA:5651,8
DA:5652,8
DA:5653,8
DA:5654,8
DA:5656,1
DA:5657,384
DA:5658,384
DA:5659,136
DA:5661,128
DA:5663,376
DA:5665,1
DA:5666,360
DA:5667,360
DA:5668,360
DA:5669,336
DA:5670,328
DA:5671,328
DA:5672,144
DA:5674,328
DA:5675,320
DA:5677,1
DA:5678,264
DA:5679,264
DA:5680,260
DA:5681,212
DA:5682,212
DA:5683,212
DA:5684,212
DA:5686,48
DA:5687,48
DA:5688,48
DA:5689,48
DA:5690,16
DA:5692,48
DA:5693,48
DA:5695,1
DA:5696,16
DA:5697,16
DA:5698,16
DA:5699,16
DA:5700,16
DA:5701,16
DA:5703,1
DA:5704,56
DA:5705,56
DA:5706,16
DA:5709,40
DA:5710,40
DA:5711,40
DA:5713,56
DA:5715,1
DA:5716,56
DA:5717,56
DA:5718,56
DA:5719,56
DA:5720,56
DA:5722,1
DA:5723,264
DA:5724,264
DA:5725,320
DA:5726,320
DA:5727,320
DA:5728,44
DA:5729,44
DA:5730,44
DA:5732,320
DA:5733,56
DA:5734,56
DA:5737,264
DA:5740,264
DA:5742,1
DA:5743,184
DA:5744,184
DA:5745,264
DA:5746,264
DA:5747,264
DA:5748,260
DA:5749,48
DA:5750,48
DA:5751,16
DA:5752,16
DA:5755,32
DA:5756,32
DA:5759,260
DA:5760,212
DA:5761,212
DA:5762,212
DA:5763,212
DA:5764,20
DA:5766,192
DA:5767,32
DA:5768,32
DA:5769,32
DA:5772,160
DA:5776,160
DA:5778,1
DA:5779,360
DA:5780,360
DA:5781,320
DA:5782,320
DA:5783,320
DA:5784,184
DA:5785,160
DA:5786,160
DA:5788,296
DA:5790,1
DA:5792,352
DA:5793,180
DA:5795,352
DA:5796,352
DA:5797,288
DA:5798,288
DA:5800,1
DA:5802,1
DA:5811,1
DA:6072,1
DA:6092,1
DA:6093,1
DA:6094,1
DA:6095,212
DA:6096,212
DA:6098,1
DA:6100,1
DA:6101,1
DA:6102,1
DA:6103,344
DA:6104,344
DA:6105,344
DA:6106,344
DA:6108,1
DA:6110,1
DA:6111,1
DA:6112,1
DA:6113,16
DA:6115,1
DA:6117,1
DA:6118,1
DA:6119,1
DA:6120,72
DA:6121,72
DA:6123,1
DA:6125,1
DA:6126,1
DA:6127,1
DA:6128,956
DA:6129,956
DA:6131,1
DA:6133,1
DA:6134,1
DA:6135,1
DA:6136,168
DA:6137,168
DA:6138,168
DA:6140,1
DA:6142,1
DA:6143,1
DA:6144,1
DA:6145,120
DA:6146,120
DA:6147,120
DA:6149,1
DA:6151,1
DA:6152,1
DA:6153,1
DA:6154,56
DA:6155,56
DA:6156,56
DA:6158,1
DA:6160,1
DA:6161,1
DA:6162,1
DA:6163,368
DA:6164,368
DA:6165,368
DA:6166,368
DA:6168,1
DA:6170,1
DA:6171,1
DA:6172,1
DA:6173,8
DA:6174,8
DA:6176,1
DA:6178,1
DA:6179,1
DA:6180,1
DA:6181,44
DA:6182,44
DA:6183,44
DA:6185,1
DA:6187,1
DA:6195,1
DA:6196,1
DA:6197,1
DA:6198,1
DA:6199,1
DA:6200,247
DA:6201,247
DA:6205,1
DA:6206,24
DA:6219,1
DA:6220,211
DA:6221,211
DA:6222,211
DA:6225,24
DA:6226,24
DA:6228,24
DA:6229,24
DA:6230,24
DA:6234,60
DA:6235,60
DA:6237,24
DA:6238,24
DA:6240,36
DA:6242,24
DA:6243,24
DA:6246,211
DA:6249,1
DA:6250,930
DA:6251,627
DA:6252,72
DA:6254,555
DA:6255,96
DA:6257,627
DA:6260,303
DA:6264,1
DA:6266,1
DA:6267,1
DA:6268,247
DA:6269,247
DA:6270,247
DA:6271,247
DA:6272,247
DA:6273,247
DA:6274,247
DA:6275,247
DA:6278,1
DA:6279,200
DA:6282,1
DA:6283,1195
DA:6284,1189
DA:6285,1189
DA:6286,602
DA:6287,18
DA:6288,18
DA:6289,18
DA:6290,18
DA:6294,18
DA:6295,12
DA:6297,18
DA:6298,12
DA:6300,18
DA:6303,1189
DA:6304,949
DA:6305,949
DA:6306,468
DA:6314,949
DA:6315,949
DA:6316,211
DA:6319,738
DA:6321,930
DA:6322,930
DA:6323,930
DA:6327,930
DA:6328,462
DA:6330,930
DA:6331,462
DA:6335,462
DA:6337,930
DA:6338,108
DA:6340,930
DA:6343,1176
DA:6346,1
DA:6348,1
LF:3715
LH:3715
BRDA:3,1,0,1
BRDA:3,1,1,0
BRDA:3,2,0,1
BRDA:3,2,1,1
BRDA:5,3,0,0
BRDA:5,3,1,0
BRDA:5,4,0,0
BRDA:5,4,1,0
BRDA:8,5,0,0
BRDA:8,5,1,0
BRDA:22,6,0,14
BRDA:22,6,1,16
BRDA:91,7,0,48618
BRDA:91,7,1,3259
BRDA:94,8,0,23029
BRDA:94,8,1,28848
BRDA:98,9,0,6918
BRDA:98,9,1,7589
BRDA:99,10,0,13752
BRDA:99,10,1,755
BRDA:100,11,0,13752
BRDA:100,11,1,10303
BRDA:101,12,0,13752
BRDA:101,12,1,275
BRDA:102,13,0,3971
BRDA:102,13,1,9781
BRDA:102,14,0,13752
BRDA:102,14,1,9781
BRDA:110,15,0,8228
BRDA:110,15,1,6279
BRDA:110,16,0,14507
BRDA:110,16,1,13752
BRDA:110,16,2,8228
BRDA:117,17,0,2979
BRDA:117,17,1,9465
BRDA:120,18,0,3903
BRDA:120,18,1,8541
BRDA:123,19,0,320
BRDA:123,19,1,12124
BRDA:136,20,0,228
BRDA:136,20,1,948
BRDA:139,21,0,160
BRDA:139,21,1,788
BRDA:148,22,0,200
BRDA:148,22,1,38
BRDA:177,23,0,25
BRDA:177,23,1,735
BRDA:177,24,0,760
BRDA:177,24,1,70
BRDA:181,25,0,5
BRDA:181,25,1,5
BRDA:187,26,0,5
BRDA:187,26,1,20
BRDA:194,27,0,180
BRDA:194,27,1,580
BRDA:197,28,0,60
BRDA:197,28,1,145
BRDA:205,29,0,50
BRDA:205,29,1,530
BRDA:205,30,0,580
BRDA:205,30,1,525
BRDA:207,31,0,10
BRDA:207,31,1,40
BRDA:207,32,0,50
BRDA:207,32,1,50
BRDA:219,33,0,590
BRDA:219,33,1,315
BRDA:219,34,0,905
BRDA:219,34,1,905
BRDA:226,35,0,415
BRDA:226,35,1,345
BRDA:227,36,0,235
BRDA:227,36,1,180
BRDA:230,37,0,210
BRDA:230,37,1,40
BRDA:235,38,0,195
BRDA:235,38,1,220
BRDA:235,39,0,415
BRDA:235,39,1,235
BRDA:242,40,0,155
BRDA:242,40,1,30
BRDA:250,41,0,160
BRDA:250,41,1,760
BRDA:250,42,0,920
BRDA:250,42,1,170
BRDA:256,43,0,345
BRDA:256,43,1,415
BRDA:259,44,0,60
BRDA:259,44,1,700
BRDA:268,45,0,206
BRDA:268,45,1,431
BRDA:273,46,0,280
BRDA:273,46,1,357
BRDA:276,47,0,250
BRDA:276,47,1,387
BRDA:280,48,0,210
BRDA:280,48,1,427
BRDA:289,49,0,58
BRDA:289,49,1,152
BRDA:298,50,0,206
BRDA:298,50,1,22823
BRDA:301,51,0,431
BRDA:301,51,1,22392
BRDA:304,52,0,920
BRDA:304,52,1,21472
BRDA:402,53,0,755
BRDA:402,53,1,13752
BRDA:404,54,0,14507
BRDA:404,54,1,10130
BRDA:405,55,0,14507
BRDA:405,55,1,10130
BRDA:407,56,0,14507
BRDA:407,56,1,3903
BRDA:408,57,0,14507
BRDA:408,57,1,10303
BRDA:409,58,0,14507
BRDA:409,58,1,6360
BRDA:411,59,0,4
BRDA:411,59,1,14503
BRDA:411,60,0,14507
BRDA:411,60,1,5131
BRDA:411,60,2,4
BRDA:447,61,0,473
BRDA:447,61,1,14034
BRDA:447,62,0,14507
BRDA:447,62,1,14507
BRDA:512,63,0,1583
BRDA:512,63,1,928
BRDA:514,64,0,1563
BRDA:514,64,1,20
BRDA:515,65,0,920
BRDA:515,65,1,643
BRDA:516,66,0,157
BRDA:516,66,1,763
BRDA:517,67,0,61
BRDA:517,67,1,702
BRDA:518,68,0,32
BRDA:518,68,1,670
BRDA:519,69,0,4
BRDA:519,69,1,666
BRDA:520,70,0,4
BRDA:520,70,1,662
BRDA:522,71,0,164
BRDA:522,71,1,756
BRDA:523,72,0,12
BRDA:523,72,1,152
BRDA:526,73,0,56
BRDA:526,73,1,96
BRDA:526,74,0,152
BRDA:526,74,1,72
BRDA:531,75,0,4
BRDA:531,75,1,1559
BRDA:537,76,0,1531
BRDA:537,76,1,52
BRDA:537,77,0,1583
BRDA:537,77,1,1563
BRDA:557,78,0,91651
BRDA:557,78,1,31113
BRDA:562,79,0,574
BRDA:562,79,1,30527
BRDA:562,80,0,31101
BRDA:562,80,1,574
BRDA:567,81,0,431
BRDA:567,81,1,206
BRDA:570,82,0,280
BRDA:570,82,1,357
BRDA:573,83,0,250
BRDA:573,83,1,387
BRDA:603,84,0,12634
BRDA:603,84,1,17318
BRDA:606,85,0,12492
BRDA:606,85,1,17460
BRDA:618,86,0,79
BRDA:618,86,1,29873
BRDA:634,87,0,101288
BRDA:634,87,1,14235
BRDA:634,88,0,115523
BRDA:634,88,1,101288
BRDA:635,89,0,3344
BRDA:635,89,1,112179
BRDA:635,90,0,115523
BRDA:635,90,1,115523
BRDA:635,90,2,14834
BRDA:636,91,0,333
BRDA:636,91,1,3011
BRDA:641,92,0,28083
BRDA:641,92,1,87440
BRDA:641,93,0,115523
BRDA:641,93,1,31996
BRDA:649,94,0,79
BRDA:649,94,1,186
BRDA:675,95,0,36109
BRDA:675,95,1,55418
BRDA:678,96,0,35993
BRDA:678,96,1,55534
BRDA:689,97,0,36
BRDA:689,97,1,35957
BRDA:693,98,0,51240
BRDA:693,98,1,40287
BRDA:714,99,0,156
BRDA:714,99,1,43932
BRDA:714,100,0,44088
BRDA:714,100,1,44032
BRDA:720,101,0,85
BRDA:720,101,1,882
BRDA:722,102,0,10
BRDA:722,102,1,75
BRDA:722,103,0,85
BRDA:722,103,1,15
BRDA:725,104,0,5
BRDA:725,104,1,70
BRDA:725,105,0,75
BRDA:725,105,1,5
BRDA:741,106,0,4
BRDA:741,106,1,8352
BRDA:741,107,0,8356
BRDA:741,107,1,8352
BRDA:747,108,0,467917
BRDA:747,108,1,242450
BRDA:751,109,0,148468
BRDA:751,109,1,16057
BRDA:756,110,0,1147
BRDA:756,110,1,547
BRDA:760,111,0,7711
BRDA:760,111,1,14501
BRDA:764,112,0,14501
BRDA:764,112,1,12628
BRDA:764,112,2,12611
BRDA:764,112,3,12594
BRDA:764,112,4,12577
BRDA:764,112,5,12560
BRDA:764,112,6,12543
BRDA:764,112,7,12526
BRDA:764,112,8,12509
BRDA:764,112,9,12492
BRDA:764,112,10,12475
BRDA:764,112,11,12458
BRDA:764,112,12,12441
BRDA:817,113,0,4
BRDA:817,113,1,22769
BRDA:833,114,0,133233
BRDA:833,114,1,61258
BRDA:834,115,0,133233
BRDA:834,115,1,69446
BRDA:835,116,0,133233
BRDA:835,116,1,133182
BRDA:839,117,0,3836
BRDA:839,117,1,8793
BRDA:842,118,0,6739
BRDA:842,118,1,2054
BRDA:843,119,0,84
BRDA:843,119,1,6655
BRDA:843,120,0,6739
BRDA:843,120,1,939
BRDA:856,121,0,11788
BRDA:856,121,1,4734
BRDA:856,121,2,6113
BRDA:856,121,3,537
BRDA:856,121,4,253
BRDA:856,121,5,127
BRDA:856,121,6,5899
BRDA:856,121,7,1300
BRDA:856,121,8,16
BRDA:858,122,0,9
BRDA:858,122,1,11779
BRDA:858,123,0,11788
BRDA:858,123,1,21
BRDA:865,124,0,21
BRDA:865,124,1,6092
BRDA:865,125,0,6113
BRDA:865,125,1,346
BRDA:895,126,0,2361
BRDA:895,126,1,1447
BRDA:895,126,2,1646
BRDA:895,126,3,300
BRDA:895,126,4,317
BRDA:895,126,5,128
BRDA:920,127,0,148
BRDA:920,127,1,1152
BRDA:920,128,0,1300
BRDA:920,128,1,1190
BRDA:920,128,2,1156
BRDA:923,129,0,157
BRDA:923,129,1,995
BRDA:923,130,0,1152
BRDA:923,130,1,1042
BRDA:929,131,0,774
BRDA:929,131,1,221
BRDA:932,132,0,80
BRDA:932,132,1,141
BRDA:936,133,0,85
BRDA:936,133,1,56
BRDA:961,134,0,140
BRDA:961,134,1,1522
BRDA:965,135,0,93
BRDA:965,135,1,1429
BRDA:967,136,0,4
BRDA:967,136,1,89
BRDA:976,137,0,352
BRDA:976,137,1,1065
BRDA:990,138,0,10
BRDA:990,138,1,1495
BRDA:990,139,0,1505
BRDA:990,139,1,736
BRDA:993,140,0,18
BRDA:993,140,1,1487
BRDA:993,141,0,1505
BRDA:993,141,1,736
BRDA:1013,142,0,240
BRDA:1013,142,1,283
BRDA:1013,142,2,1030
BRDA:1013,142,3,1132
BRDA:1013,142,4,1183
BRDA:1013,142,5,1632
BRDA:1013,142,6,283
BRDA:1013,142,7,12
BRDA:1016,143,0,13
BRDA:1016,143,1,270
BRDA:1016,144,0,283
BRDA:1016,144,1,38
BRDA:1029,145,0,271
BRDA:1029,145,1,12
BRDA:1043,146,0,1679
BRDA:1043,146,1,1493
BRDA:1043,146,2,1463
BRDA:1043,146,3,186
BRDA:1047,147,0,266
BRDA:1047,147,1,887
BRDA:1048,148,0,48
BRDA:1048,148,1,218
BRDA:1065,149,0,1626
BRDA:1065,149,1,558
BRDA:1069,150,0,127
BRDA:1069,150,1,431
BRDA:1077,151,0,305
BRDA:1077,151,1,1851
BRDA:1077,152,0,2156
BRDA:1077,152,1,1626
BRDA:1077,152,2,351
BRDA:1084,153,0,268
BRDA:1084,153,1,1583
BRDA:1084,154,0,1851
BRDA:1084,154,1,1321
BRDA:1084,154,2,314
BRDA:1090,155,0,123
BRDA:1090,155,1,1460
BRDA:1090,156,0,1583
BRDA:1090,156,1,246
BRDA:1090,156,2,127
BRDA:1098,157,0,4
BRDA:1098,157,1,1456
BRDA:1102,158,0,982
BRDA:1102,158,1,474
BRDA:1103,159,0,880
BRDA:1103,159,1,102
BRDA:1109,160,0,197
BRDA:1109,160,1,277
BRDA:1113,161,0,273
BRDA:1113,161,1,4
BRDA:1116,162,0,89
BRDA:1116,162,1,172
BRDA:1141,163,0,712
BRDA:1141,163,1,1352
BRDA:1160,164,0,8
BRDA:1160,164,1,51
BRDA:1186,165,0,2633
BRDA:1186,165,1,2854
BRDA:1186,165,2,2871
BRDA:1186,165,3,2956
BRDA:1186,165,4,89
BRDA:1186,165,5,960
BRDA:1186,165,6,170
BRDA:1186,165,7,140
BRDA:1186,165,8,40
BRDA:1199,166,0,1138
BRDA:1199,166,1,85
BRDA:1222,167,0,84
BRDA:1222,167,1,2277
BRDA:1224,168,0,12
BRDA:1224,168,1,72
BRDA:1235,169,0,25
BRDA:1235,169,1,2252
BRDA:1238,170,0,4
BRDA:1238,170,1,17
BRDA:1250,171,0,184
BRDA:1250,171,1,1795
BRDA:1255,172,0,155
BRDA:1255,172,1,226
BRDA:1259,173,0,29
BRDA:1259,173,1,197
BRDA:1260,174,0,4
BRDA:1260,174,1,25
BRDA:1265,175,0,4
BRDA:1265,175,1,17
BRDA:1281,176,0,17
BRDA:1281,176,1,197
BRDA:1285,177,0,155
BRDA:1285,177,1,17
BRDA:1289,178,0,1950
BRDA:1289,178,1,17
BRDA:1291,179,0,543
BRDA:1291,179,1,1399
BRDA:1292,180,0,17
BRDA:1292,180,1,526
BRDA:1292,181,0,543
BRDA:1292,181,1,173
BRDA:1299,182,0,526
BRDA:1299,182,1,17
BRDA:1300,183,0,36
BRDA:1300,183,1,490
BRDA:1303,184,0,126
BRDA:1303,184,1,364
BRDA:1311,185,0,126
BRDA:1311,185,1,364
BRDA:1328,186,0,600
BRDA:1328,186,1,791
BRDA:1330,187,0,254
BRDA:1330,187,1,601
BRDA:1333,188,0,572
BRDA:1333,188,1,255
BRDA:1343,189,0,1651
BRDA:1343,189,1,889
BRDA:1343,189,2,63
BRDA:1343,189,3,29
BRDA:1351,190,0,4
BRDA:1351,190,1,1583
BRDA:1361,191,0,114
BRDA:1361,191,1,360
BRDA:1363,192,0,102
BRDA:1363,192,1,12
BRDA:1363,193,0,114
BRDA:1363,193,1,110
BRDA:1363,193,2,106
BRDA:1373,194,0,203
BRDA:1373,194,1,153
BRDA:1385,195,0,89
BRDA:1385,195,1,26520
BRDA:1385,196,0,26609
BRDA:1385,196,1,93
BRDA:1389,197,0,4
BRDA:1389,197,1,85
BRDA:1389,198,0,89
BRDA:1389,198,1,55
BRDA:1389,198,2,21
BRDA:1394,199,0,406
BRDA:1394,199,1,26114
BRDA:1397,200,0,531
BRDA:1397,200,1,27032
BRDA:1404,201,0,1188
BRDA:1404,201,1,25844
BRDA:1410,202,0,229
BRDA:1410,202,1,25615
BRDA:1418,203,0,55
BRDA:1418,203,1,25560
BRDA:1418,204,0,25615
BRDA:1418,204,1,106
BRDA:1432,205,0,4
BRDA:1432,205,1,17
BRDA:1432,206,0,21
BRDA:1432,206,1,21
BRDA:1440,207,0,21
BRDA:1440,207,1,339
BRDA:1440,208,0,360
BRDA:1440,208,1,21
BRDA:1441,209,0,68
BRDA:1441,209,1,271
BRDA:1443,210,0,17
BRDA:1443,210,1,407
BRDA:1451,211,0,34
BRDA:1451,211,1,373
BRDA:1458,212,0,17
BRDA:1458,212,1,356
BRDA:1458,213,0,373
BRDA:1458,213,1,17
BRDA:1472,214,0,282
BRDA:1472,214,1,26431
BRDA:1472,215,0,26713
BRDA:1472,215,1,26572
BRDA:1476,216,0,26
BRDA:1476,216,1,256
BRDA:1476,217,0,282
BRDA:1476,217,1,26
BRDA:1476,217,2,26
BRDA:1479,218,0,13
BRDA:1479,218,1,253
BRDA:1489,219,0,17473
BRDA:1489,219,1,7909
BRDA:1489,220,0,25382
BRDA:1489,220,1,23608
BRDA:1490,221,0,277
BRDA:1490,221,1,17196
BRDA:1490,222,0,17473
BRDA:1490,222,1,17332
BRDA:1491,223,0,26
BRDA:1491,223,1,251
BRDA:1491,224,0,277
BRDA:1491,224,1,26
BRDA:1491,224,2,26
BRDA:1494,225,0,13
BRDA:1494,225,1,248
BRDA:1510,226,0,177
BRDA:1510,226,1,26840
BRDA:1510,227,0,27017
BRDA:1510,227,1,26971
BRDA:1510,227,2,26916
BRDA:1510,227,3,26878
BRDA:1518,228,0,127
BRDA:1518,228,1,26713
BRDA:1518,229,0,26840
BRDA:1518,229,1,26789
BRDA:1518,229,2,26751
BRDA:1523,230,0,13
BRDA:1523,230,1,114
BRDA:1523,231,0,127
BRDA:1523,231,1,13
BRDA:1523,231,2,13
BRDA:1537,232,0,255
BRDA:1537,232,1,25071
BRDA:1537,233,0,25326
BRDA:1537,233,1,25030
BRDA:1557,234,0,17305
BRDA:1557,234,1,7766
BRDA:1558,235,0,17305
BRDA:1558,235,1,15334
BRDA:1560,236,0,327
BRDA:1560,236,1,7439
BRDA:1561,237,0,106
BRDA:1561,237,1,221
BRDA:1561,238,0,327
BRDA:1561,238,1,310
BRDA:1561,238,2,106
BRDA:1573,239,0,1465
BRDA:1573,239,1,21545
BRDA:1584,240,0,1449
BRDA:1584,240,1,612
BRDA:1588,241,0,952
BRDA:1588,241,1,612
BRDA:1619,242,0,51
BRDA:1619,242,1,22943
BRDA:1635,243,0,904
BRDA:1635,243,1,55
BRDA:1635,243,2,119
BRDA:1635,243,3,450
BRDA:1635,243,4,8
BRDA:1635,243,5,51
BRDA:1647,244,0,458
BRDA:1647,244,1,34
BRDA:1665,245,0,165
BRDA:1665,245,1,613
BRDA:1665,245,2,4
BRDA:1679,246,0,89
BRDA:1679,246,1,785
BRDA:1680,247,0,21
BRDA:1680,247,1,68
BRDA:1681,248,0,4
BRDA:1681,248,1,17
BRDA:1693,249,0,104
BRDA:1693,249,1,670
BRDA:1693,250,0,774
BRDA:1693,250,1,729
BRDA:1696,251,0,8
BRDA:1696,251,1,103
BRDA:1701,252,0,16
BRDA:1701,252,1,750
BRDA:1702,253,0,4
BRDA:1702,253,1,12
BRDA:1714,254,0,292
BRDA:1714,254,1,24099
BRDA:1714,255,0,24391
BRDA:1714,255,1,1186
BRDA:1721,256,0,782
BRDA:1721,256,1,22212
BRDA:1721,257,0,22994
BRDA:1721,257,1,22381
BRDA:1726,258,0,750
BRDA:1726,258,1,4
BRDA:1727,259,0,4
BRDA:1727,259,1,746
BRDA:1736,260,0,178
BRDA:1736,260,1,568
BRDA:1739,261,0,8
BRDA:1739,261,1,734
BRDA:1739,262,0,742
BRDA:1739,262,1,45
BRDA:1742,263,0,20
BRDA:1742,263,1,714
BRDA:1742,264,0,734
BRDA:1742,264,1,37
BRDA:1751,265,0,2077
BRDA:1751,265,1,20135
BRDA:1752,266,0,46
BRDA:1752,266,1,2031
BRDA:1755,267,0,81
BRDA:1755,267,1,1960
BRDA:1755,268,0,2041
BRDA:1755,268,1,81
BRDA:1757,269,0,22
BRDA:1757,269,1,59
BRDA:1760,270,0,28
BRDA:1760,270,1,41
BRDA:1764,271,0,204
BRDA:1764,271,1,1797
BRDA:1784,272,0,51
BRDA:1784,272,1,12012
BRDA:1788,273,0,34
BRDA:1788,273,1,68
BRDA:1801,274,0,7799
BRDA:1801,274,1,8910
BRDA:1802,275,0,313
BRDA:1802,275,1,194
BRDA:1802,275,2,95
BRDA:1802,275,3,1378
BRDA:1802,275,4,582
BRDA:1802,275,5,444
BRDA:1802,275,6,4793
BRDA:1804,276,0,33
BRDA:1804,276,1,280
BRDA:1810,277,0,18
BRDA:1810,277,1,176
BRDA:1825,278,0,389
BRDA:1825,278,1,55
BRDA:1842,279,0,1382
BRDA:1842,279,1,1169
BRDA:1856,280,0,29
BRDA:1856,280,1,799
BRDA:1856,281,0,828
BRDA:1856,281,1,29
BRDA:1857,282,0,5
BRDA:1857,282,1,24
BRDA:1862,283,0,204
BRDA:1862,283,1,624
BRDA:1863,284,0,153
BRDA:1863,284,1,51
BRDA:1863,285,0,204
BRDA:1863,285,1,187
BRDA:1868,286,0,364
BRDA:1868,286,1,260
BRDA:1868,287,0,624
BRDA:1868,287,1,439
BRDA:1868,287,2,433
BRDA:1891,288,0,444
BRDA:1891,288,1,279
BRDA:1891,288,2,250
BRDA:1891,288,3,152
BRDA:1891,288,4,123
BRDA:1891,288,5,84
BRDA:1891,288,6,29
BRDA:1891,288,7,80
BRDA:1891,288,8,25
BRDA:1900,289,0,500
BRDA:1900,289,1,103
BRDA:1918,290,0,34
BRDA:1918,290,1,415
BRDA:1923,291,0,31
BRDA:1923,291,1,384
BRDA:1930,292,0,155
BRDA:1930,292,1,221
BRDA:1945,293,0,327
BRDA:1945,293,1,106
BRDA:1949,294,0,34
BRDA:1949,294,1,293
BRDA:1956,295,0,179
BRDA:1956,295,1,114
BRDA:1980,296,0,191
BRDA:1980,296,1,230
BRDA:1989,297,0,421
BRDA:1989,297,1,4361
BRDA:1992,298,0,365
BRDA:1992,298,1,3996
BRDA:1996,299,0,60
BRDA:1996,299,1,3936
BRDA:1996,300,0,3996
BRDA:1996,300,1,98
BRDA:1996,300,2,74
BRDA:2007,301,0,216
BRDA:2007,301,1,1503
BRDA:2021,302,0,254
BRDA:2021,302,1,6722
BRDA:2021,303,0,6976
BRDA:2021,303,1,362
BRDA:2022,304,0,40
BRDA:2022,304,1,214
BRDA:2025,305,0,40
BRDA:2025,305,1,174
BRDA:2029,306,0,244
BRDA:2029,306,1,6478
BRDA:2030,307,0,46
BRDA:2030,307,1,198
BRDA:2030,308,0,244
BRDA:2030,308,1,70
BRDA:2030,308,2,58
BRDA:2034,309,0,164
BRDA:2034,309,1,34
BRDA:2034,310,0,198
BRDA:2034,310,1,174
BRDA:2034,310,2,34
BRDA:2039,311,0,8
BRDA:2039,311,1,6470
BRDA:2039,312,0,6478
BRDA:2039,312,1,260
BRDA:2039,312,2,260
BRDA:2049,313,0,110
BRDA:2049,313,1,1611
BRDA:2049,314,0,1721
BRDA:2049,314,1,127
BRDA:2050,315,0,18
BRDA:2050,315,1,92
BRDA:2055,316,0,1043
BRDA:2055,316,1,670
BRDA:2059,317,0,4
BRDA:2059,317,1,666
BRDA:2059,318,0,670
BRDA:2059,318,1,72
BRDA:2102,319,0,5
BRDA:2102,319,1,220
BRDA:2102,320,0,225
BRDA:2102,320,1,5
BRDA:2109,321,0,72
BRDA:2109,321,1,136
BRDA:2128,322,0,17
BRDA:2128,322,1,85
BRDA:2140,323,0,5
BRDA:2140,323,1,406
BRDA:2140,324,0,411
BRDA:2140,324,1,5
BRDA:2164,325,0,55
BRDA:2164,325,1,816
BRDA:2168,326,0,225
BRDA:2168,326,1,591
BRDA:2175,327,0,119
BRDA:2175,327,1,106
BRDA:2175,328,0,225
BRDA:2175,328,1,204
BRDA:2182,329,0,51
BRDA:2182,329,1,55
BRDA:2182,330,0,106
BRDA:2182,330,1,85
BRDA:2182,330,2,51
BRDA:2195,331,0,293
BRDA:2195,331,1,298
BRDA:2195,332,0,591
BRDA:2195,332,1,512
BRDA:2198,333,0,17
BRDA:2198,333,1,276
BRDA:2198,334,0,293
BRDA:2198,334,1,281
BRDA:2210,335,0,51
BRDA:2210,335,1,169
BRDA:2210,336,0,220
BRDA:2210,336,1,220
BRDA:2210,336,2,170
BRDA:2217,337,0,85
BRDA:2217,337,1,84
BRDA:2217,338,0,169
BRDA:2217,338,1,169
BRDA:2217,338,2,119
BRDA:2237,339,0,128
BRDA:2237,339,1,170
BRDA:2238,340,0,17
BRDA:2238,340,1,111
BRDA:2247,341,0,81
BRDA:2247,341,1,89
BRDA:2248,342,0,4
BRDA:2248,342,1,77
BRDA:2259,343,0,17
BRDA:2259,343,1,72
BRDA:2271,344,0,247
BRDA:2271,344,1,508
BRDA:2272,345,0,56
BRDA:2272,345,1,191
BRDA:2276,346,0,39
BRDA:2276,346,1,208
BRDA:2281,347,0,15
BRDA:2281,347,1,740
BRDA:2281,348,0,755
BRDA:2281,348,1,15
BRDA:2292,349,0,243
BRDA:2292,349,1,508
BRDA:2294,350,0,299
BRDA:2294,350,1,209
BRDA:2302,351,0,59
BRDA:2302,351,1,105
BRDA:2302,352,0,164
BRDA:2302,352,1,110
BRDA:2305,353,0,8
BRDA:2305,353,1,51
BRDA:2310,354,0,16
BRDA:2310,354,1,136
BRDA:2310,355,0,152
BRDA:2310,355,1,101
BRDA:2320,356,0,93
BRDA:2320,356,1,169
BRDA:2320,357,0,262
BRDA:2320,357,1,144
BRDA:2323,358,0,8
BRDA:2323,358,1,85
BRDA:2328,359,0,12
BRDA:2328,359,1,238
BRDA:2328,360,0,250
BRDA:2328,360,1,165
BRDA:2328,360,2,80
BRDA:2335,361,0,9
BRDA:2335,361,1,225
BRDA:2340,362,0,230
BRDA:2340,362,1,196
BRDA:2340,362,2,179
BRDA:2340,362,3,128
BRDA:2342,363,0,123
BRDA:2342,363,1,107
BRDA:2348,364,0,13
BRDA:2348,364,1,89
BRDA:2363,365,0,29
BRDA:2363,365,1,85
BRDA:2374,366,0,110
BRDA:2374,366,1,157
BRDA:2374,367,0,267
BRDA:2374,367,1,178
BRDA:2374,367,2,157
BRDA:2393,368,0,102
BRDA:2393,368,1,114
BRDA:2397,369,0,25
BRDA:2397,369,1,85
BRDA:2398,370,0,4
BRDA:2398,370,1,21
BRDA:2414,371,0,202
BRDA:2414,371,1,4371
BRDA:2414,372,0,4573
BRDA:2414,372,1,638
BRDA:2418,373,0,8
BRDA:2418,373,1,194
BRDA:2436,374,0,4
BRDA:2436,374,1,110
BRDA:2448,375,0,4
BRDA:2448,375,1,250
BRDA:2456,376,0,4
BRDA:2456,376,1,285
BRDA:2461,377,0,35
BRDA:2461,377,1,195
BRDA:2461,378,0,230
BRDA:2461,378,1,35
BRDA:2462,379,0,18
BRDA:2462,379,1,17
BRDA:2478,380,0,254
BRDA:2478,380,1,21
BRDA:2479,381,0,34
BRDA:2479,381,1,201
BRDA:2480,382,0,4
BRDA:2480,382,1,231
BRDA:2480,383,0,235
BRDA:2480,383,1,21
BRDA:2497,384,0,25
BRDA:2497,384,1,42
BRDA:2497,384,2,1232
BRDA:2497,384,3,1232
BRDA:2497,384,4,1325
BRDA:2497,384,5,1325
BRDA:2497,384,6,4455
BRDA:2497,384,7,4681
BRDA:2497,384,8,5097
BRDA:2497,384,9,36
BRDA:2508,385,0,911
BRDA:2508,385,1,3544
BRDA:2511,386,0,2044
BRDA:2511,386,1,1500
BRDA:2514,387,0,629
BRDA:2514,387,1,871
BRDA:2525,388,0,262
BRDA:2525,388,1,164
BRDA:2525,388,2,34
BRDA:2525,388,3,110
BRDA:2525,388,4,871
BRDA:2525,388,5,17
BRDA:2525,388,6,229
BRDA:2525,388,7,234
BRDA:2525,388,8,114
BRDA:2525,388,9,114
BRDA:2525,388,10,275
BRDA:2525,388,11,1352
BRDA:2525,388,12,411
BRDA:2525,388,13,102
BRDA:2525,388,14,808
BRDA:2592,389,0,3388
BRDA:2592,389,1,1604
BRDA:2606,390,0,219
BRDA:2606,390,1,1861
BRDA:2607,391,0,70
BRDA:2607,391,1,149
BRDA:2611,392,0,41
BRDA:2611,392,1,178
BRDA:2616,393,0,1819
BRDA:2616,393,1,42
BRDA:2617,394,0,119
BRDA:2617,394,1,1700
BRDA:2621,395,0,97
BRDA:2621,395,1,1603
BRDA:2625,396,0,59
BRDA:2625,396,1,1544
BRDA:2631,397,0,2080
BRDA:2631,397,1,0
BRDA:2641,398,0,4
BRDA:2641,398,1,172
BRDA:2646,399,0,4
BRDA:2646,399,1,152
BRDA:2649,400,0,8
BRDA:2649,400,1,144
BRDA:2658,401,0,126
BRDA:2658,401,1,1171
BRDA:2678,402,0,690
BRDA:2678,402,1,2291
BRDA:2681,403,0,626
BRDA:2681,403,1,310
BRDA:2699,404,0,361
BRDA:2699,404,1,1054
BRDA:2705,405,0,1407
BRDA:2705,405,1,8
BRDA:2705,406,0,1415
BRDA:2705,406,1,20
BRDA:2708,407,0,125
BRDA:2708,407,1,1222
BRDA:2709,408,0,18
BRDA:2709,408,1,107
BRDA:2714,409,0,67
BRDA:2714,409,1,1155
BRDA:2718,410,0,42
BRDA:2718,410,1,1113
BRDA:2730,411,0,126
BRDA:2730,411,1,1177
BRDA:2735,412,0,44
BRDA:2735,412,1,991
BRDA:2735,413,0,1035
BRDA:2735,413,1,219
BRDA:2738,414,0,55
BRDA:2738,414,1,936
BRDA:2738,415,0,991
BRDA:2738,415,1,175
BRDA:2749,416,0,133
BRDA:2749,416,1,641
BRDA:2757,417,0,188
BRDA:2757,417,1,586
BRDA:2759,418,0,38
BRDA:2759,418,1,150
BRDA:2759,419,0,188
BRDA:2759,419,1,134
BRDA:2759,419,2,130
BRDA:2760,420,0,50
BRDA:2760,420,1,130
BRDA:2761,421,0,22
BRDA:2761,421,1,28
BRDA:2766,422,0,42
BRDA:2766,422,1,88
BRDA:2770,423,0,42
BRDA:2770,423,1,46
BRDA:2780,424,0,86
BRDA:2780,424,1,652
BRDA:2785,425,0,24
BRDA:2785,425,1,646
BRDA:2785,426,0,670
BRDA:2785,426,1,84
BRDA:2788,427,0,27
BRDA:2788,427,1,619
BRDA:2788,428,0,646
BRDA:2788,428,1,60
BRDA:2801,429,0,1164
BRDA:2801,429,1,34
BRDA:2805,430,0,1160
BRDA:2805,430,1,34
BRDA:2813,431,0,17909
BRDA:2813,431,1,1206
BRDA:2819,432,0,34
BRDA:2819,432,1,1160
BRDA:2822,433,0,777
BRDA:2822,433,1,383
BRDA:2824,434,0,22
BRDA:2824,434,1,755
BRDA:2829,435,0,158
BRDA:2829,435,1,225
BRDA:2829,436,0,383
BRDA:2829,436,1,379
BRDA:2838,437,0,666
BRDA:2838,437,1,704
BRDA:2838,437,2,772
BRDA:2838,437,3,806
BRDA:2838,437,4,840
BRDA:2838,437,5,920
BRDA:2838,437,6,2142
BRDA:2879,438,0,9
BRDA:2879,438,1,297
BRDA:2907,439,0,275
BRDA:2907,439,1,17
BRDA:2911,440,0,89
BRDA:2911,440,1,186
BRDA:2916,441,0,110
BRDA:2916,441,1,76
BRDA:2916,442,0,186
BRDA:2916,442,1,169
BRDA:2916,442,2,135
BRDA:2916,442,3,110
BRDA:2934,443,0,4
BRDA:2934,443,1,664
BRDA:2941,444,0,237
BRDA:2941,444,1,419
BRDA:2941,445,0,656
BRDA:2941,445,1,254
BRDA:2941,445,2,51
BRDA:2945,446,0,34
BRDA:2945,446,1,203
BRDA:2954,447,0,470
BRDA:2954,447,1,186
BRDA:2955,448,0,38
BRDA:2955,448,1,432
BRDA:2955,449,0,470
BRDA:2955,449,1,38
BRDA:2962,450,0,38
BRDA:2962,450,1,394
BRDA:2962,451,0,432
BRDA:2962,451,1,38
BRDA:2969,452,0,34
BRDA:2969,452,1,152
BRDA:2969,453,0,186
BRDA:2969,453,1,123
BRDA:2969,453,2,38
BRDA:2976,454,0,530
BRDA:2976,454,1,126
BRDA:2976,455,0,656
BRDA:2976,455,1,546
BRDA:2976,455,2,542
BRDA:2981,456,0,16
BRDA:2981,456,1,628
BRDA:2984,457,0,552
BRDA:2984,457,1,76
BRDA:2987,458,0,526
BRDA:2987,458,1,102
BRDA:2988,459,0,8
BRDA:2988,459,1,518
BRDA:2988,460,0,526
BRDA:2988,460,1,144
BRDA:2991,461,0,84
BRDA:2991,461,1,434
BRDA:2991,462,0,518
BRDA:2991,462,1,382
BRDA:2992,463,0,8
BRDA:2992,463,1,76
BRDA:2992,464,0,84
BRDA:2992,464,1,76
BRDA:2992,464,2,76
BRDA:2995,465,0,4
BRDA:2995,465,1,72
BRDA:3011,466,0,255
BRDA:3011,466,1,668
BRDA:3033,467,0,127
BRDA:3033,467,1,443
BRDA:3046,468,0,51
BRDA:3046,468,1,42
BRDA:3048,469,0,51
BRDA:3048,469,1,42
BRDA:3069,470,0,8
BRDA:3069,470,1,176
BRDA:3081,471,0,36
BRDA:3081,471,1,80
BRDA:3096,472,0,36
BRDA:3096,472,1,80
BRDA:3113,473,0,4
BRDA:3113,473,1,20
BRDA:3121,474,0,4
BRDA:3121,474,1,172
BRDA:3128,475,0,8
BRDA:3128,475,1,164
BRDA:3133,476,0,84
BRDA:3133,476,1,80
BRDA:3137,477,0,16
BRDA:3137,477,1,64
BRDA:3141,478,0,60
BRDA:3141,478,1,4
BRDA:3141,479,0,64
BRDA:3141,479,1,64
BRDA:3144,480,0,24
BRDA:3144,480,1,36
BRDA:3146,481,0,8
BRDA:3146,481,1,16
BRDA:3150,482,0,12
BRDA:3150,482,1,4
BRDA:3162,483,0,36
BRDA:3162,483,1,116
BRDA:3163,484,0,24
BRDA:3163,484,1,12
BRDA:3175,485,0,16
BRDA:3175,485,1,132
BRDA:3177,486,0,48
BRDA:3177,486,1,100
BRDA:3184,487,0,4
BRDA:3184,487,1,276
BRDA:3190,488,0,76
BRDA:3190,488,1,200
BRDA:3193,489,0,20
BRDA:3193,489,1,56
BRDA:3199,490,0,8
BRDA:3199,490,1,48
BRDA:3206,491,0,4
BRDA:3206,491,1,44
BRDA:3212,492,0,8
BRDA:3212,492,1,36
BRDA:3213,493,0,8
BRDA:3213,493,1,28
BRDA:3218,494,0,16
BRDA:3218,494,1,184
BRDA:3221,495,0,8
BRDA:3221,495,1,8
BRDA:3222,496,0,4
BRDA:3222,496,1,4
BRDA:3230,497,0,68
BRDA:3230,497,1,116
BRDA:3233,498,0,8
BRDA:3233,498,1,16
BRDA:3233,498,2,32
BRDA:3233,498,3,32
BRDA:3233,498,4,48
BRDA:3233,498,5,4
BRDA:3254,499,0,148
BRDA:3254,499,1,148
BRDA:3256,500,0,48
BRDA:3256,500,1,100
BRDA:3261,501,0,52
BRDA:3261,501,1,64
BRDA:3268,502,0,8
BRDA:3268,502,1,56
BRDA:3270,503,0,4
BRDA:3270,503,1,4
BRDA:3297,504,0,0
BRDA:3297,504,1,9020
BRDA:3377,505,0,250
BRDA:3377,505,1,372
BRDA:3392,506,0,2452
BRDA:3392,506,1,0
BRDA:3392,507,0,2452
BRDA:3392,507,1,2452
BRDA:3417,508,0,130
BRDA:3417,508,1,256
BRDA:3446,509,0,1
BRDA:3446,509,1,1
BRDA:3484,510,0,14713
BRDA:3484,510,1,41
BRDA:3494,511,0,256
BRDA:3494,511,1,71
BRDA:3506,512,0,212
BRDA:3506,512,1,237
BRDA:3520,513,0,245
BRDA:3520,513,1,3811
BRDA:3521,514,0,104
BRDA:3521,514,1,141
BRDA:3534,515,0,4
BRDA:3534,515,1,241
BRDA:3534,516,0,245
BRDA:3534,516,1,8
BRDA:3542,517,0,108
BRDA:3542,517,1,96
BRDA:3561,518,0,455
BRDA:3561,518,1,534
BRDA:3574,519,0,394
BRDA:3574,519,1,11169
BRDA:3575,520,0,21
BRDA:3575,520,1,373
BRDA:3575,521,0,394
BRDA:3575,521,1,46
BRDA:3582,522,0,1127
BRDA:3582,522,1,10042
BRDA:3584,523,0,940
BRDA:3584,523,1,187
BRDA:3586,524,0,433
BRDA:3586,524,1,507
BRDA:3608,525,0,22
BRDA:3608,525,1,27
BRDA:3627,526,0,31863
BRDA:3627,526,1,95650
BRDA:3633,527,0,47162
BRDA:3633,527,1,121488
BRDA:3636,528,0,5750
BRDA:3636,528,1,115738
BRDA:3638,529,0,12
BRDA:3638,529,1,5738
BRDA:3638,530,0,5750
BRDA:3638,530,1,41
BRDA:3645,531,0,3336
BRDA:3645,531,1,112402
BRDA:3647,532,0,330
BRDA:3647,532,1,3006
BRDA:3650,533,0,149
BRDA:3650,533,1,181
BRDA:3655,534,0,989
BRDA:3655,534,1,2017
BRDA:3658,535,0,443
BRDA:3658,535,1,522
BRDA:3666,536,0,166
BRDA:3666,536,1,112236
BRDA:3666,537,0,112402
BRDA:3666,537,1,16830
BRDA:3668,538,0,68
BRDA:3668,538,1,98
BRDA:3668,539,0,166
BRDA:3668,539,1,145
BRDA:3672,540,0,36
BRDA:3672,540,1,32
BRDA:3680,541,0,2341
BRDA:3680,541,1,109895
BRDA:3681,542,0,51
BRDA:3681,542,1,2290
BRDA:3684,543,0,27
BRDA:3684,543,1,24
BRDA:3701,544,0,8
BRDA:3701,544,1,8
BRDA:3701,544,2,8
BRDA:3701,544,3,12
BRDA:3701,544,4,152
BRDA:3713,545,0,12
BRDA:3713,545,1,44
BRDA:3713,545,2,76
BRDA:3713,545,3,88
BRDA:3713,545,4,100
BRDA:3713,545,5,112
BRDA:3713,545,6,439
BRDA:3713,545,7,620
BRDA:3713,545,8,644
BRDA:3713,545,9,5842
BRDA:3730,546,0,3872
BRDA:3730,546,1,3579
BRDA:3735,547,0,1641
BRDA:3735,547,1,6457
BRDA:3735,547,2,2688
BRDA:3735,547,3,4253
BRDA:3735,547,4,1839
BRDA:3735,547,5,851
BRDA:3735,547,6,2812
BRDA:3735,547,7,93
BRDA:3735,547,8,1061
BRDA:3737,548,0,1641
BRDA:3737,548,1,1308
BRDA:3737,548,2,871
BRDA:3739,549,0,6457
BRDA:3739,549,1,4868
BRDA:3739,549,2,3997
BRDA:3739,549,3,3523
BRDA:3739,549,4,3248
BRDA:3742,550,0,2688
BRDA:3742,550,1,2596
BRDA:3742,550,2,2524
BRDA:3742,550,3,2439
BRDA:3742,550,4,2389
BRDA:3742,550,5,2275
BRDA:3745,551,0,4253
BRDA:3745,551,1,3736
BRDA:3745,551,2,3474
BRDA:3745,551,3,3220
BRDA:3745,551,4,3106
BRDA:3745,551,5,2912
BRDA:3745,551,6,1961
BRDA:3745,551,7,1286
BRDA:3749,552,0,1839
BRDA:3749,552,1,1605
BRDA:3749,552,2,1567
BRDA:3749,552,3,1516
BRDA:3749,552,4,1402
BRDA:3749,552,5,1089
BRDA:3752,553,0,851
BRDA:3752,553,1,682
BRDA:3752,553,2,648
BRDA:3754,554,0,2812
BRDA:3754,554,1,575
BRDA:3754,554,2,411
BRDA:3764,555,0,144
BRDA:3764,555,1,770
BRDA:3764,556,0,914
BRDA:3764,556,1,144
BRDA:3766,557,0,140
BRDA:3766,557,1,4
BRDA:3766,558,0,144
BRDA:3766,558,1,140
BRDA:3775,559,0,197
BRDA:3775,559,1,63
BRDA:3778,560,0,727
BRDA:3778,560,1,65
BRDA:3778,561,0,792
BRDA:3778,561,1,780
BRDA:3792,562,0,4
BRDA:3792,562,1,301
BRDA:3797,563,0,301
BRDA:3797,563,1,1289
BRDA:3802,564,0,12
BRDA:3802,564,1,289
BRDA:3802,565,0,301
BRDA:3802,565,1,297
BRDA:3812,566,0,84
BRDA:3812,566,1,117541
BRDA:3817,567,0,68
BRDA:3817,567,1,117473
BRDA:3817,568,0,117541
BRDA:3817,568,1,68
BRDA:3822,569,0,83141
BRDA:3822,569,1,34332
BRDA:3838,570,0,160
BRDA:3838,570,1,152
BRDA:3839,571,0,8
BRDA:3839,571,1,152
BRDA:3843,572,0,85
BRDA:3843,572,1,67
BRDA:3850,573,0,16
BRDA:3850,573,1,51
BRDA:3850,574,0,67
BRDA:3850,574,1,63
BRDA:3850,574,2,59
BRDA:3858,575,0,221
BRDA:3858,575,1,322
BRDA:3865,576,0,135
BRDA:3865,576,1,187
BRDA:3867,577,0,4
BRDA:3867,577,1,131
BRDA:3871,578,0,85
BRDA:3871,578,1,46
BRDA:3878,579,0,12
BRDA:3878,579,1,34
BRDA:3878,580,0,46
BRDA:3878,580,1,42
BRDA:3878,580,2,38
BRDA:3892,581,0,119
BRDA:3892,581,1,89
BRDA:3892,582,0,208
BRDA:3892,582,1,208
BRDA:3897,583,0,68
BRDA:3897,583,1,51
BRDA:3897,584,0,119
BRDA:3897,584,1,85
BRDA:3897,584,2,85
BRDA:3912,585,0,160
BRDA:3912,585,1,36119
BRDA:3915,586,0,14544
BRDA:3915,586,1,21695
BRDA:3918,587,0,12275
BRDA:3918,587,1,9420
BRDA:3921,588,0,337
BRDA:3921,588,1,9083
BRDA:3924,589,0,725
BRDA:3924,589,1,8358
BRDA:3924,590,0,9083
BRDA:3924,590,1,8524
BRDA:3952,591,0,9641
BRDA:3952,591,1,17983
BRDA:3952,591,2,1310
BRDA:3952,591,3,7802
BRDA:3952,591,4,9131
BRDA:3952,591,5,14496
BRDA:3952,591,6,17442
BRDA:3952,591,7,20013
BRDA:3952,591,8,22450
BRDA:3952,591,9,24027
BRDA:3952,591,10,24082
BRDA:3952,591,11,24120
BRDA:3952,591,12,9452
BRDA:3955,592,0,8342
BRDA:3955,592,1,9641
BRDA:3962,593,0,574
BRDA:3962,593,1,736
BRDA:3962,594,0,1310
BRDA:3962,594,1,586
BRDA:3985,595,0,17
BRDA:3985,595,1,9435
BRDA:3991,596,0,119
BRDA:3991,596,1,9316
BRDA:3991,597,0,9435
BRDA:3991,597,1,9418
BRDA:3991,597,2,9401
BRDA:3991,597,3,9367
BRDA:3991,597,4,9350
BRDA:3991,597,5,9333
BRDA:3998,598,0,2191
BRDA:3998,598,1,7125
BRDA:3998,599,0,9316
BRDA:3998,599,1,9214
BRDA:3998,599,2,9112
BRDA:3998,599,3,9078
BRDA:3998,599,4,9061
BRDA:3998,599,5,9044
BRDA:3998,599,6,9027
BRDA:3998,599,7,9010
BRDA:3998,599,8,8976
BRDA:3998,599,9,8694
BRDA:3998,599,10,8417
BRDA:3998,599,11,8349
BRDA:3998,599,12,8332
BRDA:3998,599,13,8315
BRDA:3998,599,14,8298
BRDA:3998,599,15,8281
BRDA:3998,599,16,8264
BRDA:3998,599,17,8243
BRDA:3998,599,18,8226
BRDA:3998,599,19,7408
BRDA:4008,600,0,7101
BRDA:4008,600,1,24
BRDA:4015,601,0,24
BRDA:4015,601,1,60643
BRDA:4027,602,0,21
BRDA:4027,602,1,293
BRDA:4032,603,0,4
BRDA:4032,603,1,140
BRDA:4035,604,0,4
BRDA:4035,604,1,136
BRDA:4053,605,0,32
BRDA:4053,605,1,160
BRDA:4053,606,0,192
BRDA:4053,606,1,124
BRDA:4058,607,0,16
BRDA:4058,607,1,126
BRDA:4062,608,0,24
BRDA:4062,608,1,102
BRDA:4065,609,0,24
BRDA:4065,609,1,0
BRDA:4065,610,0,24
BRDA:4065,610,1,16
BRDA:4082,611,0,111
BRDA:4082,611,1,134
BRDA:4090,612,0,80
BRDA:4090,612,1,204
BRDA:4095,613,0,16
BRDA:4095,613,1,229
BRDA:4095,614,0,245
BRDA:4095,614,1,134
BRDA:4099,615,0,20
BRDA:4099,615,1,209
BRDA:4099,616,0,229
BRDA:4099,616,1,217
BRDA:4118,617,0,17
BRDA:4118,617,1,108
BRDA:4118,618,0,125
BRDA:4118,618,1,108
BRDA:4121,619,0,22
BRDA:4121,619,1,86
BRDA:4131,620,0,5029
BRDA:4131,620,1,51
BRDA:4133,621,0,4978
BRDA:4133,621,1,51
BRDA:4140,622,0,1807
BRDA:4140,622,1,3171
BRDA:4141,623,0,144
BRDA:4141,623,1,1663
BRDA:4141,624,0,1807
BRDA:4141,624,1,1697
BRDA:4145,625,0,142
BRDA:4145,625,1,1521
BRDA:4145,626,0,1663
BRDA:4145,626,1,1592
BRDA:4149,627,0,134
BRDA:4149,627,1,1387
BRDA:4149,628,0,1521
BRDA:4149,628,1,1437
BRDA:4152,629,0,128
BRDA:4152,629,1,1259
BRDA:4152,630,0,1387
BRDA:4152,630,1,1353
BRDA:4153,631,0,111
BRDA:4153,631,1,17
BRDA:4163,632,0,119
BRDA:4163,632,1,4379
BRDA:4170,633,0,84
BRDA:4170,633,1,4414
BRDA:4170,634,0,4498
BRDA:4170,634,1,4414
BRDA:4173,635,0,76
BRDA:4173,635,1,8
BRDA:4173,636,0,84
BRDA:4173,636,1,29
BRDA:4176,637,0,68
BRDA:4176,637,1,16
BRDA:4185,638,0,16
BRDA:4185,638,1,4466
BRDA:4202,639,0,1871
BRDA:4202,639,1,1576
BRDA:4208,640,0,1799
BRDA:4208,640,1,14943
BRDA:4212,641,0,651
BRDA:4212,641,1,14292
BRDA:4214,642,0,617
BRDA:4214,642,1,34
BRDA:4214,643,0,651
BRDA:4214,643,1,647
BRDA:4215,644,0,159
BRDA:4215,644,1,205
BRDA:4215,644,2,51
BRDA:4215,644,3,17
BRDA:4215,644,4,17
BRDA:4215,644,5,17
BRDA:4215,644,6,17
BRDA:4215,644,7,17
BRDA:4215,644,8,9
BRDA:4215,644,9,13
BRDA:4215,644,10,263
BRDA:4218,645,0,118
BRDA:4218,645,1,87
BRDA:4224,646,0,36
BRDA:4224,646,1,51
BRDA:4254,647,0,208
BRDA:4254,647,1,55
BRDA:4254,648,0,263
BRDA:4254,648,1,259
BRDA:4256,649,0,208
BRDA:4256,649,1,34
BRDA:4267,650,0,17
BRDA:4267,650,1,17
BRDA:4267,651,0,34
BRDA:4267,651,1,17
BRDA:4273,652,0,8
BRDA:4273,652,1,14284
BRDA:4280,653,0,12
BRDA:4280,653,1,1799
BRDA:4306,654,0,195
BRDA:4306,654,1,1085
BRDA:4312,655,0,76
BRDA:4312,655,1,1009
BRDA:4313,656,0,59
BRDA:4313,656,1,17
BRDA:4321,657,0,250
BRDA:4321,657,1,759
BRDA:4323,658,0,216
BRDA:4323,658,1,34
BRDA:4324,659,0,17
BRDA:4324,659,1,17
BRDA:4324,659,2,17
BRDA:4324,659,3,51
BRDA:4324,659,4,68
BRDA:4324,659,5,17
BRDA:4324,659,6,17
BRDA:4324,659,7,17
BRDA:4324,659,8,46
BRDA:4336,660,0,17
BRDA:4336,660,1,51
BRDA:4343,661,0,34
BRDA:4343,661,1,17
BRDA:4362,662,0,25
BRDA:4362,662,1,21
BRDA:4363,663,0,8
BRDA:4363,663,1,17
BRDA:4369,664,0,4
BRDA:4369,664,1,17
BRDA:4381,665,0,17
BRDA:4381,665,1,17
BRDA:4381,666,0,34
BRDA:4381,666,1,17
BRDA:4387,667,0,34
BRDA:4387,667,1,725
BRDA:4389,668,0,17
BRDA:4389,668,1,17
BRDA:4389,669,0,34
BRDA:4389,669,1,17
BRDA:4399,670,0,4
BRDA:4399,670,1,254
BRDA:4402,671,0,51
BRDA:4402,671,1,203
BRDA:4431,672,0,80
BRDA:4431,672,1,309
BRDA:4434,673,0,199
BRDA:4434,673,1,106
BRDA:4435,674,0,4
BRDA:4435,674,1,195
BRDA:4438,675,0,178
BRDA:4438,675,1,17
BRDA:4473,676,0,254
BRDA:4473,676,1,3304
BRDA:4476,677,0,4
BRDA:4476,677,1,250
BRDA:4481,678,0,12
BRDA:4481,678,1,3292
BRDA:4484,679,0,1921
BRDA:4484,679,1,1371
BRDA:4485,680,0,268
BRDA:4485,680,1,1653
BRDA:4490,681,0,401
BRDA:4490,681,1,970
BRDA:4494,682,0,272
BRDA:4494,682,1,698
BRDA:4499,683,0,27
BRDA:4499,683,1,401
BRDA:4515,684,0,141
BRDA:4515,684,1,235
BRDA:4519,685,0,27
BRDA:4519,685,1,208
BRDA:4519,686,0,235
BRDA:4519,686,1,27
BRDA:4521,687,0,9
BRDA:4521,687,1,18
BRDA:4525,688,0,5
BRDA:4525,688,1,4
BRDA:4575,689,0,12941
BRDA:4575,689,1,104032
BRDA:4585,690,0,36228
BRDA:4585,690,1,67804
BRDA:4589,691,0,24137
BRDA:4589,691,1,43667
BRDA:4589,692,0,67804
BRDA:4589,692,1,58163
BRDA:4589,692,2,49032
BRDA:4593,693,0,1871
BRDA:4593,693,1,41796
BRDA:4593,694,0,43667
BRDA:4593,694,1,43372
BRDA:4598,695,0,1361
BRDA:4598,695,1,40435
BRDA:4599,696,0,51
BRDA:4599,696,1,1310
BRDA:4604,697,0,4978
BRDA:4604,697,1,35457
BRDA:4609,698,0,270
BRDA:4609,698,1,35187
BRDA:4609,699,0,35457
BRDA:4609,699,1,35238
BRDA:4609,699,2,7853
BRDA:4613,700,0,59
BRDA:4613,700,1,35128
BRDA:4613,701,0,35187
BRDA:4613,701,1,59
BRDA:4614,702,0,51
BRDA:4614,702,1,8
BRDA:4640,703,0,1325
BRDA:4640,703,1,276
BRDA:4646,704,0,168650
BRDA:4646,704,1,121904
BRDA:4646,704,2,121845
BRDA:4646,704,3,121828
BRDA:4646,704,4,121811
BRDA:4646,704,5,121794
BRDA:4646,704,6,564
BRDA:4651,705,0,156921
BRDA:4651,705,1,150550
BRDA:4651,705,2,150372
BRDA:4651,705,3,150355
BRDA:4655,706,0,110693
BRDA:4655,706,1,110669
BRDA:4655,706,2,110173
BRDA:4655,706,3,59807
BRDA:4655,706,4,109133
BRDA:4655,706,5,53054
BRDA:4655,706,6,73044
BRDA:4655,706,7,72884
BRDA:4655,706,8,338
BRDA:4662,707,0,125362
BRDA:4662,707,1,125328
BRDA:4662,707,2,123776
BRDA:4662,707,3,88815
BRDA:4662,707,4,123256
BRDA:4662,707,5,87126
BRDA:4662,707,6,36988
BRDA:4662,707,7,6046
BRDA:4662,707,8,36899
BRDA:4662,707,9,36737
BRDA:4662,707,10,340
BRDA:4671,708,0,54573
BRDA:4671,708,1,44106
BRDA:4674,709,0,2684
BRDA:4674,709,1,2656
BRDA:4674,709,2,865
BRDA:4674,709,3,820
BRDA:4674,709,4,493
BRDA:4674,709,5,427
BRDA:4679,710,0,2563
BRDA:4679,710,1,1947
BRDA:4739,711,0,2316
BRDA:4739,711,1,2214
BRDA:4740,712,0,204
BRDA:4740,712,1,2112
BRDA:5309,713,0,1
BRDA:5309,713,1,1
BRDA:5309,713,2,1
BRDA:5310,714,0,0
BRDA:5310,714,1,0
BRDA:5312,715,0,0
BRDA:5312,715,1,1
BRDA:5325,716,0,1
BRDA:5325,716,1,1
BRDA:5331,717,0,576
BRDA:5331,717,1,32
BRDA:5331,717,2,120
BRDA:5355,718,0,352
BRDA:5355,718,1,13933
BRDA:5387,719,0,144
BRDA:5387,719,1,648
BRDA:5388,720,0,96
BRDA:5388,720,1,48
BRDA:5391,721,0,72
BRDA:5391,721,1,24
BRDA:5394,722,0,24
BRDA:5394,722,1,24
BRDA:5411,723,0,4308
BRDA:5411,723,1,2416
BRDA:5411,724,0,6724
BRDA:5411,724,1,6088
BRDA:5411,724,2,4204
BRDA:5411,724,3,3132
BRDA:5411,724,4,2996
BRDA:5411,724,5,2668
BRDA:5411,724,6,2516
BRDA:5423,725,0,240
BRDA:5423,725,1,2176
BRDA:5423,726,0,2416
BRDA:5423,726,1,2200
BRDA:5429,727,0,240
BRDA:5429,727,1,1680
BRDA:5432,728,0,144
BRDA:5432,728,1,1536
BRDA:5449,729,0,508
BRDA:5449,729,1,1668
BRDA:5452,730,0,8
BRDA:5452,730,1,500
BRDA:5452,731,0,508
BRDA:5452,731,1,8
BRDA:5465,732,0,1660
BRDA:5465,732,1,8
BRDA:5465,733,0,1668
BRDA:5465,733,1,1660
BRDA:5470,734,0,5216
BRDA:5470,734,1,1716
BRDA:5470,735,0,6932
BRDA:5470,735,1,5216
BRDA:5473,736,0,56
BRDA:5473,736,1,1660
BRDA:5502,737,0,1765
BRDA:5502,737,1,1391
BRDA:5515,738,0,316
BRDA:5515,738,1,308
BRDA:5515,739,0,624
BRDA:5515,739,1,568
BRDA:5520,740,0,68
BRDA:5520,740,1,240
BRDA:5522,741,0,32
BRDA:5522,741,1,36
BRDA:5522,742,0,68
BRDA:5522,742,1,32
BRDA:5539,743,0,25
BRDA:5539,743,1,295
BRDA:5539,744,0,320
BRDA:5539,744,1,44
BRDA:5559,745,0,4
BRDA:5559,745,1,2088
BRDA:5559,746,0,2092
BRDA:5559,746,1,2092
BRDA:5566,747,0,3560
BRDA:5566,747,1,2696
BRDA:5571,748,0,24
BRDA:5571,748,1,956
BRDA:5579,749,0,44
BRDA:5579,749,1,560
BRDA:5585,750,0,76
BRDA:5585,750,1,484
BRDA:5599,751,0,16
BRDA:5599,751,1,112
BRDA:5613,752,0,4
BRDA:5613,752,1,80
BRDA:5624,753,0,4
BRDA:5624,753,1,16
BRDA:5633,754,0,20
BRDA:5633,754,1,92
BRDA:5634,755,0,8
BRDA:5634,755,1,84
BRDA:5640,756,0,112
BRDA:5640,756,1,16
BRDA:5658,757,0,512
BRDA:5658,757,1,352
BRDA:5659,758,0,8
BRDA:5659,758,1,128
BRDA:5671,759,0,144
BRDA:5671,759,1,184
BRDA:5680,760,0,212
BRDA:5680,760,1,48
BRDA:5689,761,0,16
BRDA:5689,761,1,32
BRDA:5705,762,0,16
BRDA:5705,762,1,40
BRDA:5727,763,0,44
BRDA:5727,763,1,276
BRDA:5732,764,0,56
BRDA:5732,764,1,264
BRDA:5748,765,0,48
BRDA:5748,765,1,212
BRDA:5750,766,0,16
BRDA:5750,766,1,32
BRDA:5759,767,0,212
BRDA:5759,767,1,48
BRDA:5763,768,0,20
BRDA:5763,768,1,192
BRDA:5766,769,0,32
BRDA:5766,769,1,160
BRDA:5783,770,0,184
BRDA:5783,770,1,136
BRDA:5792,771,0,180
BRDA:5792,771,1,172
BRDA:6222,772,0,12
BRDA:6222,772,1,24
BRDA:6222,772,2,24
BRDA:6222,772,3,60
BRDA:6229,773,0,24
BRDA:6229,773,1,24
BRDA:6229,773,2,24
BRDA:6229,773,3,24
BRDA:6235,774,0,24
BRDA:6235,774,1,36
BRDA:6238,775,0,12
BRDA:6238,775,1,12
BRDA:6240,776,0,24
BRDA:6240,776,1,12
BRDA:6243,777,0,12
BRDA:6243,777,1,12
BRDA:6250,778,0,627
BRDA:6250,778,1,303
BRDA:6250,779,0,930
BRDA:6250,779,1,411
BRDA:6251,780,0,72
BRDA:6251,780,1,555
BRDA:6254,781,0,96
BRDA:6254,781,1,459
BRDA:6269,782,0,227
BRDA:6269,782,1,20
BRDA:6269,783,0,227
BRDA:6269,783,1,219
BRDA:6271,784,0,227
BRDA:6271,784,1,20
BRDA:6271,785,0,227
BRDA:6271,785,1,204
BRDA:6272,786,0,227
BRDA:6272,786,1,20
BRDA:6272,787,0,227
BRDA:6272,787,1,200
BRDA:6273,788,0,227
BRDA:6273,788,1,20
BRDA:6273,789,0,227
BRDA:6273,789,1,200
BRDA:6283,790,0,1189
BRDA:6283,790,1,6
BRDA:6285,791,0,602
BRDA:6285,791,1,587
BRDA:6291,792,0,12
BRDA:6291,792,1,6
BRDA:6294,793,0,12
BRDA:6294,793,1,6
BRDA:6297,794,0,12
BRDA:6297,794,1,6
BRDA:6303,795,0,949
BRDA:6303,795,1,240
BRDA:6305,796,0,468
BRDA:6305,796,1,481
BRDA:6315,797,0,211
BRDA:6315,797,1,738
BRDA:6316,798,0,127
BRDA:6316,798,1,84
BRDA:6327,799,0,462
BRDA:6327,799,1,468
BRDA:6330,800,0,462
BRDA:6330,800,1,468
BRDA:6337,801,0,108
BRDA:6337,801,1,822
BRF:1853
BRH:1853
end_of_record
